[2024-12-30 14:58:00,574] {taskinstance.py:1159} INFO - Dependencies all met for <TaskInstance: dag_with_taskflow_api_v4.get_age manual__2024-12-30T14:57:59.499532+00:00 [queued]>
[2024-12-30 14:58:00,583] {taskinstance.py:1159} INFO - Dependencies all met for <TaskInstance: dag_with_taskflow_api_v4.get_age manual__2024-12-30T14:57:59.499532+00:00 [queued]>
[2024-12-30 14:58:00,583] {taskinstance.py:1356} INFO - 
--------------------------------------------------------------------------------
[2024-12-30 14:58:00,583] {taskinstance.py:1357} INFO - Starting attempt 1 of 6
[2024-12-30 14:58:00,583] {taskinstance.py:1358} INFO - 
--------------------------------------------------------------------------------
[2024-12-30 14:58:00,594] {taskinstance.py:1377} INFO - Executing <Task(_PythonDecoratedOperator): get_age> on 2024-12-30 14:57:59.499532+00:00
[2024-12-30 14:58:00,598] {standard_task_runner.py:52} INFO - Started process 809 to run task
[2024-12-30 14:58:00,600] {standard_task_runner.py:79} INFO - Running: ['***', 'tasks', 'run', 'dag_with_taskflow_api_v4', 'get_age', 'manual__2024-12-30T14:57:59.499532+00:00', '--job-id', '16', '--raw', '--subdir', 'DAGS_FOLDER/dag_with_taskflow_api.py', '--cfg-path', '/tmp/tmp3nuiw2d4', '--error-file', '/tmp/tmpd8ep9i59']
[2024-12-30 14:58:00,601] {standard_task_runner.py:80} INFO - Job 16: Subtask get_age
[2024-12-30 14:58:00,639] {task_command.py:370} INFO - Running <TaskInstance: dag_with_taskflow_api_v4.get_age manual__2024-12-30T14:57:59.499532+00:00 [running]> on host 0c4a021d66c8
[2024-12-30 14:58:00,702] {taskinstance.py:1571} INFO - Exporting the following env vars:
AIRFLOW_CTX_DAG_OWNER=swetansu
AIRFLOW_CTX_DAG_ID=dag_with_taskflow_api_v4
AIRFLOW_CTX_TASK_ID=get_age
AIRFLOW_CTX_EXECUTION_DATE=2024-12-30T14:57:59.499532+00:00
AIRFLOW_CTX_TRY_NUMBER=1
AIRFLOW_CTX_DAG_RUN_ID=manual__2024-12-30T14:57:59.499532+00:00
[2024-12-30 14:58:00,703] {python.py:173} INFO - Done. Returned value was: 20
[2024-12-30 14:58:00,721] {taskinstance.py:1400} INFO - Marking task as SUCCESS. dag_id=dag_with_taskflow_api_v4, task_id=get_age, execution_date=20241230T145759, start_date=20241230T145800, end_date=20241230T145800
[2024-12-30 14:58:00,733] {local_task_job.py:156} INFO - Task exited with return code 0
[2024-12-30 14:58:00,759] {local_task_job.py:273} INFO - 1 downstream tasks scheduled from follow-on schedule check
