[2024-12-30 16:08:20,984] {taskinstance.py:1159} INFO - Dependencies all met for <TaskInstance: dag_with_cron_expression_v1.task1 scheduled__2024-12-24T03:00:00+00:00 [queued]>
[2024-12-30 16:08:21,032] {taskinstance.py:1159} INFO - Dependencies all met for <TaskInstance: dag_with_cron_expression_v1.task1 scheduled__2024-12-24T03:00:00+00:00 [queued]>
[2024-12-30 16:08:21,033] {taskinstance.py:1356} INFO - 
--------------------------------------------------------------------------------
[2024-12-30 16:08:21,033] {taskinstance.py:1357} INFO - Starting attempt 1 of 6
[2024-12-30 16:08:21,033] {taskinstance.py:1358} INFO - 
--------------------------------------------------------------------------------
[2024-12-30 16:08:21,066] {taskinstance.py:1377} INFO - Executing <Task(BashOperator): task1> on 2024-12-24 03:00:00+00:00
[2024-12-30 16:08:21,080] {standard_task_runner.py:52} INFO - Started process 239 to run task
[2024-12-30 16:08:21,089] {standard_task_runner.py:79} INFO - Running: ['***', 'tasks', 'run', 'dag_with_cron_expression_v1', 'task1', 'scheduled__2024-12-24T03:00:00+00:00', '--job-id', '4', '--raw', '--subdir', 'DAGS_FOLDER/dag_with_cron_expression.py', '--cfg-path', '/tmp/tmpwvj4qg_7', '--error-file', '/tmp/tmppi0ubxi7']
[2024-12-30 16:08:21,090] {standard_task_runner.py:80} INFO - Job 4: Subtask task1
[2024-12-30 16:08:21,166] {task_command.py:370} INFO - Running <TaskInstance: dag_with_cron_expression_v1.task1 scheduled__2024-12-24T03:00:00+00:00 [running]> on host 6cc45a54c9f6
[2024-12-30 16:08:21,349] {taskinstance.py:1571} INFO - Exporting the following env vars:
AIRFLOW_CTX_DAG_OWNER=swetansu
AIRFLOW_CTX_DAG_ID=dag_with_cron_expression_v1
AIRFLOW_CTX_TASK_ID=task1
AIRFLOW_CTX_EXECUTION_DATE=2024-12-24T03:00:00+00:00
AIRFLOW_CTX_TRY_NUMBER=1
AIRFLOW_CTX_DAG_RUN_ID=scheduled__2024-12-24T03:00:00+00:00
[2024-12-30 16:08:21,349] {subprocess.py:62} INFO - Tmp dir root location: 
 /tmp
[2024-12-30 16:08:21,350] {subprocess.py:74} INFO - Running command: ['bash', '-c', 'echo test_catchup']
[2024-12-30 16:08:21,437] {subprocess.py:85} INFO - Output:
[2024-12-30 16:08:21,440] {subprocess.py:92} INFO - test_catchup
[2024-12-30 16:08:21,443] {subprocess.py:96} INFO - Command exited with return code 0
[2024-12-30 16:08:21,539] {taskinstance.py:1400} INFO - Marking task as SUCCESS. dag_id=dag_with_cron_expression_v1, task_id=task1, execution_date=20241224T030000, start_date=20241230T160820, end_date=20241230T160821
[2024-12-30 16:08:21,640] {local_task_job.py:156} INFO - Task exited with return code 0
[2024-12-30 16:08:21,711] {local_task_job.py:273} INFO - 0 downstream tasks scheduled from follow-on schedule check
