[2024-12-30 12:42:09,403] {taskinstance.py:1159} INFO - Dependencies all met for <TaskInstance: first_py_dag_V6.get_age manual__2024-12-30T12:42:08.409717+00:00 [queued]>
[2024-12-30 12:42:09,412] {taskinstance.py:1159} INFO - Dependencies all met for <TaskInstance: first_py_dag_V6.get_age manual__2024-12-30T12:42:08.409717+00:00 [queued]>
[2024-12-30 12:42:09,412] {taskinstance.py:1356} INFO - 
--------------------------------------------------------------------------------
[2024-12-30 12:42:09,413] {taskinstance.py:1357} INFO - Starting attempt 1 of 6
[2024-12-30 12:42:09,413] {taskinstance.py:1358} INFO - 
--------------------------------------------------------------------------------
[2024-12-30 12:42:09,431] {taskinstance.py:1377} INFO - Executing <Task(PythonOperator): get_age> on 2024-12-30 12:42:08.409717+00:00
[2024-12-30 12:42:09,435] {standard_task_runner.py:52} INFO - Started process 15148 to run task
[2024-12-30 12:42:09,439] {standard_task_runner.py:79} INFO - Running: ['***', 'tasks', 'run', 'first_py_dag_V6', 'get_age', 'manual__2024-12-30T12:42:08.409717+00:00', '--job-id', '42', '--raw', '--subdir', 'DAGS_FOLDER/first_dag.py', '--cfg-path', '/tmp/tmpnhz7p8qy', '--error-file', '/tmp/tmpvg_vqi7m']
[2024-12-30 12:42:09,440] {standard_task_runner.py:80} INFO - Job 42: Subtask get_age
[2024-12-30 12:42:09,492] {task_command.py:370} INFO - Running <TaskInstance: first_py_dag_V6.get_age manual__2024-12-30T12:42:08.409717+00:00 [running]> on host 0766066e7c2f
[2024-12-30 12:42:09,583] {taskinstance.py:1571} INFO - Exporting the following env vars:
AIRFLOW_CTX_DAG_OWNER=swetansu
AIRFLOW_CTX_DAG_ID=first_py_dag_V6
AIRFLOW_CTX_TASK_ID=get_age
AIRFLOW_CTX_EXECUTION_DATE=2024-12-30T12:42:08.409717+00:00
AIRFLOW_CTX_TRY_NUMBER=1
AIRFLOW_CTX_DAG_RUN_ID=manual__2024-12-30T12:42:08.409717+00:00
[2024-12-30 12:42:09,601] {python.py:173} INFO - Done. Returned value was: None
[2024-12-30 12:42:09,616] {taskinstance.py:1400} INFO - Marking task as SUCCESS. dag_id=first_py_dag_V6, task_id=get_age, execution_date=20241230T124208, start_date=20241230T124209, end_date=20241230T124209
[2024-12-30 12:42:09,657] {local_task_job.py:156} INFO - Task exited with return code 0
[2024-12-30 12:42:09,699] {local_task_job.py:273} INFO - 0 downstream tasks scheduled from follow-on schedule check
