[2024-12-30 12:34:59,571] {taskinstance.py:1159} INFO - Dependencies all met for <TaskInstance: first_py_dag_V4.greet manual__2024-12-30T12:32:56.963982+00:00 [queued]>
[2024-12-30 12:34:59,578] {taskinstance.py:1159} INFO - Dependencies all met for <TaskInstance: first_py_dag_V4.greet manual__2024-12-30T12:32:56.963982+00:00 [queued]>
[2024-12-30 12:34:59,578] {taskinstance.py:1356} INFO - 
--------------------------------------------------------------------------------
[2024-12-30 12:34:59,578] {taskinstance.py:1357} INFO - Starting attempt 1 of 6
[2024-12-30 12:34:59,578] {taskinstance.py:1358} INFO - 
--------------------------------------------------------------------------------
[2024-12-30 12:34:59,592] {taskinstance.py:1377} INFO - Executing <Task(PythonOperator): greet> on 2024-12-30 12:32:56.963982+00:00
[2024-12-30 12:34:59,597] {standard_task_runner.py:52} INFO - Started process 14693 to run task
[2024-12-30 12:34:59,601] {standard_task_runner.py:79} INFO - Running: ['***', 'tasks', 'run', 'first_py_dag_V4', 'greet', 'manual__2024-12-30T12:32:56.963982+00:00', '--job-id', '38', '--raw', '--subdir', 'DAGS_FOLDER/first_dag.py', '--cfg-path', '/tmp/tmpfvwdddtx', '--error-file', '/tmp/tmpbqrfbf_n']
[2024-12-30 12:34:59,602] {standard_task_runner.py:80} INFO - Job 38: Subtask greet
[2024-12-30 12:34:59,637] {task_command.py:370} INFO - Running <TaskInstance: first_py_dag_V4.greet manual__2024-12-30T12:32:56.963982+00:00 [running]> on host 0766066e7c2f
[2024-12-30 12:34:59,685] {taskinstance.py:1571} INFO - Exporting the following env vars:
AIRFLOW_CTX_DAG_OWNER=swetansu
AIRFLOW_CTX_DAG_ID=first_py_dag_V4
AIRFLOW_CTX_TASK_ID=greet
AIRFLOW_CTX_EXECUTION_DATE=2024-12-30T12:32:56.963982+00:00
AIRFLOW_CTX_TRY_NUMBER=1
AIRFLOW_CTX_DAG_RUN_ID=manual__2024-12-30T12:32:56.963982+00:00
[2024-12-30 12:34:59,698] {logging_mixin.py:115} INFO - hi i am swetansu mohanty and i am 25 years old
[2024-12-30 12:34:59,698] {python.py:173} INFO - Done. Returned value was: None
[2024-12-30 12:34:59,706] {taskinstance.py:1400} INFO - Marking task as SUCCESS. dag_id=first_py_dag_V4, task_id=greet, execution_date=20241230T123256, start_date=20241230T123459, end_date=20241230T123459
[2024-12-30 12:34:59,731] {local_task_job.py:156} INFO - Task exited with return code 0
[2024-12-30 12:34:59,755] {local_task_job.py:273} INFO - 0 downstream tasks scheduled from follow-on schedule check
