[2024-12-30 07:53:40,300] {taskinstance.py:1159} INFO - Dependencies all met for <TaskInstance: example_bash_operator.runme_2 manual__2024-12-30T07:53:39.130457+00:00 [queued]>
[2024-12-30 07:53:40,327] {taskinstance.py:1159} INFO - Dependencies all met for <TaskInstance: example_bash_operator.runme_2 manual__2024-12-30T07:53:39.130457+00:00 [queued]>
[2024-12-30 07:53:40,327] {taskinstance.py:1356} INFO - 
--------------------------------------------------------------------------------
[2024-12-30 07:53:40,327] {taskinstance.py:1357} INFO - Starting attempt 1 of 1
[2024-12-30 07:53:40,327] {taskinstance.py:1358} INFO - 
--------------------------------------------------------------------------------
[2024-12-30 07:53:40,375] {taskinstance.py:1377} INFO - Executing <Task(BashOperator): runme_2> on 2024-12-30 07:53:39.130457+00:00
[2024-12-30 07:53:40,397] {standard_task_runner.py:52} INFO - Started process 1344 to run task
[2024-12-30 07:53:40,406] {standard_task_runner.py:79} INFO - Running: ['***', 'tasks', 'run', 'example_bash_operator', 'runme_2', 'manual__2024-12-30T07:53:39.130457+00:00', '--job-id', '9', '--raw', '--subdir', '/home/***/.local/lib/python3.7/site-packages/***/example_dags/example_bash_operator.py', '--cfg-path', '/tmp/tmp8ope2035', '--error-file', '/tmp/tmp2wf1p8ox']
[2024-12-30 07:53:40,407] {standard_task_runner.py:80} INFO - Job 9: Subtask runme_2
[2024-12-30 07:53:40,597] {task_command.py:370} INFO - Running <TaskInstance: example_bash_operator.runme_2 manual__2024-12-30T07:53:39.130457+00:00 [running]> on host 5d854b53af4a
[2024-12-30 07:53:41,046] {taskinstance.py:1571} INFO - Exporting the following env vars:
AIRFLOW_CTX_DAG_OWNER=***
AIRFLOW_CTX_DAG_ID=example_bash_operator
AIRFLOW_CTX_TASK_ID=runme_2
AIRFLOW_CTX_EXECUTION_DATE=2024-12-30T07:53:39.130457+00:00
AIRFLOW_CTX_TRY_NUMBER=1
AIRFLOW_CTX_DAG_RUN_ID=manual__2024-12-30T07:53:39.130457+00:00
[2024-12-30 07:53:41,047] {subprocess.py:62} INFO - Tmp dir root location: 
 /tmp
[2024-12-30 07:53:41,048] {subprocess.py:74} INFO - Running command: ['bash', '-c', 'echo "example_bash_operator__runme_2__20241230" && sleep 1']
[2024-12-30 07:53:41,069] {subprocess.py:85} INFO - Output:
[2024-12-30 07:53:41,072] {subprocess.py:92} INFO - example_bash_operator__runme_2__20241230
[2024-12-30 07:53:42,081] {subprocess.py:96} INFO - Command exited with return code 0
[2024-12-30 07:53:42,113] {taskinstance.py:1400} INFO - Marking task as SUCCESS. dag_id=example_bash_operator, task_id=runme_2, execution_date=20241230T075339, start_date=20241230T075340, end_date=20241230T075342
[2024-12-30 07:53:42,145] {local_task_job.py:156} INFO - Task exited with return code 0
[2024-12-30 07:53:42,176] {local_task_job.py:273} INFO - 0 downstream tasks scheduled from follow-on schedule check
