[2024-12-30 14:48:06,956] {taskinstance.py:1159} INFO - Dependencies all met for <TaskInstance: dag_with_taskflow_api_v1.greet manual__2024-12-30T14:48:04.575220+00:00 [queued]>
[2024-12-30 14:48:06,963] {taskinstance.py:1159} INFO - Dependencies all met for <TaskInstance: dag_with_taskflow_api_v1.greet manual__2024-12-30T14:48:04.575220+00:00 [queued]>
[2024-12-30 14:48:06,964] {taskinstance.py:1356} INFO - 
--------------------------------------------------------------------------------
[2024-12-30 14:48:06,964] {taskinstance.py:1357} INFO - Starting attempt 1 of 6
[2024-12-30 14:48:06,964] {taskinstance.py:1358} INFO - 
--------------------------------------------------------------------------------
[2024-12-30 14:48:06,973] {taskinstance.py:1377} INFO - Executing <Task(_PythonDecoratedOperator): greet> on 2024-12-30 14:48:04.575220+00:00
[2024-12-30 14:48:06,977] {standard_task_runner.py:52} INFO - Started process 201 to run task
[2024-12-30 14:48:06,980] {standard_task_runner.py:79} INFO - Running: ['***', 'tasks', 'run', 'dag_with_taskflow_api_v1', 'greet', 'manual__2024-12-30T14:48:04.575220+00:00', '--job-id', '5', '--raw', '--subdir', 'DAGS_FOLDER/dag_with_taskflow_api.py', '--cfg-path', '/tmp/tmpgm0p4y1l', '--error-file', '/tmp/tmp3nftv75f']
[2024-12-30 14:48:06,981] {standard_task_runner.py:80} INFO - Job 5: Subtask greet
[2024-12-30 14:48:07,017] {task_command.py:370} INFO - Running <TaskInstance: dag_with_taskflow_api_v1.greet manual__2024-12-30T14:48:04.575220+00:00 [running]> on host 0c4a021d66c8
[2024-12-30 14:48:07,088] {taskinstance.py:1571} INFO - Exporting the following env vars:
AIRFLOW_CTX_DAG_OWNER=swetansu
AIRFLOW_CTX_DAG_ID=dag_with_taskflow_api_v1
AIRFLOW_CTX_TASK_ID=greet
AIRFLOW_CTX_EXECUTION_DATE=2024-12-30T14:48:04.575220+00:00
AIRFLOW_CTX_TRY_NUMBER=1
AIRFLOW_CTX_DAG_RUN_ID=manual__2024-12-30T14:48:04.575220+00:00
[2024-12-30 14:48:07,089] {logging_mixin.py:115} INFO - my name is jerry, i am 20 years old
[2024-12-30 14:48:07,089] {python.py:173} INFO - Done. Returned value was: None
[2024-12-30 14:48:07,102] {taskinstance.py:1400} INFO - Marking task as SUCCESS. dag_id=dag_with_taskflow_api_v1, task_id=greet, execution_date=20241230T144804, start_date=20241230T144806, end_date=20241230T144807
[2024-12-30 14:48:07,151] {local_task_job.py:156} INFO - Task exited with return code 0
[2024-12-30 14:48:07,182] {local_task_job.py:273} INFO - 0 downstream tasks scheduled from follow-on schedule check
