[2024-12-30 08:59:57,043] {taskinstance.py:1159} INFO - Dependencies all met for <TaskInstance: first_dag.first_tag manual__2024-12-30T08:59:55.877345+00:00 [queued]>
[2024-12-30 08:59:57,054] {taskinstance.py:1159} INFO - Dependencies all met for <TaskInstance: first_dag.first_tag manual__2024-12-30T08:59:55.877345+00:00 [queued]>
[2024-12-30 08:59:57,055] {taskinstance.py:1356} INFO - 
--------------------------------------------------------------------------------
[2024-12-30 08:59:57,055] {taskinstance.py:1357} INFO - Starting attempt 1 of 6
[2024-12-30 08:59:57,055] {taskinstance.py:1358} INFO - 
--------------------------------------------------------------------------------
[2024-12-30 08:59:57,068] {taskinstance.py:1377} INFO - Executing <Task(BashOperator): first_tag> on 2024-12-30 08:59:55.877345+00:00
[2024-12-30 08:59:57,072] {standard_task_runner.py:52} INFO - Started process 1627 to run task
[2024-12-30 08:59:57,075] {standard_task_runner.py:79} INFO - Running: ['***', 'tasks', 'run', 'first_dag', 'first_tag', 'manual__2024-12-30T08:59:55.877345+00:00', '--job-id', '3', '--raw', '--subdir', 'DAGS_FOLDER/first_dag.py', '--cfg-path', '/tmp/tmpo5nzpo20', '--error-file', '/tmp/tmps8rhif72']
[2024-12-30 08:59:57,076] {standard_task_runner.py:80} INFO - Job 3: Subtask first_tag
[2024-12-30 08:59:57,120] {task_command.py:370} INFO - Running <TaskInstance: first_dag.first_tag manual__2024-12-30T08:59:55.877345+00:00 [running]> on host 0766066e7c2f
[2024-12-30 08:59:57,200] {taskinstance.py:1571} INFO - Exporting the following env vars:
AIRFLOW_CTX_DAG_OWNER=swetansu
AIRFLOW_CTX_DAG_ID=first_dag
AIRFLOW_CTX_TASK_ID=first_tag
AIRFLOW_CTX_EXECUTION_DATE=2024-12-30T08:59:55.877345+00:00
AIRFLOW_CTX_TRY_NUMBER=1
AIRFLOW_CTX_DAG_RUN_ID=manual__2024-12-30T08:59:55.877345+00:00
[2024-12-30 08:59:57,201] {subprocess.py:62} INFO - Tmp dir root location: 
 /tmp
[2024-12-30 08:59:57,202] {subprocess.py:74} INFO - Running command: ['bash', '-c', 'echo hello world']
[2024-12-30 08:59:57,233] {subprocess.py:85} INFO - Output:
[2024-12-30 08:59:57,240] {subprocess.py:92} INFO - hello world
[2024-12-30 08:59:57,256] {subprocess.py:96} INFO - Command exited with return code 0
[2024-12-30 08:59:57,304] {taskinstance.py:1400} INFO - Marking task as SUCCESS. dag_id=first_dag, task_id=first_tag, execution_date=20241230T085955, start_date=20241230T085957, end_date=20241230T085957
[2024-12-30 08:59:57,329] {local_task_job.py:156} INFO - Task exited with return code 0
[2024-12-30 08:59:57,375] {local_task_job.py:273} INFO - 0 downstream tasks scheduled from follow-on schedule check
