[2024-12-30 08:59:57,074] {taskinstance.py:1159} INFO - Dependencies all met for <TaskInstance: first_dag.run_after_loop manual__2024-12-30T08:59:55.877345+00:00 [queued]>
[2024-12-30 08:59:57,083] {taskinstance.py:1159} INFO - Dependencies all met for <TaskInstance: first_dag.run_after_loop manual__2024-12-30T08:59:55.877345+00:00 [queued]>
[2024-12-30 08:59:57,083] {taskinstance.py:1356} INFO - 
--------------------------------------------------------------------------------
[2024-12-30 08:59:57,083] {taskinstance.py:1357} INFO - Starting attempt 1 of 6
[2024-12-30 08:59:57,083] {taskinstance.py:1358} INFO - 
--------------------------------------------------------------------------------
[2024-12-30 08:59:57,094] {taskinstance.py:1377} INFO - Executing <Task(BashOperator): run_after_loop> on 2024-12-30 08:59:55.877345+00:00
[2024-12-30 08:59:57,100] {standard_task_runner.py:52} INFO - Started process 1628 to run task
[2024-12-30 08:59:57,103] {standard_task_runner.py:79} INFO - Running: ['***', 'tasks', 'run', 'first_dag', 'run_after_loop', 'manual__2024-12-30T08:59:55.877345+00:00', '--job-id', '4', '--raw', '--subdir', 'DAGS_FOLDER/first_dag.py', '--cfg-path', '/tmp/tmpe3z_wycn', '--error-file', '/tmp/tmpo7mrbof4']
[2024-12-30 08:59:57,103] {standard_task_runner.py:80} INFO - Job 4: Subtask run_after_loop
[2024-12-30 08:59:57,143] {task_command.py:370} INFO - Running <TaskInstance: first_dag.run_after_loop manual__2024-12-30T08:59:55.877345+00:00 [running]> on host 0766066e7c2f
[2024-12-30 08:59:57,222] {taskinstance.py:1571} INFO - Exporting the following env vars:
AIRFLOW_CTX_DAG_OWNER=swetansu
AIRFLOW_CTX_DAG_ID=first_dag
AIRFLOW_CTX_TASK_ID=run_after_loop
AIRFLOW_CTX_EXECUTION_DATE=2024-12-30T08:59:55.877345+00:00
AIRFLOW_CTX_TRY_NUMBER=1
AIRFLOW_CTX_DAG_RUN_ID=manual__2024-12-30T08:59:55.877345+00:00
[2024-12-30 08:59:57,223] {subprocess.py:62} INFO - Tmp dir root location: 
 /tmp
[2024-12-30 08:59:57,224] {subprocess.py:74} INFO - Running command: ['bash', '-c', 'echo https://***.apache.org/']
[2024-12-30 08:59:57,244] {subprocess.py:85} INFO - Output:
[2024-12-30 08:59:57,246] {subprocess.py:92} INFO - https://***.apache.org/
[2024-12-30 08:59:57,256] {subprocess.py:96} INFO - Command exited with return code 0
[2024-12-30 08:59:57,287] {taskinstance.py:1400} INFO - Marking task as SUCCESS. dag_id=first_dag, task_id=run_after_loop, execution_date=20241230T085955, start_date=20241230T085957, end_date=20241230T085957
[2024-12-30 08:59:57,315] {local_task_job.py:156} INFO - Task exited with return code 0
[2024-12-30 08:59:57,363] {local_task_job.py:273} INFO - 0 downstream tasks scheduled from follow-on schedule check
