[2024-12-30 11:42:57,804] {taskinstance.py:1159} INFO - Dependencies all met for <TaskInstance: first_dag_V2.first_task manual__2024-12-30T11:42:57.037060+00:00 [queued]>
[2024-12-30 11:42:57,810] {taskinstance.py:1159} INFO - Dependencies all met for <TaskInstance: first_dag_V2.first_task manual__2024-12-30T11:42:57.037060+00:00 [queued]>
[2024-12-30 11:42:57,811] {taskinstance.py:1356} INFO - 
--------------------------------------------------------------------------------
[2024-12-30 11:42:57,811] {taskinstance.py:1357} INFO - Starting attempt 1 of 6
[2024-12-30 11:42:57,811] {taskinstance.py:1358} INFO - 
--------------------------------------------------------------------------------
[2024-12-30 11:42:57,820] {taskinstance.py:1377} INFO - Executing <Task(BashOperator): first_task> on 2024-12-30 11:42:57.037060+00:00
[2024-12-30 11:42:57,824] {standard_task_runner.py:52} INFO - Started process 11496 to run task
[2024-12-30 11:42:57,826] {standard_task_runner.py:79} INFO - Running: ['***', 'tasks', 'run', 'first_dag_V2', 'first_task', 'manual__2024-12-30T11:42:57.037060+00:00', '--job-id', '17', '--raw', '--subdir', 'DAGS_FOLDER/first_dag.py', '--cfg-path', '/tmp/tmp604gffk2', '--error-file', '/tmp/tmpd54k7wv8']
[2024-12-30 11:42:57,827] {standard_task_runner.py:80} INFO - Job 17: Subtask first_task
[2024-12-30 11:42:57,861] {task_command.py:370} INFO - Running <TaskInstance: first_dag_V2.first_task manual__2024-12-30T11:42:57.037060+00:00 [running]> on host 0766066e7c2f
[2024-12-30 11:42:57,912] {taskinstance.py:1571} INFO - Exporting the following env vars:
AIRFLOW_CTX_DAG_OWNER=swetansu
AIRFLOW_CTX_DAG_ID=first_dag_V2
AIRFLOW_CTX_TASK_ID=first_task
AIRFLOW_CTX_EXECUTION_DATE=2024-12-30T11:42:57.037060+00:00
AIRFLOW_CTX_TRY_NUMBER=1
AIRFLOW_CTX_DAG_RUN_ID=manual__2024-12-30T11:42:57.037060+00:00
[2024-12-30 11:42:57,913] {subprocess.py:62} INFO - Tmp dir root location: 
 /tmp
[2024-12-30 11:42:57,913] {subprocess.py:74} INFO - Running command: ['bash', '-c', 'echo i am task1']
[2024-12-30 11:42:57,923] {subprocess.py:85} INFO - Output:
[2024-12-30 11:42:57,924] {subprocess.py:92} INFO - i am task1
[2024-12-30 11:42:57,925] {subprocess.py:96} INFO - Command exited with return code 0
[2024-12-30 11:42:57,945] {taskinstance.py:1400} INFO - Marking task as SUCCESS. dag_id=first_dag_V2, task_id=first_task, execution_date=20241230T114257, start_date=20241230T114257, end_date=20241230T114257
[2024-12-30 11:42:57,958] {local_task_job.py:156} INFO - Task exited with return code 0
[2024-12-30 11:42:57,982] {local_task_job.py:273} INFO - 2 downstream tasks scheduled from follow-on schedule check
