[2024-12-30 14:48:05,857] {taskinstance.py:1159} INFO - Dependencies all met for <TaskInstance: dag_with_taskflow_api_v1.get_name manual__2024-12-30T14:48:04.575220+00:00 [queued]>
[2024-12-30 14:48:05,870] {taskinstance.py:1159} INFO - Dependencies all met for <TaskInstance: dag_with_taskflow_api_v1.get_name manual__2024-12-30T14:48:04.575220+00:00 [queued]>
[2024-12-30 14:48:05,870] {taskinstance.py:1356} INFO - 
--------------------------------------------------------------------------------
[2024-12-30 14:48:05,870] {taskinstance.py:1357} INFO - Starting attempt 1 of 6
[2024-12-30 14:48:05,870] {taskinstance.py:1358} INFO - 
--------------------------------------------------------------------------------
[2024-12-30 14:48:05,882] {taskinstance.py:1377} INFO - Executing <Task(_PythonDecoratedOperator): get_name> on 2024-12-30 14:48:04.575220+00:00
[2024-12-30 14:48:05,887] {standard_task_runner.py:52} INFO - Started process 192 to run task
[2024-12-30 14:48:05,890] {standard_task_runner.py:79} INFO - Running: ['***', 'tasks', 'run', 'dag_with_taskflow_api_v1', 'get_name', 'manual__2024-12-30T14:48:04.575220+00:00', '--job-id', '4', '--raw', '--subdir', 'DAGS_FOLDER/dag_with_taskflow_api.py', '--cfg-path', '/tmp/tmph_6busdr', '--error-file', '/tmp/tmputocrw3s']
[2024-12-30 14:48:05,891] {standard_task_runner.py:80} INFO - Job 4: Subtask get_name
[2024-12-30 14:48:05,937] {task_command.py:370} INFO - Running <TaskInstance: dag_with_taskflow_api_v1.get_name manual__2024-12-30T14:48:04.575220+00:00 [running]> on host 0c4a021d66c8
[2024-12-30 14:48:06,008] {taskinstance.py:1571} INFO - Exporting the following env vars:
AIRFLOW_CTX_DAG_OWNER=swetansu
AIRFLOW_CTX_DAG_ID=dag_with_taskflow_api_v1
AIRFLOW_CTX_TASK_ID=get_name
AIRFLOW_CTX_EXECUTION_DATE=2024-12-30T14:48:04.575220+00:00
AIRFLOW_CTX_TRY_NUMBER=1
AIRFLOW_CTX_DAG_RUN_ID=manual__2024-12-30T14:48:04.575220+00:00
[2024-12-30 14:48:06,009] {python.py:173} INFO - Done. Returned value was: jerry
[2024-12-30 14:48:06,039] {taskinstance.py:1400} INFO - Marking task as SUCCESS. dag_id=dag_with_taskflow_api_v1, task_id=get_name, execution_date=20241230T144804, start_date=20241230T144805, end_date=20241230T144806
[2024-12-30 14:48:06,065] {local_task_job.py:156} INFO - Task exited with return code 0
[2024-12-30 14:48:06,095] {local_task_job.py:273} INFO - 1 downstream tasks scheduled from follow-on schedule check
