[2024-12-30 15:05:20,275] {taskinstance.py:1159} INFO - Dependencies all met for <TaskInstance: dag_with_taskflow_api_v6.get_age manual__2024-12-30T15:05:19.793794+00:00 [queued]>
[2024-12-30 15:05:20,291] {taskinstance.py:1159} INFO - Dependencies all met for <TaskInstance: dag_with_taskflow_api_v6.get_age manual__2024-12-30T15:05:19.793794+00:00 [queued]>
[2024-12-30 15:05:20,292] {taskinstance.py:1356} INFO - 
--------------------------------------------------------------------------------
[2024-12-30 15:05:20,292] {taskinstance.py:1357} INFO - Starting attempt 1 of 6
[2024-12-30 15:05:20,292] {taskinstance.py:1358} INFO - 
--------------------------------------------------------------------------------
[2024-12-30 15:05:20,309] {taskinstance.py:1377} INFO - Executing <Task(_PythonDecoratedOperator): get_age> on 2024-12-30 15:05:19.793794+00:00
[2024-12-30 15:05:20,314] {standard_task_runner.py:52} INFO - Started process 1260 to run task
[2024-12-30 15:05:20,321] {standard_task_runner.py:79} INFO - Running: ['***', 'tasks', 'run', 'dag_with_taskflow_api_v6', 'get_age', 'manual__2024-12-30T15:05:19.793794+00:00', '--job-id', '20', '--raw', '--subdir', 'DAGS_FOLDER/dag_with_taskflow_api.py', '--cfg-path', '/tmp/tmpl6bj1f4d', '--error-file', '/tmp/tmp0u0km6bq']
[2024-12-30 15:05:20,322] {standard_task_runner.py:80} INFO - Job 20: Subtask get_age
[2024-12-30 15:05:20,369] {task_command.py:370} INFO - Running <TaskInstance: dag_with_taskflow_api_v6.get_age manual__2024-12-30T15:05:19.793794+00:00 [running]> on host 0c4a021d66c8
[2024-12-30 15:05:20,445] {taskinstance.py:1571} INFO - Exporting the following env vars:
AIRFLOW_CTX_DAG_OWNER=swetansu
AIRFLOW_CTX_DAG_ID=dag_with_taskflow_api_v6
AIRFLOW_CTX_TASK_ID=get_age
AIRFLOW_CTX_EXECUTION_DATE=2024-12-30T15:05:19.793794+00:00
AIRFLOW_CTX_TRY_NUMBER=1
AIRFLOW_CTX_DAG_RUN_ID=manual__2024-12-30T15:05:19.793794+00:00
[2024-12-30 15:05:20,446] {python.py:173} INFO - Done. Returned value was: 20
[2024-12-30 15:05:20,478] {taskinstance.py:1400} INFO - Marking task as SUCCESS. dag_id=dag_with_taskflow_api_v6, task_id=get_age, execution_date=20241230T150519, start_date=20241230T150520, end_date=20241230T150520
[2024-12-30 15:05:20,534] {local_task_job.py:156} INFO - Task exited with return code 0
[2024-12-30 15:05:20,574] {local_task_job.py:273} INFO - 0 downstream tasks scheduled from follow-on schedule check
