[2024-12-30 14:47:43,454] {processor.py:153} INFO - Started process (PID=166) to work on /opt/airflow/dags/dag_with_taskflow_api.py
[2024-12-30 14:47:43,454] {processor.py:641} INFO - Processing file /opt/airflow/dags/dag_with_taskflow_api.py for tasks to queue
[2024-12-30 14:47:43,455] {logging_mixin.py:115} INFO - [2024-12-30 14:47:43,455] {dagbag.py:507} INFO - Filling up the DagBag from /opt/airflow/dags/dag_with_taskflow_api.py
[2024-12-30 14:47:43,485] {processor.py:651} INFO - DAG(s) dict_keys(['dag_with_taskflow_api_v1']) retrieved from /opt/airflow/dags/dag_with_taskflow_api.py
[2024-12-30 14:47:43,579] {logging_mixin.py:115} INFO - [2024-12-30 14:47:43,579] {manager.py:508} INFO - Created Permission View: can delete on DAG:dag_with_taskflow_api_v1
[2024-12-30 14:47:43,589] {logging_mixin.py:115} INFO - [2024-12-30 14:47:43,589] {manager.py:508} INFO - Created Permission View: can edit on DAG:dag_with_taskflow_api_v1
[2024-12-30 14:47:43,597] {logging_mixin.py:115} INFO - [2024-12-30 14:47:43,597] {manager.py:508} INFO - Created Permission View: can read on DAG:dag_with_taskflow_api_v1
[2024-12-30 14:47:43,597] {logging_mixin.py:115} INFO - [2024-12-30 14:47:43,597] {dag.py:2379} INFO - Sync 1 DAGs
[2024-12-30 14:47:43,603] {logging_mixin.py:115} INFO - [2024-12-30 14:47:43,603] {dag.py:2398} INFO - Creating ORM DAG for dag_with_taskflow_api_v1
[2024-12-30 14:47:43,614] {logging_mixin.py:115} INFO - [2024-12-30 14:47:43,614] {dag.py:2931} INFO - Setting next_dagrun for dag_with_taskflow_api_v1 to 2024-12-30T00:00:00+00:00, run_after=2024-12-31T00:00:00+00:00
[2024-12-30 14:47:43,624] {processor.py:161} INFO - Processing /opt/airflow/dags/dag_with_taskflow_api.py took 0.173 seconds
[2024-12-30 14:48:13,692] {processor.py:153} INFO - Started process (PID=204) to work on /opt/airflow/dags/dag_with_taskflow_api.py
[2024-12-30 14:48:13,693] {processor.py:641} INFO - Processing file /opt/airflow/dags/dag_with_taskflow_api.py for tasks to queue
[2024-12-30 14:48:13,694] {logging_mixin.py:115} INFO - [2024-12-30 14:48:13,694] {dagbag.py:507} INFO - Filling up the DagBag from /opt/airflow/dags/dag_with_taskflow_api.py
[2024-12-30 14:48:13,715] {processor.py:651} INFO - DAG(s) dict_keys(['dag_with_taskflow_api_v1']) retrieved from /opt/airflow/dags/dag_with_taskflow_api.py
[2024-12-30 14:48:13,764] {logging_mixin.py:115} INFO - [2024-12-30 14:48:13,764] {dag.py:2379} INFO - Sync 1 DAGs
[2024-12-30 14:48:13,780] {logging_mixin.py:115} INFO - [2024-12-30 14:48:13,779] {dag.py:2931} INFO - Setting next_dagrun for dag_with_taskflow_api_v1 to 2024-12-30T00:00:00+00:00, run_after=2024-12-31T00:00:00+00:00
[2024-12-30 14:48:13,791] {processor.py:161} INFO - Processing /opt/airflow/dags/dag_with_taskflow_api.py took 0.102 seconds
[2024-12-30 14:48:43,858] {processor.py:153} INFO - Started process (PID=237) to work on /opt/airflow/dags/dag_with_taskflow_api.py
[2024-12-30 14:48:43,858] {processor.py:641} INFO - Processing file /opt/airflow/dags/dag_with_taskflow_api.py for tasks to queue
[2024-12-30 14:48:43,859] {logging_mixin.py:115} INFO - [2024-12-30 14:48:43,859] {dagbag.py:507} INFO - Filling up the DagBag from /opt/airflow/dags/dag_with_taskflow_api.py
[2024-12-30 14:48:43,881] {processor.py:651} INFO - DAG(s) dict_keys(['dag_with_taskflow_api_v1']) retrieved from /opt/airflow/dags/dag_with_taskflow_api.py
[2024-12-30 14:48:43,900] {logging_mixin.py:115} INFO - [2024-12-30 14:48:43,900] {dag.py:2379} INFO - Sync 1 DAGs
[2024-12-30 14:48:43,926] {logging_mixin.py:115} INFO - [2024-12-30 14:48:43,925] {dag.py:2931} INFO - Setting next_dagrun for dag_with_taskflow_api_v1 to 2024-12-30T00:00:00+00:00, run_after=2024-12-31T00:00:00+00:00
[2024-12-30 14:48:43,935] {processor.py:161} INFO - Processing /opt/airflow/dags/dag_with_taskflow_api.py took 0.079 seconds
[2024-12-30 14:49:14,009] {processor.py:153} INFO - Started process (PID=260) to work on /opt/airflow/dags/dag_with_taskflow_api.py
[2024-12-30 14:49:14,020] {processor.py:641} INFO - Processing file /opt/airflow/dags/dag_with_taskflow_api.py for tasks to queue
[2024-12-30 14:49:14,021] {logging_mixin.py:115} INFO - [2024-12-30 14:49:14,021] {dagbag.py:507} INFO - Filling up the DagBag from /opt/airflow/dags/dag_with_taskflow_api.py
[2024-12-30 14:49:14,040] {processor.py:651} INFO - DAG(s) dict_keys(['dag_with_taskflow_api_v1']) retrieved from /opt/airflow/dags/dag_with_taskflow_api.py
[2024-12-30 14:49:14,082] {logging_mixin.py:115} INFO - [2024-12-30 14:49:14,082] {dag.py:2379} INFO - Sync 1 DAGs
[2024-12-30 14:49:14,095] {logging_mixin.py:115} INFO - [2024-12-30 14:49:14,095] {dag.py:2931} INFO - Setting next_dagrun for dag_with_taskflow_api_v1 to 2024-12-30T00:00:00+00:00, run_after=2024-12-31T00:00:00+00:00
[2024-12-30 14:49:14,103] {processor.py:161} INFO - Processing /opt/airflow/dags/dag_with_taskflow_api.py took 0.098 seconds
[2024-12-30 14:49:44,172] {processor.py:153} INFO - Started process (PID=293) to work on /opt/airflow/dags/dag_with_taskflow_api.py
[2024-12-30 14:49:44,173] {processor.py:641} INFO - Processing file /opt/airflow/dags/dag_with_taskflow_api.py for tasks to queue
[2024-12-30 14:49:44,174] {logging_mixin.py:115} INFO - [2024-12-30 14:49:44,173] {dagbag.py:507} INFO - Filling up the DagBag from /opt/airflow/dags/dag_with_taskflow_api.py
[2024-12-30 14:49:44,191] {processor.py:651} INFO - DAG(s) dict_keys(['dag_with_taskflow_api_v1']) retrieved from /opt/airflow/dags/dag_with_taskflow_api.py
[2024-12-30 14:49:44,229] {logging_mixin.py:115} INFO - [2024-12-30 14:49:44,229] {dag.py:2379} INFO - Sync 1 DAGs
[2024-12-30 14:49:44,242] {logging_mixin.py:115} INFO - [2024-12-30 14:49:44,242] {dag.py:2931} INFO - Setting next_dagrun for dag_with_taskflow_api_v1 to 2024-12-30T00:00:00+00:00, run_after=2024-12-31T00:00:00+00:00
[2024-12-30 14:49:44,251] {processor.py:161} INFO - Processing /opt/airflow/dags/dag_with_taskflow_api.py took 0.083 seconds
[2024-12-30 14:50:14,329] {processor.py:153} INFO - Started process (PID=324) to work on /opt/airflow/dags/dag_with_taskflow_api.py
[2024-12-30 14:50:14,332] {processor.py:641} INFO - Processing file /opt/airflow/dags/dag_with_taskflow_api.py for tasks to queue
[2024-12-30 14:50:14,338] {logging_mixin.py:115} INFO - [2024-12-30 14:50:14,338] {dagbag.py:507} INFO - Filling up the DagBag from /opt/airflow/dags/dag_with_taskflow_api.py
[2024-12-30 14:50:14,371] {processor.py:651} INFO - DAG(s) dict_keys(['dag_with_taskflow_api_v1']) retrieved from /opt/airflow/dags/dag_with_taskflow_api.py
[2024-12-30 14:50:14,428] {logging_mixin.py:115} INFO - [2024-12-30 14:50:14,428] {dag.py:2379} INFO - Sync 1 DAGs
[2024-12-30 14:50:14,446] {logging_mixin.py:115} INFO - [2024-12-30 14:50:14,446] {dag.py:2931} INFO - Setting next_dagrun for dag_with_taskflow_api_v1 to 2024-12-30T00:00:00+00:00, run_after=2024-12-31T00:00:00+00:00
[2024-12-30 14:50:14,465] {processor.py:161} INFO - Processing /opt/airflow/dags/dag_with_taskflow_api.py took 0.143 seconds
[2024-12-30 14:50:44,548] {processor.py:153} INFO - Started process (PID=346) to work on /opt/airflow/dags/dag_with_taskflow_api.py
[2024-12-30 14:50:44,549] {processor.py:641} INFO - Processing file /opt/airflow/dags/dag_with_taskflow_api.py for tasks to queue
[2024-12-30 14:50:44,550] {logging_mixin.py:115} INFO - [2024-12-30 14:50:44,549] {dagbag.py:507} INFO - Filling up the DagBag from /opt/airflow/dags/dag_with_taskflow_api.py
[2024-12-30 14:50:44,569] {processor.py:651} INFO - DAG(s) dict_keys(['dag_with_taskflow_api_v1']) retrieved from /opt/airflow/dags/dag_with_taskflow_api.py
[2024-12-30 14:50:44,613] {logging_mixin.py:115} INFO - [2024-12-30 14:50:44,613] {dag.py:2379} INFO - Sync 1 DAGs
[2024-12-30 14:50:44,628] {logging_mixin.py:115} INFO - [2024-12-30 14:50:44,627] {dag.py:2931} INFO - Setting next_dagrun for dag_with_taskflow_api_v1 to 2024-12-30T00:00:00+00:00, run_after=2024-12-31T00:00:00+00:00
[2024-12-30 14:50:44,636] {processor.py:161} INFO - Processing /opt/airflow/dags/dag_with_taskflow_api.py took 0.092 seconds
[2024-12-30 14:51:12,620] {processor.py:153} INFO - Started process (PID=378) to work on /opt/airflow/dags/dag_with_taskflow_api.py
[2024-12-30 14:51:12,621] {processor.py:641} INFO - Processing file /opt/airflow/dags/dag_with_taskflow_api.py for tasks to queue
[2024-12-30 14:51:12,621] {logging_mixin.py:115} INFO - [2024-12-30 14:51:12,621] {dagbag.py:507} INFO - Filling up the DagBag from /opt/airflow/dags/dag_with_taskflow_api.py
[2024-12-30 14:51:12,639] {processor.py:651} INFO - DAG(s) dict_keys(['dag_with_taskflow_api_v1']) retrieved from /opt/airflow/dags/dag_with_taskflow_api.py
[2024-12-30 14:51:12,648] {logging_mixin.py:115} INFO - [2024-12-30 14:51:12,648] {dag.py:2379} INFO - Sync 1 DAGs
[2024-12-30 14:51:12,664] {logging_mixin.py:115} INFO - [2024-12-30 14:51:12,664] {dag.py:2931} INFO - Setting next_dagrun for dag_with_taskflow_api_v1 to 2024-12-30T00:00:00+00:00, run_after=2024-12-31T00:00:00+00:00
[2024-12-30 14:51:12,673] {processor.py:161} INFO - Processing /opt/airflow/dags/dag_with_taskflow_api.py took 0.056 seconds
[2024-12-30 14:51:20,639] {processor.py:153} INFO - Started process (PID=392) to work on /opt/airflow/dags/dag_with_taskflow_api.py
[2024-12-30 14:51:20,641] {processor.py:641} INFO - Processing file /opt/airflow/dags/dag_with_taskflow_api.py for tasks to queue
[2024-12-30 14:51:20,641] {logging_mixin.py:115} INFO - [2024-12-30 14:51:20,641] {dagbag.py:507} INFO - Filling up the DagBag from /opt/airflow/dags/dag_with_taskflow_api.py
[2024-12-30 14:51:20,668] {processor.py:651} INFO - DAG(s) dict_keys(['dag_with_taskflow_api_v2']) retrieved from /opt/airflow/dags/dag_with_taskflow_api.py
[2024-12-30 14:51:20,812] {logging_mixin.py:115} INFO - [2024-12-30 14:51:20,812] {manager.py:508} INFO - Created Permission View: can delete on DAG:dag_with_taskflow_api_v2
[2024-12-30 14:51:20,848] {logging_mixin.py:115} INFO - [2024-12-30 14:51:20,848] {manager.py:508} INFO - Created Permission View: can edit on DAG:dag_with_taskflow_api_v2
[2024-12-30 14:51:20,876] {logging_mixin.py:115} INFO - [2024-12-30 14:51:20,876] {manager.py:508} INFO - Created Permission View: can read on DAG:dag_with_taskflow_api_v2
[2024-12-30 14:51:20,877] {logging_mixin.py:115} INFO - [2024-12-30 14:51:20,877] {dag.py:2379} INFO - Sync 1 DAGs
[2024-12-30 14:51:20,895] {logging_mixin.py:115} INFO - [2024-12-30 14:51:20,895] {dag.py:2398} INFO - Creating ORM DAG for dag_with_taskflow_api_v2
[2024-12-30 14:51:20,924] {logging_mixin.py:115} INFO - [2024-12-30 14:51:20,924] {dag.py:2931} INFO - Setting next_dagrun for dag_with_taskflow_api_v2 to 2024-12-30T00:00:00+00:00, run_after=2024-12-31T00:00:00+00:00
[2024-12-30 14:51:20,970] {processor.py:161} INFO - Processing /opt/airflow/dags/dag_with_taskflow_api.py took 0.334 seconds
[2024-12-30 14:51:51,056] {processor.py:153} INFO - Started process (PID=421) to work on /opt/airflow/dags/dag_with_taskflow_api.py
[2024-12-30 14:51:51,056] {processor.py:641} INFO - Processing file /opt/airflow/dags/dag_with_taskflow_api.py for tasks to queue
[2024-12-30 14:51:51,057] {logging_mixin.py:115} INFO - [2024-12-30 14:51:51,057] {dagbag.py:507} INFO - Filling up the DagBag from /opt/airflow/dags/dag_with_taskflow_api.py
[2024-12-30 14:51:51,072] {processor.py:651} INFO - DAG(s) dict_keys(['dag_with_taskflow_api_v2']) retrieved from /opt/airflow/dags/dag_with_taskflow_api.py
[2024-12-30 14:51:51,087] {logging_mixin.py:115} INFO - [2024-12-30 14:51:51,087] {dag.py:2379} INFO - Sync 1 DAGs
[2024-12-30 14:51:51,103] {logging_mixin.py:115} INFO - [2024-12-30 14:51:51,103] {dag.py:2931} INFO - Setting next_dagrun for dag_with_taskflow_api_v2 to 2024-12-30T00:00:00+00:00, run_after=2024-12-31T00:00:00+00:00
[2024-12-30 14:51:51,110] {processor.py:161} INFO - Processing /opt/airflow/dags/dag_with_taskflow_api.py took 0.059 seconds
[2024-12-30 14:52:21,174] {processor.py:153} INFO - Started process (PID=453) to work on /opt/airflow/dags/dag_with_taskflow_api.py
[2024-12-30 14:52:21,175] {processor.py:641} INFO - Processing file /opt/airflow/dags/dag_with_taskflow_api.py for tasks to queue
[2024-12-30 14:52:21,175] {logging_mixin.py:115} INFO - [2024-12-30 14:52:21,175] {dagbag.py:507} INFO - Filling up the DagBag from /opt/airflow/dags/dag_with_taskflow_api.py
[2024-12-30 14:52:21,191] {processor.py:651} INFO - DAG(s) dict_keys(['dag_with_taskflow_api_v2']) retrieved from /opt/airflow/dags/dag_with_taskflow_api.py
[2024-12-30 14:52:21,208] {logging_mixin.py:115} INFO - [2024-12-30 14:52:21,207] {dag.py:2379} INFO - Sync 1 DAGs
[2024-12-30 14:52:21,223] {logging_mixin.py:115} INFO - [2024-12-30 14:52:21,222] {dag.py:2931} INFO - Setting next_dagrun for dag_with_taskflow_api_v2 to 2024-12-30T00:00:00+00:00, run_after=2024-12-31T00:00:00+00:00
[2024-12-30 14:52:21,230] {processor.py:161} INFO - Processing /opt/airflow/dags/dag_with_taskflow_api.py took 0.057 seconds
[2024-12-30 14:52:51,284] {processor.py:153} INFO - Started process (PID=484) to work on /opt/airflow/dags/dag_with_taskflow_api.py
[2024-12-30 14:52:51,294] {processor.py:641} INFO - Processing file /opt/airflow/dags/dag_with_taskflow_api.py for tasks to queue
[2024-12-30 14:52:51,295] {logging_mixin.py:115} INFO - [2024-12-30 14:52:51,295] {dagbag.py:507} INFO - Filling up the DagBag from /opt/airflow/dags/dag_with_taskflow_api.py
[2024-12-30 14:52:51,321] {processor.py:651} INFO - DAG(s) dict_keys(['dag_with_taskflow_api_v2']) retrieved from /opt/airflow/dags/dag_with_taskflow_api.py
[2024-12-30 14:52:51,412] {logging_mixin.py:115} INFO - [2024-12-30 14:52:51,412] {dag.py:2379} INFO - Sync 1 DAGs
[2024-12-30 14:52:51,436] {logging_mixin.py:115} INFO - [2024-12-30 14:52:51,436] {dag.py:2931} INFO - Setting next_dagrun for dag_with_taskflow_api_v2 to 2024-12-30T00:00:00+00:00, run_after=2024-12-31T00:00:00+00:00
[2024-12-30 14:52:51,458] {processor.py:161} INFO - Processing /opt/airflow/dags/dag_with_taskflow_api.py took 0.176 seconds
[2024-12-30 14:53:21,533] {processor.py:153} INFO - Started process (PID=506) to work on /opt/airflow/dags/dag_with_taskflow_api.py
[2024-12-30 14:53:21,534] {processor.py:641} INFO - Processing file /opt/airflow/dags/dag_with_taskflow_api.py for tasks to queue
[2024-12-30 14:53:21,534] {logging_mixin.py:115} INFO - [2024-12-30 14:53:21,534] {dagbag.py:507} INFO - Filling up the DagBag from /opt/airflow/dags/dag_with_taskflow_api.py
[2024-12-30 14:53:21,550] {processor.py:651} INFO - DAG(s) dict_keys(['dag_with_taskflow_api_v2']) retrieved from /opt/airflow/dags/dag_with_taskflow_api.py
[2024-12-30 14:53:21,592] {logging_mixin.py:115} INFO - [2024-12-30 14:53:21,591] {dag.py:2379} INFO - Sync 1 DAGs
[2024-12-30 14:53:21,607] {logging_mixin.py:115} INFO - [2024-12-30 14:53:21,607] {dag.py:2931} INFO - Setting next_dagrun for dag_with_taskflow_api_v2 to 2024-12-30T00:00:00+00:00, run_after=2024-12-31T00:00:00+00:00
[2024-12-30 14:53:21,617] {processor.py:161} INFO - Processing /opt/airflow/dags/dag_with_taskflow_api.py took 0.088 seconds
[2024-12-30 14:53:51,688] {processor.py:153} INFO - Started process (PID=537) to work on /opt/airflow/dags/dag_with_taskflow_api.py
[2024-12-30 14:53:51,698] {processor.py:641} INFO - Processing file /opt/airflow/dags/dag_with_taskflow_api.py for tasks to queue
[2024-12-30 14:53:51,699] {logging_mixin.py:115} INFO - [2024-12-30 14:53:51,699] {dagbag.py:507} INFO - Filling up the DagBag from /opt/airflow/dags/dag_with_taskflow_api.py
[2024-12-30 14:53:51,717] {processor.py:651} INFO - DAG(s) dict_keys(['dag_with_taskflow_api_v2']) retrieved from /opt/airflow/dags/dag_with_taskflow_api.py
[2024-12-30 14:53:51,754] {logging_mixin.py:115} INFO - [2024-12-30 14:53:51,754] {dag.py:2379} INFO - Sync 1 DAGs
[2024-12-30 14:53:51,767] {logging_mixin.py:115} INFO - [2024-12-30 14:53:51,767] {dag.py:2931} INFO - Setting next_dagrun for dag_with_taskflow_api_v2 to 2024-12-30T00:00:00+00:00, run_after=2024-12-31T00:00:00+00:00
[2024-12-30 14:53:51,776] {processor.py:161} INFO - Processing /opt/airflow/dags/dag_with_taskflow_api.py took 0.093 seconds
[2024-12-30 14:54:21,841] {processor.py:153} INFO - Started process (PID=570) to work on /opt/airflow/dags/dag_with_taskflow_api.py
[2024-12-30 14:54:21,842] {processor.py:641} INFO - Processing file /opt/airflow/dags/dag_with_taskflow_api.py for tasks to queue
[2024-12-30 14:54:21,842] {logging_mixin.py:115} INFO - [2024-12-30 14:54:21,842] {dagbag.py:507} INFO - Filling up the DagBag from /opt/airflow/dags/dag_with_taskflow_api.py
[2024-12-30 14:54:21,858] {processor.py:651} INFO - DAG(s) dict_keys(['dag_with_taskflow_api_v2']) retrieved from /opt/airflow/dags/dag_with_taskflow_api.py
[2024-12-30 14:54:21,906] {logging_mixin.py:115} INFO - [2024-12-30 14:54:21,906] {dag.py:2379} INFO - Sync 1 DAGs
[2024-12-30 14:54:21,919] {logging_mixin.py:115} INFO - [2024-12-30 14:54:21,919] {dag.py:2931} INFO - Setting next_dagrun for dag_with_taskflow_api_v2 to 2024-12-30T00:00:00+00:00, run_after=2024-12-31T00:00:00+00:00
[2024-12-30 14:54:21,927] {processor.py:161} INFO - Processing /opt/airflow/dags/dag_with_taskflow_api.py took 0.088 seconds
[2024-12-30 14:54:51,990] {processor.py:153} INFO - Started process (PID=593) to work on /opt/airflow/dags/dag_with_taskflow_api.py
[2024-12-30 14:54:52,001] {processor.py:641} INFO - Processing file /opt/airflow/dags/dag_with_taskflow_api.py for tasks to queue
[2024-12-30 14:54:52,002] {logging_mixin.py:115} INFO - [2024-12-30 14:54:52,002] {dagbag.py:507} INFO - Filling up the DagBag from /opt/airflow/dags/dag_with_taskflow_api.py
[2024-12-30 14:54:52,021] {processor.py:651} INFO - DAG(s) dict_keys(['dag_with_taskflow_api_v2']) retrieved from /opt/airflow/dags/dag_with_taskflow_api.py
[2024-12-30 14:54:52,035] {logging_mixin.py:115} INFO - [2024-12-30 14:54:52,035] {dag.py:2379} INFO - Sync 1 DAGs
[2024-12-30 14:54:52,049] {logging_mixin.py:115} INFO - [2024-12-30 14:54:52,049] {dag.py:2931} INFO - Setting next_dagrun for dag_with_taskflow_api_v2 to 2024-12-30T00:00:00+00:00, run_after=2024-12-31T00:00:00+00:00
[2024-12-30 14:54:52,057] {processor.py:161} INFO - Processing /opt/airflow/dags/dag_with_taskflow_api.py took 0.070 seconds
[2024-12-30 14:55:12,044] {processor.py:153} INFO - Started process (PID=615) to work on /opt/airflow/dags/dag_with_taskflow_api.py
[2024-12-30 14:55:12,045] {processor.py:641} INFO - Processing file /opt/airflow/dags/dag_with_taskflow_api.py for tasks to queue
[2024-12-30 14:55:12,045] {logging_mixin.py:115} INFO - [2024-12-30 14:55:12,045] {dagbag.py:507} INFO - Filling up the DagBag from /opt/airflow/dags/dag_with_taskflow_api.py
[2024-12-30 14:55:12,057] {logging_mixin.py:115} INFO - {{ task_instance.xcom_pull(task_ids='get_name', dag_id='dag_with_taskflow_api_v2', key='return_value') }}
[2024-12-30 14:55:12,059] {processor.py:651} INFO - DAG(s) dict_keys(['dag_with_taskflow_api_v2']) retrieved from /opt/airflow/dags/dag_with_taskflow_api.py
[2024-12-30 14:55:12,095] {logging_mixin.py:115} INFO - [2024-12-30 14:55:12,095] {dag.py:2379} INFO - Sync 1 DAGs
[2024-12-30 14:55:12,108] {logging_mixin.py:115} INFO - [2024-12-30 14:55:12,108] {dag.py:2931} INFO - Setting next_dagrun for dag_with_taskflow_api_v2 to 2024-12-30T00:00:00+00:00, run_after=2024-12-31T00:00:00+00:00
[2024-12-30 14:55:12,116] {processor.py:161} INFO - Processing /opt/airflow/dags/dag_with_taskflow_api.py took 0.075 seconds
[2024-12-30 14:55:18,142] {processor.py:153} INFO - Started process (PID=629) to work on /opt/airflow/dags/dag_with_taskflow_api.py
[2024-12-30 14:55:18,142] {processor.py:641} INFO - Processing file /opt/airflow/dags/dag_with_taskflow_api.py for tasks to queue
[2024-12-30 14:55:18,142] {logging_mixin.py:115} INFO - [2024-12-30 14:55:18,142] {dagbag.py:507} INFO - Filling up the DagBag from /opt/airflow/dags/dag_with_taskflow_api.py
[2024-12-30 14:55:18,163] {logging_mixin.py:115} INFO - {{ task_instance.xcom_pull(task_ids='get_name', dag_id='dag_with_taskflow_api_v3', key='return_value') }}
[2024-12-30 14:55:18,165] {processor.py:651} INFO - DAG(s) dict_keys(['dag_with_taskflow_api_v3']) retrieved from /opt/airflow/dags/dag_with_taskflow_api.py
[2024-12-30 14:55:18,248] {logging_mixin.py:115} INFO - [2024-12-30 14:55:18,248] {manager.py:508} INFO - Created Permission View: can delete on DAG:dag_with_taskflow_api_v3
[2024-12-30 14:55:18,268] {logging_mixin.py:115} INFO - [2024-12-30 14:55:18,268] {manager.py:508} INFO - Created Permission View: can edit on DAG:dag_with_taskflow_api_v3
[2024-12-30 14:55:18,286] {logging_mixin.py:115} INFO - [2024-12-30 14:55:18,286] {manager.py:508} INFO - Created Permission View: can read on DAG:dag_with_taskflow_api_v3
[2024-12-30 14:55:18,287] {logging_mixin.py:115} INFO - [2024-12-30 14:55:18,287] {dag.py:2379} INFO - Sync 1 DAGs
[2024-12-30 14:55:18,298] {logging_mixin.py:115} INFO - [2024-12-30 14:55:18,298] {dag.py:2398} INFO - Creating ORM DAG for dag_with_taskflow_api_v3
[2024-12-30 14:55:18,317] {logging_mixin.py:115} INFO - [2024-12-30 14:55:18,316] {dag.py:2931} INFO - Setting next_dagrun for dag_with_taskflow_api_v3 to 2024-12-30T00:00:00+00:00, run_after=2024-12-31T00:00:00+00:00
[2024-12-30 14:55:18,330] {processor.py:161} INFO - Processing /opt/airflow/dags/dag_with_taskflow_api.py took 0.193 seconds
[2024-12-30 14:55:19,153] {processor.py:153} INFO - Started process (PID=634) to work on /opt/airflow/dags/dag_with_taskflow_api.py
[2024-12-30 14:55:19,154] {processor.py:641} INFO - Processing file /opt/airflow/dags/dag_with_taskflow_api.py for tasks to queue
[2024-12-30 14:55:19,154] {logging_mixin.py:115} INFO - [2024-12-30 14:55:19,154] {dagbag.py:507} INFO - Filling up the DagBag from /opt/airflow/dags/dag_with_taskflow_api.py
[2024-12-30 14:55:19,179] {logging_mixin.py:115} INFO - {{ task_instance.xcom_pull(task_ids='get_name', dag_id='dag_with_taskflow_api_v3', key='return_value') }}
[2024-12-30 14:55:19,182] {processor.py:651} INFO - DAG(s) dict_keys(['dag_with_taskflow_api_v3']) retrieved from /opt/airflow/dags/dag_with_taskflow_api.py
[2024-12-30 14:55:19,196] {logging_mixin.py:115} INFO - [2024-12-30 14:55:19,195] {dag.py:2379} INFO - Sync 1 DAGs
[2024-12-30 14:55:19,219] {logging_mixin.py:115} INFO - [2024-12-30 14:55:19,219] {dag.py:2931} INFO - Setting next_dagrun for dag_with_taskflow_api_v3 to 2024-12-30T00:00:00+00:00, run_after=2024-12-31T00:00:00+00:00
[2024-12-30 14:55:19,230] {processor.py:161} INFO - Processing /opt/airflow/dags/dag_with_taskflow_api.py took 0.080 seconds
[2024-12-30 14:55:49,301] {processor.py:153} INFO - Started process (PID=657) to work on /opt/airflow/dags/dag_with_taskflow_api.py
[2024-12-30 14:55:49,311] {processor.py:641} INFO - Processing file /opt/airflow/dags/dag_with_taskflow_api.py for tasks to queue
[2024-12-30 14:55:49,312] {logging_mixin.py:115} INFO - [2024-12-30 14:55:49,312] {dagbag.py:507} INFO - Filling up the DagBag from /opt/airflow/dags/dag_with_taskflow_api.py
[2024-12-30 14:55:49,329] {logging_mixin.py:115} INFO - {{ task_instance.xcom_pull(task_ids='get_name', dag_id='dag_with_taskflow_api_v3', key='return_value') }}
[2024-12-30 14:55:49,330] {processor.py:651} INFO - DAG(s) dict_keys(['dag_with_taskflow_api_v3']) retrieved from /opt/airflow/dags/dag_with_taskflow_api.py
[2024-12-30 14:55:49,368] {logging_mixin.py:115} INFO - [2024-12-30 14:55:49,368] {dag.py:2379} INFO - Sync 1 DAGs
[2024-12-30 14:55:49,380] {logging_mixin.py:115} INFO - [2024-12-30 14:55:49,380] {dag.py:2931} INFO - Setting next_dagrun for dag_with_taskflow_api_v3 to 2024-12-30T00:00:00+00:00, run_after=2024-12-31T00:00:00+00:00
[2024-12-30 14:55:49,387] {processor.py:161} INFO - Processing /opt/airflow/dags/dag_with_taskflow_api.py took 0.090 seconds
[2024-12-30 14:56:19,458] {processor.py:153} INFO - Started process (PID=701) to work on /opt/airflow/dags/dag_with_taskflow_api.py
[2024-12-30 14:56:19,459] {processor.py:641} INFO - Processing file /opt/airflow/dags/dag_with_taskflow_api.py for tasks to queue
[2024-12-30 14:56:19,459] {logging_mixin.py:115} INFO - [2024-12-30 14:56:19,459] {dagbag.py:507} INFO - Filling up the DagBag from /opt/airflow/dags/dag_with_taskflow_api.py
[2024-12-30 14:56:19,471] {logging_mixin.py:115} INFO - {{ task_instance.xcom_pull(task_ids='get_name', dag_id='dag_with_taskflow_api_v3', key='return_value') }}
[2024-12-30 14:56:19,473] {processor.py:651} INFO - DAG(s) dict_keys(['dag_with_taskflow_api_v3']) retrieved from /opt/airflow/dags/dag_with_taskflow_api.py
[2024-12-30 14:56:19,510] {logging_mixin.py:115} INFO - [2024-12-30 14:56:19,510] {dag.py:2379} INFO - Sync 1 DAGs
[2024-12-30 14:56:19,523] {logging_mixin.py:115} INFO - [2024-12-30 14:56:19,523] {dag.py:2931} INFO - Setting next_dagrun for dag_with_taskflow_api_v3 to 2024-12-30T00:00:00+00:00, run_after=2024-12-31T00:00:00+00:00
[2024-12-30 14:56:19,530] {processor.py:161} INFO - Processing /opt/airflow/dags/dag_with_taskflow_api.py took 0.075 seconds
[2024-12-30 14:56:49,596] {processor.py:153} INFO - Started process (PID=734) to work on /opt/airflow/dags/dag_with_taskflow_api.py
[2024-12-30 14:56:49,597] {processor.py:641} INFO - Processing file /opt/airflow/dags/dag_with_taskflow_api.py for tasks to queue
[2024-12-30 14:56:49,598] {logging_mixin.py:115} INFO - [2024-12-30 14:56:49,598] {dagbag.py:507} INFO - Filling up the DagBag from /opt/airflow/dags/dag_with_taskflow_api.py
[2024-12-30 14:56:49,617] {logging_mixin.py:115} INFO - {{ task_instance.xcom_pull(task_ids='get_name', dag_id='dag_with_taskflow_api_v3', key='return_value') }}
[2024-12-30 14:56:49,619] {processor.py:651} INFO - DAG(s) dict_keys(['dag_with_taskflow_api_v3']) retrieved from /opt/airflow/dags/dag_with_taskflow_api.py
[2024-12-30 14:56:49,659] {logging_mixin.py:115} INFO - [2024-12-30 14:56:49,659] {dag.py:2379} INFO - Sync 1 DAGs
[2024-12-30 14:56:49,674] {logging_mixin.py:115} INFO - [2024-12-30 14:56:49,674] {dag.py:2931} INFO - Setting next_dagrun for dag_with_taskflow_api_v3 to 2024-12-30T00:00:00+00:00, run_after=2024-12-31T00:00:00+00:00
[2024-12-30 14:56:49,684] {processor.py:161} INFO - Processing /opt/airflow/dags/dag_with_taskflow_api.py took 0.091 seconds
[2024-12-30 14:56:50,609] {processor.py:153} INFO - Started process (PID=739) to work on /opt/airflow/dags/dag_with_taskflow_api.py
[2024-12-30 14:56:50,610] {processor.py:641} INFO - Processing file /opt/airflow/dags/dag_with_taskflow_api.py for tasks to queue
[2024-12-30 14:56:50,610] {logging_mixin.py:115} INFO - [2024-12-30 14:56:50,610] {dagbag.py:507} INFO - Filling up the DagBag from /opt/airflow/dags/dag_with_taskflow_api.py
[2024-12-30 14:56:50,633] {logging_mixin.py:115} INFO - {{ task_instance.xcom_pull(task_ids='get_name', dag_id='dag_with_taskflow_api_v3', key='return_value') }}
[2024-12-30 14:56:50,634] {processor.py:651} INFO - DAG(s) dict_keys(['dag_with_taskflow_api_v3']) retrieved from /opt/airflow/dags/dag_with_taskflow_api.py
[2024-12-30 14:56:50,644] {logging_mixin.py:115} INFO - [2024-12-30 14:56:50,644] {dag.py:2379} INFO - Sync 1 DAGs
[2024-12-30 14:56:50,658] {logging_mixin.py:115} INFO - [2024-12-30 14:56:50,658] {dag.py:2931} INFO - Setting next_dagrun for dag_with_taskflow_api_v3 to 2024-12-30T00:00:00+00:00, run_after=2024-12-31T00:00:00+00:00
[2024-12-30 14:56:50,666] {processor.py:161} INFO - Processing /opt/airflow/dags/dag_with_taskflow_api.py took 0.062 seconds
[2024-12-30 14:57:20,742] {processor.py:153} INFO - Started process (PID=762) to work on /opt/airflow/dags/dag_with_taskflow_api.py
[2024-12-30 14:57:20,753] {processor.py:641} INFO - Processing file /opt/airflow/dags/dag_with_taskflow_api.py for tasks to queue
[2024-12-30 14:57:20,753] {logging_mixin.py:115} INFO - [2024-12-30 14:57:20,753] {dagbag.py:507} INFO - Filling up the DagBag from /opt/airflow/dags/dag_with_taskflow_api.py
[2024-12-30 14:57:20,772] {logging_mixin.py:115} INFO - {{ task_instance.xcom_pull(task_ids='get_name', dag_id='dag_with_taskflow_api_v3', key='return_value') }}
[2024-12-30 14:57:20,775] {processor.py:651} INFO - DAG(s) dict_keys(['dag_with_taskflow_api_v3']) retrieved from /opt/airflow/dags/dag_with_taskflow_api.py
[2024-12-30 14:57:20,824] {logging_mixin.py:115} INFO - [2024-12-30 14:57:20,824] {dag.py:2379} INFO - Sync 1 DAGs
[2024-12-30 14:57:20,847] {logging_mixin.py:115} INFO - [2024-12-30 14:57:20,847] {dag.py:2931} INFO - Setting next_dagrun for dag_with_taskflow_api_v3 to 2024-12-30T00:00:00+00:00, run_after=2024-12-31T00:00:00+00:00
[2024-12-30 14:57:20,858] {processor.py:161} INFO - Processing /opt/airflow/dags/dag_with_taskflow_api.py took 0.118 seconds
[2024-12-30 14:57:46,810] {processor.py:153} INFO - Started process (PID=792) to work on /opt/airflow/dags/dag_with_taskflow_api.py
[2024-12-30 14:57:46,810] {processor.py:641} INFO - Processing file /opt/airflow/dags/dag_with_taskflow_api.py for tasks to queue
[2024-12-30 14:57:46,811] {logging_mixin.py:115} INFO - [2024-12-30 14:57:46,810] {dagbag.py:507} INFO - Filling up the DagBag from /opt/airflow/dags/dag_with_taskflow_api.py
[2024-12-30 14:57:46,827] {logging_mixin.py:115} INFO - {{ task_instance.xcom_pull(task_ids='get_name', dag_id='dag_with_taskflow_api_v4', key='return_value') }}
[2024-12-30 14:57:46,830] {processor.py:651} INFO - DAG(s) dict_keys(['dag_with_taskflow_api_v4']) retrieved from /opt/airflow/dags/dag_with_taskflow_api.py
[2024-12-30 14:57:46,891] {logging_mixin.py:115} INFO - [2024-12-30 14:57:46,891] {manager.py:508} INFO - Created Permission View: can delete on DAG:dag_with_taskflow_api_v4
[2024-12-30 14:57:46,899] {logging_mixin.py:115} INFO - [2024-12-30 14:57:46,899] {manager.py:508} INFO - Created Permission View: can edit on DAG:dag_with_taskflow_api_v4
[2024-12-30 14:57:46,904] {logging_mixin.py:115} INFO - [2024-12-30 14:57:46,904] {manager.py:508} INFO - Created Permission View: can read on DAG:dag_with_taskflow_api_v4
[2024-12-30 14:57:46,904] {logging_mixin.py:115} INFO - [2024-12-30 14:57:46,904] {dag.py:2379} INFO - Sync 1 DAGs
[2024-12-30 14:57:46,911] {logging_mixin.py:115} INFO - [2024-12-30 14:57:46,911] {dag.py:2398} INFO - Creating ORM DAG for dag_with_taskflow_api_v4
[2024-12-30 14:57:46,924] {logging_mixin.py:115} INFO - [2024-12-30 14:57:46,924] {dag.py:2931} INFO - Setting next_dagrun for dag_with_taskflow_api_v4 to 2024-12-30T00:00:00+00:00, run_after=2024-12-31T00:00:00+00:00
[2024-12-30 14:57:46,935] {processor.py:161} INFO - Processing /opt/airflow/dags/dag_with_taskflow_api.py took 0.128 seconds
[2024-12-30 14:58:16,988] {processor.py:153} INFO - Started process (PID=821) to work on /opt/airflow/dags/dag_with_taskflow_api.py
[2024-12-30 14:58:16,989] {processor.py:641} INFO - Processing file /opt/airflow/dags/dag_with_taskflow_api.py for tasks to queue
[2024-12-30 14:58:16,990] {logging_mixin.py:115} INFO - [2024-12-30 14:58:16,990] {dagbag.py:507} INFO - Filling up the DagBag from /opt/airflow/dags/dag_with_taskflow_api.py
[2024-12-30 14:58:17,005] {logging_mixin.py:115} INFO - {{ task_instance.xcom_pull(task_ids='get_name', dag_id='dag_with_taskflow_api_v4', key='return_value') }}
[2024-12-30 14:58:17,007] {processor.py:651} INFO - DAG(s) dict_keys(['dag_with_taskflow_api_v4']) retrieved from /opt/airflow/dags/dag_with_taskflow_api.py
[2024-12-30 14:58:17,021] {logging_mixin.py:115} INFO - [2024-12-30 14:58:17,021] {dag.py:2379} INFO - Sync 1 DAGs
[2024-12-30 14:58:17,035] {logging_mixin.py:115} INFO - [2024-12-30 14:58:17,035] {dag.py:2931} INFO - Setting next_dagrun for dag_with_taskflow_api_v4 to 2024-12-30T00:00:00+00:00, run_after=2024-12-31T00:00:00+00:00
[2024-12-30 14:58:17,048] {processor.py:161} INFO - Processing /opt/airflow/dags/dag_with_taskflow_api.py took 0.064 seconds
[2024-12-30 14:58:47,084] {processor.py:153} INFO - Started process (PID=854) to work on /opt/airflow/dags/dag_with_taskflow_api.py
[2024-12-30 14:58:47,085] {processor.py:641} INFO - Processing file /opt/airflow/dags/dag_with_taskflow_api.py for tasks to queue
[2024-12-30 14:58:47,086] {logging_mixin.py:115} INFO - [2024-12-30 14:58:47,085] {dagbag.py:507} INFO - Filling up the DagBag from /opt/airflow/dags/dag_with_taskflow_api.py
[2024-12-30 14:58:47,103] {logging_mixin.py:115} INFO - {{ task_instance.xcom_pull(task_ids='get_name', dag_id='dag_with_taskflow_api_v4', key='return_value') }}
[2024-12-30 14:58:47,105] {processor.py:651} INFO - DAG(s) dict_keys(['dag_with_taskflow_api_v4']) retrieved from /opt/airflow/dags/dag_with_taskflow_api.py
[2024-12-30 14:58:47,143] {logging_mixin.py:115} INFO - [2024-12-30 14:58:47,143] {dag.py:2379} INFO - Sync 1 DAGs
[2024-12-30 14:58:47,155] {logging_mixin.py:115} INFO - [2024-12-30 14:58:47,155] {dag.py:2931} INFO - Setting next_dagrun for dag_with_taskflow_api_v4 to 2024-12-30T00:00:00+00:00, run_after=2024-12-31T00:00:00+00:00
[2024-12-30 14:58:47,163] {processor.py:161} INFO - Processing /opt/airflow/dags/dag_with_taskflow_api.py took 0.082 seconds
[2024-12-30 14:59:17,231] {processor.py:153} INFO - Started process (PID=886) to work on /opt/airflow/dags/dag_with_taskflow_api.py
[2024-12-30 14:59:17,232] {processor.py:641} INFO - Processing file /opt/airflow/dags/dag_with_taskflow_api.py for tasks to queue
[2024-12-30 14:59:17,232] {logging_mixin.py:115} INFO - [2024-12-30 14:59:17,232] {dagbag.py:507} INFO - Filling up the DagBag from /opt/airflow/dags/dag_with_taskflow_api.py
[2024-12-30 14:59:17,245] {logging_mixin.py:115} INFO - {{ task_instance.xcom_pull(task_ids='get_name', dag_id='dag_with_taskflow_api_v4', key='return_value') }}
[2024-12-30 14:59:17,247] {processor.py:651} INFO - DAG(s) dict_keys(['dag_with_taskflow_api_v4']) retrieved from /opt/airflow/dags/dag_with_taskflow_api.py
[2024-12-30 14:59:17,261] {logging_mixin.py:115} INFO - [2024-12-30 14:59:17,261] {dag.py:2379} INFO - Sync 1 DAGs
[2024-12-30 14:59:17,275] {logging_mixin.py:115} INFO - [2024-12-30 14:59:17,275] {dag.py:2931} INFO - Setting next_dagrun for dag_with_taskflow_api_v4 to 2024-12-30T00:00:00+00:00, run_after=2024-12-31T00:00:00+00:00
[2024-12-30 14:59:17,282] {processor.py:161} INFO - Processing /opt/airflow/dags/dag_with_taskflow_api.py took 0.055 seconds
[2024-12-30 14:59:47,342] {processor.py:153} INFO - Started process (PID=911) to work on /opt/airflow/dags/dag_with_taskflow_api.py
[2024-12-30 14:59:47,343] {processor.py:641} INFO - Processing file /opt/airflow/dags/dag_with_taskflow_api.py for tasks to queue
[2024-12-30 14:59:47,343] {logging_mixin.py:115} INFO - [2024-12-30 14:59:47,343] {dagbag.py:507} INFO - Filling up the DagBag from /opt/airflow/dags/dag_with_taskflow_api.py
[2024-12-30 14:59:47,356] {logging_mixin.py:115} INFO - {{ task_instance.xcom_pull(task_ids='get_name', dag_id='dag_with_taskflow_api_v4', key='return_value') }}
[2024-12-30 14:59:47,358] {processor.py:651} INFO - DAG(s) dict_keys(['dag_with_taskflow_api_v4']) retrieved from /opt/airflow/dags/dag_with_taskflow_api.py
[2024-12-30 14:59:47,397] {logging_mixin.py:115} INFO - [2024-12-30 14:59:47,397] {dag.py:2379} INFO - Sync 1 DAGs
[2024-12-30 14:59:47,410] {logging_mixin.py:115} INFO - [2024-12-30 14:59:47,410] {dag.py:2931} INFO - Setting next_dagrun for dag_with_taskflow_api_v4 to 2024-12-30T00:00:00+00:00, run_after=2024-12-31T00:00:00+00:00
[2024-12-30 14:59:47,419] {processor.py:161} INFO - Processing /opt/airflow/dags/dag_with_taskflow_api.py took 0.079 seconds
[2024-12-30 15:00:17,483] {processor.py:153} INFO - Started process (PID=943) to work on /opt/airflow/dags/dag_with_taskflow_api.py
[2024-12-30 15:00:17,494] {processor.py:641} INFO - Processing file /opt/airflow/dags/dag_with_taskflow_api.py for tasks to queue
[2024-12-30 15:00:17,495] {logging_mixin.py:115} INFO - [2024-12-30 15:00:17,495] {dagbag.py:507} INFO - Filling up the DagBag from /opt/airflow/dags/dag_with_taskflow_api.py
[2024-12-30 15:00:17,510] {logging_mixin.py:115} INFO - {{ task_instance.xcom_pull(task_ids='get_name', dag_id='dag_with_taskflow_api_v4', key='return_value') }}
[2024-12-30 15:00:17,512] {processor.py:651} INFO - DAG(s) dict_keys(['dag_with_taskflow_api_v4']) retrieved from /opt/airflow/dags/dag_with_taskflow_api.py
[2024-12-30 15:00:17,528] {logging_mixin.py:115} INFO - [2024-12-30 15:00:17,528] {dag.py:2379} INFO - Sync 1 DAGs
[2024-12-30 15:00:17,542] {logging_mixin.py:115} INFO - [2024-12-30 15:00:17,542] {dag.py:2931} INFO - Setting next_dagrun for dag_with_taskflow_api_v4 to 2024-12-30T00:00:00+00:00, run_after=2024-12-31T00:00:00+00:00
[2024-12-30 15:00:17,549] {processor.py:161} INFO - Processing /opt/airflow/dags/dag_with_taskflow_api.py took 0.071 seconds
[2024-12-30 15:00:47,620] {processor.py:153} INFO - Started process (PID=976) to work on /opt/airflow/dags/dag_with_taskflow_api.py
[2024-12-30 15:00:47,621] {processor.py:641} INFO - Processing file /opt/airflow/dags/dag_with_taskflow_api.py for tasks to queue
[2024-12-30 15:00:47,622] {logging_mixin.py:115} INFO - [2024-12-30 15:00:47,622] {dagbag.py:507} INFO - Filling up the DagBag from /opt/airflow/dags/dag_with_taskflow_api.py
[2024-12-30 15:00:47,634] {logging_mixin.py:115} INFO - {{ task_instance.xcom_pull(task_ids='get_name', dag_id='dag_with_taskflow_api_v4', key='return_value') }}
[2024-12-30 15:00:47,636] {processor.py:651} INFO - DAG(s) dict_keys(['dag_with_taskflow_api_v4']) retrieved from /opt/airflow/dags/dag_with_taskflow_api.py
[2024-12-30 15:00:47,675] {logging_mixin.py:115} INFO - [2024-12-30 15:00:47,675] {dag.py:2379} INFO - Sync 1 DAGs
[2024-12-30 15:00:47,689] {logging_mixin.py:115} INFO - [2024-12-30 15:00:47,688] {dag.py:2931} INFO - Setting next_dagrun for dag_with_taskflow_api_v4 to 2024-12-30T00:00:00+00:00, run_after=2024-12-31T00:00:00+00:00
[2024-12-30 15:00:47,697] {processor.py:161} INFO - Processing /opt/airflow/dags/dag_with_taskflow_api.py took 0.081 seconds
[2024-12-30 15:01:17,765] {processor.py:153} INFO - Started process (PID=1004) to work on /opt/airflow/dags/dag_with_taskflow_api.py
[2024-12-30 15:01:17,765] {processor.py:641} INFO - Processing file /opt/airflow/dags/dag_with_taskflow_api.py for tasks to queue
[2024-12-30 15:01:17,766] {logging_mixin.py:115} INFO - [2024-12-30 15:01:17,766] {dagbag.py:507} INFO - Filling up the DagBag from /opt/airflow/dags/dag_with_taskflow_api.py
[2024-12-30 15:01:17,784] {logging_mixin.py:115} INFO - {{ task_instance.xcom_pull(task_ids='get_name', dag_id='dag_with_taskflow_api_v4', key='return_value') }}
[2024-12-30 15:01:17,786] {processor.py:651} INFO - DAG(s) dict_keys(['dag_with_taskflow_api_v4']) retrieved from /opt/airflow/dags/dag_with_taskflow_api.py
[2024-12-30 15:01:17,854] {logging_mixin.py:115} INFO - [2024-12-30 15:01:17,854] {dag.py:2379} INFO - Sync 1 DAGs
[2024-12-30 15:01:17,876] {logging_mixin.py:115} INFO - [2024-12-30 15:01:17,876] {dag.py:2931} INFO - Setting next_dagrun for dag_with_taskflow_api_v4 to 2024-12-30T00:00:00+00:00, run_after=2024-12-31T00:00:00+00:00
[2024-12-30 15:01:17,899] {processor.py:161} INFO - Processing /opt/airflow/dags/dag_with_taskflow_api.py took 0.137 seconds
[2024-12-30 15:01:47,981] {processor.py:153} INFO - Started process (PID=1029) to work on /opt/airflow/dags/dag_with_taskflow_api.py
[2024-12-30 15:01:47,992] {processor.py:641} INFO - Processing file /opt/airflow/dags/dag_with_taskflow_api.py for tasks to queue
[2024-12-30 15:01:47,992] {logging_mixin.py:115} INFO - [2024-12-30 15:01:47,992] {dagbag.py:507} INFO - Filling up the DagBag from /opt/airflow/dags/dag_with_taskflow_api.py
[2024-12-30 15:01:48,011] {logging_mixin.py:115} INFO - {{ task_instance.xcom_pull(task_ids='get_name', dag_id='dag_with_taskflow_api_v4', key='return_value') }}
[2024-12-30 15:01:48,012] {processor.py:651} INFO - DAG(s) dict_keys(['dag_with_taskflow_api_v4']) retrieved from /opt/airflow/dags/dag_with_taskflow_api.py
[2024-12-30 15:01:48,050] {logging_mixin.py:115} INFO - [2024-12-30 15:01:48,050] {dag.py:2379} INFO - Sync 1 DAGs
[2024-12-30 15:01:48,062] {logging_mixin.py:115} INFO - [2024-12-30 15:01:48,062] {dag.py:2931} INFO - Setting next_dagrun for dag_with_taskflow_api_v4 to 2024-12-30T00:00:00+00:00, run_after=2024-12-31T00:00:00+00:00
[2024-12-30 15:01:48,071] {processor.py:161} INFO - Processing /opt/airflow/dags/dag_with_taskflow_api.py took 0.094 seconds
[2024-12-30 15:02:18,147] {processor.py:153} INFO - Started process (PID=1062) to work on /opt/airflow/dags/dag_with_taskflow_api.py
[2024-12-30 15:02:18,157] {processor.py:641} INFO - Processing file /opt/airflow/dags/dag_with_taskflow_api.py for tasks to queue
[2024-12-30 15:02:18,158] {logging_mixin.py:115} INFO - [2024-12-30 15:02:18,158] {dagbag.py:507} INFO - Filling up the DagBag from /opt/airflow/dags/dag_with_taskflow_api.py
[2024-12-30 15:02:18,174] {logging_mixin.py:115} INFO - {{ task_instance.xcom_pull(task_ids='get_name', dag_id='dag_with_taskflow_api_v4', key='return_value') }}
[2024-12-30 15:02:18,175] {processor.py:651} INFO - DAG(s) dict_keys(['dag_with_taskflow_api_v4']) retrieved from /opt/airflow/dags/dag_with_taskflow_api.py
[2024-12-30 15:02:18,212] {logging_mixin.py:115} INFO - [2024-12-30 15:02:18,212] {dag.py:2379} INFO - Sync 1 DAGs
[2024-12-30 15:02:18,226] {logging_mixin.py:115} INFO - [2024-12-30 15:02:18,226] {dag.py:2931} INFO - Setting next_dagrun for dag_with_taskflow_api_v4 to 2024-12-30T00:00:00+00:00, run_after=2024-12-31T00:00:00+00:00
[2024-12-30 15:02:18,233] {processor.py:161} INFO - Processing /opt/airflow/dags/dag_with_taskflow_api.py took 0.091 seconds
[2024-12-30 15:02:48,317] {processor.py:153} INFO - Started process (PID=1095) to work on /opt/airflow/dags/dag_with_taskflow_api.py
[2024-12-30 15:02:48,328] {processor.py:641} INFO - Processing file /opt/airflow/dags/dag_with_taskflow_api.py for tasks to queue
[2024-12-30 15:02:48,329] {logging_mixin.py:115} INFO - [2024-12-30 15:02:48,329] {dagbag.py:507} INFO - Filling up the DagBag from /opt/airflow/dags/dag_with_taskflow_api.py
[2024-12-30 15:02:48,362] {logging_mixin.py:115} INFO - {{ task_instance.xcom_pull(task_ids='get_name', dag_id='dag_with_taskflow_api_v4', key='return_value') }}
[2024-12-30 15:02:48,365] {processor.py:651} INFO - DAG(s) dict_keys(['dag_with_taskflow_api_v4']) retrieved from /opt/airflow/dags/dag_with_taskflow_api.py
[2024-12-30 15:02:48,411] {logging_mixin.py:115} INFO - [2024-12-30 15:02:48,411] {dag.py:2379} INFO - Sync 1 DAGs
[2024-12-30 15:02:48,425] {logging_mixin.py:115} INFO - [2024-12-30 15:02:48,425] {dag.py:2931} INFO - Setting next_dagrun for dag_with_taskflow_api_v4 to 2024-12-30T00:00:00+00:00, run_after=2024-12-31T00:00:00+00:00
[2024-12-30 15:02:48,434] {processor.py:161} INFO - Processing /opt/airflow/dags/dag_with_taskflow_api.py took 0.124 seconds
[2024-12-30 15:03:07,352] {processor.py:153} INFO - Started process (PID=1111) to work on /opt/airflow/dags/dag_with_taskflow_api.py
[2024-12-30 15:03:07,353] {processor.py:641} INFO - Processing file /opt/airflow/dags/dag_with_taskflow_api.py for tasks to queue
[2024-12-30 15:03:07,355] {logging_mixin.py:115} INFO - [2024-12-30 15:03:07,354] {dagbag.py:507} INFO - Filling up the DagBag from /opt/airflow/dags/dag_with_taskflow_api.py
[2024-12-30 15:03:07,378] {logging_mixin.py:115} INFO - {{ task_instance.xcom_pull(task_ids='get_name', dag_id='dag_with_taskflow_api_v4', key='return_value') }}
[2024-12-30 15:03:07,380] {logging_mixin.py:115} INFO - [2024-12-30 15:03:07,379] {dagbag.py:320} ERROR - Failed to import: /opt/airflow/dags/dag_with_taskflow_api.py
Traceback (most recent call last):
  File "/home/airflow/.local/lib/python3.7/site-packages/airflow/models/dagbag.py", line 317, in parse
    loader.exec_module(new_module)
  File "<frozen importlib._bootstrap_external>", line 728, in exec_module
  File "<frozen importlib._bootstrap>", line 219, in _call_with_frames_removed
  File "/opt/airflow/dags/dag_with_taskflow_api.py", line 43, in <module>
    test_etl_obj = test_etl()
  File "/home/airflow/.local/lib/python3.7/site-packages/airflow/models/dag.py", line 2979, in factory
    f(**f_kwargs)
  File "/opt/airflow/dags/dag_with_taskflow_api.py", line 36, in test_etl
    first_name = name_dict.get("first_name", "swetansu")
AttributeError: 'XComArg' object has no attribute 'get'
[2024-12-30 15:03:07,380] {processor.py:653} WARNING - No viable dags retrieved from /opt/airflow/dags/dag_with_taskflow_api.py
[2024-12-30 15:03:07,393] {processor.py:161} INFO - Processing /opt/airflow/dags/dag_with_taskflow_api.py took 0.045 seconds
[2024-12-30 15:03:13,369] {processor.py:153} INFO - Started process (PID=1125) to work on /opt/airflow/dags/dag_with_taskflow_api.py
[2024-12-30 15:03:13,379] {processor.py:641} INFO - Processing file /opt/airflow/dags/dag_with_taskflow_api.py for tasks to queue
[2024-12-30 15:03:13,379] {logging_mixin.py:115} INFO - [2024-12-30 15:03:13,379] {dagbag.py:507} INFO - Filling up the DagBag from /opt/airflow/dags/dag_with_taskflow_api.py
[2024-12-30 15:03:13,394] {logging_mixin.py:115} INFO - {{ task_instance.xcom_pull(task_ids='get_name', dag_id='dag_with_taskflow_api_v5', key='return_value') }}
[2024-12-30 15:03:13,395] {logging_mixin.py:115} INFO - [2024-12-30 15:03:13,394] {dagbag.py:320} ERROR - Failed to import: /opt/airflow/dags/dag_with_taskflow_api.py
Traceback (most recent call last):
  File "/home/airflow/.local/lib/python3.7/site-packages/airflow/models/dagbag.py", line 317, in parse
    loader.exec_module(new_module)
  File "<frozen importlib._bootstrap_external>", line 728, in exec_module
  File "<frozen importlib._bootstrap>", line 219, in _call_with_frames_removed
  File "/opt/airflow/dags/dag_with_taskflow_api.py", line 43, in <module>
    test_etl_obj = test_etl()
  File "/home/airflow/.local/lib/python3.7/site-packages/airflow/models/dag.py", line 2979, in factory
    f(**f_kwargs)
  File "/opt/airflow/dags/dag_with_taskflow_api.py", line 36, in test_etl
    first_name = name_dict.get("first_name", "swetansu")
AttributeError: 'XComArg' object has no attribute 'get'
[2024-12-30 15:03:13,395] {processor.py:653} WARNING - No viable dags retrieved from /opt/airflow/dags/dag_with_taskflow_api.py
[2024-12-30 15:03:13,407] {processor.py:161} INFO - Processing /opt/airflow/dags/dag_with_taskflow_api.py took 0.042 seconds
[2024-12-30 15:03:31,455] {processor.py:153} INFO - Started process (PID=1138) to work on /opt/airflow/dags/dag_with_taskflow_api.py
[2024-12-30 15:03:31,465] {processor.py:641} INFO - Processing file /opt/airflow/dags/dag_with_taskflow_api.py for tasks to queue
[2024-12-30 15:03:31,465] {logging_mixin.py:115} INFO - [2024-12-30 15:03:31,465] {dagbag.py:507} INFO - Filling up the DagBag from /opt/airflow/dags/dag_with_taskflow_api.py
[2024-12-30 15:03:31,481] {logging_mixin.py:115} INFO - {{ task_instance.xcom_pull(task_ids='get_name', dag_id='dag_with_taskflow_api_v5', key='return_value') }}
[2024-12-30 15:03:31,482] {logging_mixin.py:115} INFO - [2024-12-30 15:03:31,481] {dagbag.py:320} ERROR - Failed to import: /opt/airflow/dags/dag_with_taskflow_api.py
Traceback (most recent call last):
  File "/home/airflow/.local/lib/python3.7/site-packages/airflow/models/dagbag.py", line 317, in parse
    loader.exec_module(new_module)
  File "<frozen importlib._bootstrap_external>", line 728, in exec_module
  File "<frozen importlib._bootstrap>", line 219, in _call_with_frames_removed
  File "/opt/airflow/dags/dag_with_taskflow_api.py", line 43, in <module>
    test_etl_obj = test_etl()
  File "/home/airflow/.local/lib/python3.7/site-packages/airflow/models/dag.py", line 2979, in factory
    f(**f_kwargs)
  File "/opt/airflow/dags/dag_with_taskflow_api.py", line 36, in test_etl
    first_name = name_dict.get("first_name", "swetansu")
AttributeError: 'XComArg' object has no attribute 'get'
[2024-12-30 15:03:31,482] {processor.py:653} WARNING - No viable dags retrieved from /opt/airflow/dags/dag_with_taskflow_api.py
[2024-12-30 15:03:31,500] {processor.py:161} INFO - Processing /opt/airflow/dags/dag_with_taskflow_api.py took 0.048 seconds
[2024-12-30 15:04:01,528] {processor.py:153} INFO - Started process (PID=1170) to work on /opt/airflow/dags/dag_with_taskflow_api.py
[2024-12-30 15:04:01,538] {processor.py:641} INFO - Processing file /opt/airflow/dags/dag_with_taskflow_api.py for tasks to queue
[2024-12-30 15:04:01,539] {logging_mixin.py:115} INFO - [2024-12-30 15:04:01,539] {dagbag.py:507} INFO - Filling up the DagBag from /opt/airflow/dags/dag_with_taskflow_api.py
[2024-12-30 15:04:01,556] {logging_mixin.py:115} INFO - {{ task_instance.xcom_pull(task_ids='get_name', dag_id='dag_with_taskflow_api_v5', key='return_value') }}
[2024-12-30 15:04:01,557] {logging_mixin.py:115} INFO - [2024-12-30 15:04:01,556] {dagbag.py:320} ERROR - Failed to import: /opt/airflow/dags/dag_with_taskflow_api.py
Traceback (most recent call last):
  File "/home/airflow/.local/lib/python3.7/site-packages/airflow/models/dagbag.py", line 317, in parse
    loader.exec_module(new_module)
  File "<frozen importlib._bootstrap_external>", line 728, in exec_module
  File "<frozen importlib._bootstrap>", line 219, in _call_with_frames_removed
  File "/opt/airflow/dags/dag_with_taskflow_api.py", line 43, in <module>
    test_etl_obj = test_etl()
  File "/home/airflow/.local/lib/python3.7/site-packages/airflow/models/dag.py", line 2979, in factory
    f(**f_kwargs)
  File "/opt/airflow/dags/dag_with_taskflow_api.py", line 36, in test_etl
    first_name = name_dict.get("first_name", "swetansu")
AttributeError: 'XComArg' object has no attribute 'get'
[2024-12-30 15:04:01,557] {processor.py:653} WARNING - No viable dags retrieved from /opt/airflow/dags/dag_with_taskflow_api.py
[2024-12-30 15:04:01,568] {processor.py:161} INFO - Processing /opt/airflow/dags/dag_with_taskflow_api.py took 0.042 seconds
[2024-12-30 15:04:23,610] {processor.py:153} INFO - Started process (PID=1193) to work on /opt/airflow/dags/dag_with_taskflow_api.py
[2024-12-30 15:04:23,611] {processor.py:641} INFO - Processing file /opt/airflow/dags/dag_with_taskflow_api.py for tasks to queue
[2024-12-30 15:04:23,611] {logging_mixin.py:115} INFO - [2024-12-30 15:04:23,611] {dagbag.py:507} INFO - Filling up the DagBag from /opt/airflow/dags/dag_with_taskflow_api.py
[2024-12-30 15:04:23,629] {logging_mixin.py:115} INFO - [2024-12-30 15:04:23,628] {dagbag.py:320} ERROR - Failed to import: /opt/airflow/dags/dag_with_taskflow_api.py
Traceback (most recent call last):
  File "/home/airflow/.local/lib/python3.7/site-packages/airflow/models/dagbag.py", line 317, in parse
    loader.exec_module(new_module)
  File "<frozen importlib._bootstrap_external>", line 728, in exec_module
  File "<frozen importlib._bootstrap>", line 219, in _call_with_frames_removed
  File "/opt/airflow/dags/dag_with_taskflow_api.py", line 42, in <module>
    test_etl_obj = test_etl()
  File "/home/airflow/.local/lib/python3.7/site-packages/airflow/models/dag.py", line 2979, in factory
    f(**f_kwargs)
  File "/opt/airflow/dags/dag_with_taskflow_api.py", line 35, in test_etl
    first_name = name_dict.get("first_name", "swetansu")
AttributeError: 'XComArg' object has no attribute 'get'
[2024-12-30 15:04:23,629] {processor.py:653} WARNING - No viable dags retrieved from /opt/airflow/dags/dag_with_taskflow_api.py
[2024-12-30 15:04:23,647] {processor.py:161} INFO - Processing /opt/airflow/dags/dag_with_taskflow_api.py took 0.039 seconds
[2024-12-30 15:04:53,699] {processor.py:153} INFO - Started process (PID=1224) to work on /opt/airflow/dags/dag_with_taskflow_api.py
[2024-12-30 15:04:53,700] {processor.py:641} INFO - Processing file /opt/airflow/dags/dag_with_taskflow_api.py for tasks to queue
[2024-12-30 15:04:53,701] {logging_mixin.py:115} INFO - [2024-12-30 15:04:53,700] {dagbag.py:507} INFO - Filling up the DagBag from /opt/airflow/dags/dag_with_taskflow_api.py
[2024-12-30 15:04:53,721] {logging_mixin.py:115} INFO - [2024-12-30 15:04:53,721] {dagbag.py:320} ERROR - Failed to import: /opt/airflow/dags/dag_with_taskflow_api.py
Traceback (most recent call last):
  File "/home/airflow/.local/lib/python3.7/site-packages/airflow/models/dagbag.py", line 317, in parse
    loader.exec_module(new_module)
  File "<frozen importlib._bootstrap_external>", line 728, in exec_module
  File "<frozen importlib._bootstrap>", line 219, in _call_with_frames_removed
  File "/opt/airflow/dags/dag_with_taskflow_api.py", line 42, in <module>
    test_etl_obj = test_etl()
  File "/home/airflow/.local/lib/python3.7/site-packages/airflow/models/dag.py", line 2979, in factory
    f(**f_kwargs)
  File "/opt/airflow/dags/dag_with_taskflow_api.py", line 35, in test_etl
    first_name = name_dict.get("first_name", "swetansu")
AttributeError: 'XComArg' object has no attribute 'get'
[2024-12-30 15:04:53,722] {processor.py:653} WARNING - No viable dags retrieved from /opt/airflow/dags/dag_with_taskflow_api.py
[2024-12-30 15:04:53,735] {processor.py:161} INFO - Processing /opt/airflow/dags/dag_with_taskflow_api.py took 0.039 seconds
[2024-12-30 15:05:04,749] {processor.py:153} INFO - Started process (PID=1238) to work on /opt/airflow/dags/dag_with_taskflow_api.py
[2024-12-30 15:05:04,760] {processor.py:641} INFO - Processing file /opt/airflow/dags/dag_with_taskflow_api.py for tasks to queue
[2024-12-30 15:05:04,762] {logging_mixin.py:115} INFO - [2024-12-30 15:05:04,761] {dagbag.py:507} INFO - Filling up the DagBag from /opt/airflow/dags/dag_with_taskflow_api.py
[2024-12-30 15:05:04,795] {processor.py:651} INFO - DAG(s) dict_keys(['dag_with_taskflow_api_v5']) retrieved from /opt/airflow/dags/dag_with_taskflow_api.py
[2024-12-30 15:05:04,856] {logging_mixin.py:115} INFO - [2024-12-30 15:05:04,856] {manager.py:508} INFO - Created Permission View: can delete on DAG:dag_with_taskflow_api_v5
[2024-12-30 15:05:04,861] {logging_mixin.py:115} INFO - [2024-12-30 15:05:04,861] {manager.py:508} INFO - Created Permission View: can edit on DAG:dag_with_taskflow_api_v5
[2024-12-30 15:05:04,866] {logging_mixin.py:115} INFO - [2024-12-30 15:05:04,866] {manager.py:508} INFO - Created Permission View: can read on DAG:dag_with_taskflow_api_v5
[2024-12-30 15:05:04,866] {logging_mixin.py:115} INFO - [2024-12-30 15:05:04,866] {dag.py:2379} INFO - Sync 1 DAGs
[2024-12-30 15:05:04,875] {logging_mixin.py:115} INFO - [2024-12-30 15:05:04,875] {dag.py:2398} INFO - Creating ORM DAG for dag_with_taskflow_api_v5
[2024-12-30 15:05:04,886] {logging_mixin.py:115} INFO - [2024-12-30 15:05:04,886] {dag.py:2931} INFO - Setting next_dagrun for dag_with_taskflow_api_v5 to 2024-12-30T00:00:00+00:00, run_after=2024-12-31T00:00:00+00:00
[2024-12-30 15:05:04,895] {processor.py:161} INFO - Processing /opt/airflow/dags/dag_with_taskflow_api.py took 0.153 seconds
[2024-12-30 15:05:11,783] {processor.py:153} INFO - Started process (PID=1243) to work on /opt/airflow/dags/dag_with_taskflow_api.py
[2024-12-30 15:05:11,784] {processor.py:641} INFO - Processing file /opt/airflow/dags/dag_with_taskflow_api.py for tasks to queue
[2024-12-30 15:05:11,785] {logging_mixin.py:115} INFO - [2024-12-30 15:05:11,785] {dagbag.py:507} INFO - Filling up the DagBag from /opt/airflow/dags/dag_with_taskflow_api.py
[2024-12-30 15:05:11,808] {processor.py:651} INFO - DAG(s) dict_keys(['dag_with_taskflow_api_v6']) retrieved from /opt/airflow/dags/dag_with_taskflow_api.py
[2024-12-30 15:05:11,866] {logging_mixin.py:115} INFO - [2024-12-30 15:05:11,866] {manager.py:508} INFO - Created Permission View: can delete on DAG:dag_with_taskflow_api_v6
[2024-12-30 15:05:11,874] {logging_mixin.py:115} INFO - [2024-12-30 15:05:11,874] {manager.py:508} INFO - Created Permission View: can edit on DAG:dag_with_taskflow_api_v6
[2024-12-30 15:05:11,879] {logging_mixin.py:115} INFO - [2024-12-30 15:05:11,879] {manager.py:508} INFO - Created Permission View: can read on DAG:dag_with_taskflow_api_v6
[2024-12-30 15:05:11,880] {logging_mixin.py:115} INFO - [2024-12-30 15:05:11,879] {dag.py:2379} INFO - Sync 1 DAGs
[2024-12-30 15:05:11,886] {logging_mixin.py:115} INFO - [2024-12-30 15:05:11,886] {dag.py:2398} INFO - Creating ORM DAG for dag_with_taskflow_api_v6
[2024-12-30 15:05:11,900] {logging_mixin.py:115} INFO - [2024-12-30 15:05:11,900] {dag.py:2931} INFO - Setting next_dagrun for dag_with_taskflow_api_v6 to 2024-12-30T00:00:00+00:00, run_after=2024-12-31T00:00:00+00:00
[2024-12-30 15:05:11,913] {processor.py:161} INFO - Processing /opt/airflow/dags/dag_with_taskflow_api.py took 0.132 seconds
[2024-12-30 15:05:42,002] {processor.py:153} INFO - Started process (PID=1283) to work on /opt/airflow/dags/dag_with_taskflow_api.py
[2024-12-30 15:05:42,012] {processor.py:641} INFO - Processing file /opt/airflow/dags/dag_with_taskflow_api.py for tasks to queue
[2024-12-30 15:05:42,014] {logging_mixin.py:115} INFO - [2024-12-30 15:05:42,014] {dagbag.py:507} INFO - Filling up the DagBag from /opt/airflow/dags/dag_with_taskflow_api.py
[2024-12-30 15:05:42,027] {processor.py:651} INFO - DAG(s) dict_keys(['dag_with_taskflow_api_v6']) retrieved from /opt/airflow/dags/dag_with_taskflow_api.py
[2024-12-30 15:05:42,066] {logging_mixin.py:115} INFO - [2024-12-30 15:05:42,066] {dag.py:2379} INFO - Sync 1 DAGs
[2024-12-30 15:05:42,079] {logging_mixin.py:115} INFO - [2024-12-30 15:05:42,079] {dag.py:2931} INFO - Setting next_dagrun for dag_with_taskflow_api_v6 to 2024-12-30T00:00:00+00:00, run_after=2024-12-31T00:00:00+00:00
[2024-12-30 15:05:42,088] {processor.py:161} INFO - Processing /opt/airflow/dags/dag_with_taskflow_api.py took 0.091 seconds
[2024-12-30 15:06:12,157] {processor.py:153} INFO - Started process (PID=1313) to work on /opt/airflow/dags/dag_with_taskflow_api.py
[2024-12-30 15:06:12,167] {processor.py:641} INFO - Processing file /opt/airflow/dags/dag_with_taskflow_api.py for tasks to queue
[2024-12-30 15:06:12,168] {logging_mixin.py:115} INFO - [2024-12-30 15:06:12,168] {dagbag.py:507} INFO - Filling up the DagBag from /opt/airflow/dags/dag_with_taskflow_api.py
[2024-12-30 15:06:12,188] {processor.py:651} INFO - DAG(s) dict_keys(['dag_with_taskflow_api_v6']) retrieved from /opt/airflow/dags/dag_with_taskflow_api.py
[2024-12-30 15:06:12,253] {logging_mixin.py:115} INFO - [2024-12-30 15:06:12,253] {dag.py:2379} INFO - Sync 1 DAGs
[2024-12-30 15:06:12,276] {logging_mixin.py:115} INFO - [2024-12-30 15:06:12,276] {dag.py:2931} INFO - Setting next_dagrun for dag_with_taskflow_api_v6 to 2024-12-30T00:00:00+00:00, run_after=2024-12-31T00:00:00+00:00
[2024-12-30 15:06:12,302] {processor.py:161} INFO - Processing /opt/airflow/dags/dag_with_taskflow_api.py took 0.148 seconds
