[2024-12-30 16:07:46,183] {processor.py:153} INFO - Started process (PID=166) to work on /opt/airflow/dags/dag_with_cron_expression.py
[2024-12-30 16:07:46,184] {processor.py:641} INFO - Processing file /opt/airflow/dags/dag_with_cron_expression.py for tasks to queue
[2024-12-30 16:07:46,184] {logging_mixin.py:115} INFO - [2024-12-30 16:07:46,184] {dagbag.py:507} INFO - Filling up the DagBag from /opt/airflow/dags/dag_with_cron_expression.py
[2024-12-30 16:07:46,202] {processor.py:651} INFO - DAG(s) dict_keys(['dag_with_cron_expression_v1']) retrieved from /opt/airflow/dags/dag_with_cron_expression.py
[2024-12-30 16:07:46,341] {logging_mixin.py:115} INFO - [2024-12-30 16:07:46,341] {manager.py:508} INFO - Created Permission View: can edit on DAG:dag_with_cron_expression_v1
[2024-12-30 16:07:46,351] {logging_mixin.py:115} INFO - [2024-12-30 16:07:46,351] {manager.py:508} INFO - Created Permission View: can delete on DAG:dag_with_cron_expression_v1
[2024-12-30 16:07:46,357] {logging_mixin.py:115} INFO - [2024-12-30 16:07:46,357] {manager.py:508} INFO - Created Permission View: can read on DAG:dag_with_cron_expression_v1
[2024-12-30 16:07:46,358] {logging_mixin.py:115} INFO - [2024-12-30 16:07:46,358] {dag.py:2379} INFO - Sync 1 DAGs
[2024-12-30 16:07:46,367] {logging_mixin.py:115} INFO - [2024-12-30 16:07:46,367] {dag.py:2398} INFO - Creating ORM DAG for dag_with_cron_expression_v1
[2024-12-30 16:07:46,380] {logging_mixin.py:115} INFO - [2024-12-30 16:07:46,380] {dag.py:2931} INFO - Setting next_dagrun for dag_with_cron_expression_v1 to 2024-12-20T03:00:00+00:00, run_after=2024-12-24T03:00:00+00:00
[2024-12-30 16:07:46,391] {processor.py:161} INFO - Processing /opt/airflow/dags/dag_with_cron_expression.py took 0.214 seconds
[2024-12-30 16:08:16,487] {processor.py:153} INFO - Started process (PID=210) to work on /opt/airflow/dags/dag_with_cron_expression.py
[2024-12-30 16:08:16,487] {processor.py:641} INFO - Processing file /opt/airflow/dags/dag_with_cron_expression.py for tasks to queue
[2024-12-30 16:08:16,488] {logging_mixin.py:115} INFO - [2024-12-30 16:08:16,488] {dagbag.py:507} INFO - Filling up the DagBag from /opt/airflow/dags/dag_with_cron_expression.py
[2024-12-30 16:08:16,494] {processor.py:651} INFO - DAG(s) dict_keys(['dag_with_cron_expression_v1']) retrieved from /opt/airflow/dags/dag_with_cron_expression.py
[2024-12-30 16:08:16,520] {logging_mixin.py:115} INFO - [2024-12-30 16:08:16,519] {dag.py:2379} INFO - Sync 1 DAGs
[2024-12-30 16:08:16,542] {logging_mixin.py:115} INFO - [2024-12-30 16:08:16,542] {dag.py:2931} INFO - Setting next_dagrun for dag_with_cron_expression_v1 to 2024-12-20T03:00:00+00:00, run_after=2024-12-24T03:00:00+00:00
[2024-12-30 16:08:16,554] {processor.py:161} INFO - Processing /opt/airflow/dags/dag_with_cron_expression.py took 0.070 seconds
[2024-12-30 16:08:46,651] {processor.py:153} INFO - Started process (PID=267) to work on /opt/airflow/dags/dag_with_cron_expression.py
[2024-12-30 16:08:46,661] {processor.py:641} INFO - Processing file /opt/airflow/dags/dag_with_cron_expression.py for tasks to queue
[2024-12-30 16:08:46,662] {logging_mixin.py:115} INFO - [2024-12-30 16:08:46,662] {dagbag.py:507} INFO - Filling up the DagBag from /opt/airflow/dags/dag_with_cron_expression.py
[2024-12-30 16:08:46,668] {processor.py:651} INFO - DAG(s) dict_keys(['dag_with_cron_expression_v1']) retrieved from /opt/airflow/dags/dag_with_cron_expression.py
[2024-12-30 16:08:46,686] {logging_mixin.py:115} INFO - [2024-12-30 16:08:46,686] {dag.py:2379} INFO - Sync 1 DAGs
[2024-12-30 16:08:46,702] {logging_mixin.py:115} INFO - [2024-12-30 16:08:46,702] {dag.py:2931} INFO - Setting next_dagrun for dag_with_cron_expression_v1 to 2024-12-27T03:00:00+00:00, run_after=2024-12-31T03:00:00+00:00
[2024-12-30 16:08:46,710] {processor.py:161} INFO - Processing /opt/airflow/dags/dag_with_cron_expression.py took 0.063 seconds
[2024-12-30 16:09:16,798] {processor.py:153} INFO - Started process (PID=301) to work on /opt/airflow/dags/dag_with_cron_expression.py
[2024-12-30 16:09:16,808] {processor.py:641} INFO - Processing file /opt/airflow/dags/dag_with_cron_expression.py for tasks to queue
[2024-12-30 16:09:16,809] {logging_mixin.py:115} INFO - [2024-12-30 16:09:16,809] {dagbag.py:507} INFO - Filling up the DagBag from /opt/airflow/dags/dag_with_cron_expression.py
[2024-12-30 16:09:16,815] {processor.py:651} INFO - DAG(s) dict_keys(['dag_with_cron_expression_v1']) retrieved from /opt/airflow/dags/dag_with_cron_expression.py
[2024-12-30 16:09:16,837] {logging_mixin.py:115} INFO - [2024-12-30 16:09:16,836] {dag.py:2379} INFO - Sync 1 DAGs
[2024-12-30 16:09:16,857] {logging_mixin.py:115} INFO - [2024-12-30 16:09:16,857] {dag.py:2931} INFO - Setting next_dagrun for dag_with_cron_expression_v1 to 2024-12-27T03:00:00+00:00, run_after=2024-12-31T03:00:00+00:00
[2024-12-30 16:09:16,867] {processor.py:161} INFO - Processing /opt/airflow/dags/dag_with_cron_expression.py took 0.071 seconds
