[2024-12-30 15:48:48,189] {processor.py:153} INFO - Started process (PID=166) to work on /opt/airflow/dags/dags_with_catchup_and_backfill.py
[2024-12-30 15:48:48,190] {processor.py:641} INFO - Processing file /opt/airflow/dags/dags_with_catchup_and_backfill.py for tasks to queue
[2024-12-30 15:48:48,191] {logging_mixin.py:115} INFO - [2024-12-30 15:48:48,191] {dagbag.py:507} INFO - Filling up the DagBag from /opt/airflow/dags/dags_with_catchup_and_backfill.py
[2024-12-30 15:48:48,208] {logging_mixin.py:115} INFO - [2024-12-30 15:48:48,207] {dagbag.py:320} ERROR - Failed to import: /opt/airflow/dags/dags_with_catchup_and_backfill.py
Traceback (most recent call last):
  File "/home/airflow/.local/lib/python3.7/site-packages/airflow/models/dagbag.py", line 317, in parse
    loader.exec_module(new_module)
  File "<frozen importlib._bootstrap_external>", line 728, in exec_module
  File "<frozen importlib._bootstrap>", line 219, in _call_with_frames_removed
  File "/opt/airflow/dags/dags_with_catchup_and_backfill.py", line 17, in <module>
    catchup=True,
  File "/home/airflow/.local/lib/python3.7/site-packages/airflow/models/dag.py", line 388, in __init__
    if start_date and start_date.tzinfo:
AttributeError: 'tuple' object has no attribute 'tzinfo'
[2024-12-30 15:48:48,208] {processor.py:653} WARNING - No viable dags retrieved from /opt/airflow/dags/dags_with_catchup_and_backfill.py
[2024-12-30 15:48:48,230] {processor.py:161} INFO - Processing /opt/airflow/dags/dags_with_catchup_and_backfill.py took 0.044 seconds
[2024-12-30 15:49:18,316] {processor.py:153} INFO - Started process (PID=205) to work on /opt/airflow/dags/dags_with_catchup_and_backfill.py
[2024-12-30 15:49:18,316] {processor.py:641} INFO - Processing file /opt/airflow/dags/dags_with_catchup_and_backfill.py for tasks to queue
[2024-12-30 15:49:18,317] {logging_mixin.py:115} INFO - [2024-12-30 15:49:18,317] {dagbag.py:507} INFO - Filling up the DagBag from /opt/airflow/dags/dags_with_catchup_and_backfill.py
[2024-12-30 15:49:18,322] {logging_mixin.py:115} INFO - [2024-12-30 15:49:18,320] {dagbag.py:320} ERROR - Failed to import: /opt/airflow/dags/dags_with_catchup_and_backfill.py
Traceback (most recent call last):
  File "/home/airflow/.local/lib/python3.7/site-packages/airflow/models/dagbag.py", line 317, in parse
    loader.exec_module(new_module)
  File "<frozen importlib._bootstrap_external>", line 728, in exec_module
  File "<frozen importlib._bootstrap>", line 219, in _call_with_frames_removed
  File "/opt/airflow/dags/dags_with_catchup_and_backfill.py", line 17, in <module>
    catchup=True,
  File "/home/airflow/.local/lib/python3.7/site-packages/airflow/models/dag.py", line 388, in __init__
    if start_date and start_date.tzinfo:
AttributeError: 'tuple' object has no attribute 'tzinfo'
[2024-12-30 15:49:18,322] {processor.py:653} WARNING - No viable dags retrieved from /opt/airflow/dags/dags_with_catchup_and_backfill.py
[2024-12-30 15:49:18,339] {processor.py:161} INFO - Processing /opt/airflow/dags/dags_with_catchup_and_backfill.py took 0.026 seconds
[2024-12-30 15:49:32,387] {processor.py:153} INFO - Started process (PID=224) to work on /opt/airflow/dags/dags_with_catchup_and_backfill.py
[2024-12-30 15:49:32,388] {processor.py:641} INFO - Processing file /opt/airflow/dags/dags_with_catchup_and_backfill.py for tasks to queue
[2024-12-30 15:49:32,388] {logging_mixin.py:115} INFO - [2024-12-30 15:49:32,388] {dagbag.py:507} INFO - Filling up the DagBag from /opt/airflow/dags/dags_with_catchup_and_backfill.py
[2024-12-30 15:49:32,393] {processor.py:651} INFO - DAG(s) dict_keys(['test_dag_catchup_and_backfill_v1']) retrieved from /opt/airflow/dags/dags_with_catchup_and_backfill.py
[2024-12-30 15:49:32,442] {logging_mixin.py:115} INFO - [2024-12-30 15:49:32,442] {manager.py:508} INFO - Created Permission View: can delete on DAG:test_dag_catchup_and_backfill_v1
[2024-12-30 15:49:32,447] {logging_mixin.py:115} INFO - [2024-12-30 15:49:32,447] {manager.py:508} INFO - Created Permission View: can read on DAG:test_dag_catchup_and_backfill_v1
[2024-12-30 15:49:32,450] {logging_mixin.py:115} INFO - [2024-12-30 15:49:32,450] {manager.py:508} INFO - Created Permission View: can edit on DAG:test_dag_catchup_and_backfill_v1
[2024-12-30 15:49:32,451] {logging_mixin.py:115} INFO - [2024-12-30 15:49:32,450] {dag.py:2379} INFO - Sync 1 DAGs
[2024-12-30 15:49:32,456] {logging_mixin.py:115} INFO - [2024-12-30 15:49:32,455] {dag.py:2398} INFO - Creating ORM DAG for test_dag_catchup_and_backfill_v1
[2024-12-30 15:49:32,463] {logging_mixin.py:115} INFO - [2024-12-30 15:49:32,463] {dag.py:2931} INFO - Setting next_dagrun for test_dag_catchup_and_backfill_v1 to 2024-12-25T00:00:00+00:00, run_after=2024-12-26T00:00:00+00:00
[2024-12-30 15:49:32,472] {processor.py:161} INFO - Processing /opt/airflow/dags/dags_with_catchup_and_backfill.py took 0.086 seconds
[2024-12-30 15:49:35,401] {processor.py:153} INFO - Started process (PID=238) to work on /opt/airflow/dags/dags_with_catchup_and_backfill.py
[2024-12-30 15:49:35,401] {processor.py:641} INFO - Processing file /opt/airflow/dags/dags_with_catchup_and_backfill.py for tasks to queue
[2024-12-30 15:49:35,402] {logging_mixin.py:115} INFO - [2024-12-30 15:49:35,402] {dagbag.py:507} INFO - Filling up the DagBag from /opt/airflow/dags/dags_with_catchup_and_backfill.py
[2024-12-30 15:49:35,412] {processor.py:651} INFO - DAG(s) dict_keys(['test_dag_catchup_and_backfill_v1']) retrieved from /opt/airflow/dags/dags_with_catchup_and_backfill.py
[2024-12-30 15:49:35,437] {logging_mixin.py:115} INFO - [2024-12-30 15:49:35,437] {dag.py:2379} INFO - Sync 1 DAGs
[2024-12-30 15:49:35,473] {logging_mixin.py:115} INFO - [2024-12-30 15:49:35,471] {dag.py:2931} INFO - Setting next_dagrun for test_dag_catchup_and_backfill_v1 to 2024-12-25T00:00:00+00:00, run_after=2024-12-26T00:00:00+00:00
[2024-12-30 15:49:35,495] {processor.py:161} INFO - Processing /opt/airflow/dags/dags_with_catchup_and_backfill.py took 0.097 seconds
[2024-12-30 15:50:05,574] {processor.py:153} INFO - Started process (PID=284) to work on /opt/airflow/dags/dags_with_catchup_and_backfill.py
[2024-12-30 15:50:05,584] {processor.py:641} INFO - Processing file /opt/airflow/dags/dags_with_catchup_and_backfill.py for tasks to queue
[2024-12-30 15:50:05,585] {logging_mixin.py:115} INFO - [2024-12-30 15:50:05,584] {dagbag.py:507} INFO - Filling up the DagBag from /opt/airflow/dags/dags_with_catchup_and_backfill.py
[2024-12-30 15:50:05,590] {processor.py:651} INFO - DAG(s) dict_keys(['test_dag_catchup_and_backfill_v1']) retrieved from /opt/airflow/dags/dags_with_catchup_and_backfill.py
[2024-12-30 15:50:05,609] {logging_mixin.py:115} INFO - [2024-12-30 15:50:05,609] {dag.py:2379} INFO - Sync 1 DAGs
[2024-12-30 15:50:05,626] {logging_mixin.py:115} INFO - [2024-12-30 15:50:05,626] {dag.py:2931} INFO - Setting next_dagrun for test_dag_catchup_and_backfill_v1 to 2024-12-30T00:00:00+00:00, run_after=2024-12-31T00:00:00+00:00
[2024-12-30 15:50:05,635] {processor.py:161} INFO - Processing /opt/airflow/dags/dags_with_catchup_and_backfill.py took 0.064 seconds
[2024-12-30 15:50:34,715] {processor.py:153} INFO - Started process (PID=320) to work on /opt/airflow/dags/dags_with_catchup_and_backfill.py
[2024-12-30 15:50:34,716] {processor.py:641} INFO - Processing file /opt/airflow/dags/dags_with_catchup_and_backfill.py for tasks to queue
[2024-12-30 15:50:34,717] {logging_mixin.py:115} INFO - [2024-12-30 15:50:34,717] {dagbag.py:507} INFO - Filling up the DagBag from /opt/airflow/dags/dags_with_catchup_and_backfill.py
[2024-12-30 15:50:34,723] {processor.py:651} INFO - DAG(s) dict_keys(['test_dag_catchup_and_backfill_v1']) retrieved from /opt/airflow/dags/dags_with_catchup_and_backfill.py
[2024-12-30 15:50:34,770] {logging_mixin.py:115} INFO - [2024-12-30 15:50:34,770] {dag.py:2379} INFO - Sync 1 DAGs
[2024-12-30 15:50:34,786] {logging_mixin.py:115} INFO - [2024-12-30 15:50:34,786] {dag.py:2931} INFO - Setting next_dagrun for test_dag_catchup_and_backfill_v1 to 2024-12-30T00:00:00+00:00, run_after=2024-12-31T00:00:00+00:00
[2024-12-30 15:50:34,799] {processor.py:161} INFO - Processing /opt/airflow/dags/dags_with_catchup_and_backfill.py took 0.087 seconds
[2024-12-30 15:50:41,796] {processor.py:153} INFO - Started process (PID=325) to work on /opt/airflow/dags/dags_with_catchup_and_backfill.py
[2024-12-30 15:50:41,806] {processor.py:641} INFO - Processing file /opt/airflow/dags/dags_with_catchup_and_backfill.py for tasks to queue
[2024-12-30 15:50:41,807] {logging_mixin.py:115} INFO - [2024-12-30 15:50:41,807] {dagbag.py:507} INFO - Filling up the DagBag from /opt/airflow/dags/dags_with_catchup_and_backfill.py
[2024-12-30 15:50:41,814] {processor.py:651} INFO - DAG(s) dict_keys(['test_dag_catchup_and_backfill_v2']) retrieved from /opt/airflow/dags/dags_with_catchup_and_backfill.py
[2024-12-30 15:50:41,882] {logging_mixin.py:115} INFO - [2024-12-30 15:50:41,882] {manager.py:508} INFO - Created Permission View: can delete on DAG:test_dag_catchup_and_backfill_v2
[2024-12-30 15:50:41,889] {logging_mixin.py:115} INFO - [2024-12-30 15:50:41,889] {manager.py:508} INFO - Created Permission View: can read on DAG:test_dag_catchup_and_backfill_v2
[2024-12-30 15:50:41,895] {logging_mixin.py:115} INFO - [2024-12-30 15:50:41,895] {manager.py:508} INFO - Created Permission View: can edit on DAG:test_dag_catchup_and_backfill_v2
[2024-12-30 15:50:41,895] {logging_mixin.py:115} INFO - [2024-12-30 15:50:41,895] {dag.py:2379} INFO - Sync 1 DAGs
[2024-12-30 15:50:41,902] {logging_mixin.py:115} INFO - [2024-12-30 15:50:41,902] {dag.py:2398} INFO - Creating ORM DAG for test_dag_catchup_and_backfill_v2
[2024-12-30 15:50:41,916] {logging_mixin.py:115} INFO - [2024-12-30 15:50:41,916] {dag.py:2931} INFO - Setting next_dagrun for test_dag_catchup_and_backfill_v2 to 2024-12-29T00:00:00+00:00, run_after=2024-12-30T00:00:00+00:00
[2024-12-30 15:50:41,929] {processor.py:161} INFO - Processing /opt/airflow/dags/dags_with_catchup_and_backfill.py took 0.137 seconds
[2024-12-30 15:51:12,009] {processor.py:153} INFO - Started process (PID=368) to work on /opt/airflow/dags/dags_with_catchup_and_backfill.py
[2024-12-30 15:51:12,009] {processor.py:641} INFO - Processing file /opt/airflow/dags/dags_with_catchup_and_backfill.py for tasks to queue
[2024-12-30 15:51:12,009] {logging_mixin.py:115} INFO - [2024-12-30 15:51:12,009] {dagbag.py:507} INFO - Filling up the DagBag from /opt/airflow/dags/dags_with_catchup_and_backfill.py
[2024-12-30 15:51:12,014] {processor.py:651} INFO - DAG(s) dict_keys(['test_dag_catchup_and_backfill_v2']) retrieved from /opt/airflow/dags/dags_with_catchup_and_backfill.py
[2024-12-30 15:51:12,030] {logging_mixin.py:115} INFO - [2024-12-30 15:51:12,030] {dag.py:2379} INFO - Sync 1 DAGs
[2024-12-30 15:51:12,044] {logging_mixin.py:115} INFO - [2024-12-30 15:51:12,044] {dag.py:2931} INFO - Setting next_dagrun for test_dag_catchup_and_backfill_v2 to 2024-12-30T00:00:00+00:00, run_after=2024-12-31T00:00:00+00:00
[2024-12-30 15:51:12,051] {processor.py:161} INFO - Processing /opt/airflow/dags/dags_with_catchup_and_backfill.py took 0.043 seconds
[2024-12-30 15:51:19,031] {processor.py:153} INFO - Started process (PID=382) to work on /opt/airflow/dags/dags_with_catchup_and_backfill.py
[2024-12-30 15:51:19,041] {processor.py:641} INFO - Processing file /opt/airflow/dags/dags_with_catchup_and_backfill.py for tasks to queue
[2024-12-30 15:51:19,042] {logging_mixin.py:115} INFO - [2024-12-30 15:51:19,042] {dagbag.py:507} INFO - Filling up the DagBag from /opt/airflow/dags/dags_with_catchup_and_backfill.py
[2024-12-30 15:51:19,047] {processor.py:651} INFO - DAG(s) dict_keys(['test_dag_catchup_and_backfill_v3']) retrieved from /opt/airflow/dags/dags_with_catchup_and_backfill.py
[2024-12-30 15:51:19,104] {logging_mixin.py:115} INFO - [2024-12-30 15:51:19,104] {manager.py:508} INFO - Created Permission View: can delete on DAG:test_dag_catchup_and_backfill_v3
[2024-12-30 15:51:19,111] {logging_mixin.py:115} INFO - [2024-12-30 15:51:19,111] {manager.py:508} INFO - Created Permission View: can read on DAG:test_dag_catchup_and_backfill_v3
[2024-12-30 15:51:19,114] {logging_mixin.py:115} INFO - [2024-12-30 15:51:19,114] {manager.py:508} INFO - Created Permission View: can edit on DAG:test_dag_catchup_and_backfill_v3
[2024-12-30 15:51:19,115] {logging_mixin.py:115} INFO - [2024-12-30 15:51:19,115] {dag.py:2379} INFO - Sync 1 DAGs
[2024-12-30 15:51:19,120] {logging_mixin.py:115} INFO - [2024-12-30 15:51:19,120] {dag.py:2398} INFO - Creating ORM DAG for test_dag_catchup_and_backfill_v3
[2024-12-30 15:51:19,144] {logging_mixin.py:115} INFO - [2024-12-30 15:51:19,144] {dag.py:2931} INFO - Setting next_dagrun for test_dag_catchup_and_backfill_v3 to 2024-12-29T00:00:00+00:00, run_after=2024-12-30T00:00:00+00:00
[2024-12-30 15:51:19,160] {processor.py:161} INFO - Processing /opt/airflow/dags/dags_with_catchup_and_backfill.py took 0.132 seconds
[2024-12-30 15:51:49,254] {processor.py:153} INFO - Started process (PID=417) to work on /opt/airflow/dags/dags_with_catchup_and_backfill.py
[2024-12-30 15:51:49,255] {processor.py:641} INFO - Processing file /opt/airflow/dags/dags_with_catchup_and_backfill.py for tasks to queue
[2024-12-30 15:51:49,256] {logging_mixin.py:115} INFO - [2024-12-30 15:51:49,256] {dagbag.py:507} INFO - Filling up the DagBag from /opt/airflow/dags/dags_with_catchup_and_backfill.py
[2024-12-30 15:51:49,263] {processor.py:651} INFO - DAG(s) dict_keys(['test_dag_catchup_and_backfill_v3']) retrieved from /opt/airflow/dags/dags_with_catchup_and_backfill.py
[2024-12-30 15:51:49,280] {logging_mixin.py:115} INFO - [2024-12-30 15:51:49,280] {dag.py:2379} INFO - Sync 1 DAGs
[2024-12-30 15:51:49,294] {logging_mixin.py:115} INFO - [2024-12-30 15:51:49,294] {dag.py:2931} INFO - Setting next_dagrun for test_dag_catchup_and_backfill_v3 to 2024-12-29T00:00:00+00:00, run_after=2024-12-30T00:00:00+00:00
[2024-12-30 15:51:49,301] {processor.py:161} INFO - Processing /opt/airflow/dags/dags_with_catchup_and_backfill.py took 0.050 seconds
[2024-12-30 15:52:19,381] {processor.py:153} INFO - Started process (PID=454) to work on /opt/airflow/dags/dags_with_catchup_and_backfill.py
[2024-12-30 15:52:19,391] {processor.py:641} INFO - Processing file /opt/airflow/dags/dags_with_catchup_and_backfill.py for tasks to queue
[2024-12-30 15:52:19,392] {logging_mixin.py:115} INFO - [2024-12-30 15:52:19,392] {dagbag.py:507} INFO - Filling up the DagBag from /opt/airflow/dags/dags_with_catchup_and_backfill.py
[2024-12-30 15:52:19,398] {processor.py:651} INFO - DAG(s) dict_keys(['test_dag_catchup_and_backfill_v3']) retrieved from /opt/airflow/dags/dags_with_catchup_and_backfill.py
[2024-12-30 15:52:19,417] {logging_mixin.py:115} INFO - [2024-12-30 15:52:19,417] {dag.py:2379} INFO - Sync 1 DAGs
[2024-12-30 15:52:19,431] {logging_mixin.py:115} INFO - [2024-12-30 15:52:19,430] {dag.py:2931} INFO - Setting next_dagrun for test_dag_catchup_and_backfill_v3 to 2024-12-29T00:00:00+00:00, run_after=2024-12-30T00:00:00+00:00
[2024-12-30 15:52:19,437] {processor.py:161} INFO - Processing /opt/airflow/dags/dags_with_catchup_and_backfill.py took 0.059 seconds
[2024-12-30 15:52:49,534] {processor.py:153} INFO - Started process (PID=702) to work on /opt/airflow/dags/dags_with_catchup_and_backfill.py
[2024-12-30 15:52:49,535] {processor.py:641} INFO - Processing file /opt/airflow/dags/dags_with_catchup_and_backfill.py for tasks to queue
[2024-12-30 15:52:49,535] {logging_mixin.py:115} INFO - [2024-12-30 15:52:49,535] {dagbag.py:507} INFO - Filling up the DagBag from /opt/airflow/dags/dags_with_catchup_and_backfill.py
[2024-12-30 15:52:49,546] {processor.py:651} INFO - DAG(s) dict_keys(['test_dag_catchup_and_backfill_v3']) retrieved from /opt/airflow/dags/dags_with_catchup_and_backfill.py
[2024-12-30 15:52:49,595] {logging_mixin.py:115} INFO - [2024-12-30 15:52:49,595] {dag.py:2379} INFO - Sync 1 DAGs
[2024-12-30 15:52:49,621] {logging_mixin.py:115} INFO - [2024-12-30 15:52:49,621] {dag.py:2931} INFO - Setting next_dagrun for test_dag_catchup_and_backfill_v3 to 2024-12-31T00:00:00+00:00, run_after=2025-01-01T00:00:00+00:00
[2024-12-30 15:52:49,635] {processor.py:161} INFO - Processing /opt/airflow/dags/dags_with_catchup_and_backfill.py took 0.103 seconds
[2024-12-30 15:53:19,733] {processor.py:153} INFO - Started process (PID=729) to work on /opt/airflow/dags/dags_with_catchup_and_backfill.py
[2024-12-30 15:53:19,735] {processor.py:641} INFO - Processing file /opt/airflow/dags/dags_with_catchup_and_backfill.py for tasks to queue
[2024-12-30 15:53:19,736] {logging_mixin.py:115} INFO - [2024-12-30 15:53:19,736] {dagbag.py:507} INFO - Filling up the DagBag from /opt/airflow/dags/dags_with_catchup_and_backfill.py
[2024-12-30 15:53:19,743] {processor.py:651} INFO - DAG(s) dict_keys(['test_dag_catchup_and_backfill_v3']) retrieved from /opt/airflow/dags/dags_with_catchup_and_backfill.py
[2024-12-30 15:53:19,762] {logging_mixin.py:115} INFO - [2024-12-30 15:53:19,762] {dag.py:2379} INFO - Sync 1 DAGs
[2024-12-30 15:53:19,779] {logging_mixin.py:115} INFO - [2024-12-30 15:53:19,779] {dag.py:2931} INFO - Setting next_dagrun for test_dag_catchup_and_backfill_v3 to 2024-12-31T00:00:00+00:00, run_after=2025-01-01T00:00:00+00:00
[2024-12-30 15:53:19,786] {processor.py:161} INFO - Processing /opt/airflow/dags/dags_with_catchup_and_backfill.py took 0.058 seconds
[2024-12-30 15:53:49,896] {processor.py:153} INFO - Started process (PID=766) to work on /opt/airflow/dags/dags_with_catchup_and_backfill.py
[2024-12-30 15:53:49,906] {processor.py:641} INFO - Processing file /opt/airflow/dags/dags_with_catchup_and_backfill.py for tasks to queue
[2024-12-30 15:53:49,908] {logging_mixin.py:115} INFO - [2024-12-30 15:53:49,907] {dagbag.py:507} INFO - Filling up the DagBag from /opt/airflow/dags/dags_with_catchup_and_backfill.py
[2024-12-30 15:53:49,916] {processor.py:651} INFO - DAG(s) dict_keys(['test_dag_catchup_and_backfill_v3']) retrieved from /opt/airflow/dags/dags_with_catchup_and_backfill.py
[2024-12-30 15:53:49,936] {logging_mixin.py:115} INFO - [2024-12-30 15:53:49,936] {dag.py:2379} INFO - Sync 1 DAGs
[2024-12-30 15:53:49,951] {logging_mixin.py:115} INFO - [2024-12-30 15:53:49,951] {dag.py:2931} INFO - Setting next_dagrun for test_dag_catchup_and_backfill_v3 to 2024-12-31T00:00:00+00:00, run_after=2025-01-01T00:00:00+00:00
[2024-12-30 15:53:49,958] {processor.py:161} INFO - Processing /opt/airflow/dags/dags_with_catchup_and_backfill.py took 0.066 seconds
[2024-12-30 15:54:20,056] {processor.py:153} INFO - Started process (PID=803) to work on /opt/airflow/dags/dags_with_catchup_and_backfill.py
[2024-12-30 15:54:20,056] {processor.py:641} INFO - Processing file /opt/airflow/dags/dags_with_catchup_and_backfill.py for tasks to queue
[2024-12-30 15:54:20,057] {logging_mixin.py:115} INFO - [2024-12-30 15:54:20,057] {dagbag.py:507} INFO - Filling up the DagBag from /opt/airflow/dags/dags_with_catchup_and_backfill.py
[2024-12-30 15:54:20,061] {processor.py:651} INFO - DAG(s) dict_keys(['test_dag_catchup_and_backfill_v3']) retrieved from /opt/airflow/dags/dags_with_catchup_and_backfill.py
[2024-12-30 15:54:20,079] {logging_mixin.py:115} INFO - [2024-12-30 15:54:20,078] {dag.py:2379} INFO - Sync 1 DAGs
[2024-12-30 15:54:20,096] {logging_mixin.py:115} INFO - [2024-12-30 15:54:20,096] {dag.py:2931} INFO - Setting next_dagrun for test_dag_catchup_and_backfill_v3 to 2024-12-31T00:00:00+00:00, run_after=2025-01-01T00:00:00+00:00
[2024-12-30 15:54:20,103] {processor.py:161} INFO - Processing /opt/airflow/dags/dags_with_catchup_and_backfill.py took 0.051 seconds
[2024-12-30 15:54:50,186] {processor.py:153} INFO - Started process (PID=831) to work on /opt/airflow/dags/dags_with_catchup_and_backfill.py
[2024-12-30 15:54:50,196] {processor.py:641} INFO - Processing file /opt/airflow/dags/dags_with_catchup_and_backfill.py for tasks to queue
[2024-12-30 15:54:50,197] {logging_mixin.py:115} INFO - [2024-12-30 15:54:50,197] {dagbag.py:507} INFO - Filling up the DagBag from /opt/airflow/dags/dags_with_catchup_and_backfill.py
[2024-12-30 15:54:50,202] {processor.py:651} INFO - DAG(s) dict_keys(['test_dag_catchup_and_backfill_v3']) retrieved from /opt/airflow/dags/dags_with_catchup_and_backfill.py
[2024-12-30 15:54:50,221] {logging_mixin.py:115} INFO - [2024-12-30 15:54:50,221] {dag.py:2379} INFO - Sync 1 DAGs
[2024-12-30 15:54:50,241] {logging_mixin.py:115} INFO - [2024-12-30 15:54:50,241] {dag.py:2931} INFO - Setting next_dagrun for test_dag_catchup_and_backfill_v3 to 2024-12-31T00:00:00+00:00, run_after=2025-01-01T00:00:00+00:00
[2024-12-30 15:54:50,248] {processor.py:161} INFO - Processing /opt/airflow/dags/dags_with_catchup_and_backfill.py took 0.064 seconds
[2024-12-30 15:55:20,346] {processor.py:153} INFO - Started process (PID=869) to work on /opt/airflow/dags/dags_with_catchup_and_backfill.py
[2024-12-30 15:55:20,347] {processor.py:641} INFO - Processing file /opt/airflow/dags/dags_with_catchup_and_backfill.py for tasks to queue
[2024-12-30 15:55:20,348] {logging_mixin.py:115} INFO - [2024-12-30 15:55:20,348] {dagbag.py:507} INFO - Filling up the DagBag from /opt/airflow/dags/dags_with_catchup_and_backfill.py
[2024-12-30 15:55:20,354] {processor.py:651} INFO - DAG(s) dict_keys(['test_dag_catchup_and_backfill_v3']) retrieved from /opt/airflow/dags/dags_with_catchup_and_backfill.py
[2024-12-30 15:55:20,373] {logging_mixin.py:115} INFO - [2024-12-30 15:55:20,373] {dag.py:2379} INFO - Sync 1 DAGs
[2024-12-30 15:55:20,388] {logging_mixin.py:115} INFO - [2024-12-30 15:55:20,388] {dag.py:2931} INFO - Setting next_dagrun for test_dag_catchup_and_backfill_v3 to 2024-12-31T00:00:00+00:00, run_after=2025-01-01T00:00:00+00:00
[2024-12-30 15:55:20,396] {processor.py:161} INFO - Processing /opt/airflow/dags/dags_with_catchup_and_backfill.py took 0.053 seconds
[2024-12-30 15:55:50,495] {processor.py:153} INFO - Started process (PID=906) to work on /opt/airflow/dags/dags_with_catchup_and_backfill.py
[2024-12-30 15:55:50,505] {processor.py:641} INFO - Processing file /opt/airflow/dags/dags_with_catchup_and_backfill.py for tasks to queue
[2024-12-30 15:55:50,506] {logging_mixin.py:115} INFO - [2024-12-30 15:55:50,506] {dagbag.py:507} INFO - Filling up the DagBag from /opt/airflow/dags/dags_with_catchup_and_backfill.py
[2024-12-30 15:55:50,514] {processor.py:651} INFO - DAG(s) dict_keys(['test_dag_catchup_and_backfill_v3']) retrieved from /opt/airflow/dags/dags_with_catchup_and_backfill.py
[2024-12-30 15:55:50,532] {logging_mixin.py:115} INFO - [2024-12-30 15:55:50,532] {dag.py:2379} INFO - Sync 1 DAGs
[2024-12-30 15:55:50,547] {logging_mixin.py:115} INFO - [2024-12-30 15:55:50,546] {dag.py:2931} INFO - Setting next_dagrun for test_dag_catchup_and_backfill_v3 to 2024-12-31T00:00:00+00:00, run_after=2025-01-01T00:00:00+00:00
[2024-12-30 15:55:50,554] {processor.py:161} INFO - Processing /opt/airflow/dags/dags_with_catchup_and_backfill.py took 0.062 seconds
[2024-12-30 15:56:20,649] {processor.py:153} INFO - Started process (PID=934) to work on /opt/airflow/dags/dags_with_catchup_and_backfill.py
[2024-12-30 15:56:20,649] {processor.py:641} INFO - Processing file /opt/airflow/dags/dags_with_catchup_and_backfill.py for tasks to queue
[2024-12-30 15:56:20,650] {logging_mixin.py:115} INFO - [2024-12-30 15:56:20,650] {dagbag.py:507} INFO - Filling up the DagBag from /opt/airflow/dags/dags_with_catchup_and_backfill.py
[2024-12-30 15:56:20,655] {processor.py:651} INFO - DAG(s) dict_keys(['test_dag_catchup_and_backfill_v3']) retrieved from /opt/airflow/dags/dags_with_catchup_and_backfill.py
[2024-12-30 15:56:20,672] {logging_mixin.py:115} INFO - [2024-12-30 15:56:20,672] {dag.py:2379} INFO - Sync 1 DAGs
[2024-12-30 15:56:20,687] {logging_mixin.py:115} INFO - [2024-12-30 15:56:20,687] {dag.py:2931} INFO - Setting next_dagrun for test_dag_catchup_and_backfill_v3 to 2024-12-31T00:00:00+00:00, run_after=2025-01-01T00:00:00+00:00
[2024-12-30 15:56:20,694] {processor.py:161} INFO - Processing /opt/airflow/dags/dags_with_catchup_and_backfill.py took 0.049 seconds
[2024-12-30 15:56:50,801] {processor.py:153} INFO - Started process (PID=972) to work on /opt/airflow/dags/dags_with_catchup_and_backfill.py
[2024-12-30 15:56:50,802] {processor.py:641} INFO - Processing file /opt/airflow/dags/dags_with_catchup_and_backfill.py for tasks to queue
[2024-12-30 15:56:50,803] {logging_mixin.py:115} INFO - [2024-12-30 15:56:50,803] {dagbag.py:507} INFO - Filling up the DagBag from /opt/airflow/dags/dags_with_catchup_and_backfill.py
[2024-12-30 15:56:50,809] {processor.py:651} INFO - DAG(s) dict_keys(['test_dag_catchup_and_backfill_v3']) retrieved from /opt/airflow/dags/dags_with_catchup_and_backfill.py
[2024-12-30 15:56:50,827] {logging_mixin.py:115} INFO - [2024-12-30 15:56:50,827] {dag.py:2379} INFO - Sync 1 DAGs
[2024-12-30 15:56:50,842] {logging_mixin.py:115} INFO - [2024-12-30 15:56:50,842] {dag.py:2931} INFO - Setting next_dagrun for test_dag_catchup_and_backfill_v3 to 2024-12-31T00:00:00+00:00, run_after=2025-01-01T00:00:00+00:00
[2024-12-30 15:56:50,849] {processor.py:161} INFO - Processing /opt/airflow/dags/dags_with_catchup_and_backfill.py took 0.053 seconds
[2024-12-30 15:57:20,955] {processor.py:153} INFO - Started process (PID=1010) to work on /opt/airflow/dags/dags_with_catchup_and_backfill.py
[2024-12-30 15:57:20,957] {processor.py:641} INFO - Processing file /opt/airflow/dags/dags_with_catchup_and_backfill.py for tasks to queue
[2024-12-30 15:57:20,958] {logging_mixin.py:115} INFO - [2024-12-30 15:57:20,957] {dagbag.py:507} INFO - Filling up the DagBag from /opt/airflow/dags/dags_with_catchup_and_backfill.py
[2024-12-30 15:57:20,965] {processor.py:651} INFO - DAG(s) dict_keys(['test_dag_catchup_and_backfill_v3']) retrieved from /opt/airflow/dags/dags_with_catchup_and_backfill.py
[2024-12-30 15:57:20,984] {logging_mixin.py:115} INFO - [2024-12-30 15:57:20,984] {dag.py:2379} INFO - Sync 1 DAGs
[2024-12-30 15:57:21,000] {logging_mixin.py:115} INFO - [2024-12-30 15:57:21,000] {dag.py:2931} INFO - Setting next_dagrun for test_dag_catchup_and_backfill_v3 to 2024-12-31T00:00:00+00:00, run_after=2025-01-01T00:00:00+00:00
[2024-12-30 15:57:21,008] {processor.py:161} INFO - Processing /opt/airflow/dags/dags_with_catchup_and_backfill.py took 0.058 seconds
[2024-12-30 15:57:51,103] {processor.py:153} INFO - Started process (PID=1038) to work on /opt/airflow/dags/dags_with_catchup_and_backfill.py
[2024-12-30 15:57:51,114] {processor.py:641} INFO - Processing file /opt/airflow/dags/dags_with_catchup_and_backfill.py for tasks to queue
[2024-12-30 15:57:51,115] {logging_mixin.py:115} INFO - [2024-12-30 15:57:51,114] {dagbag.py:507} INFO - Filling up the DagBag from /opt/airflow/dags/dags_with_catchup_and_backfill.py
[2024-12-30 15:57:51,124] {processor.py:651} INFO - DAG(s) dict_keys(['test_dag_catchup_and_backfill_v3']) retrieved from /opt/airflow/dags/dags_with_catchup_and_backfill.py
[2024-12-30 15:57:51,144] {logging_mixin.py:115} INFO - [2024-12-30 15:57:51,144] {dag.py:2379} INFO - Sync 1 DAGs
[2024-12-30 15:57:51,160] {logging_mixin.py:115} INFO - [2024-12-30 15:57:51,160] {dag.py:2931} INFO - Setting next_dagrun for test_dag_catchup_and_backfill_v3 to 2024-12-31T00:00:00+00:00, run_after=2025-01-01T00:00:00+00:00
[2024-12-30 15:57:51,167] {processor.py:161} INFO - Processing /opt/airflow/dags/dags_with_catchup_and_backfill.py took 0.067 seconds
[2024-12-30 15:58:21,254] {processor.py:153} INFO - Started process (PID=1076) to work on /opt/airflow/dags/dags_with_catchup_and_backfill.py
[2024-12-30 15:58:21,254] {processor.py:641} INFO - Processing file /opt/airflow/dags/dags_with_catchup_and_backfill.py for tasks to queue
[2024-12-30 15:58:21,255] {logging_mixin.py:115} INFO - [2024-12-30 15:58:21,255] {dagbag.py:507} INFO - Filling up the DagBag from /opt/airflow/dags/dags_with_catchup_and_backfill.py
[2024-12-30 15:58:21,260] {processor.py:651} INFO - DAG(s) dict_keys(['test_dag_catchup_and_backfill_v3']) retrieved from /opt/airflow/dags/dags_with_catchup_and_backfill.py
[2024-12-30 15:58:21,280] {logging_mixin.py:115} INFO - [2024-12-30 15:58:21,280] {dag.py:2379} INFO - Sync 1 DAGs
[2024-12-30 15:58:21,296] {logging_mixin.py:115} INFO - [2024-12-30 15:58:21,296] {dag.py:2931} INFO - Setting next_dagrun for test_dag_catchup_and_backfill_v3 to 2024-12-31T00:00:00+00:00, run_after=2025-01-01T00:00:00+00:00
[2024-12-30 15:58:21,304] {processor.py:161} INFO - Processing /opt/airflow/dags/dags_with_catchup_and_backfill.py took 0.054 seconds
[2024-12-30 15:58:51,413] {processor.py:153} INFO - Started process (PID=1114) to work on /opt/airflow/dags/dags_with_catchup_and_backfill.py
[2024-12-30 15:58:51,423] {processor.py:641} INFO - Processing file /opt/airflow/dags/dags_with_catchup_and_backfill.py for tasks to queue
[2024-12-30 15:58:51,424] {logging_mixin.py:115} INFO - [2024-12-30 15:58:51,424] {dagbag.py:507} INFO - Filling up the DagBag from /opt/airflow/dags/dags_with_catchup_and_backfill.py
[2024-12-30 15:58:51,431] {processor.py:651} INFO - DAG(s) dict_keys(['test_dag_catchup_and_backfill_v3']) retrieved from /opt/airflow/dags/dags_with_catchup_and_backfill.py
[2024-12-30 15:58:51,451] {logging_mixin.py:115} INFO - [2024-12-30 15:58:51,451] {dag.py:2379} INFO - Sync 1 DAGs
[2024-12-30 15:58:51,467] {logging_mixin.py:115} INFO - [2024-12-30 15:58:51,467] {dag.py:2931} INFO - Setting next_dagrun for test_dag_catchup_and_backfill_v3 to 2024-12-31T00:00:00+00:00, run_after=2025-01-01T00:00:00+00:00
[2024-12-30 15:58:51,474] {processor.py:161} INFO - Processing /opt/airflow/dags/dags_with_catchup_and_backfill.py took 0.064 seconds
[2024-12-30 15:59:21,569] {processor.py:153} INFO - Started process (PID=1143) to work on /opt/airflow/dags/dags_with_catchup_and_backfill.py
[2024-12-30 15:59:21,569] {processor.py:641} INFO - Processing file /opt/airflow/dags/dags_with_catchup_and_backfill.py for tasks to queue
[2024-12-30 15:59:21,570] {logging_mixin.py:115} INFO - [2024-12-30 15:59:21,570] {dagbag.py:507} INFO - Filling up the DagBag from /opt/airflow/dags/dags_with_catchup_and_backfill.py
[2024-12-30 15:59:21,576] {processor.py:651} INFO - DAG(s) dict_keys(['test_dag_catchup_and_backfill_v3']) retrieved from /opt/airflow/dags/dags_with_catchup_and_backfill.py
[2024-12-30 15:59:21,595] {logging_mixin.py:115} INFO - [2024-12-30 15:59:21,595] {dag.py:2379} INFO - Sync 1 DAGs
[2024-12-30 15:59:21,610] {logging_mixin.py:115} INFO - [2024-12-30 15:59:21,610] {dag.py:2931} INFO - Setting next_dagrun for test_dag_catchup_and_backfill_v3 to 2024-12-31T00:00:00+00:00, run_after=2025-01-01T00:00:00+00:00
[2024-12-30 15:59:21,618] {processor.py:161} INFO - Processing /opt/airflow/dags/dags_with_catchup_and_backfill.py took 0.053 seconds
[2024-12-30 15:59:51,710] {processor.py:153} INFO - Started process (PID=1180) to work on /opt/airflow/dags/dags_with_catchup_and_backfill.py
[2024-12-30 15:59:51,720] {processor.py:641} INFO - Processing file /opt/airflow/dags/dags_with_catchup_and_backfill.py for tasks to queue
[2024-12-30 15:59:51,721] {logging_mixin.py:115} INFO - [2024-12-30 15:59:51,721] {dagbag.py:507} INFO - Filling up the DagBag from /opt/airflow/dags/dags_with_catchup_and_backfill.py
[2024-12-30 15:59:51,728] {processor.py:651} INFO - DAG(s) dict_keys(['test_dag_catchup_and_backfill_v3']) retrieved from /opt/airflow/dags/dags_with_catchup_and_backfill.py
[2024-12-30 15:59:51,746] {logging_mixin.py:115} INFO - [2024-12-30 15:59:51,746] {dag.py:2379} INFO - Sync 1 DAGs
[2024-12-30 15:59:51,763] {logging_mixin.py:115} INFO - [2024-12-30 15:59:51,763] {dag.py:2931} INFO - Setting next_dagrun for test_dag_catchup_and_backfill_v3 to 2024-12-31T00:00:00+00:00, run_after=2025-01-01T00:00:00+00:00
[2024-12-30 15:59:51,771] {processor.py:161} INFO - Processing /opt/airflow/dags/dags_with_catchup_and_backfill.py took 0.063 seconds
[2024-12-30 16:00:21,865] {processor.py:153} INFO - Started process (PID=1218) to work on /opt/airflow/dags/dags_with_catchup_and_backfill.py
[2024-12-30 16:00:21,866] {processor.py:641} INFO - Processing file /opt/airflow/dags/dags_with_catchup_and_backfill.py for tasks to queue
[2024-12-30 16:00:21,867] {logging_mixin.py:115} INFO - [2024-12-30 16:00:21,867] {dagbag.py:507} INFO - Filling up the DagBag from /opt/airflow/dags/dags_with_catchup_and_backfill.py
[2024-12-30 16:00:21,872] {processor.py:651} INFO - DAG(s) dict_keys(['test_dag_catchup_and_backfill_v3']) retrieved from /opt/airflow/dags/dags_with_catchup_and_backfill.py
[2024-12-30 16:00:21,891] {logging_mixin.py:115} INFO - [2024-12-30 16:00:21,891] {dag.py:2379} INFO - Sync 1 DAGs
[2024-12-30 16:00:21,910] {logging_mixin.py:115} INFO - [2024-12-30 16:00:21,910] {dag.py:2931} INFO - Setting next_dagrun for test_dag_catchup_and_backfill_v3 to 2024-12-31T00:00:00+00:00, run_after=2025-01-01T00:00:00+00:00
[2024-12-30 16:00:21,924] {processor.py:161} INFO - Processing /opt/airflow/dags/dags_with_catchup_and_backfill.py took 0.062 seconds
[2024-12-30 16:00:52,055] {processor.py:153} INFO - Started process (PID=1246) to work on /opt/airflow/dags/dags_with_catchup_and_backfill.py
[2024-12-30 16:00:52,056] {processor.py:641} INFO - Processing file /opt/airflow/dags/dags_with_catchup_and_backfill.py for tasks to queue
[2024-12-30 16:00:52,056] {logging_mixin.py:115} INFO - [2024-12-30 16:00:52,056] {dagbag.py:507} INFO - Filling up the DagBag from /opt/airflow/dags/dags_with_catchup_and_backfill.py
[2024-12-30 16:00:52,062] {processor.py:651} INFO - DAG(s) dict_keys(['test_dag_catchup_and_backfill_v3']) retrieved from /opt/airflow/dags/dags_with_catchup_and_backfill.py
[2024-12-30 16:00:52,095] {logging_mixin.py:115} INFO - [2024-12-30 16:00:52,094] {dag.py:2379} INFO - Sync 1 DAGs
[2024-12-30 16:00:52,117] {logging_mixin.py:115} INFO - [2024-12-30 16:00:52,117] {dag.py:2931} INFO - Setting next_dagrun for test_dag_catchup_and_backfill_v3 to 2024-12-31T00:00:00+00:00, run_after=2025-01-01T00:00:00+00:00
[2024-12-30 16:00:52,131] {processor.py:161} INFO - Processing /opt/airflow/dags/dags_with_catchup_and_backfill.py took 0.078 seconds
[2024-12-30 16:01:22,226] {processor.py:153} INFO - Started process (PID=1282) to work on /opt/airflow/dags/dags_with_catchup_and_backfill.py
[2024-12-30 16:01:22,226] {processor.py:641} INFO - Processing file /opt/airflow/dags/dags_with_catchup_and_backfill.py for tasks to queue
[2024-12-30 16:01:22,227] {logging_mixin.py:115} INFO - [2024-12-30 16:01:22,226] {dagbag.py:507} INFO - Filling up the DagBag from /opt/airflow/dags/dags_with_catchup_and_backfill.py
[2024-12-30 16:01:22,231] {processor.py:651} INFO - DAG(s) dict_keys(['test_dag_catchup_and_backfill_v3']) retrieved from /opt/airflow/dags/dags_with_catchup_and_backfill.py
[2024-12-30 16:01:22,250] {logging_mixin.py:115} INFO - [2024-12-30 16:01:22,250] {dag.py:2379} INFO - Sync 1 DAGs
[2024-12-30 16:01:22,267] {logging_mixin.py:115} INFO - [2024-12-30 16:01:22,267] {dag.py:2931} INFO - Setting next_dagrun for test_dag_catchup_and_backfill_v3 to 2024-12-31T00:00:00+00:00, run_after=2025-01-01T00:00:00+00:00
[2024-12-30 16:01:22,274] {processor.py:161} INFO - Processing /opt/airflow/dags/dags_with_catchup_and_backfill.py took 0.052 seconds
[2024-12-30 16:01:52,369] {processor.py:153} INFO - Started process (PID=1319) to work on /opt/airflow/dags/dags_with_catchup_and_backfill.py
[2024-12-30 16:01:52,379] {processor.py:641} INFO - Processing file /opt/airflow/dags/dags_with_catchup_and_backfill.py for tasks to queue
[2024-12-30 16:01:52,380] {logging_mixin.py:115} INFO - [2024-12-30 16:01:52,380] {dagbag.py:507} INFO - Filling up the DagBag from /opt/airflow/dags/dags_with_catchup_and_backfill.py
[2024-12-30 16:01:52,387] {processor.py:651} INFO - DAG(s) dict_keys(['test_dag_catchup_and_backfill_v3']) retrieved from /opt/airflow/dags/dags_with_catchup_and_backfill.py
[2024-12-30 16:01:52,408] {logging_mixin.py:115} INFO - [2024-12-30 16:01:52,407] {dag.py:2379} INFO - Sync 1 DAGs
[2024-12-30 16:01:52,423] {logging_mixin.py:115} INFO - [2024-12-30 16:01:52,423] {dag.py:2931} INFO - Setting next_dagrun for test_dag_catchup_and_backfill_v3 to 2024-12-31T00:00:00+00:00, run_after=2025-01-01T00:00:00+00:00
[2024-12-30 16:01:52,430] {processor.py:161} INFO - Processing /opt/airflow/dags/dags_with_catchup_and_backfill.py took 0.064 seconds
[2024-12-30 16:02:22,516] {processor.py:153} INFO - Started process (PID=1347) to work on /opt/airflow/dags/dags_with_catchup_and_backfill.py
[2024-12-30 16:02:22,517] {processor.py:641} INFO - Processing file /opt/airflow/dags/dags_with_catchup_and_backfill.py for tasks to queue
[2024-12-30 16:02:22,517] {logging_mixin.py:115} INFO - [2024-12-30 16:02:22,517] {dagbag.py:507} INFO - Filling up the DagBag from /opt/airflow/dags/dags_with_catchup_and_backfill.py
[2024-12-30 16:02:22,522] {processor.py:651} INFO - DAG(s) dict_keys(['test_dag_catchup_and_backfill_v3']) retrieved from /opt/airflow/dags/dags_with_catchup_and_backfill.py
[2024-12-30 16:02:22,541] {logging_mixin.py:115} INFO - [2024-12-30 16:02:22,541] {dag.py:2379} INFO - Sync 1 DAGs
[2024-12-30 16:02:22,559] {logging_mixin.py:115} INFO - [2024-12-30 16:02:22,558] {dag.py:2931} INFO - Setting next_dagrun for test_dag_catchup_and_backfill_v3 to 2024-12-31T00:00:00+00:00, run_after=2025-01-01T00:00:00+00:00
[2024-12-30 16:02:22,568] {processor.py:161} INFO - Processing /opt/airflow/dags/dags_with_catchup_and_backfill.py took 0.055 seconds
[2024-12-30 16:02:52,663] {processor.py:153} INFO - Started process (PID=1384) to work on /opt/airflow/dags/dags_with_catchup_and_backfill.py
[2024-12-30 16:02:52,664] {processor.py:641} INFO - Processing file /opt/airflow/dags/dags_with_catchup_and_backfill.py for tasks to queue
[2024-12-30 16:02:52,665] {logging_mixin.py:115} INFO - [2024-12-30 16:02:52,665] {dagbag.py:507} INFO - Filling up the DagBag from /opt/airflow/dags/dags_with_catchup_and_backfill.py
[2024-12-30 16:02:52,671] {processor.py:651} INFO - DAG(s) dict_keys(['test_dag_catchup_and_backfill_v3']) retrieved from /opt/airflow/dags/dags_with_catchup_and_backfill.py
[2024-12-30 16:02:52,689] {logging_mixin.py:115} INFO - [2024-12-30 16:02:52,689] {dag.py:2379} INFO - Sync 1 DAGs
[2024-12-30 16:02:52,704] {logging_mixin.py:115} INFO - [2024-12-30 16:02:52,703] {dag.py:2931} INFO - Setting next_dagrun for test_dag_catchup_and_backfill_v3 to 2024-12-31T00:00:00+00:00, run_after=2025-01-01T00:00:00+00:00
[2024-12-30 16:02:52,710] {processor.py:161} INFO - Processing /opt/airflow/dags/dags_with_catchup_and_backfill.py took 0.050 seconds
[2024-12-30 16:03:22,800] {processor.py:153} INFO - Started process (PID=1421) to work on /opt/airflow/dags/dags_with_catchup_and_backfill.py
[2024-12-30 16:03:22,801] {processor.py:641} INFO - Processing file /opt/airflow/dags/dags_with_catchup_and_backfill.py for tasks to queue
[2024-12-30 16:03:22,802] {logging_mixin.py:115} INFO - [2024-12-30 16:03:22,801] {dagbag.py:507} INFO - Filling up the DagBag from /opt/airflow/dags/dags_with_catchup_and_backfill.py
[2024-12-30 16:03:22,806] {processor.py:651} INFO - DAG(s) dict_keys(['test_dag_catchup_and_backfill_v3']) retrieved from /opt/airflow/dags/dags_with_catchup_and_backfill.py
[2024-12-30 16:03:22,824] {logging_mixin.py:115} INFO - [2024-12-30 16:03:22,824] {dag.py:2379} INFO - Sync 1 DAGs
[2024-12-30 16:03:22,839] {logging_mixin.py:115} INFO - [2024-12-30 16:03:22,839] {dag.py:2931} INFO - Setting next_dagrun for test_dag_catchup_and_backfill_v3 to 2024-12-31T00:00:00+00:00, run_after=2025-01-01T00:00:00+00:00
[2024-12-30 16:03:22,846] {processor.py:161} INFO - Processing /opt/airflow/dags/dags_with_catchup_and_backfill.py took 0.049 seconds
[2024-12-30 16:03:52,951] {processor.py:153} INFO - Started process (PID=1449) to work on /opt/airflow/dags/dags_with_catchup_and_backfill.py
[2024-12-30 16:03:52,963] {processor.py:641} INFO - Processing file /opt/airflow/dags/dags_with_catchup_and_backfill.py for tasks to queue
[2024-12-30 16:03:52,964] {logging_mixin.py:115} INFO - [2024-12-30 16:03:52,963] {dagbag.py:507} INFO - Filling up the DagBag from /opt/airflow/dags/dags_with_catchup_and_backfill.py
[2024-12-30 16:03:52,975] {processor.py:651} INFO - DAG(s) dict_keys(['test_dag_catchup_and_backfill_v3']) retrieved from /opt/airflow/dags/dags_with_catchup_and_backfill.py
[2024-12-30 16:03:52,999] {logging_mixin.py:115} INFO - [2024-12-30 16:03:52,999] {dag.py:2379} INFO - Sync 1 DAGs
[2024-12-30 16:03:53,015] {logging_mixin.py:115} INFO - [2024-12-30 16:03:53,015] {dag.py:2931} INFO - Setting next_dagrun for test_dag_catchup_and_backfill_v3 to 2024-12-31T00:00:00+00:00, run_after=2025-01-01T00:00:00+00:00
[2024-12-30 16:03:53,023] {processor.py:161} INFO - Processing /opt/airflow/dags/dags_with_catchup_and_backfill.py took 0.075 seconds
[2024-12-30 16:04:23,107] {processor.py:153} INFO - Started process (PID=1486) to work on /opt/airflow/dags/dags_with_catchup_and_backfill.py
[2024-12-30 16:04:23,108] {processor.py:641} INFO - Processing file /opt/airflow/dags/dags_with_catchup_and_backfill.py for tasks to queue
[2024-12-30 16:04:23,109] {logging_mixin.py:115} INFO - [2024-12-30 16:04:23,109] {dagbag.py:507} INFO - Filling up the DagBag from /opt/airflow/dags/dags_with_catchup_and_backfill.py
[2024-12-30 16:04:23,119] {processor.py:651} INFO - DAG(s) dict_keys(['test_dag_catchup_and_backfill_v3']) retrieved from /opt/airflow/dags/dags_with_catchup_and_backfill.py
[2024-12-30 16:04:23,146] {logging_mixin.py:115} INFO - [2024-12-30 16:04:23,146] {dag.py:2379} INFO - Sync 1 DAGs
[2024-12-30 16:04:23,170] {logging_mixin.py:115} INFO - [2024-12-30 16:04:23,170] {dag.py:2931} INFO - Setting next_dagrun for test_dag_catchup_and_backfill_v3 to 2024-12-31T00:00:00+00:00, run_after=2025-01-01T00:00:00+00:00
[2024-12-30 16:04:23,184] {processor.py:161} INFO - Processing /opt/airflow/dags/dags_with_catchup_and_backfill.py took 0.079 seconds
[2024-12-30 16:04:53,284] {processor.py:153} INFO - Started process (PID=1523) to work on /opt/airflow/dags/dags_with_catchup_and_backfill.py
[2024-12-30 16:04:53,294] {processor.py:641} INFO - Processing file /opt/airflow/dags/dags_with_catchup_and_backfill.py for tasks to queue
[2024-12-30 16:04:53,295] {logging_mixin.py:115} INFO - [2024-12-30 16:04:53,295] {dagbag.py:507} INFO - Filling up the DagBag from /opt/airflow/dags/dags_with_catchup_and_backfill.py
[2024-12-30 16:04:53,302] {processor.py:651} INFO - DAG(s) dict_keys(['test_dag_catchup_and_backfill_v3']) retrieved from /opt/airflow/dags/dags_with_catchup_and_backfill.py
[2024-12-30 16:04:53,318] {logging_mixin.py:115} INFO - [2024-12-30 16:04:53,318] {dag.py:2379} INFO - Sync 1 DAGs
[2024-12-30 16:04:53,336] {logging_mixin.py:115} INFO - [2024-12-30 16:04:53,336] {dag.py:2931} INFO - Setting next_dagrun for test_dag_catchup_and_backfill_v3 to 2024-12-31T00:00:00+00:00, run_after=2025-01-01T00:00:00+00:00
[2024-12-30 16:04:53,349] {processor.py:161} INFO - Processing /opt/airflow/dags/dags_with_catchup_and_backfill.py took 0.067 seconds
[2024-12-30 16:05:23,433] {processor.py:153} INFO - Started process (PID=1561) to work on /opt/airflow/dags/dags_with_catchup_and_backfill.py
[2024-12-30 16:05:23,434] {processor.py:641} INFO - Processing file /opt/airflow/dags/dags_with_catchup_and_backfill.py for tasks to queue
[2024-12-30 16:05:23,434] {logging_mixin.py:115} INFO - [2024-12-30 16:05:23,434] {dagbag.py:507} INFO - Filling up the DagBag from /opt/airflow/dags/dags_with_catchup_and_backfill.py
[2024-12-30 16:05:23,443] {processor.py:651} INFO - DAG(s) dict_keys(['test_dag_catchup_and_backfill_v3']) retrieved from /opt/airflow/dags/dags_with_catchup_and_backfill.py
[2024-12-30 16:05:23,465] {logging_mixin.py:115} INFO - [2024-12-30 16:05:23,465] {dag.py:2379} INFO - Sync 1 DAGs
[2024-12-30 16:05:23,489] {logging_mixin.py:115} INFO - [2024-12-30 16:05:23,489] {dag.py:2931} INFO - Setting next_dagrun for test_dag_catchup_and_backfill_v3 to 2024-12-31T00:00:00+00:00, run_after=2025-01-01T00:00:00+00:00
[2024-12-30 16:05:23,500] {processor.py:161} INFO - Processing /opt/airflow/dags/dags_with_catchup_and_backfill.py took 0.069 seconds
[2024-12-30 16:05:53,586] {processor.py:153} INFO - Started process (PID=1589) to work on /opt/airflow/dags/dags_with_catchup_and_backfill.py
[2024-12-30 16:05:53,586] {processor.py:641} INFO - Processing file /opt/airflow/dags/dags_with_catchup_and_backfill.py for tasks to queue
[2024-12-30 16:05:53,586] {logging_mixin.py:115} INFO - [2024-12-30 16:05:53,586] {dagbag.py:507} INFO - Filling up the DagBag from /opt/airflow/dags/dags_with_catchup_and_backfill.py
[2024-12-30 16:05:53,595] {processor.py:651} INFO - DAG(s) dict_keys(['test_dag_catchup_and_backfill_v3']) retrieved from /opt/airflow/dags/dags_with_catchup_and_backfill.py
[2024-12-30 16:05:53,616] {logging_mixin.py:115} INFO - [2024-12-30 16:05:53,616] {dag.py:2379} INFO - Sync 1 DAGs
[2024-12-30 16:05:53,634] {logging_mixin.py:115} INFO - [2024-12-30 16:05:53,634] {dag.py:2931} INFO - Setting next_dagrun for test_dag_catchup_and_backfill_v3 to 2024-12-31T00:00:00+00:00, run_after=2025-01-01T00:00:00+00:00
[2024-12-30 16:05:53,642] {processor.py:161} INFO - Processing /opt/airflow/dags/dags_with_catchup_and_backfill.py took 0.059 seconds
[2024-12-30 16:06:23,730] {processor.py:153} INFO - Started process (PID=1628) to work on /opt/airflow/dags/dags_with_catchup_and_backfill.py
[2024-12-30 16:06:23,731] {processor.py:641} INFO - Processing file /opt/airflow/dags/dags_with_catchup_and_backfill.py for tasks to queue
[2024-12-30 16:06:23,732] {logging_mixin.py:115} INFO - [2024-12-30 16:06:23,731] {dagbag.py:507} INFO - Filling up the DagBag from /opt/airflow/dags/dags_with_catchup_and_backfill.py
[2024-12-30 16:06:23,740] {processor.py:651} INFO - DAG(s) dict_keys(['test_dag_catchup_and_backfill_v3']) retrieved from /opt/airflow/dags/dags_with_catchup_and_backfill.py
[2024-12-30 16:06:23,754] {logging_mixin.py:115} INFO - [2024-12-30 16:06:23,754] {dag.py:2379} INFO - Sync 1 DAGs
[2024-12-30 16:06:23,769] {logging_mixin.py:115} INFO - [2024-12-30 16:06:23,769] {dag.py:2931} INFO - Setting next_dagrun for test_dag_catchup_and_backfill_v3 to 2024-12-31T00:00:00+00:00, run_after=2025-01-01T00:00:00+00:00
[2024-12-30 16:06:23,776] {processor.py:161} INFO - Processing /opt/airflow/dags/dags_with_catchup_and_backfill.py took 0.048 seconds
[2024-12-30 16:06:53,853] {processor.py:153} INFO - Started process (PID=1666) to work on /opt/airflow/dags/dags_with_catchup_and_backfill.py
[2024-12-30 16:06:53,863] {processor.py:641} INFO - Processing file /opt/airflow/dags/dags_with_catchup_and_backfill.py for tasks to queue
[2024-12-30 16:06:53,864] {logging_mixin.py:115} INFO - [2024-12-30 16:06:53,864] {dagbag.py:507} INFO - Filling up the DagBag from /opt/airflow/dags/dags_with_catchup_and_backfill.py
[2024-12-30 16:06:53,872] {processor.py:651} INFO - DAG(s) dict_keys(['test_dag_catchup_and_backfill_v3']) retrieved from /opt/airflow/dags/dags_with_catchup_and_backfill.py
[2024-12-30 16:06:53,888] {logging_mixin.py:115} INFO - [2024-12-30 16:06:53,888] {dag.py:2379} INFO - Sync 1 DAGs
[2024-12-30 16:06:53,905] {logging_mixin.py:115} INFO - [2024-12-30 16:06:53,905] {dag.py:2931} INFO - Setting next_dagrun for test_dag_catchup_and_backfill_v3 to 2024-12-31T00:00:00+00:00, run_after=2025-01-01T00:00:00+00:00
[2024-12-30 16:06:53,921] {processor.py:161} INFO - Processing /opt/airflow/dags/dags_with_catchup_and_backfill.py took 0.070 seconds
[2024-12-30 16:07:46,184] {processor.py:153} INFO - Started process (PID=167) to work on /opt/airflow/dags/dags_with_catchup_and_backfill.py
[2024-12-30 16:07:46,185] {processor.py:641} INFO - Processing file /opt/airflow/dags/dags_with_catchup_and_backfill.py for tasks to queue
[2024-12-30 16:07:46,186] {logging_mixin.py:115} INFO - [2024-12-30 16:07:46,185] {dagbag.py:507} INFO - Filling up the DagBag from /opt/airflow/dags/dags_with_catchup_and_backfill.py
[2024-12-30 16:07:46,192] {processor.py:651} INFO - DAG(s) dict_keys(['test_dag_catchup_and_backfill_v3']) retrieved from /opt/airflow/dags/dags_with_catchup_and_backfill.py
[2024-12-30 16:07:46,342] {logging_mixin.py:115} INFO - [2024-12-30 16:07:46,341] {manager.py:508} INFO - Created Permission View: can edit on DAG:test_dag_catchup_and_backfill_v3
[2024-12-30 16:07:46,353] {logging_mixin.py:115} INFO - [2024-12-30 16:07:46,353] {manager.py:508} INFO - Created Permission View: can delete on DAG:test_dag_catchup_and_backfill_v3
[2024-12-30 16:07:46,360] {logging_mixin.py:115} INFO - [2024-12-30 16:07:46,360] {manager.py:508} INFO - Created Permission View: can read on DAG:test_dag_catchup_and_backfill_v3
[2024-12-30 16:07:46,360] {logging_mixin.py:115} INFO - [2024-12-30 16:07:46,360] {dag.py:2379} INFO - Sync 1 DAGs
[2024-12-30 16:07:46,370] {logging_mixin.py:115} INFO - [2024-12-30 16:07:46,369] {dag.py:2398} INFO - Creating ORM DAG for test_dag_catchup_and_backfill_v3
[2024-12-30 16:07:46,385] {logging_mixin.py:115} INFO - [2024-12-30 16:07:46,384] {dag.py:2931} INFO - Setting next_dagrun for test_dag_catchup_and_backfill_v3 to 2024-12-29T00:00:00+00:00, run_after=2024-12-30T00:00:00+00:00
[2024-12-30 16:07:46,396] {processor.py:161} INFO - Processing /opt/airflow/dags/dags_with_catchup_and_backfill.py took 0.219 seconds
[2024-12-30 16:08:16,495] {processor.py:153} INFO - Started process (PID=213) to work on /opt/airflow/dags/dags_with_catchup_and_backfill.py
[2024-12-30 16:08:16,495] {processor.py:641} INFO - Processing file /opt/airflow/dags/dags_with_catchup_and_backfill.py for tasks to queue
[2024-12-30 16:08:16,495] {logging_mixin.py:115} INFO - [2024-12-30 16:08:16,495] {dagbag.py:507} INFO - Filling up the DagBag from /opt/airflow/dags/dags_with_catchup_and_backfill.py
[2024-12-30 16:08:16,500] {processor.py:651} INFO - DAG(s) dict_keys(['test_dag_catchup_and_backfill_v3']) retrieved from /opt/airflow/dags/dags_with_catchup_and_backfill.py
[2024-12-30 16:08:16,524] {logging_mixin.py:115} INFO - [2024-12-30 16:08:16,524] {dag.py:2379} INFO - Sync 1 DAGs
[2024-12-30 16:08:16,544] {logging_mixin.py:115} INFO - [2024-12-30 16:08:16,544] {dag.py:2931} INFO - Setting next_dagrun for test_dag_catchup_and_backfill_v3 to 2024-12-29T00:00:00+00:00, run_after=2024-12-30T00:00:00+00:00
[2024-12-30 16:08:16,552] {processor.py:161} INFO - Processing /opt/airflow/dags/dags_with_catchup_and_backfill.py took 0.060 seconds
[2024-12-30 16:08:46,653] {processor.py:153} INFO - Started process (PID=270) to work on /opt/airflow/dags/dags_with_catchup_and_backfill.py
[2024-12-30 16:08:46,661] {processor.py:641} INFO - Processing file /opt/airflow/dags/dags_with_catchup_and_backfill.py for tasks to queue
[2024-12-30 16:08:46,662] {logging_mixin.py:115} INFO - [2024-12-30 16:08:46,662] {dagbag.py:507} INFO - Filling up the DagBag from /opt/airflow/dags/dags_with_catchup_and_backfill.py
[2024-12-30 16:08:46,667] {processor.py:651} INFO - DAG(s) dict_keys(['test_dag_catchup_and_backfill_v3']) retrieved from /opt/airflow/dags/dags_with_catchup_and_backfill.py
[2024-12-30 16:08:46,686] {logging_mixin.py:115} INFO - [2024-12-30 16:08:46,686] {dag.py:2379} INFO - Sync 1 DAGs
[2024-12-30 16:08:46,702] {logging_mixin.py:115} INFO - [2024-12-30 16:08:46,702] {dag.py:2931} INFO - Setting next_dagrun for test_dag_catchup_and_backfill_v3 to 2024-12-29T00:00:00+00:00, run_after=2024-12-30T00:00:00+00:00
[2024-12-30 16:08:46,710] {processor.py:161} INFO - Processing /opt/airflow/dags/dags_with_catchup_and_backfill.py took 0.058 seconds
[2024-12-30 16:09:16,803] {processor.py:153} INFO - Started process (PID=304) to work on /opt/airflow/dags/dags_with_catchup_and_backfill.py
[2024-12-30 16:09:16,808] {processor.py:641} INFO - Processing file /opt/airflow/dags/dags_with_catchup_and_backfill.py for tasks to queue
[2024-12-30 16:09:16,809] {logging_mixin.py:115} INFO - [2024-12-30 16:09:16,809] {dagbag.py:507} INFO - Filling up the DagBag from /opt/airflow/dags/dags_with_catchup_and_backfill.py
[2024-12-30 16:09:16,814] {processor.py:651} INFO - DAG(s) dict_keys(['test_dag_catchup_and_backfill_v3']) retrieved from /opt/airflow/dags/dags_with_catchup_and_backfill.py
[2024-12-30 16:09:16,837] {logging_mixin.py:115} INFO - [2024-12-30 16:09:16,836] {dag.py:2379} INFO - Sync 1 DAGs
[2024-12-30 16:09:16,858] {logging_mixin.py:115} INFO - [2024-12-30 16:09:16,858] {dag.py:2931} INFO - Setting next_dagrun for test_dag_catchup_and_backfill_v3 to 2024-12-29T00:00:00+00:00, run_after=2024-12-30T00:00:00+00:00
[2024-12-30 16:09:16,867] {processor.py:161} INFO - Processing /opt/airflow/dags/dags_with_catchup_and_backfill.py took 0.066 seconds
