[2024-12-30 12:35:41,183] {taskinstance.py:1159} INFO - Dependencies all met for <TaskInstance: first_py_dag_V5.greet manual__2024-12-30T12:35:39.485619+00:00 [queued]>
[2024-12-30 12:35:41,190] {taskinstance.py:1159} INFO - Dependencies all met for <TaskInstance: first_py_dag_V5.greet manual__2024-12-30T12:35:39.485619+00:00 [queued]>
[2024-12-30 12:35:41,190] {taskinstance.py:1356} INFO - 
--------------------------------------------------------------------------------
[2024-12-30 12:35:41,190] {taskinstance.py:1357} INFO - Starting attempt 1 of 6
[2024-12-30 12:35:41,190] {taskinstance.py:1358} INFO - 
--------------------------------------------------------------------------------
[2024-12-30 12:35:41,200] {taskinstance.py:1377} INFO - Executing <Task(PythonOperator): greet> on 2024-12-30 12:35:39.485619+00:00
[2024-12-30 12:35:41,204] {standard_task_runner.py:52} INFO - Started process 14743 to run task
[2024-12-30 12:35:41,206] {standard_task_runner.py:79} INFO - Running: ['***', 'tasks', 'run', 'first_py_dag_V5', 'greet', 'manual__2024-12-30T12:35:39.485619+00:00', '--job-id', '40', '--raw', '--subdir', 'DAGS_FOLDER/first_dag.py', '--cfg-path', '/tmp/tmpw0worge3', '--error-file', '/tmp/tmpmu5u7imk']
[2024-12-30 12:35:41,206] {standard_task_runner.py:80} INFO - Job 40: Subtask greet
[2024-12-30 12:35:41,239] {task_command.py:370} INFO - Running <TaskInstance: first_py_dag_V5.greet manual__2024-12-30T12:35:39.485619+00:00 [running]> on host 0766066e7c2f
[2024-12-30 12:35:41,288] {taskinstance.py:1571} INFO - Exporting the following env vars:
AIRFLOW_CTX_DAG_OWNER=swetansu
AIRFLOW_CTX_DAG_ID=first_py_dag_V5
AIRFLOW_CTX_TASK_ID=greet
AIRFLOW_CTX_EXECUTION_DATE=2024-12-30T12:35:39.485619+00:00
AIRFLOW_CTX_TRY_NUMBER=1
AIRFLOW_CTX_DAG_RUN_ID=manual__2024-12-30T12:35:39.485619+00:00
[2024-12-30 12:35:41,301] {logging_mixin.py:115} INFO - hi i am swetansu mohanty and i am 25 years old
[2024-12-30 12:35:41,302] {python.py:173} INFO - Done. Returned value was: None
[2024-12-30 12:35:41,311] {taskinstance.py:1400} INFO - Marking task as SUCCESS. dag_id=first_py_dag_V5, task_id=greet, execution_date=20241230T123539, start_date=20241230T123541, end_date=20241230T123541
[2024-12-30 12:35:41,337] {local_task_job.py:156} INFO - Task exited with return code 0
[2024-12-30 12:35:41,361] {local_task_job.py:273} INFO - 0 downstream tasks scheduled from follow-on schedule check
