[2024-12-30 16:08:21,231] {taskinstance.py:1159} INFO - Dependencies all met for <TaskInstance: dag_with_cron_expression_v1.task1 scheduled__2024-12-26T03:00:00+00:00 [queued]>
[2024-12-30 16:08:21,244] {taskinstance.py:1159} INFO - Dependencies all met for <TaskInstance: dag_with_cron_expression_v1.task1 scheduled__2024-12-26T03:00:00+00:00 [queued]>
[2024-12-30 16:08:21,245] {taskinstance.py:1356} INFO - 
--------------------------------------------------------------------------------
[2024-12-30 16:08:21,245] {taskinstance.py:1357} INFO - Starting attempt 1 of 6
[2024-12-30 16:08:21,245] {taskinstance.py:1358} INFO - 
--------------------------------------------------------------------------------
[2024-12-30 16:08:21,264] {taskinstance.py:1377} INFO - Executing <Task(BashOperator): task1> on 2024-12-26 03:00:00+00:00
[2024-12-30 16:08:21,271] {standard_task_runner.py:52} INFO - Started process 240 to run task
[2024-12-30 16:08:21,276] {standard_task_runner.py:79} INFO - Running: ['***', 'tasks', 'run', 'dag_with_cron_expression_v1', 'task1', 'scheduled__2024-12-26T03:00:00+00:00', '--job-id', '6', '--raw', '--subdir', 'DAGS_FOLDER/dag_with_cron_expression.py', '--cfg-path', '/tmp/tmp6vo88hjr', '--error-file', '/tmp/tmphwozy0fs']
[2024-12-30 16:08:21,277] {standard_task_runner.py:80} INFO - Job 6: Subtask task1
[2024-12-30 16:08:21,500] {task_command.py:370} INFO - Running <TaskInstance: dag_with_cron_expression_v1.task1 scheduled__2024-12-26T03:00:00+00:00 [running]> on host 6cc45a54c9f6
[2024-12-30 16:08:21,770] {taskinstance.py:1571} INFO - Exporting the following env vars:
AIRFLOW_CTX_DAG_OWNER=swetansu
AIRFLOW_CTX_DAG_ID=dag_with_cron_expression_v1
AIRFLOW_CTX_TASK_ID=task1
AIRFLOW_CTX_EXECUTION_DATE=2024-12-26T03:00:00+00:00
AIRFLOW_CTX_TRY_NUMBER=1
AIRFLOW_CTX_DAG_RUN_ID=scheduled__2024-12-26T03:00:00+00:00
[2024-12-30 16:08:21,771] {subprocess.py:62} INFO - Tmp dir root location: 
 /tmp
[2024-12-30 16:08:21,775] {subprocess.py:74} INFO - Running command: ['bash', '-c', 'echo test_catchup']
[2024-12-30 16:08:21,809] {subprocess.py:85} INFO - Output:
[2024-12-30 16:08:21,810] {subprocess.py:92} INFO - test_catchup
[2024-12-30 16:08:21,811] {subprocess.py:96} INFO - Command exited with return code 0
[2024-12-30 16:08:21,854] {taskinstance.py:1400} INFO - Marking task as SUCCESS. dag_id=dag_with_cron_expression_v1, task_id=task1, execution_date=20241226T030000, start_date=20241230T160821, end_date=20241230T160821
[2024-12-30 16:08:21,896] {local_task_job.py:156} INFO - Task exited with return code 0
[2024-12-30 16:08:21,955] {local_task_job.py:273} INFO - 0 downstream tasks scheduled from follow-on schedule check
