[2024-12-30 12:25:39,505] {taskinstance.py:1159} INFO - Dependencies all met for <TaskInstance: first_py_dag_V2.greet manual__2024-12-30T12:23:37.274476+00:00 [queued]>
[2024-12-30 12:25:39,512] {taskinstance.py:1159} INFO - Dependencies all met for <TaskInstance: first_py_dag_V2.greet manual__2024-12-30T12:23:37.274476+00:00 [queued]>
[2024-12-30 12:25:39,512] {taskinstance.py:1356} INFO - 
--------------------------------------------------------------------------------
[2024-12-30 12:25:39,512] {taskinstance.py:1357} INFO - Starting attempt 2 of 6
[2024-12-30 12:25:39,512] {taskinstance.py:1358} INFO - 
--------------------------------------------------------------------------------
[2024-12-30 12:25:39,522] {taskinstance.py:1377} INFO - Executing <Task(PythonOperator): greet> on 2024-12-30 12:23:37.274476+00:00
[2024-12-30 12:25:39,526] {standard_task_runner.py:52} INFO - Started process 14117 to run task
[2024-12-30 12:25:39,528] {standard_task_runner.py:79} INFO - Running: ['***', 'tasks', 'run', 'first_py_dag_V2', 'greet', 'manual__2024-12-30T12:23:37.274476+00:00', '--job-id', '31', '--raw', '--subdir', 'DAGS_FOLDER/first_dag.py', '--cfg-path', '/tmp/tmp8sz6_msp', '--error-file', '/tmp/tmpqu6s_w8i']
[2024-12-30 12:25:39,529] {standard_task_runner.py:80} INFO - Job 31: Subtask greet
[2024-12-30 12:25:39,564] {task_command.py:370} INFO - Running <TaskInstance: first_py_dag_V2.greet manual__2024-12-30T12:23:37.274476+00:00 [running]> on host 0766066e7c2f
[2024-12-30 12:25:39,618] {taskinstance.py:1571} INFO - Exporting the following env vars:
AIRFLOW_CTX_DAG_OWNER=swetansu
AIRFLOW_CTX_DAG_ID=first_py_dag_V2
AIRFLOW_CTX_TASK_ID=greet
AIRFLOW_CTX_EXECUTION_DATE=2024-12-30T12:23:37.274476+00:00
AIRFLOW_CTX_TRY_NUMBER=2
AIRFLOW_CTX_DAG_RUN_ID=manual__2024-12-30T12:23:37.274476+00:00
[2024-12-30 12:25:39,626] {logging_mixin.py:115} INFO - hi i am jerry and i am 25 years old
[2024-12-30 12:25:39,627] {python.py:173} INFO - Done. Returned value was: None
[2024-12-30 12:25:39,636] {taskinstance.py:1400} INFO - Marking task as SUCCESS. dag_id=first_py_dag_V2, task_id=greet, execution_date=20241230T122337, start_date=20241230T122539, end_date=20241230T122539
[2024-12-30 12:25:39,660] {local_task_job.py:156} INFO - Task exited with return code 0
[2024-12-30 12:25:39,684] {local_task_job.py:273} INFO - 0 downstream tasks scheduled from follow-on schedule check
