[2024-12-30 12:11:11,821] {taskinstance.py:1159} INFO - Dependencies all met for <TaskInstance: first_py_dag_V3.greet manual__2024-12-30T12:11:10.881086+00:00 [queued]>
[2024-12-30 12:11:11,828] {taskinstance.py:1159} INFO - Dependencies all met for <TaskInstance: first_py_dag_V3.greet manual__2024-12-30T12:11:10.881086+00:00 [queued]>
[2024-12-30 12:11:11,829] {taskinstance.py:1356} INFO - 
--------------------------------------------------------------------------------
[2024-12-30 12:11:11,829] {taskinstance.py:1357} INFO - Starting attempt 1 of 6
[2024-12-30 12:11:11,829] {taskinstance.py:1358} INFO - 
--------------------------------------------------------------------------------
[2024-12-30 12:11:11,838] {taskinstance.py:1377} INFO - Executing <Task(PythonOperator): greet> on 2024-12-30 12:11:10.881086+00:00
[2024-12-30 12:11:11,843] {standard_task_runner.py:52} INFO - Started process 13217 to run task
[2024-12-30 12:11:11,845] {standard_task_runner.py:79} INFO - Running: ['***', 'tasks', 'run', 'first_py_dag_V3', 'greet', 'manual__2024-12-30T12:11:10.881086+00:00', '--job-id', '23', '--raw', '--subdir', 'DAGS_FOLDER/first_dag.py', '--cfg-path', '/tmp/tmpi4e0gkjl', '--error-file', '/tmp/tmp6cdccvt2']
[2024-12-30 12:11:11,846] {standard_task_runner.py:80} INFO - Job 23: Subtask greet
[2024-12-30 12:11:11,881] {task_command.py:370} INFO - Running <TaskInstance: first_py_dag_V3.greet manual__2024-12-30T12:11:10.881086+00:00 [running]> on host 0766066e7c2f
[2024-12-30 12:11:11,931] {taskinstance.py:1571} INFO - Exporting the following env vars:
AIRFLOW_CTX_DAG_OWNER=swetansu
AIRFLOW_CTX_DAG_ID=first_py_dag_V3
AIRFLOW_CTX_TASK_ID=greet
AIRFLOW_CTX_EXECUTION_DATE=2024-12-30T12:11:10.881086+00:00
AIRFLOW_CTX_TRY_NUMBER=1
AIRFLOW_CTX_DAG_RUN_ID=manual__2024-12-30T12:11:10.881086+00:00
[2024-12-30 12:11:11,931] {logging_mixin.py:115} INFO - hi i am Ram and i am 25 years old
[2024-12-30 12:11:11,931] {python.py:173} INFO - Done. Returned value was: None
[2024-12-30 12:11:11,940] {taskinstance.py:1400} INFO - Marking task as SUCCESS. dag_id=first_py_dag_V3, task_id=greet, execution_date=20241230T121110, start_date=20241230T121111, end_date=20241230T121111
[2024-12-30 12:11:11,977] {local_task_job.py:156} INFO - Task exited with return code 0
[2024-12-30 12:11:12,014] {local_task_job.py:273} INFO - 0 downstream tasks scheduled from follow-on schedule check
