[2024-12-30 12:24:26,763] {taskinstance.py:1159} INFO - Dependencies all met for <TaskInstance: first_py_dag_V2.greet manual__2024-12-30T12:24:25.187053+00:00 [queued]>
[2024-12-30 12:24:26,772] {taskinstance.py:1159} INFO - Dependencies all met for <TaskInstance: first_py_dag_V2.greet manual__2024-12-30T12:24:25.187053+00:00 [queued]>
[2024-12-30 12:24:26,772] {taskinstance.py:1356} INFO - 
--------------------------------------------------------------------------------
[2024-12-30 12:24:26,772] {taskinstance.py:1357} INFO - Starting attempt 1 of 6
[2024-12-30 12:24:26,772] {taskinstance.py:1358} INFO - 
--------------------------------------------------------------------------------
[2024-12-30 12:24:26,784] {taskinstance.py:1377} INFO - Executing <Task(PythonOperator): greet> on 2024-12-30 12:24:25.187053+00:00
[2024-12-30 12:24:26,790] {standard_task_runner.py:52} INFO - Started process 14037 to run task
[2024-12-30 12:24:26,792] {standard_task_runner.py:79} INFO - Running: ['***', 'tasks', 'run', 'first_py_dag_V2', 'greet', 'manual__2024-12-30T12:24:25.187053+00:00', '--job-id', '30', '--raw', '--subdir', 'DAGS_FOLDER/first_dag.py', '--cfg-path', '/tmp/tmp44q0c518', '--error-file', '/tmp/tmpegf1uqdb']
[2024-12-30 12:24:26,793] {standard_task_runner.py:80} INFO - Job 30: Subtask greet
[2024-12-30 12:24:26,845] {task_command.py:370} INFO - Running <TaskInstance: first_py_dag_V2.greet manual__2024-12-30T12:24:25.187053+00:00 [running]> on host 0766066e7c2f
[2024-12-30 12:24:26,939] {taskinstance.py:1571} INFO - Exporting the following env vars:
AIRFLOW_CTX_DAG_OWNER=swetansu
AIRFLOW_CTX_DAG_ID=first_py_dag_V2
AIRFLOW_CTX_TASK_ID=greet
AIRFLOW_CTX_EXECUTION_DATE=2024-12-30T12:24:25.187053+00:00
AIRFLOW_CTX_TRY_NUMBER=1
AIRFLOW_CTX_DAG_RUN_ID=manual__2024-12-30T12:24:25.187053+00:00
[2024-12-30 12:24:26,958] {logging_mixin.py:115} INFO - hi i am jerry and i am 25 years old
[2024-12-30 12:24:26,958] {python.py:173} INFO - Done. Returned value was: None
[2024-12-30 12:24:26,973] {taskinstance.py:1400} INFO - Marking task as SUCCESS. dag_id=first_py_dag_V2, task_id=greet, execution_date=20241230T122425, start_date=20241230T122426, end_date=20241230T122426
[2024-12-30 12:24:27,006] {local_task_job.py:156} INFO - Task exited with return code 0
[2024-12-30 12:24:27,036] {local_task_job.py:273} INFO - 0 downstream tasks scheduled from follow-on schedule check
