[2024-12-30 14:56:04,979] {taskinstance.py:1159} INFO - Dependencies all met for <TaskInstance: dag_with_taskflow_api_v3.get_age manual__2024-12-30T14:56:04.676259+00:00 [queued]>
[2024-12-30 14:56:04,991] {taskinstance.py:1159} INFO - Dependencies all met for <TaskInstance: dag_with_taskflow_api_v3.get_age manual__2024-12-30T14:56:04.676259+00:00 [queued]>
[2024-12-30 14:56:04,991] {taskinstance.py:1356} INFO - 
--------------------------------------------------------------------------------
[2024-12-30 14:56:04,992] {taskinstance.py:1357} INFO - Starting attempt 1 of 6
[2024-12-30 14:56:04,992] {taskinstance.py:1358} INFO - 
--------------------------------------------------------------------------------
[2024-12-30 14:56:05,012] {taskinstance.py:1377} INFO - Executing <Task(_PythonDecoratedOperator): get_age> on 2024-12-30 14:56:04.676259+00:00
[2024-12-30 14:56:05,021] {standard_task_runner.py:52} INFO - Started process 689 to run task
[2024-12-30 14:56:05,027] {standard_task_runner.py:79} INFO - Running: ['***', 'tasks', 'run', 'dag_with_taskflow_api_v3', 'get_age', 'manual__2024-12-30T14:56:04.676259+00:00', '--job-id', '13', '--raw', '--subdir', 'DAGS_FOLDER/dag_with_taskflow_api.py', '--cfg-path', '/tmp/tmpzh_zw6rb', '--error-file', '/tmp/tmpiuxmq7be']
[2024-12-30 14:56:05,028] {standard_task_runner.py:80} INFO - Job 13: Subtask get_age
[2024-12-30 14:56:05,126] {task_command.py:370} INFO - Running <TaskInstance: dag_with_taskflow_api_v3.get_age manual__2024-12-30T14:56:04.676259+00:00 [running]> on host 0c4a021d66c8
[2024-12-30 14:56:05,244] {taskinstance.py:1571} INFO - Exporting the following env vars:
AIRFLOW_CTX_DAG_OWNER=swetansu
AIRFLOW_CTX_DAG_ID=dag_with_taskflow_api_v3
AIRFLOW_CTX_TASK_ID=get_age
AIRFLOW_CTX_EXECUTION_DATE=2024-12-30T14:56:04.676259+00:00
AIRFLOW_CTX_TRY_NUMBER=1
AIRFLOW_CTX_DAG_RUN_ID=manual__2024-12-30T14:56:04.676259+00:00
[2024-12-30 14:56:05,245] {python.py:173} INFO - Done. Returned value was: 20
[2024-12-30 14:56:05,266] {taskinstance.py:1400} INFO - Marking task as SUCCESS. dag_id=dag_with_taskflow_api_v3, task_id=get_age, execution_date=20241230T145604, start_date=20241230T145604, end_date=20241230T145605
[2024-12-30 14:56:05,286] {local_task_job.py:156} INFO - Task exited with return code 0
[2024-12-30 14:56:05,324] {local_task_job.py:273} INFO - 0 downstream tasks scheduled from follow-on schedule check
