[2024-12-30 14:55:58,739] {taskinstance.py:1159} INFO - Dependencies all met for <TaskInstance: dag_with_taskflow_api_v3.get_name manual__2024-12-30T14:55:58.200309+00:00 [queued]>
[2024-12-30 14:55:58,750] {taskinstance.py:1159} INFO - Dependencies all met for <TaskInstance: dag_with_taskflow_api_v3.get_name manual__2024-12-30T14:55:58.200309+00:00 [queued]>
[2024-12-30 14:55:58,750] {taskinstance.py:1356} INFO - 
--------------------------------------------------------------------------------
[2024-12-30 14:55:58,750] {taskinstance.py:1357} INFO - Starting attempt 1 of 6
[2024-12-30 14:55:58,750] {taskinstance.py:1358} INFO - 
--------------------------------------------------------------------------------
[2024-12-30 14:55:58,763] {taskinstance.py:1377} INFO - Executing <Task(_PythonDecoratedOperator): get_name> on 2024-12-30 14:55:58.200309+00:00
[2024-12-30 14:55:58,770] {standard_task_runner.py:52} INFO - Started process 674 to run task
[2024-12-30 14:55:58,774] {standard_task_runner.py:79} INFO - Running: ['***', 'tasks', 'run', 'dag_with_taskflow_api_v3', 'get_name', 'manual__2024-12-30T14:55:58.200309+00:00', '--job-id', '10', '--raw', '--subdir', 'DAGS_FOLDER/dag_with_taskflow_api.py', '--cfg-path', '/tmp/tmp22y05ybk', '--error-file', '/tmp/tmptq3kozls']
[2024-12-30 14:55:58,774] {standard_task_runner.py:80} INFO - Job 10: Subtask get_name
[2024-12-30 14:55:58,818] {task_command.py:370} INFO - Running <TaskInstance: dag_with_taskflow_api_v3.get_name manual__2024-12-30T14:55:58.200309+00:00 [running]> on host 0c4a021d66c8
[2024-12-30 14:55:58,885] {taskinstance.py:1571} INFO - Exporting the following env vars:
AIRFLOW_CTX_DAG_OWNER=swetansu
AIRFLOW_CTX_DAG_ID=dag_with_taskflow_api_v3
AIRFLOW_CTX_TASK_ID=get_name
AIRFLOW_CTX_EXECUTION_DATE=2024-12-30T14:55:58.200309+00:00
AIRFLOW_CTX_TRY_NUMBER=1
AIRFLOW_CTX_DAG_RUN_ID=manual__2024-12-30T14:55:58.200309+00:00
[2024-12-30 14:55:58,886] {python.py:173} INFO - Done. Returned value was: {'first_name': 'swetansu', 'last_name': 'mohanty'}
[2024-12-30 14:55:58,914] {taskinstance.py:1400} INFO - Marking task as SUCCESS. dag_id=dag_with_taskflow_api_v3, task_id=get_name, execution_date=20241230T145558, start_date=20241230T145558, end_date=20241230T145558
[2024-12-30 14:55:58,946] {local_task_job.py:156} INFO - Task exited with return code 0
[2024-12-30 14:55:58,976] {local_task_job.py:273} INFO - 0 downstream tasks scheduled from follow-on schedule check
