[2024-12-30 07:51:01,090] {processor.py:153} INFO - Started process (PID=294) to work on /home/airflow/.local/lib/python3.7/site-packages/airflow/example_dags/example_short_circuit_operator.py
[2024-12-30 07:51:01,090] {processor.py:641} INFO - Processing file /home/airflow/.local/lib/python3.7/site-packages/airflow/example_dags/example_short_circuit_operator.py for tasks to queue
[2024-12-30 07:51:01,091] {logging_mixin.py:115} INFO - [2024-12-30 07:51:01,091] {dagbag.py:507} INFO - Filling up the DagBag from /home/airflow/.local/lib/python3.7/site-packages/airflow/example_dags/example_short_circuit_operator.py
[2024-12-30 07:51:01,104] {processor.py:651} INFO - DAG(s) dict_keys(['example_short_circuit_operator']) retrieved from /home/airflow/.local/lib/python3.7/site-packages/airflow/example_dags/example_short_circuit_operator.py
[2024-12-30 07:51:01,246] {logging_mixin.py:115} INFO - [2024-12-30 07:51:01,246] {manager.py:508} INFO - Created Permission View: can read on DAG:example_short_circuit_operator
[2024-12-30 07:51:01,279] {logging_mixin.py:115} INFO - [2024-12-30 07:51:01,279] {manager.py:508} INFO - Created Permission View: can edit on DAG:example_short_circuit_operator
[2024-12-30 07:51:01,290] {logging_mixin.py:115} INFO - [2024-12-30 07:51:01,290] {manager.py:508} INFO - Created Permission View: can delete on DAG:example_short_circuit_operator
[2024-12-30 07:51:01,290] {logging_mixin.py:115} INFO - [2024-12-30 07:51:01,290] {dag.py:2379} INFO - Sync 1 DAGs
[2024-12-30 07:51:01,309] {logging_mixin.py:115} INFO - [2024-12-30 07:51:01,309] {dag.py:2398} INFO - Creating ORM DAG for example_short_circuit_operator
[2024-12-30 07:51:01,326] {logging_mixin.py:115} INFO - [2024-12-30 07:51:01,326] {dag.py:2931} INFO - Setting next_dagrun for example_short_circuit_operator to 2024-12-29T07:51:01.326125+00:00, run_after=2024-12-30T07:51:01.326125+00:00
[2024-12-30 07:51:01,344] {processor.py:161} INFO - Processing /home/airflow/.local/lib/python3.7/site-packages/airflow/example_dags/example_short_circuit_operator.py took 0.257 seconds
[2024-12-30 07:51:31,445] {processor.py:153} INFO - Started process (PID=483) to work on /home/airflow/.local/lib/python3.7/site-packages/airflow/example_dags/example_short_circuit_operator.py
[2024-12-30 07:51:31,446] {processor.py:641} INFO - Processing file /home/airflow/.local/lib/python3.7/site-packages/airflow/example_dags/example_short_circuit_operator.py for tasks to queue
[2024-12-30 07:51:31,447] {logging_mixin.py:115} INFO - [2024-12-30 07:51:31,447] {dagbag.py:507} INFO - Filling up the DagBag from /home/airflow/.local/lib/python3.7/site-packages/airflow/example_dags/example_short_circuit_operator.py
[2024-12-30 07:51:31,463] {processor.py:651} INFO - DAG(s) dict_keys(['example_short_circuit_operator']) retrieved from /home/airflow/.local/lib/python3.7/site-packages/airflow/example_dags/example_short_circuit_operator.py
[2024-12-30 07:51:31,501] {logging_mixin.py:115} INFO - [2024-12-30 07:51:31,501] {dag.py:2379} INFO - Sync 1 DAGs
[2024-12-30 07:51:31,529] {logging_mixin.py:115} INFO - [2024-12-30 07:51:31,529] {dag.py:2931} INFO - Setting next_dagrun for example_short_circuit_operator to 2024-12-29T07:51:31.529082+00:00, run_after=2024-12-30T07:51:31.529082+00:00
[2024-12-30 07:51:31,544] {processor.py:161} INFO - Processing /home/airflow/.local/lib/python3.7/site-packages/airflow/example_dags/example_short_circuit_operator.py took 0.105 seconds
[2024-12-30 07:52:02,412] {processor.py:153} INFO - Started process (PID=678) to work on /home/airflow/.local/lib/python3.7/site-packages/airflow/example_dags/example_short_circuit_operator.py
[2024-12-30 07:52:02,412] {processor.py:641} INFO - Processing file /home/airflow/.local/lib/python3.7/site-packages/airflow/example_dags/example_short_circuit_operator.py for tasks to queue
[2024-12-30 07:52:02,413] {logging_mixin.py:115} INFO - [2024-12-30 07:52:02,413] {dagbag.py:507} INFO - Filling up the DagBag from /home/airflow/.local/lib/python3.7/site-packages/airflow/example_dags/example_short_circuit_operator.py
[2024-12-30 07:52:02,421] {processor.py:651} INFO - DAG(s) dict_keys(['example_short_circuit_operator']) retrieved from /home/airflow/.local/lib/python3.7/site-packages/airflow/example_dags/example_short_circuit_operator.py
[2024-12-30 07:52:02,440] {logging_mixin.py:115} INFO - [2024-12-30 07:52:02,440] {dag.py:2379} INFO - Sync 1 DAGs
[2024-12-30 07:52:02,461] {logging_mixin.py:115} INFO - [2024-12-30 07:52:02,461] {dag.py:2931} INFO - Setting next_dagrun for example_short_circuit_operator to 2024-12-29T07:52:02.461233+00:00, run_after=2024-12-30T07:52:02.461233+00:00
[2024-12-30 07:52:02,470] {processor.py:161} INFO - Processing /home/airflow/.local/lib/python3.7/site-packages/airflow/example_dags/example_short_circuit_operator.py took 0.061 seconds
[2024-12-30 07:52:32,613] {processor.py:153} INFO - Started process (PID=875) to work on /home/airflow/.local/lib/python3.7/site-packages/airflow/example_dags/example_short_circuit_operator.py
[2024-12-30 07:52:32,614] {processor.py:641} INFO - Processing file /home/airflow/.local/lib/python3.7/site-packages/airflow/example_dags/example_short_circuit_operator.py for tasks to queue
[2024-12-30 07:52:32,618] {logging_mixin.py:115} INFO - [2024-12-30 07:52:32,618] {dagbag.py:507} INFO - Filling up the DagBag from /home/airflow/.local/lib/python3.7/site-packages/airflow/example_dags/example_short_circuit_operator.py
[2024-12-30 07:52:32,637] {processor.py:651} INFO - DAG(s) dict_keys(['example_short_circuit_operator']) retrieved from /home/airflow/.local/lib/python3.7/site-packages/airflow/example_dags/example_short_circuit_operator.py
[2024-12-30 07:52:32,671] {logging_mixin.py:115} INFO - [2024-12-30 07:52:32,671] {dag.py:2379} INFO - Sync 1 DAGs
[2024-12-30 07:52:32,698] {logging_mixin.py:115} INFO - [2024-12-30 07:52:32,698] {dag.py:2931} INFO - Setting next_dagrun for example_short_circuit_operator to 2024-12-29T07:52:32.697373+00:00, run_after=2024-12-30T07:52:32.697373+00:00
[2024-12-30 07:52:32,718] {processor.py:161} INFO - Processing /home/airflow/.local/lib/python3.7/site-packages/airflow/example_dags/example_short_circuit_operator.py took 0.108 seconds
[2024-12-30 07:53:03,625] {processor.py:153} INFO - Started process (PID=1062) to work on /home/airflow/.local/lib/python3.7/site-packages/airflow/example_dags/example_short_circuit_operator.py
[2024-12-30 07:53:03,626] {processor.py:641} INFO - Processing file /home/airflow/.local/lib/python3.7/site-packages/airflow/example_dags/example_short_circuit_operator.py for tasks to queue
[2024-12-30 07:53:03,626] {logging_mixin.py:115} INFO - [2024-12-30 07:53:03,626] {dagbag.py:507} INFO - Filling up the DagBag from /home/airflow/.local/lib/python3.7/site-packages/airflow/example_dags/example_short_circuit_operator.py
[2024-12-30 07:53:03,644] {processor.py:651} INFO - DAG(s) dict_keys(['example_short_circuit_operator']) retrieved from /home/airflow/.local/lib/python3.7/site-packages/airflow/example_dags/example_short_circuit_operator.py
[2024-12-30 07:53:03,673] {logging_mixin.py:115} INFO - [2024-12-30 07:53:03,673] {dag.py:2379} INFO - Sync 1 DAGs
[2024-12-30 07:53:03,699] {logging_mixin.py:115} INFO - [2024-12-30 07:53:03,699] {dag.py:2931} INFO - Setting next_dagrun for example_short_circuit_operator to 2024-12-29T07:53:03.698795+00:00, run_after=2024-12-30T07:53:03.698795+00:00
[2024-12-30 07:53:03,713] {processor.py:161} INFO - Processing /home/airflow/.local/lib/python3.7/site-packages/airflow/example_dags/example_short_circuit_operator.py took 0.090 seconds
[2024-12-30 07:53:34,657] {processor.py:153} INFO - Started process (PID=1278) to work on /home/airflow/.local/lib/python3.7/site-packages/airflow/example_dags/example_short_circuit_operator.py
[2024-12-30 07:53:34,658] {processor.py:641} INFO - Processing file /home/airflow/.local/lib/python3.7/site-packages/airflow/example_dags/example_short_circuit_operator.py for tasks to queue
[2024-12-30 07:53:34,660] {logging_mixin.py:115} INFO - [2024-12-30 07:53:34,659] {dagbag.py:507} INFO - Filling up the DagBag from /home/airflow/.local/lib/python3.7/site-packages/airflow/example_dags/example_short_circuit_operator.py
[2024-12-30 07:53:34,673] {processor.py:651} INFO - DAG(s) dict_keys(['example_short_circuit_operator']) retrieved from /home/airflow/.local/lib/python3.7/site-packages/airflow/example_dags/example_short_circuit_operator.py
[2024-12-30 07:53:34,699] {logging_mixin.py:115} INFO - [2024-12-30 07:53:34,699] {dag.py:2379} INFO - Sync 1 DAGs
[2024-12-30 07:53:34,724] {logging_mixin.py:115} INFO - [2024-12-30 07:53:34,723] {dag.py:2931} INFO - Setting next_dagrun for example_short_circuit_operator to 2024-12-29T07:53:34.723585+00:00, run_after=2024-12-30T07:53:34.723585+00:00
[2024-12-30 07:53:34,734] {processor.py:161} INFO - Processing /home/airflow/.local/lib/python3.7/site-packages/airflow/example_dags/example_short_circuit_operator.py took 0.080 seconds
[2024-12-30 07:54:05,311] {processor.py:153} INFO - Started process (PID=1494) to work on /home/airflow/.local/lib/python3.7/site-packages/airflow/example_dags/example_short_circuit_operator.py
[2024-12-30 07:54:05,311] {processor.py:641} INFO - Processing file /home/airflow/.local/lib/python3.7/site-packages/airflow/example_dags/example_short_circuit_operator.py for tasks to queue
[2024-12-30 07:54:05,311] {logging_mixin.py:115} INFO - [2024-12-30 07:54:05,311] {dagbag.py:507} INFO - Filling up the DagBag from /home/airflow/.local/lib/python3.7/site-packages/airflow/example_dags/example_short_circuit_operator.py
[2024-12-30 07:54:05,321] {processor.py:651} INFO - DAG(s) dict_keys(['example_short_circuit_operator']) retrieved from /home/airflow/.local/lib/python3.7/site-packages/airflow/example_dags/example_short_circuit_operator.py
[2024-12-30 07:54:05,341] {logging_mixin.py:115} INFO - [2024-12-30 07:54:05,341] {dag.py:2379} INFO - Sync 1 DAGs
[2024-12-30 07:54:05,356] {logging_mixin.py:115} INFO - [2024-12-30 07:54:05,356] {dag.py:2931} INFO - Setting next_dagrun for example_short_circuit_operator to 2024-12-29T07:54:05.356441+00:00, run_after=2024-12-30T07:54:05.356441+00:00
[2024-12-30 07:54:05,365] {processor.py:161} INFO - Processing /home/airflow/.local/lib/python3.7/site-packages/airflow/example_dags/example_short_circuit_operator.py took 0.057 seconds
[2024-12-30 07:54:36,024] {processor.py:153} INFO - Started process (PID=1682) to work on /home/airflow/.local/lib/python3.7/site-packages/airflow/example_dags/example_short_circuit_operator.py
[2024-12-30 07:54:36,026] {processor.py:641} INFO - Processing file /home/airflow/.local/lib/python3.7/site-packages/airflow/example_dags/example_short_circuit_operator.py for tasks to queue
[2024-12-30 07:54:36,027] {logging_mixin.py:115} INFO - [2024-12-30 07:54:36,027] {dagbag.py:507} INFO - Filling up the DagBag from /home/airflow/.local/lib/python3.7/site-packages/airflow/example_dags/example_short_circuit_operator.py
[2024-12-30 07:54:36,058] {processor.py:651} INFO - DAG(s) dict_keys(['example_short_circuit_operator']) retrieved from /home/airflow/.local/lib/python3.7/site-packages/airflow/example_dags/example_short_circuit_operator.py
[2024-12-30 07:54:36,146] {logging_mixin.py:115} INFO - [2024-12-30 07:54:36,146] {dag.py:2379} INFO - Sync 1 DAGs
[2024-12-30 07:54:36,190] {logging_mixin.py:115} INFO - [2024-12-30 07:54:36,190] {dag.py:2931} INFO - Setting next_dagrun for example_short_circuit_operator to 2024-12-29T07:54:36.189910+00:00, run_after=2024-12-30T07:54:36.189910+00:00
[2024-12-30 07:54:36,219] {processor.py:161} INFO - Processing /home/airflow/.local/lib/python3.7/site-packages/airflow/example_dags/example_short_circuit_operator.py took 0.198 seconds
[2024-12-30 07:55:07,077] {processor.py:153} INFO - Started process (PID=1879) to work on /home/airflow/.local/lib/python3.7/site-packages/airflow/example_dags/example_short_circuit_operator.py
[2024-12-30 07:55:07,077] {processor.py:641} INFO - Processing file /home/airflow/.local/lib/python3.7/site-packages/airflow/example_dags/example_short_circuit_operator.py for tasks to queue
[2024-12-30 07:55:07,079] {logging_mixin.py:115} INFO - [2024-12-30 07:55:07,078] {dagbag.py:507} INFO - Filling up the DagBag from /home/airflow/.local/lib/python3.7/site-packages/airflow/example_dags/example_short_circuit_operator.py
[2024-12-30 07:55:07,094] {processor.py:651} INFO - DAG(s) dict_keys(['example_short_circuit_operator']) retrieved from /home/airflow/.local/lib/python3.7/site-packages/airflow/example_dags/example_short_circuit_operator.py
[2024-12-30 07:55:07,125] {logging_mixin.py:115} INFO - [2024-12-30 07:55:07,125] {dag.py:2379} INFO - Sync 1 DAGs
[2024-12-30 07:55:07,165] {logging_mixin.py:115} INFO - [2024-12-30 07:55:07,164] {dag.py:2931} INFO - Setting next_dagrun for example_short_circuit_operator to 2024-12-29T07:55:07.164546+00:00, run_after=2024-12-30T07:55:07.164546+00:00
[2024-12-30 07:55:07,180] {processor.py:161} INFO - Processing /home/airflow/.local/lib/python3.7/site-packages/airflow/example_dags/example_short_circuit_operator.py took 0.106 seconds
[2024-12-30 07:55:37,825] {processor.py:153} INFO - Started process (PID=2076) to work on /home/airflow/.local/lib/python3.7/site-packages/airflow/example_dags/example_short_circuit_operator.py
[2024-12-30 07:55:37,825] {processor.py:641} INFO - Processing file /home/airflow/.local/lib/python3.7/site-packages/airflow/example_dags/example_short_circuit_operator.py for tasks to queue
[2024-12-30 07:55:37,826] {logging_mixin.py:115} INFO - [2024-12-30 07:55:37,826] {dagbag.py:507} INFO - Filling up the DagBag from /home/airflow/.local/lib/python3.7/site-packages/airflow/example_dags/example_short_circuit_operator.py
[2024-12-30 07:55:37,837] {processor.py:651} INFO - DAG(s) dict_keys(['example_short_circuit_operator']) retrieved from /home/airflow/.local/lib/python3.7/site-packages/airflow/example_dags/example_short_circuit_operator.py
[2024-12-30 07:55:37,859] {logging_mixin.py:115} INFO - [2024-12-30 07:55:37,859] {dag.py:2379} INFO - Sync 1 DAGs
[2024-12-30 07:55:37,875] {logging_mixin.py:115} INFO - [2024-12-30 07:55:37,875] {dag.py:2931} INFO - Setting next_dagrun for example_short_circuit_operator to 2024-12-29T07:55:37.874867+00:00, run_after=2024-12-30T07:55:37.874867+00:00
[2024-12-30 07:55:37,884] {processor.py:161} INFO - Processing /home/airflow/.local/lib/python3.7/site-packages/airflow/example_dags/example_short_circuit_operator.py took 0.062 seconds
[2024-12-30 07:56:08,621] {processor.py:153} INFO - Started process (PID=2273) to work on /home/airflow/.local/lib/python3.7/site-packages/airflow/example_dags/example_short_circuit_operator.py
[2024-12-30 07:56:08,621] {processor.py:641} INFO - Processing file /home/airflow/.local/lib/python3.7/site-packages/airflow/example_dags/example_short_circuit_operator.py for tasks to queue
[2024-12-30 07:56:08,621] {logging_mixin.py:115} INFO - [2024-12-30 07:56:08,621] {dagbag.py:507} INFO - Filling up the DagBag from /home/airflow/.local/lib/python3.7/site-packages/airflow/example_dags/example_short_circuit_operator.py
[2024-12-30 07:56:08,632] {processor.py:651} INFO - DAG(s) dict_keys(['example_short_circuit_operator']) retrieved from /home/airflow/.local/lib/python3.7/site-packages/airflow/example_dags/example_short_circuit_operator.py
[2024-12-30 07:56:08,654] {logging_mixin.py:115} INFO - [2024-12-30 07:56:08,654] {dag.py:2379} INFO - Sync 1 DAGs
[2024-12-30 07:56:08,674] {logging_mixin.py:115} INFO - [2024-12-30 07:56:08,674] {dag.py:2931} INFO - Setting next_dagrun for example_short_circuit_operator to 2024-12-29T07:56:08.673876+00:00, run_after=2024-12-30T07:56:08.673876+00:00
[2024-12-30 07:56:08,682] {processor.py:161} INFO - Processing /home/airflow/.local/lib/python3.7/site-packages/airflow/example_dags/example_short_circuit_operator.py took 0.064 seconds
[2024-12-30 07:56:39,209] {processor.py:153} INFO - Started process (PID=2471) to work on /home/airflow/.local/lib/python3.7/site-packages/airflow/example_dags/example_short_circuit_operator.py
[2024-12-30 07:56:39,210] {processor.py:641} INFO - Processing file /home/airflow/.local/lib/python3.7/site-packages/airflow/example_dags/example_short_circuit_operator.py for tasks to queue
[2024-12-30 07:56:39,211] {logging_mixin.py:115} INFO - [2024-12-30 07:56:39,210] {dagbag.py:507} INFO - Filling up the DagBag from /home/airflow/.local/lib/python3.7/site-packages/airflow/example_dags/example_short_circuit_operator.py
[2024-12-30 07:56:39,222] {processor.py:651} INFO - DAG(s) dict_keys(['example_short_circuit_operator']) retrieved from /home/airflow/.local/lib/python3.7/site-packages/airflow/example_dags/example_short_circuit_operator.py
[2024-12-30 07:56:39,242] {logging_mixin.py:115} INFO - [2024-12-30 07:56:39,241] {dag.py:2379} INFO - Sync 1 DAGs
[2024-12-30 07:56:39,259] {logging_mixin.py:115} INFO - [2024-12-30 07:56:39,259] {dag.py:2931} INFO - Setting next_dagrun for example_short_circuit_operator to 2024-12-29T07:56:39.259421+00:00, run_after=2024-12-30T07:56:39.259421+00:00
[2024-12-30 07:56:39,270] {processor.py:161} INFO - Processing /home/airflow/.local/lib/python3.7/site-packages/airflow/example_dags/example_short_circuit_operator.py took 0.063 seconds
[2024-12-30 07:57:09,834] {processor.py:153} INFO - Started process (PID=2659) to work on /home/airflow/.local/lib/python3.7/site-packages/airflow/example_dags/example_short_circuit_operator.py
[2024-12-30 07:57:09,835] {processor.py:641} INFO - Processing file /home/airflow/.local/lib/python3.7/site-packages/airflow/example_dags/example_short_circuit_operator.py for tasks to queue
[2024-12-30 07:57:09,835] {logging_mixin.py:115} INFO - [2024-12-30 07:57:09,835] {dagbag.py:507} INFO - Filling up the DagBag from /home/airflow/.local/lib/python3.7/site-packages/airflow/example_dags/example_short_circuit_operator.py
[2024-12-30 07:57:09,844] {processor.py:651} INFO - DAG(s) dict_keys(['example_short_circuit_operator']) retrieved from /home/airflow/.local/lib/python3.7/site-packages/airflow/example_dags/example_short_circuit_operator.py
[2024-12-30 07:57:09,867] {logging_mixin.py:115} INFO - [2024-12-30 07:57:09,867] {dag.py:2379} INFO - Sync 1 DAGs
[2024-12-30 07:57:09,889] {logging_mixin.py:115} INFO - [2024-12-30 07:57:09,888] {dag.py:2931} INFO - Setting next_dagrun for example_short_circuit_operator to 2024-12-29T07:57:09.888710+00:00, run_after=2024-12-30T07:57:09.888710+00:00
[2024-12-30 07:57:09,902] {processor.py:161} INFO - Processing /home/airflow/.local/lib/python3.7/site-packages/airflow/example_dags/example_short_circuit_operator.py took 0.070 seconds
[2024-12-30 07:57:40,462] {processor.py:153} INFO - Started process (PID=2857) to work on /home/airflow/.local/lib/python3.7/site-packages/airflow/example_dags/example_short_circuit_operator.py
[2024-12-30 07:57:40,462] {processor.py:641} INFO - Processing file /home/airflow/.local/lib/python3.7/site-packages/airflow/example_dags/example_short_circuit_operator.py for tasks to queue
[2024-12-30 07:57:40,462] {logging_mixin.py:115} INFO - [2024-12-30 07:57:40,462] {dagbag.py:507} INFO - Filling up the DagBag from /home/airflow/.local/lib/python3.7/site-packages/airflow/example_dags/example_short_circuit_operator.py
[2024-12-30 07:57:40,471] {processor.py:651} INFO - DAG(s) dict_keys(['example_short_circuit_operator']) retrieved from /home/airflow/.local/lib/python3.7/site-packages/airflow/example_dags/example_short_circuit_operator.py
[2024-12-30 07:57:40,493] {logging_mixin.py:115} INFO - [2024-12-30 07:57:40,493] {dag.py:2379} INFO - Sync 1 DAGs
[2024-12-30 07:57:40,511] {logging_mixin.py:115} INFO - [2024-12-30 07:57:40,511] {dag.py:2931} INFO - Setting next_dagrun for example_short_circuit_operator to 2024-12-29T07:57:40.510806+00:00, run_after=2024-12-30T07:57:40.510806+00:00
[2024-12-30 07:57:40,521] {processor.py:161} INFO - Processing /home/airflow/.local/lib/python3.7/site-packages/airflow/example_dags/example_short_circuit_operator.py took 0.062 seconds
[2024-12-30 08:30:21,209] {processor.py:153} INFO - Started process (PID=294) to work on /home/airflow/.local/lib/python3.7/site-packages/airflow/example_dags/example_short_circuit_operator.py
[2024-12-30 08:30:21,219] {processor.py:641} INFO - Processing file /home/airflow/.local/lib/python3.7/site-packages/airflow/example_dags/example_short_circuit_operator.py for tasks to queue
[2024-12-30 08:30:21,220] {logging_mixin.py:115} INFO - [2024-12-30 08:30:21,220] {dagbag.py:507} INFO - Filling up the DagBag from /home/airflow/.local/lib/python3.7/site-packages/airflow/example_dags/example_short_circuit_operator.py
[2024-12-30 08:30:21,319] {processor.py:651} INFO - DAG(s) dict_keys(['example_short_circuit_operator']) retrieved from /home/airflow/.local/lib/python3.7/site-packages/airflow/example_dags/example_short_circuit_operator.py
[2024-12-30 08:30:21,710] {logging_mixin.py:115} INFO - [2024-12-30 08:30:21,710] {manager.py:508} INFO - Created Permission View: can delete on DAG:example_short_circuit_operator
[2024-12-30 08:30:21,752] {logging_mixin.py:115} INFO - [2024-12-30 08:30:21,752] {manager.py:508} INFO - Created Permission View: can read on DAG:example_short_circuit_operator
[2024-12-30 08:30:21,765] {logging_mixin.py:115} INFO - [2024-12-30 08:30:21,765] {manager.py:508} INFO - Created Permission View: can edit on DAG:example_short_circuit_operator
[2024-12-30 08:30:21,765] {logging_mixin.py:115} INFO - [2024-12-30 08:30:21,765] {dag.py:2379} INFO - Sync 1 DAGs
[2024-12-30 08:30:21,782] {logging_mixin.py:115} INFO - [2024-12-30 08:30:21,781] {dag.py:2398} INFO - Creating ORM DAG for example_short_circuit_operator
[2024-12-30 08:30:21,804] {logging_mixin.py:115} INFO - [2024-12-30 08:30:21,804] {dag.py:2931} INFO - Setting next_dagrun for example_short_circuit_operator to 2024-12-29T08:30:21.803894+00:00, run_after=2024-12-30T08:30:21.803894+00:00
[2024-12-30 08:30:21,825] {processor.py:161} INFO - Processing /home/airflow/.local/lib/python3.7/site-packages/airflow/example_dags/example_short_circuit_operator.py took 0.642 seconds
[2024-12-30 08:30:52,274] {processor.py:153} INFO - Started process (PID=483) to work on /home/airflow/.local/lib/python3.7/site-packages/airflow/example_dags/example_short_circuit_operator.py
[2024-12-30 08:30:52,279] {processor.py:641} INFO - Processing file /home/airflow/.local/lib/python3.7/site-packages/airflow/example_dags/example_short_circuit_operator.py for tasks to queue
[2024-12-30 08:30:52,280] {logging_mixin.py:115} INFO - [2024-12-30 08:30:52,280] {dagbag.py:507} INFO - Filling up the DagBag from /home/airflow/.local/lib/python3.7/site-packages/airflow/example_dags/example_short_circuit_operator.py
[2024-12-30 08:30:52,293] {processor.py:651} INFO - DAG(s) dict_keys(['example_short_circuit_operator']) retrieved from /home/airflow/.local/lib/python3.7/site-packages/airflow/example_dags/example_short_circuit_operator.py
[2024-12-30 08:30:52,323] {logging_mixin.py:115} INFO - [2024-12-30 08:30:52,323] {dag.py:2379} INFO - Sync 1 DAGs
[2024-12-30 08:30:52,347] {logging_mixin.py:115} INFO - [2024-12-30 08:30:52,347] {dag.py:2931} INFO - Setting next_dagrun for example_short_circuit_operator to 2024-12-29T08:30:52.347428+00:00, run_after=2024-12-30T08:30:52.347428+00:00
[2024-12-30 08:30:52,365] {processor.py:161} INFO - Processing /home/airflow/.local/lib/python3.7/site-packages/airflow/example_dags/example_short_circuit_operator.py took 0.094 seconds
[2024-12-30 08:31:23,154] {processor.py:153} INFO - Started process (PID=681) to work on /home/airflow/.local/lib/python3.7/site-packages/airflow/example_dags/example_short_circuit_operator.py
[2024-12-30 08:31:23,161] {processor.py:641} INFO - Processing file /home/airflow/.local/lib/python3.7/site-packages/airflow/example_dags/example_short_circuit_operator.py for tasks to queue
[2024-12-30 08:31:23,162] {logging_mixin.py:115} INFO - [2024-12-30 08:31:23,162] {dagbag.py:507} INFO - Filling up the DagBag from /home/airflow/.local/lib/python3.7/site-packages/airflow/example_dags/example_short_circuit_operator.py
[2024-12-30 08:31:23,173] {processor.py:651} INFO - DAG(s) dict_keys(['example_short_circuit_operator']) retrieved from /home/airflow/.local/lib/python3.7/site-packages/airflow/example_dags/example_short_circuit_operator.py
[2024-12-30 08:31:23,196] {logging_mixin.py:115} INFO - [2024-12-30 08:31:23,196] {dag.py:2379} INFO - Sync 1 DAGs
[2024-12-30 08:31:23,213] {logging_mixin.py:115} INFO - [2024-12-30 08:31:23,213] {dag.py:2931} INFO - Setting next_dagrun for example_short_circuit_operator to 2024-12-29T08:31:23.213128+00:00, run_after=2024-12-30T08:31:23.213128+00:00
[2024-12-30 08:31:23,222] {processor.py:161} INFO - Processing /home/airflow/.local/lib/python3.7/site-packages/airflow/example_dags/example_short_circuit_operator.py took 0.070 seconds
[2024-12-30 08:31:54,027] {processor.py:153} INFO - Started process (PID=877) to work on /home/airflow/.local/lib/python3.7/site-packages/airflow/example_dags/example_short_circuit_operator.py
[2024-12-30 08:31:54,027] {processor.py:641} INFO - Processing file /home/airflow/.local/lib/python3.7/site-packages/airflow/example_dags/example_short_circuit_operator.py for tasks to queue
[2024-12-30 08:31:54,028] {logging_mixin.py:115} INFO - [2024-12-30 08:31:54,028] {dagbag.py:507} INFO - Filling up the DagBag from /home/airflow/.local/lib/python3.7/site-packages/airflow/example_dags/example_short_circuit_operator.py
[2024-12-30 08:31:54,043] {processor.py:651} INFO - DAG(s) dict_keys(['example_short_circuit_operator']) retrieved from /home/airflow/.local/lib/python3.7/site-packages/airflow/example_dags/example_short_circuit_operator.py
[2024-12-30 08:31:54,070] {logging_mixin.py:115} INFO - [2024-12-30 08:31:54,070] {dag.py:2379} INFO - Sync 1 DAGs
[2024-12-30 08:31:54,088] {logging_mixin.py:115} INFO - [2024-12-30 08:31:54,088] {dag.py:2931} INFO - Setting next_dagrun for example_short_circuit_operator to 2024-12-29T08:31:54.088431+00:00, run_after=2024-12-30T08:31:54.088431+00:00
[2024-12-30 08:31:54,099] {processor.py:161} INFO - Processing /home/airflow/.local/lib/python3.7/site-packages/airflow/example_dags/example_short_circuit_operator.py took 0.076 seconds
