[2024-12-30 07:50:59,836] {processor.py:153} INFO - Started process (PID=254) to work on /home/airflow/.local/lib/python3.7/site-packages/airflow/example_dags/example_branch_operator_decorator.py
[2024-12-30 07:50:59,837] {processor.py:641} INFO - Processing file /home/airflow/.local/lib/python3.7/site-packages/airflow/example_dags/example_branch_operator_decorator.py for tasks to queue
[2024-12-30 07:50:59,837] {logging_mixin.py:115} INFO - [2024-12-30 07:50:59,837] {dagbag.py:507} INFO - Filling up the DagBag from /home/airflow/.local/lib/python3.7/site-packages/airflow/example_dags/example_branch_operator_decorator.py
[2024-12-30 07:50:59,882] {processor.py:651} INFO - DAG(s) dict_keys(['example_branch_python_operator_decorator']) retrieved from /home/airflow/.local/lib/python3.7/site-packages/airflow/example_dags/example_branch_operator_decorator.py
[2024-12-30 07:50:59,982] {logging_mixin.py:115} INFO - [2024-12-30 07:50:59,981] {manager.py:508} INFO - Created Permission View: can read on DAG:example_branch_python_operator_decorator
[2024-12-30 07:50:59,996] {logging_mixin.py:115} INFO - [2024-12-30 07:50:59,996] {manager.py:508} INFO - Created Permission View: can edit on DAG:example_branch_python_operator_decorator
[2024-12-30 07:51:00,006] {logging_mixin.py:115} INFO - [2024-12-30 07:51:00,006] {manager.py:508} INFO - Created Permission View: can delete on DAG:example_branch_python_operator_decorator
[2024-12-30 07:51:00,006] {logging_mixin.py:115} INFO - [2024-12-30 07:51:00,006] {dag.py:2379} INFO - Sync 1 DAGs
[2024-12-30 07:51:00,016] {logging_mixin.py:115} INFO - [2024-12-30 07:51:00,016] {dag.py:2398} INFO - Creating ORM DAG for example_branch_python_operator_decorator
[2024-12-30 07:51:00,040] {logging_mixin.py:115} INFO - [2024-12-30 07:51:00,040] {dag.py:2931} INFO - Setting next_dagrun for example_branch_python_operator_decorator to 2024-12-29T00:00:00+00:00, run_after=2024-12-30T00:00:00+00:00
[2024-12-30 07:51:00,066] {processor.py:161} INFO - Processing /home/airflow/.local/lib/python3.7/site-packages/airflow/example_dags/example_branch_operator_decorator.py took 0.237 seconds
[2024-12-30 07:51:30,677] {processor.py:153} INFO - Started process (PID=446) to work on /home/airflow/.local/lib/python3.7/site-packages/airflow/example_dags/example_branch_operator_decorator.py
[2024-12-30 07:51:30,680] {processor.py:641} INFO - Processing file /home/airflow/.local/lib/python3.7/site-packages/airflow/example_dags/example_branch_operator_decorator.py for tasks to queue
[2024-12-30 07:51:30,681] {logging_mixin.py:115} INFO - [2024-12-30 07:51:30,681] {dagbag.py:507} INFO - Filling up the DagBag from /home/airflow/.local/lib/python3.7/site-packages/airflow/example_dags/example_branch_operator_decorator.py
[2024-12-30 07:51:30,708] {processor.py:651} INFO - DAG(s) dict_keys(['example_branch_python_operator_decorator']) retrieved from /home/airflow/.local/lib/python3.7/site-packages/airflow/example_dags/example_branch_operator_decorator.py
[2024-12-30 07:51:30,749] {logging_mixin.py:115} INFO - [2024-12-30 07:51:30,749] {dag.py:2379} INFO - Sync 1 DAGs
[2024-12-30 07:51:30,777] {logging_mixin.py:115} INFO - [2024-12-30 07:51:30,777] {dag.py:2931} INFO - Setting next_dagrun for example_branch_python_operator_decorator to 2024-12-29T00:00:00+00:00, run_after=2024-12-30T00:00:00+00:00
[2024-12-30 07:51:30,793] {processor.py:161} INFO - Processing /home/airflow/.local/lib/python3.7/site-packages/airflow/example_dags/example_branch_operator_decorator.py took 0.125 seconds
[2024-12-30 07:52:01,052] {processor.py:153} INFO - Started process (PID=645) to work on /home/airflow/.local/lib/python3.7/site-packages/airflow/example_dags/example_branch_operator_decorator.py
[2024-12-30 07:52:01,052] {processor.py:641} INFO - Processing file /home/airflow/.local/lib/python3.7/site-packages/airflow/example_dags/example_branch_operator_decorator.py for tasks to queue
[2024-12-30 07:52:01,053] {logging_mixin.py:115} INFO - [2024-12-30 07:52:01,053] {dagbag.py:507} INFO - Filling up the DagBag from /home/airflow/.local/lib/python3.7/site-packages/airflow/example_dags/example_branch_operator_decorator.py
[2024-12-30 07:52:01,072] {processor.py:651} INFO - DAG(s) dict_keys(['example_branch_python_operator_decorator']) retrieved from /home/airflow/.local/lib/python3.7/site-packages/airflow/example_dags/example_branch_operator_decorator.py
[2024-12-30 07:52:01,091] {logging_mixin.py:115} INFO - [2024-12-30 07:52:01,090] {dag.py:2379} INFO - Sync 1 DAGs
[2024-12-30 07:52:01,105] {logging_mixin.py:115} INFO - [2024-12-30 07:52:01,105] {dag.py:2931} INFO - Setting next_dagrun for example_branch_python_operator_decorator to 2024-12-29T00:00:00+00:00, run_after=2024-12-30T00:00:00+00:00
[2024-12-30 07:52:01,112] {processor.py:161} INFO - Processing /home/airflow/.local/lib/python3.7/site-packages/airflow/example_dags/example_branch_operator_decorator.py took 0.064 seconds
[2024-12-30 07:52:31,215] {processor.py:153} INFO - Started process (PID=833) to work on /home/airflow/.local/lib/python3.7/site-packages/airflow/example_dags/example_branch_operator_decorator.py
[2024-12-30 07:52:31,215] {processor.py:641} INFO - Processing file /home/airflow/.local/lib/python3.7/site-packages/airflow/example_dags/example_branch_operator_decorator.py for tasks to queue
[2024-12-30 07:52:31,216] {logging_mixin.py:115} INFO - [2024-12-30 07:52:31,216] {dagbag.py:507} INFO - Filling up the DagBag from /home/airflow/.local/lib/python3.7/site-packages/airflow/example_dags/example_branch_operator_decorator.py
[2024-12-30 07:52:31,239] {processor.py:651} INFO - DAG(s) dict_keys(['example_branch_python_operator_decorator']) retrieved from /home/airflow/.local/lib/python3.7/site-packages/airflow/example_dags/example_branch_operator_decorator.py
[2024-12-30 07:52:31,270] {logging_mixin.py:115} INFO - [2024-12-30 07:52:31,270] {dag.py:2379} INFO - Sync 1 DAGs
[2024-12-30 07:52:31,296] {logging_mixin.py:115} INFO - [2024-12-30 07:52:31,296] {dag.py:2931} INFO - Setting next_dagrun for example_branch_python_operator_decorator to 2024-12-29T00:00:00+00:00, run_after=2024-12-30T00:00:00+00:00
[2024-12-30 07:52:31,313] {processor.py:161} INFO - Processing /home/airflow/.local/lib/python3.7/site-packages/airflow/example_dags/example_branch_operator_decorator.py took 0.103 seconds
[2024-12-30 07:53:02,179] {processor.py:153} INFO - Started process (PID=1027) to work on /home/airflow/.local/lib/python3.7/site-packages/airflow/example_dags/example_branch_operator_decorator.py
[2024-12-30 07:53:02,179] {processor.py:641} INFO - Processing file /home/airflow/.local/lib/python3.7/site-packages/airflow/example_dags/example_branch_operator_decorator.py for tasks to queue
[2024-12-30 07:53:02,180] {logging_mixin.py:115} INFO - [2024-12-30 07:53:02,180] {dagbag.py:507} INFO - Filling up the DagBag from /home/airflow/.local/lib/python3.7/site-packages/airflow/example_dags/example_branch_operator_decorator.py
[2024-12-30 07:53:02,222] {processor.py:651} INFO - DAG(s) dict_keys(['example_branch_python_operator_decorator']) retrieved from /home/airflow/.local/lib/python3.7/site-packages/airflow/example_dags/example_branch_operator_decorator.py
[2024-12-30 07:53:02,285] {logging_mixin.py:115} INFO - [2024-12-30 07:53:02,285] {dag.py:2379} INFO - Sync 1 DAGs
[2024-12-30 07:53:02,324] {logging_mixin.py:115} INFO - [2024-12-30 07:53:02,324] {dag.py:2931} INFO - Setting next_dagrun for example_branch_python_operator_decorator to 2024-12-29T00:00:00+00:00, run_after=2024-12-30T00:00:00+00:00
[2024-12-30 07:53:02,346] {processor.py:161} INFO - Processing /home/airflow/.local/lib/python3.7/site-packages/airflow/example_dags/example_branch_operator_decorator.py took 0.170 seconds
[2024-12-30 07:53:33,297] {processor.py:153} INFO - Started process (PID=1243) to work on /home/airflow/.local/lib/python3.7/site-packages/airflow/example_dags/example_branch_operator_decorator.py
[2024-12-30 07:53:33,304] {processor.py:641} INFO - Processing file /home/airflow/.local/lib/python3.7/site-packages/airflow/example_dags/example_branch_operator_decorator.py for tasks to queue
[2024-12-30 07:53:33,305] {logging_mixin.py:115} INFO - [2024-12-30 07:53:33,305] {dagbag.py:507} INFO - Filling up the DagBag from /home/airflow/.local/lib/python3.7/site-packages/airflow/example_dags/example_branch_operator_decorator.py
[2024-12-30 07:53:33,325] {processor.py:651} INFO - DAG(s) dict_keys(['example_branch_python_operator_decorator']) retrieved from /home/airflow/.local/lib/python3.7/site-packages/airflow/example_dags/example_branch_operator_decorator.py
[2024-12-30 07:53:33,345] {logging_mixin.py:115} INFO - [2024-12-30 07:53:33,345] {dag.py:2379} INFO - Sync 1 DAGs
[2024-12-30 07:53:33,366] {logging_mixin.py:115} INFO - [2024-12-30 07:53:33,366] {dag.py:2931} INFO - Setting next_dagrun for example_branch_python_operator_decorator to 2024-12-29T00:00:00+00:00, run_after=2024-12-30T00:00:00+00:00
[2024-12-30 07:53:33,376] {processor.py:161} INFO - Processing /home/airflow/.local/lib/python3.7/site-packages/airflow/example_dags/example_branch_operator_decorator.py took 0.081 seconds
[2024-12-30 07:54:03,963] {processor.py:153} INFO - Started process (PID=1459) to work on /home/airflow/.local/lib/python3.7/site-packages/airflow/example_dags/example_branch_operator_decorator.py
[2024-12-30 07:54:03,964] {processor.py:641} INFO - Processing file /home/airflow/.local/lib/python3.7/site-packages/airflow/example_dags/example_branch_operator_decorator.py for tasks to queue
[2024-12-30 07:54:03,964] {logging_mixin.py:115} INFO - [2024-12-30 07:54:03,964] {dagbag.py:507} INFO - Filling up the DagBag from /home/airflow/.local/lib/python3.7/site-packages/airflow/example_dags/example_branch_operator_decorator.py
[2024-12-30 07:54:03,980] {processor.py:651} INFO - DAG(s) dict_keys(['example_branch_python_operator_decorator']) retrieved from /home/airflow/.local/lib/python3.7/site-packages/airflow/example_dags/example_branch_operator_decorator.py
[2024-12-30 07:54:03,999] {logging_mixin.py:115} INFO - [2024-12-30 07:54:03,999] {dag.py:2379} INFO - Sync 1 DAGs
[2024-12-30 07:54:04,016] {logging_mixin.py:115} INFO - [2024-12-30 07:54:04,016] {dag.py:2931} INFO - Setting next_dagrun for example_branch_python_operator_decorator to 2024-12-29T00:00:00+00:00, run_after=2024-12-30T00:00:00+00:00
[2024-12-30 07:54:04,026] {processor.py:161} INFO - Processing /home/airflow/.local/lib/python3.7/site-packages/airflow/example_dags/example_branch_operator_decorator.py took 0.065 seconds
[2024-12-30 07:54:34,609] {processor.py:153} INFO - Started process (PID=1647) to work on /home/airflow/.local/lib/python3.7/site-packages/airflow/example_dags/example_branch_operator_decorator.py
[2024-12-30 07:54:34,609] {processor.py:641} INFO - Processing file /home/airflow/.local/lib/python3.7/site-packages/airflow/example_dags/example_branch_operator_decorator.py for tasks to queue
[2024-12-30 07:54:34,609] {logging_mixin.py:115} INFO - [2024-12-30 07:54:34,609] {dagbag.py:507} INFO - Filling up the DagBag from /home/airflow/.local/lib/python3.7/site-packages/airflow/example_dags/example_branch_operator_decorator.py
[2024-12-30 07:54:34,627] {processor.py:651} INFO - DAG(s) dict_keys(['example_branch_python_operator_decorator']) retrieved from /home/airflow/.local/lib/python3.7/site-packages/airflow/example_dags/example_branch_operator_decorator.py
[2024-12-30 07:54:34,651] {logging_mixin.py:115} INFO - [2024-12-30 07:54:34,650] {dag.py:2379} INFO - Sync 1 DAGs
[2024-12-30 07:54:34,671] {logging_mixin.py:115} INFO - [2024-12-30 07:54:34,671] {dag.py:2931} INFO - Setting next_dagrun for example_branch_python_operator_decorator to 2024-12-29T00:00:00+00:00, run_after=2024-12-30T00:00:00+00:00
[2024-12-30 07:54:34,683] {processor.py:161} INFO - Processing /home/airflow/.local/lib/python3.7/site-packages/airflow/example_dags/example_branch_operator_decorator.py took 0.077 seconds
[2024-12-30 07:55:05,564] {processor.py:153} INFO - Started process (PID=1844) to work on /home/airflow/.local/lib/python3.7/site-packages/airflow/example_dags/example_branch_operator_decorator.py
[2024-12-30 07:55:05,565] {processor.py:641} INFO - Processing file /home/airflow/.local/lib/python3.7/site-packages/airflow/example_dags/example_branch_operator_decorator.py for tasks to queue
[2024-12-30 07:55:05,565] {logging_mixin.py:115} INFO - [2024-12-30 07:55:05,565] {dagbag.py:507} INFO - Filling up the DagBag from /home/airflow/.local/lib/python3.7/site-packages/airflow/example_dags/example_branch_operator_decorator.py
[2024-12-30 07:55:05,592] {processor.py:651} INFO - DAG(s) dict_keys(['example_branch_python_operator_decorator']) retrieved from /home/airflow/.local/lib/python3.7/site-packages/airflow/example_dags/example_branch_operator_decorator.py
[2024-12-30 07:55:05,623] {logging_mixin.py:115} INFO - [2024-12-30 07:55:05,623] {dag.py:2379} INFO - Sync 1 DAGs
[2024-12-30 07:55:05,655] {logging_mixin.py:115} INFO - [2024-12-30 07:55:05,655] {dag.py:2931} INFO - Setting next_dagrun for example_branch_python_operator_decorator to 2024-12-29T00:00:00+00:00, run_after=2024-12-30T00:00:00+00:00
[2024-12-30 07:55:05,671] {processor.py:161} INFO - Processing /home/airflow/.local/lib/python3.7/site-packages/airflow/example_dags/example_branch_operator_decorator.py took 0.111 seconds
[2024-12-30 07:55:36,466] {processor.py:153} INFO - Started process (PID=2041) to work on /home/airflow/.local/lib/python3.7/site-packages/airflow/example_dags/example_branch_operator_decorator.py
[2024-12-30 07:55:36,473] {processor.py:641} INFO - Processing file /home/airflow/.local/lib/python3.7/site-packages/airflow/example_dags/example_branch_operator_decorator.py for tasks to queue
[2024-12-30 07:55:36,474] {logging_mixin.py:115} INFO - [2024-12-30 07:55:36,474] {dagbag.py:507} INFO - Filling up the DagBag from /home/airflow/.local/lib/python3.7/site-packages/airflow/example_dags/example_branch_operator_decorator.py
[2024-12-30 07:55:36,490] {processor.py:651} INFO - DAG(s) dict_keys(['example_branch_python_operator_decorator']) retrieved from /home/airflow/.local/lib/python3.7/site-packages/airflow/example_dags/example_branch_operator_decorator.py
[2024-12-30 07:55:36,510] {logging_mixin.py:115} INFO - [2024-12-30 07:55:36,510] {dag.py:2379} INFO - Sync 1 DAGs
[2024-12-30 07:55:36,532] {logging_mixin.py:115} INFO - [2024-12-30 07:55:36,532] {dag.py:2931} INFO - Setting next_dagrun for example_branch_python_operator_decorator to 2024-12-29T00:00:00+00:00, run_after=2024-12-30T00:00:00+00:00
[2024-12-30 07:55:36,543] {processor.py:161} INFO - Processing /home/airflow/.local/lib/python3.7/site-packages/airflow/example_dags/example_branch_operator_decorator.py took 0.079 seconds
[2024-12-30 07:56:07,247] {processor.py:153} INFO - Started process (PID=2238) to work on /home/airflow/.local/lib/python3.7/site-packages/airflow/example_dags/example_branch_operator_decorator.py
[2024-12-30 07:56:07,251] {processor.py:641} INFO - Processing file /home/airflow/.local/lib/python3.7/site-packages/airflow/example_dags/example_branch_operator_decorator.py for tasks to queue
[2024-12-30 07:56:07,253] {logging_mixin.py:115} INFO - [2024-12-30 07:56:07,253] {dagbag.py:507} INFO - Filling up the DagBag from /home/airflow/.local/lib/python3.7/site-packages/airflow/example_dags/example_branch_operator_decorator.py
[2024-12-30 07:56:07,290] {processor.py:651} INFO - DAG(s) dict_keys(['example_branch_python_operator_decorator']) retrieved from /home/airflow/.local/lib/python3.7/site-packages/airflow/example_dags/example_branch_operator_decorator.py
[2024-12-30 07:56:07,312] {logging_mixin.py:115} INFO - [2024-12-30 07:56:07,312] {dag.py:2379} INFO - Sync 1 DAGs
[2024-12-30 07:56:07,340] {logging_mixin.py:115} INFO - [2024-12-30 07:56:07,340] {dag.py:2931} INFO - Setting next_dagrun for example_branch_python_operator_decorator to 2024-12-29T00:00:00+00:00, run_after=2024-12-30T00:00:00+00:00
[2024-12-30 07:56:07,350] {processor.py:161} INFO - Processing /home/airflow/.local/lib/python3.7/site-packages/airflow/example_dags/example_branch_operator_decorator.py took 0.107 seconds
[2024-12-30 07:56:37,857] {processor.py:153} INFO - Started process (PID=2426) to work on /home/airflow/.local/lib/python3.7/site-packages/airflow/example_dags/example_branch_operator_decorator.py
[2024-12-30 07:56:37,863] {processor.py:641} INFO - Processing file /home/airflow/.local/lib/python3.7/site-packages/airflow/example_dags/example_branch_operator_decorator.py for tasks to queue
[2024-12-30 07:56:37,863] {logging_mixin.py:115} INFO - [2024-12-30 07:56:37,863] {dagbag.py:507} INFO - Filling up the DagBag from /home/airflow/.local/lib/python3.7/site-packages/airflow/example_dags/example_branch_operator_decorator.py
[2024-12-30 07:56:37,879] {processor.py:651} INFO - DAG(s) dict_keys(['example_branch_python_operator_decorator']) retrieved from /home/airflow/.local/lib/python3.7/site-packages/airflow/example_dags/example_branch_operator_decorator.py
[2024-12-30 07:56:37,900] {logging_mixin.py:115} INFO - [2024-12-30 07:56:37,900] {dag.py:2379} INFO - Sync 1 DAGs
[2024-12-30 07:56:37,922] {logging_mixin.py:115} INFO - [2024-12-30 07:56:37,922] {dag.py:2931} INFO - Setting next_dagrun for example_branch_python_operator_decorator to 2024-12-29T00:00:00+00:00, run_after=2024-12-30T00:00:00+00:00
[2024-12-30 07:56:37,931] {processor.py:161} INFO - Processing /home/airflow/.local/lib/python3.7/site-packages/airflow/example_dags/example_branch_operator_decorator.py took 0.076 seconds
[2024-12-30 07:57:08,476] {processor.py:153} INFO - Started process (PID=2624) to work on /home/airflow/.local/lib/python3.7/site-packages/airflow/example_dags/example_branch_operator_decorator.py
[2024-12-30 07:57:08,477] {processor.py:641} INFO - Processing file /home/airflow/.local/lib/python3.7/site-packages/airflow/example_dags/example_branch_operator_decorator.py for tasks to queue
[2024-12-30 07:57:08,477] {logging_mixin.py:115} INFO - [2024-12-30 07:57:08,477] {dagbag.py:507} INFO - Filling up the DagBag from /home/airflow/.local/lib/python3.7/site-packages/airflow/example_dags/example_branch_operator_decorator.py
[2024-12-30 07:57:08,499] {processor.py:651} INFO - DAG(s) dict_keys(['example_branch_python_operator_decorator']) retrieved from /home/airflow/.local/lib/python3.7/site-packages/airflow/example_dags/example_branch_operator_decorator.py
[2024-12-30 07:57:08,519] {logging_mixin.py:115} INFO - [2024-12-30 07:57:08,519] {dag.py:2379} INFO - Sync 1 DAGs
[2024-12-30 07:57:08,535] {logging_mixin.py:115} INFO - [2024-12-30 07:57:08,535] {dag.py:2931} INFO - Setting next_dagrun for example_branch_python_operator_decorator to 2024-12-29T00:00:00+00:00, run_after=2024-12-30T00:00:00+00:00
[2024-12-30 07:57:08,546] {processor.py:161} INFO - Processing /home/airflow/.local/lib/python3.7/site-packages/airflow/example_dags/example_branch_operator_decorator.py took 0.074 seconds
[2024-12-30 07:57:39,126] {processor.py:153} INFO - Started process (PID=2822) to work on /home/airflow/.local/lib/python3.7/site-packages/airflow/example_dags/example_branch_operator_decorator.py
[2024-12-30 07:57:39,127] {processor.py:641} INFO - Processing file /home/airflow/.local/lib/python3.7/site-packages/airflow/example_dags/example_branch_operator_decorator.py for tasks to queue
[2024-12-30 07:57:39,127] {logging_mixin.py:115} INFO - [2024-12-30 07:57:39,127] {dagbag.py:507} INFO - Filling up the DagBag from /home/airflow/.local/lib/python3.7/site-packages/airflow/example_dags/example_branch_operator_decorator.py
[2024-12-30 07:57:39,150] {processor.py:651} INFO - DAG(s) dict_keys(['example_branch_python_operator_decorator']) retrieved from /home/airflow/.local/lib/python3.7/site-packages/airflow/example_dags/example_branch_operator_decorator.py
[2024-12-30 07:57:39,173] {logging_mixin.py:115} INFO - [2024-12-30 07:57:39,173] {dag.py:2379} INFO - Sync 1 DAGs
[2024-12-30 07:57:39,191] {logging_mixin.py:115} INFO - [2024-12-30 07:57:39,191] {dag.py:2931} INFO - Setting next_dagrun for example_branch_python_operator_decorator to 2024-12-29T00:00:00+00:00, run_after=2024-12-30T00:00:00+00:00
[2024-12-30 07:57:39,199] {processor.py:161} INFO - Processing /home/airflow/.local/lib/python3.7/site-packages/airflow/example_dags/example_branch_operator_decorator.py took 0.079 seconds
[2024-12-30 08:30:19,706] {processor.py:153} INFO - Started process (PID=250) to work on /home/airflow/.local/lib/python3.7/site-packages/airflow/example_dags/example_branch_operator_decorator.py
[2024-12-30 08:30:19,707] {processor.py:641} INFO - Processing file /home/airflow/.local/lib/python3.7/site-packages/airflow/example_dags/example_branch_operator_decorator.py for tasks to queue
[2024-12-30 08:30:19,707] {logging_mixin.py:115} INFO - [2024-12-30 08:30:19,707] {dagbag.py:507} INFO - Filling up the DagBag from /home/airflow/.local/lib/python3.7/site-packages/airflow/example_dags/example_branch_operator_decorator.py
[2024-12-30 08:30:19,731] {processor.py:651} INFO - DAG(s) dict_keys(['example_branch_python_operator_decorator']) retrieved from /home/airflow/.local/lib/python3.7/site-packages/airflow/example_dags/example_branch_operator_decorator.py
[2024-12-30 08:30:19,810] {logging_mixin.py:115} INFO - [2024-12-30 08:30:19,810] {manager.py:508} INFO - Created Permission View: can delete on DAG:example_branch_python_operator_decorator
[2024-12-30 08:30:19,818] {logging_mixin.py:115} INFO - [2024-12-30 08:30:19,818] {manager.py:508} INFO - Created Permission View: can read on DAG:example_branch_python_operator_decorator
[2024-12-30 08:30:19,829] {logging_mixin.py:115} INFO - [2024-12-30 08:30:19,829] {manager.py:508} INFO - Created Permission View: can edit on DAG:example_branch_python_operator_decorator
[2024-12-30 08:30:19,829] {logging_mixin.py:115} INFO - [2024-12-30 08:30:19,829] {dag.py:2379} INFO - Sync 1 DAGs
[2024-12-30 08:30:19,838] {logging_mixin.py:115} INFO - [2024-12-30 08:30:19,838] {dag.py:2398} INFO - Creating ORM DAG for example_branch_python_operator_decorator
[2024-12-30 08:30:19,852] {logging_mixin.py:115} INFO - [2024-12-30 08:30:19,852] {dag.py:2931} INFO - Setting next_dagrun for example_branch_python_operator_decorator to 2024-12-29T00:00:00+00:00, run_after=2024-12-30T00:00:00+00:00
[2024-12-30 08:30:19,873] {processor.py:161} INFO - Processing /home/airflow/.local/lib/python3.7/site-packages/airflow/example_dags/example_branch_operator_decorator.py took 0.170 seconds
[2024-12-30 08:30:50,046] {processor.py:153} INFO - Started process (PID=453) to work on /home/airflow/.local/lib/python3.7/site-packages/airflow/example_dags/example_branch_operator_decorator.py
[2024-12-30 08:30:50,047] {processor.py:641} INFO - Processing file /home/airflow/.local/lib/python3.7/site-packages/airflow/example_dags/example_branch_operator_decorator.py for tasks to queue
[2024-12-30 08:30:50,048] {logging_mixin.py:115} INFO - [2024-12-30 08:30:50,047] {dagbag.py:507} INFO - Filling up the DagBag from /home/airflow/.local/lib/python3.7/site-packages/airflow/example_dags/example_branch_operator_decorator.py
[2024-12-30 08:30:50,070] {processor.py:651} INFO - DAG(s) dict_keys(['example_branch_python_operator_decorator']) retrieved from /home/airflow/.local/lib/python3.7/site-packages/airflow/example_dags/example_branch_operator_decorator.py
[2024-12-30 08:30:50,093] {logging_mixin.py:115} INFO - [2024-12-30 08:30:50,093] {dag.py:2379} INFO - Sync 1 DAGs
[2024-12-30 08:30:50,117] {logging_mixin.py:115} INFO - [2024-12-30 08:30:50,117] {dag.py:2931} INFO - Setting next_dagrun for example_branch_python_operator_decorator to 2024-12-29T00:00:00+00:00, run_after=2024-12-30T00:00:00+00:00
[2024-12-30 08:30:50,125] {processor.py:161} INFO - Processing /home/airflow/.local/lib/python3.7/site-packages/airflow/example_dags/example_branch_operator_decorator.py took 0.082 seconds
[2024-12-30 08:31:20,854] {processor.py:153} INFO - Started process (PID=646) to work on /home/airflow/.local/lib/python3.7/site-packages/airflow/example_dags/example_branch_operator_decorator.py
[2024-12-30 08:31:20,854] {processor.py:641} INFO - Processing file /home/airflow/.local/lib/python3.7/site-packages/airflow/example_dags/example_branch_operator_decorator.py for tasks to queue
[2024-12-30 08:31:20,855] {logging_mixin.py:115} INFO - [2024-12-30 08:31:20,855] {dagbag.py:507} INFO - Filling up the DagBag from /home/airflow/.local/lib/python3.7/site-packages/airflow/example_dags/example_branch_operator_decorator.py
[2024-12-30 08:31:20,876] {processor.py:651} INFO - DAG(s) dict_keys(['example_branch_python_operator_decorator']) retrieved from /home/airflow/.local/lib/python3.7/site-packages/airflow/example_dags/example_branch_operator_decorator.py
[2024-12-30 08:31:20,893] {logging_mixin.py:115} INFO - [2024-12-30 08:31:20,892] {dag.py:2379} INFO - Sync 1 DAGs
[2024-12-30 08:31:20,912] {logging_mixin.py:115} INFO - [2024-12-30 08:31:20,912] {dag.py:2931} INFO - Setting next_dagrun for example_branch_python_operator_decorator to 2024-12-29T00:00:00+00:00, run_after=2024-12-30T00:00:00+00:00
[2024-12-30 08:31:20,920] {processor.py:161} INFO - Processing /home/airflow/.local/lib/python3.7/site-packages/airflow/example_dags/example_branch_operator_decorator.py took 0.069 seconds
[2024-12-30 08:31:51,643] {processor.py:153} INFO - Started process (PID=833) to work on /home/airflow/.local/lib/python3.7/site-packages/airflow/example_dags/example_branch_operator_decorator.py
[2024-12-30 08:31:51,643] {processor.py:641} INFO - Processing file /home/airflow/.local/lib/python3.7/site-packages/airflow/example_dags/example_branch_operator_decorator.py for tasks to queue
[2024-12-30 08:31:51,644] {logging_mixin.py:115} INFO - [2024-12-30 08:31:51,644] {dagbag.py:507} INFO - Filling up the DagBag from /home/airflow/.local/lib/python3.7/site-packages/airflow/example_dags/example_branch_operator_decorator.py
[2024-12-30 08:31:51,664] {processor.py:651} INFO - DAG(s) dict_keys(['example_branch_python_operator_decorator']) retrieved from /home/airflow/.local/lib/python3.7/site-packages/airflow/example_dags/example_branch_operator_decorator.py
[2024-12-30 08:31:51,685] {logging_mixin.py:115} INFO - [2024-12-30 08:31:51,685] {dag.py:2379} INFO - Sync 1 DAGs
[2024-12-30 08:31:51,706] {logging_mixin.py:115} INFO - [2024-12-30 08:31:51,706] {dag.py:2931} INFO - Setting next_dagrun for example_branch_python_operator_decorator to 2024-12-29T00:00:00+00:00, run_after=2024-12-30T00:00:00+00:00
[2024-12-30 08:31:51,715] {processor.py:161} INFO - Processing /home/airflow/.local/lib/python3.7/site-packages/airflow/example_dags/example_branch_operator_decorator.py took 0.075 seconds
