[2024-12-30 07:50:59,069] {processor.py:153} INFO - Started process (PID=219) to work on /home/airflow/.local/lib/python3.7/site-packages/airflow/example_dags/example_sla_dag.py
[2024-12-30 07:50:59,070] {processor.py:641} INFO - Processing file /home/airflow/.local/lib/python3.7/site-packages/airflow/example_dags/example_sla_dag.py for tasks to queue
[2024-12-30 07:50:59,070] {logging_mixin.py:115} INFO - [2024-12-30 07:50:59,070] {dagbag.py:507} INFO - Filling up the DagBag from /home/airflow/.local/lib/python3.7/site-packages/airflow/example_dags/example_sla_dag.py
[2024-12-30 07:50:59,087] {processor.py:651} INFO - DAG(s) dict_keys(['example_sla_dag']) retrieved from /home/airflow/.local/lib/python3.7/site-packages/airflow/example_dags/example_sla_dag.py
[2024-12-30 07:50:59,166] {logging_mixin.py:115} INFO - [2024-12-30 07:50:59,166] {manager.py:508} INFO - Created Permission View: can read on DAG:example_sla_dag
[2024-12-30 07:50:59,176] {logging_mixin.py:115} INFO - [2024-12-30 07:50:59,176] {manager.py:508} INFO - Created Permission View: can edit on DAG:example_sla_dag
[2024-12-30 07:50:59,183] {logging_mixin.py:115} INFO - [2024-12-30 07:50:59,183] {manager.py:508} INFO - Created Permission View: can delete on DAG:example_sla_dag
[2024-12-30 07:50:59,183] {logging_mixin.py:115} INFO - [2024-12-30 07:50:59,183] {dag.py:2379} INFO - Sync 1 DAGs
[2024-12-30 07:50:59,193] {logging_mixin.py:115} INFO - [2024-12-30 07:50:59,192] {dag.py:2398} INFO - Creating ORM DAG for example_sla_dag
[2024-12-30 07:50:59,212] {logging_mixin.py:115} INFO - [2024-12-30 07:50:59,212] {dag.py:2931} INFO - Setting next_dagrun for example_sla_dag to 2024-12-30T07:48:00+00:00, run_after=2024-12-30T07:50:00+00:00
[2024-12-30 07:50:59,225] {processor.py:161} INFO - Processing /home/airflow/.local/lib/python3.7/site-packages/airflow/example_dags/example_sla_dag.py took 0.158 seconds
[2024-12-30 07:51:29,361] {processor.py:153} INFO - Started process (PID=418) to work on /home/airflow/.local/lib/python3.7/site-packages/airflow/example_dags/example_sla_dag.py
[2024-12-30 07:51:29,362] {processor.py:641} INFO - Processing file /home/airflow/.local/lib/python3.7/site-packages/airflow/example_dags/example_sla_dag.py for tasks to queue
[2024-12-30 07:51:29,363] {logging_mixin.py:115} INFO - [2024-12-30 07:51:29,362] {dagbag.py:507} INFO - Filling up the DagBag from /home/airflow/.local/lib/python3.7/site-packages/airflow/example_dags/example_sla_dag.py
[2024-12-30 07:51:29,388] {processor.py:651} INFO - DAG(s) dict_keys(['example_sla_dag']) retrieved from /home/airflow/.local/lib/python3.7/site-packages/airflow/example_dags/example_sla_dag.py
[2024-12-30 07:51:29,419] {logging_mixin.py:115} INFO - [2024-12-30 07:51:29,419] {dag.py:2379} INFO - Sync 1 DAGs
[2024-12-30 07:51:29,451] {logging_mixin.py:115} INFO - [2024-12-30 07:51:29,451] {dag.py:2931} INFO - Setting next_dagrun for example_sla_dag to 2024-12-30T07:48:00+00:00, run_after=2024-12-30T07:50:00+00:00
[2024-12-30 07:51:29,465] {processor.py:161} INFO - Processing /home/airflow/.local/lib/python3.7/site-packages/airflow/example_dags/example_sla_dag.py took 0.108 seconds
[2024-12-30 07:51:59,666] {processor.py:153} INFO - Started process (PID=615) to work on /home/airflow/.local/lib/python3.7/site-packages/airflow/example_dags/example_sla_dag.py
[2024-12-30 07:51:59,667] {processor.py:641} INFO - Processing file /home/airflow/.local/lib/python3.7/site-packages/airflow/example_dags/example_sla_dag.py for tasks to queue
[2024-12-30 07:51:59,667] {logging_mixin.py:115} INFO - [2024-12-30 07:51:59,667] {dagbag.py:507} INFO - Filling up the DagBag from /home/airflow/.local/lib/python3.7/site-packages/airflow/example_dags/example_sla_dag.py
[2024-12-30 07:51:59,681] {processor.py:651} INFO - DAG(s) dict_keys(['example_sla_dag']) retrieved from /home/airflow/.local/lib/python3.7/site-packages/airflow/example_dags/example_sla_dag.py
[2024-12-30 07:51:59,697] {logging_mixin.py:115} INFO - [2024-12-30 07:51:59,697] {dag.py:2379} INFO - Sync 1 DAGs
[2024-12-30 07:51:59,716] {logging_mixin.py:115} INFO - [2024-12-30 07:51:59,716] {dag.py:2931} INFO - Setting next_dagrun for example_sla_dag to 2024-12-30T07:48:00+00:00, run_after=2024-12-30T07:50:00+00:00
[2024-12-30 07:51:59,725] {processor.py:161} INFO - Processing /home/airflow/.local/lib/python3.7/site-packages/airflow/example_dags/example_sla_dag.py took 0.062 seconds
[2024-12-30 07:52:30,718] {processor.py:153} INFO - Started process (PID=803) to work on /home/airflow/.local/lib/python3.7/site-packages/airflow/example_dags/example_sla_dag.py
[2024-12-30 07:52:30,718] {processor.py:641} INFO - Processing file /home/airflow/.local/lib/python3.7/site-packages/airflow/example_dags/example_sla_dag.py for tasks to queue
[2024-12-30 07:52:30,719] {logging_mixin.py:115} INFO - [2024-12-30 07:52:30,719] {dagbag.py:507} INFO - Filling up the DagBag from /home/airflow/.local/lib/python3.7/site-packages/airflow/example_dags/example_sla_dag.py
[2024-12-30 07:52:30,734] {processor.py:651} INFO - DAG(s) dict_keys(['example_sla_dag']) retrieved from /home/airflow/.local/lib/python3.7/site-packages/airflow/example_dags/example_sla_dag.py
[2024-12-30 07:52:30,752] {logging_mixin.py:115} INFO - [2024-12-30 07:52:30,752] {dag.py:2379} INFO - Sync 1 DAGs
[2024-12-30 07:52:30,771] {logging_mixin.py:115} INFO - [2024-12-30 07:52:30,771] {dag.py:2931} INFO - Setting next_dagrun for example_sla_dag to 2024-12-30T07:50:00+00:00, run_after=2024-12-30T07:52:00+00:00
[2024-12-30 07:52:30,780] {processor.py:161} INFO - Processing /home/airflow/.local/lib/python3.7/site-packages/airflow/example_dags/example_sla_dag.py took 0.064 seconds
[2024-12-30 07:53:00,884] {processor.py:153} INFO - Started process (PID=997) to work on /home/airflow/.local/lib/python3.7/site-packages/airflow/example_dags/example_sla_dag.py
[2024-12-30 07:53:00,885] {processor.py:641} INFO - Processing file /home/airflow/.local/lib/python3.7/site-packages/airflow/example_dags/example_sla_dag.py for tasks to queue
[2024-12-30 07:53:00,885] {logging_mixin.py:115} INFO - [2024-12-30 07:53:00,885] {dagbag.py:507} INFO - Filling up the DagBag from /home/airflow/.local/lib/python3.7/site-packages/airflow/example_dags/example_sla_dag.py
[2024-12-30 07:53:00,901] {processor.py:651} INFO - DAG(s) dict_keys(['example_sla_dag']) retrieved from /home/airflow/.local/lib/python3.7/site-packages/airflow/example_dags/example_sla_dag.py
[2024-12-30 07:53:00,920] {logging_mixin.py:115} INFO - [2024-12-30 07:53:00,920] {dag.py:2379} INFO - Sync 1 DAGs
[2024-12-30 07:53:00,938] {logging_mixin.py:115} INFO - [2024-12-30 07:53:00,938] {dag.py:2931} INFO - Setting next_dagrun for example_sla_dag to 2024-12-30T07:50:00+00:00, run_after=2024-12-30T07:52:00+00:00
[2024-12-30 07:53:00,946] {processor.py:161} INFO - Processing /home/airflow/.local/lib/python3.7/site-packages/airflow/example_dags/example_sla_dag.py took 0.064 seconds
[2024-12-30 07:53:31,027] {processor.py:153} INFO - Started process (PID=1215) to work on /home/airflow/.local/lib/python3.7/site-packages/airflow/example_dags/example_sla_dag.py
[2024-12-30 07:53:31,028] {processor.py:641} INFO - Processing file /home/airflow/.local/lib/python3.7/site-packages/airflow/example_dags/example_sla_dag.py for tasks to queue
[2024-12-30 07:53:31,028] {logging_mixin.py:115} INFO - [2024-12-30 07:53:31,028] {dagbag.py:507} INFO - Filling up the DagBag from /home/airflow/.local/lib/python3.7/site-packages/airflow/example_dags/example_sla_dag.py
[2024-12-30 07:53:31,049] {processor.py:651} INFO - DAG(s) dict_keys(['example_sla_dag']) retrieved from /home/airflow/.local/lib/python3.7/site-packages/airflow/example_dags/example_sla_dag.py
[2024-12-30 07:53:31,066] {logging_mixin.py:115} INFO - [2024-12-30 07:53:31,066] {dag.py:2379} INFO - Sync 1 DAGs
[2024-12-30 07:53:31,084] {logging_mixin.py:115} INFO - [2024-12-30 07:53:31,084] {dag.py:2931} INFO - Setting next_dagrun for example_sla_dag to 2024-12-30T07:50:00+00:00, run_after=2024-12-30T07:52:00+00:00
[2024-12-30 07:53:31,092] {processor.py:161} INFO - Processing /home/airflow/.local/lib/python3.7/site-packages/airflow/example_dags/example_sla_dag.py took 0.067 seconds
[2024-12-30 07:54:01,625] {processor.py:153} INFO - Started process (PID=1422) to work on /home/airflow/.local/lib/python3.7/site-packages/airflow/example_dags/example_sla_dag.py
[2024-12-30 07:54:01,625] {processor.py:641} INFO - Processing file /home/airflow/.local/lib/python3.7/site-packages/airflow/example_dags/example_sla_dag.py for tasks to queue
[2024-12-30 07:54:01,626] {logging_mixin.py:115} INFO - [2024-12-30 07:54:01,626] {dagbag.py:507} INFO - Filling up the DagBag from /home/airflow/.local/lib/python3.7/site-packages/airflow/example_dags/example_sla_dag.py
[2024-12-30 07:54:01,643] {processor.py:651} INFO - DAG(s) dict_keys(['example_sla_dag']) retrieved from /home/airflow/.local/lib/python3.7/site-packages/airflow/example_dags/example_sla_dag.py
[2024-12-30 07:54:01,658] {logging_mixin.py:115} INFO - [2024-12-30 07:54:01,658] {dag.py:2379} INFO - Sync 1 DAGs
[2024-12-30 07:54:01,675] {logging_mixin.py:115} INFO - [2024-12-30 07:54:01,675] {dag.py:2931} INFO - Setting next_dagrun for example_sla_dag to 2024-12-30T07:52:00+00:00, run_after=2024-12-30T07:54:00+00:00
[2024-12-30 07:54:01,683] {processor.py:161} INFO - Processing /home/airflow/.local/lib/python3.7/site-packages/airflow/example_dags/example_sla_dag.py took 0.060 seconds
[2024-12-30 07:54:32,363] {processor.py:153} INFO - Started process (PID=1617) to work on /home/airflow/.local/lib/python3.7/site-packages/airflow/example_dags/example_sla_dag.py
[2024-12-30 07:54:32,364] {processor.py:641} INFO - Processing file /home/airflow/.local/lib/python3.7/site-packages/airflow/example_dags/example_sla_dag.py for tasks to queue
[2024-12-30 07:54:32,365] {logging_mixin.py:115} INFO - [2024-12-30 07:54:32,365] {dagbag.py:507} INFO - Filling up the DagBag from /home/airflow/.local/lib/python3.7/site-packages/airflow/example_dags/example_sla_dag.py
[2024-12-30 07:54:32,385] {processor.py:651} INFO - DAG(s) dict_keys(['example_sla_dag']) retrieved from /home/airflow/.local/lib/python3.7/site-packages/airflow/example_dags/example_sla_dag.py
[2024-12-30 07:54:32,406] {logging_mixin.py:115} INFO - [2024-12-30 07:54:32,406] {dag.py:2379} INFO - Sync 1 DAGs
[2024-12-30 07:54:32,426] {logging_mixin.py:115} INFO - [2024-12-30 07:54:32,426] {dag.py:2931} INFO - Setting next_dagrun for example_sla_dag to 2024-12-30T07:52:00+00:00, run_after=2024-12-30T07:54:00+00:00
[2024-12-30 07:54:32,436] {processor.py:161} INFO - Processing /home/airflow/.local/lib/python3.7/site-packages/airflow/example_dags/example_sla_dag.py took 0.077 seconds
[2024-12-30 07:55:03,311] {processor.py:153} INFO - Started process (PID=1814) to work on /home/airflow/.local/lib/python3.7/site-packages/airflow/example_dags/example_sla_dag.py
[2024-12-30 07:55:03,311] {processor.py:641} INFO - Processing file /home/airflow/.local/lib/python3.7/site-packages/airflow/example_dags/example_sla_dag.py for tasks to queue
[2024-12-30 07:55:03,311] {logging_mixin.py:115} INFO - [2024-12-30 07:55:03,311] {dagbag.py:507} INFO - Filling up the DagBag from /home/airflow/.local/lib/python3.7/site-packages/airflow/example_dags/example_sla_dag.py
[2024-12-30 07:55:03,330] {processor.py:651} INFO - DAG(s) dict_keys(['example_sla_dag']) retrieved from /home/airflow/.local/lib/python3.7/site-packages/airflow/example_dags/example_sla_dag.py
[2024-12-30 07:55:03,348] {logging_mixin.py:115} INFO - [2024-12-30 07:55:03,348] {dag.py:2379} INFO - Sync 1 DAGs
[2024-12-30 07:55:03,369] {logging_mixin.py:115} INFO - [2024-12-30 07:55:03,369] {dag.py:2931} INFO - Setting next_dagrun for example_sla_dag to 2024-12-30T07:52:00+00:00, run_after=2024-12-30T07:54:00+00:00
[2024-12-30 07:55:03,378] {processor.py:161} INFO - Processing /home/airflow/.local/lib/python3.7/site-packages/airflow/example_dags/example_sla_dag.py took 0.070 seconds
[2024-12-30 07:55:34,200] {processor.py:153} INFO - Started process (PID=2011) to work on /home/airflow/.local/lib/python3.7/site-packages/airflow/example_dags/example_sla_dag.py
[2024-12-30 07:55:34,201] {processor.py:641} INFO - Processing file /home/airflow/.local/lib/python3.7/site-packages/airflow/example_dags/example_sla_dag.py for tasks to queue
[2024-12-30 07:55:34,201] {logging_mixin.py:115} INFO - [2024-12-30 07:55:34,201] {dagbag.py:507} INFO - Filling up the DagBag from /home/airflow/.local/lib/python3.7/site-packages/airflow/example_dags/example_sla_dag.py
[2024-12-30 07:55:34,218] {processor.py:651} INFO - DAG(s) dict_keys(['example_sla_dag']) retrieved from /home/airflow/.local/lib/python3.7/site-packages/airflow/example_dags/example_sla_dag.py
[2024-12-30 07:55:34,236] {logging_mixin.py:115} INFO - [2024-12-30 07:55:34,236] {dag.py:2379} INFO - Sync 1 DAGs
[2024-12-30 07:55:34,255] {logging_mixin.py:115} INFO - [2024-12-30 07:55:34,254] {dag.py:2931} INFO - Setting next_dagrun for example_sla_dag to 2024-12-30T07:52:00+00:00, run_after=2024-12-30T07:54:00+00:00
[2024-12-30 07:55:34,264] {processor.py:161} INFO - Processing /home/airflow/.local/lib/python3.7/site-packages/airflow/example_dags/example_sla_dag.py took 0.066 seconds
[2024-12-30 07:56:04,934] {processor.py:153} INFO - Started process (PID=2208) to work on /home/airflow/.local/lib/python3.7/site-packages/airflow/example_dags/example_sla_dag.py
[2024-12-30 07:56:04,935] {processor.py:641} INFO - Processing file /home/airflow/.local/lib/python3.7/site-packages/airflow/example_dags/example_sla_dag.py for tasks to queue
[2024-12-30 07:56:04,935] {logging_mixin.py:115} INFO - [2024-12-30 07:56:04,935] {dagbag.py:507} INFO - Filling up the DagBag from /home/airflow/.local/lib/python3.7/site-packages/airflow/example_dags/example_sla_dag.py
[2024-12-30 07:56:04,956] {processor.py:651} INFO - DAG(s) dict_keys(['example_sla_dag']) retrieved from /home/airflow/.local/lib/python3.7/site-packages/airflow/example_dags/example_sla_dag.py
[2024-12-30 07:56:04,982] {logging_mixin.py:115} INFO - [2024-12-30 07:56:04,982] {dag.py:2379} INFO - Sync 1 DAGs
[2024-12-30 07:56:05,010] {logging_mixin.py:115} INFO - [2024-12-30 07:56:05,010] {dag.py:2931} INFO - Setting next_dagrun for example_sla_dag to 2024-12-30T07:54:00+00:00, run_after=2024-12-30T07:56:00+00:00
[2024-12-30 07:56:05,024] {processor.py:161} INFO - Processing /home/airflow/.local/lib/python3.7/site-packages/airflow/example_dags/example_sla_dag.py took 0.092 seconds
[2024-12-30 07:56:35,651] {processor.py:153} INFO - Started process (PID=2396) to work on /home/airflow/.local/lib/python3.7/site-packages/airflow/example_dags/example_sla_dag.py
[2024-12-30 07:56:35,652] {processor.py:641} INFO - Processing file /home/airflow/.local/lib/python3.7/site-packages/airflow/example_dags/example_sla_dag.py for tasks to queue
[2024-12-30 07:56:35,652] {logging_mixin.py:115} INFO - [2024-12-30 07:56:35,652] {dagbag.py:507} INFO - Filling up the DagBag from /home/airflow/.local/lib/python3.7/site-packages/airflow/example_dags/example_sla_dag.py
[2024-12-30 07:56:35,669] {processor.py:651} INFO - DAG(s) dict_keys(['example_sla_dag']) retrieved from /home/airflow/.local/lib/python3.7/site-packages/airflow/example_dags/example_sla_dag.py
[2024-12-30 07:56:35,693] {logging_mixin.py:115} INFO - [2024-12-30 07:56:35,693] {dag.py:2379} INFO - Sync 1 DAGs
[2024-12-30 07:56:35,712] {logging_mixin.py:115} INFO - [2024-12-30 07:56:35,712] {dag.py:2931} INFO - Setting next_dagrun for example_sla_dag to 2024-12-30T07:54:00+00:00, run_after=2024-12-30T07:56:00+00:00
[2024-12-30 07:56:35,720] {processor.py:161} INFO - Processing /home/airflow/.local/lib/python3.7/site-packages/airflow/example_dags/example_sla_dag.py took 0.071 seconds
[2024-12-30 07:57:06,239] {processor.py:153} INFO - Started process (PID=2594) to work on /home/airflow/.local/lib/python3.7/site-packages/airflow/example_dags/example_sla_dag.py
[2024-12-30 07:57:06,240] {processor.py:641} INFO - Processing file /home/airflow/.local/lib/python3.7/site-packages/airflow/example_dags/example_sla_dag.py for tasks to queue
[2024-12-30 07:57:06,240] {logging_mixin.py:115} INFO - [2024-12-30 07:57:06,240] {dagbag.py:507} INFO - Filling up the DagBag from /home/airflow/.local/lib/python3.7/site-packages/airflow/example_dags/example_sla_dag.py
[2024-12-30 07:57:06,259] {processor.py:651} INFO - DAG(s) dict_keys(['example_sla_dag']) retrieved from /home/airflow/.local/lib/python3.7/site-packages/airflow/example_dags/example_sla_dag.py
[2024-12-30 07:57:06,280] {logging_mixin.py:115} INFO - [2024-12-30 07:57:06,280] {dag.py:2379} INFO - Sync 1 DAGs
[2024-12-30 07:57:06,300] {logging_mixin.py:115} INFO - [2024-12-30 07:57:06,300] {dag.py:2931} INFO - Setting next_dagrun for example_sla_dag to 2024-12-30T07:54:00+00:00, run_after=2024-12-30T07:56:00+00:00
[2024-12-30 07:57:06,309] {processor.py:161} INFO - Processing /home/airflow/.local/lib/python3.7/site-packages/airflow/example_dags/example_sla_dag.py took 0.072 seconds
[2024-12-30 07:57:36,888] {processor.py:153} INFO - Started process (PID=2792) to work on /home/airflow/.local/lib/python3.7/site-packages/airflow/example_dags/example_sla_dag.py
[2024-12-30 07:57:36,889] {processor.py:641} INFO - Processing file /home/airflow/.local/lib/python3.7/site-packages/airflow/example_dags/example_sla_dag.py for tasks to queue
[2024-12-30 07:57:36,889] {logging_mixin.py:115} INFO - [2024-12-30 07:57:36,889] {dagbag.py:507} INFO - Filling up the DagBag from /home/airflow/.local/lib/python3.7/site-packages/airflow/example_dags/example_sla_dag.py
[2024-12-30 07:57:36,908] {processor.py:651} INFO - DAG(s) dict_keys(['example_sla_dag']) retrieved from /home/airflow/.local/lib/python3.7/site-packages/airflow/example_dags/example_sla_dag.py
[2024-12-30 07:57:36,927] {logging_mixin.py:115} INFO - [2024-12-30 07:57:36,927] {dag.py:2379} INFO - Sync 1 DAGs
[2024-12-30 07:57:36,952] {logging_mixin.py:115} INFO - [2024-12-30 07:57:36,952] {dag.py:2931} INFO - Setting next_dagrun for example_sla_dag to 2024-12-30T07:54:00+00:00, run_after=2024-12-30T07:56:00+00:00
[2024-12-30 07:57:36,961] {processor.py:161} INFO - Processing /home/airflow/.local/lib/python3.7/site-packages/airflow/example_dags/example_sla_dag.py took 0.076 seconds
[2024-12-30 07:58:08,230] {processor.py:153} INFO - Started process (PID=2975) to work on /home/airflow/.local/lib/python3.7/site-packages/airflow/example_dags/example_sla_dag.py
[2024-12-30 07:58:08,238] {processor.py:641} INFO - Processing file /home/airflow/.local/lib/python3.7/site-packages/airflow/example_dags/example_sla_dag.py for tasks to queue
[2024-12-30 07:58:08,239] {logging_mixin.py:115} INFO - [2024-12-30 07:58:08,239] {dagbag.py:507} INFO - Filling up the DagBag from /home/airflow/.local/lib/python3.7/site-packages/airflow/example_dags/example_sla_dag.py
[2024-12-30 07:58:08,304] {processor.py:651} INFO - DAG(s) dict_keys(['example_sla_dag']) retrieved from /home/airflow/.local/lib/python3.7/site-packages/airflow/example_dags/example_sla_dag.py
[2024-12-30 07:58:08,372] {logging_mixin.py:115} INFO - [2024-12-30 07:58:08,372] {dag.py:2379} INFO - Sync 1 DAGs
[2024-12-30 07:58:08,422] {logging_mixin.py:115} INFO - [2024-12-30 07:58:08,422] {dag.py:2931} INFO - Setting next_dagrun for example_sla_dag to 2024-12-30T07:56:00+00:00, run_after=2024-12-30T07:58:00+00:00
[2024-12-30 07:58:08,447] {processor.py:161} INFO - Processing /home/airflow/.local/lib/python3.7/site-packages/airflow/example_dags/example_sla_dag.py took 0.221 seconds
[2024-12-30 08:30:19,193] {processor.py:153} INFO - Started process (PID=220) to work on /home/airflow/.local/lib/python3.7/site-packages/airflow/example_dags/example_sla_dag.py
[2024-12-30 08:30:19,194] {processor.py:641} INFO - Processing file /home/airflow/.local/lib/python3.7/site-packages/airflow/example_dags/example_sla_dag.py for tasks to queue
[2024-12-30 08:30:19,195] {logging_mixin.py:115} INFO - [2024-12-30 08:30:19,195] {dagbag.py:507} INFO - Filling up the DagBag from /home/airflow/.local/lib/python3.7/site-packages/airflow/example_dags/example_sla_dag.py
[2024-12-30 08:30:19,215] {processor.py:651} INFO - DAG(s) dict_keys(['example_sla_dag']) retrieved from /home/airflow/.local/lib/python3.7/site-packages/airflow/example_dags/example_sla_dag.py
[2024-12-30 08:30:19,311] {logging_mixin.py:115} INFO - [2024-12-30 08:30:19,311] {manager.py:508} INFO - Created Permission View: can delete on DAG:example_sla_dag
[2024-12-30 08:30:19,322] {logging_mixin.py:115} INFO - [2024-12-30 08:30:19,321] {manager.py:508} INFO - Created Permission View: can read on DAG:example_sla_dag
[2024-12-30 08:30:19,331] {logging_mixin.py:115} INFO - [2024-12-30 08:30:19,331] {manager.py:508} INFO - Created Permission View: can edit on DAG:example_sla_dag
[2024-12-30 08:30:19,331] {logging_mixin.py:115} INFO - [2024-12-30 08:30:19,331] {dag.py:2379} INFO - Sync 1 DAGs
[2024-12-30 08:30:19,341] {logging_mixin.py:115} INFO - [2024-12-30 08:30:19,341] {dag.py:2398} INFO - Creating ORM DAG for example_sla_dag
[2024-12-30 08:30:19,361] {logging_mixin.py:115} INFO - [2024-12-30 08:30:19,361] {dag.py:2931} INFO - Setting next_dagrun for example_sla_dag to 2024-12-30T08:28:00+00:00, run_after=2024-12-30T08:30:00+00:00
[2024-12-30 08:30:19,378] {processor.py:161} INFO - Processing /home/airflow/.local/lib/python3.7/site-packages/airflow/example_dags/example_sla_dag.py took 0.187 seconds
[2024-12-30 08:30:49,563] {processor.py:153} INFO - Started process (PID=418) to work on /home/airflow/.local/lib/python3.7/site-packages/airflow/example_dags/example_sla_dag.py
[2024-12-30 08:30:49,563] {processor.py:641} INFO - Processing file /home/airflow/.local/lib/python3.7/site-packages/airflow/example_dags/example_sla_dag.py for tasks to queue
[2024-12-30 08:30:49,564] {logging_mixin.py:115} INFO - [2024-12-30 08:30:49,564] {dagbag.py:507} INFO - Filling up the DagBag from /home/airflow/.local/lib/python3.7/site-packages/airflow/example_dags/example_sla_dag.py
[2024-12-30 08:30:49,582] {processor.py:651} INFO - DAG(s) dict_keys(['example_sla_dag']) retrieved from /home/airflow/.local/lib/python3.7/site-packages/airflow/example_dags/example_sla_dag.py
[2024-12-30 08:30:49,601] {logging_mixin.py:115} INFO - [2024-12-30 08:30:49,601] {dag.py:2379} INFO - Sync 1 DAGs
[2024-12-30 08:30:49,622] {logging_mixin.py:115} INFO - [2024-12-30 08:30:49,622] {dag.py:2931} INFO - Setting next_dagrun for example_sla_dag to 2024-12-30T08:28:00+00:00, run_after=2024-12-30T08:30:00+00:00
[2024-12-30 08:30:49,631] {processor.py:161} INFO - Processing /home/airflow/.local/lib/python3.7/site-packages/airflow/example_dags/example_sla_dag.py took 0.071 seconds
[2024-12-30 08:31:20,519] {processor.py:153} INFO - Started process (PID=616) to work on /home/airflow/.local/lib/python3.7/site-packages/airflow/example_dags/example_sla_dag.py
[2024-12-30 08:31:20,520] {processor.py:641} INFO - Processing file /home/airflow/.local/lib/python3.7/site-packages/airflow/example_dags/example_sla_dag.py for tasks to queue
[2024-12-30 08:31:20,520] {logging_mixin.py:115} INFO - [2024-12-30 08:31:20,520] {dagbag.py:507} INFO - Filling up the DagBag from /home/airflow/.local/lib/python3.7/site-packages/airflow/example_dags/example_sla_dag.py
[2024-12-30 08:31:20,534] {processor.py:651} INFO - DAG(s) dict_keys(['example_sla_dag']) retrieved from /home/airflow/.local/lib/python3.7/site-packages/airflow/example_dags/example_sla_dag.py
[2024-12-30 08:31:20,553] {logging_mixin.py:115} INFO - [2024-12-30 08:31:20,553] {dag.py:2379} INFO - Sync 1 DAGs
[2024-12-30 08:31:20,574] {logging_mixin.py:115} INFO - [2024-12-30 08:31:20,574] {dag.py:2931} INFO - Setting next_dagrun for example_sla_dag to 2024-12-30T08:28:00+00:00, run_after=2024-12-30T08:30:00+00:00
[2024-12-30 08:31:20,585] {processor.py:161} INFO - Processing /home/airflow/.local/lib/python3.7/site-packages/airflow/example_dags/example_sla_dag.py took 0.068 seconds
[2024-12-30 08:31:51,353] {processor.py:153} INFO - Started process (PID=803) to work on /home/airflow/.local/lib/python3.7/site-packages/airflow/example_dags/example_sla_dag.py
[2024-12-30 08:31:51,354] {processor.py:641} INFO - Processing file /home/airflow/.local/lib/python3.7/site-packages/airflow/example_dags/example_sla_dag.py for tasks to queue
[2024-12-30 08:31:51,354] {logging_mixin.py:115} INFO - [2024-12-30 08:31:51,354] {dagbag.py:507} INFO - Filling up the DagBag from /home/airflow/.local/lib/python3.7/site-packages/airflow/example_dags/example_sla_dag.py
[2024-12-30 08:31:51,373] {processor.py:651} INFO - DAG(s) dict_keys(['example_sla_dag']) retrieved from /home/airflow/.local/lib/python3.7/site-packages/airflow/example_dags/example_sla_dag.py
[2024-12-30 08:31:51,394] {logging_mixin.py:115} INFO - [2024-12-30 08:31:51,394] {dag.py:2379} INFO - Sync 1 DAGs
[2024-12-30 08:31:51,421] {logging_mixin.py:115} INFO - [2024-12-30 08:31:51,421] {dag.py:2931} INFO - Setting next_dagrun for example_sla_dag to 2024-12-30T08:28:00+00:00, run_after=2024-12-30T08:30:00+00:00
[2024-12-30 08:31:51,430] {processor.py:161} INFO - Processing /home/airflow/.local/lib/python3.7/site-packages/airflow/example_dags/example_sla_dag.py took 0.082 seconds
