[2024-12-30 07:51:01,103] {processor.py:153} INFO - Started process (PID=297) to work on /home/airflow/.local/lib/python3.7/site-packages/airflow/example_dags/example_task_group.py
[2024-12-30 07:51:01,104] {processor.py:641} INFO - Processing file /home/airflow/.local/lib/python3.7/site-packages/airflow/example_dags/example_task_group.py for tasks to queue
[2024-12-30 07:51:01,105] {logging_mixin.py:115} INFO - [2024-12-30 07:51:01,105] {dagbag.py:507} INFO - Filling up the DagBag from /home/airflow/.local/lib/python3.7/site-packages/airflow/example_dags/example_task_group.py
[2024-12-30 07:51:01,114] {processor.py:651} INFO - DAG(s) dict_keys(['example_task_group']) retrieved from /home/airflow/.local/lib/python3.7/site-packages/airflow/example_dags/example_task_group.py
[2024-12-30 07:51:01,223] {logging_mixin.py:115} INFO - [2024-12-30 07:51:01,223] {manager.py:508} INFO - Created Permission View: can read on DAG:example_task_group
[2024-12-30 07:51:01,234] {logging_mixin.py:115} INFO - [2024-12-30 07:51:01,234] {manager.py:508} INFO - Created Permission View: can edit on DAG:example_task_group
[2024-12-30 07:51:01,249] {logging_mixin.py:115} INFO - [2024-12-30 07:51:01,249] {manager.py:508} INFO - Created Permission View: can delete on DAG:example_task_group
[2024-12-30 07:51:01,249] {logging_mixin.py:115} INFO - [2024-12-30 07:51:01,249] {dag.py:2379} INFO - Sync 1 DAGs
[2024-12-30 07:51:01,274] {logging_mixin.py:115} INFO - [2024-12-30 07:51:01,274] {dag.py:2398} INFO - Creating ORM DAG for example_task_group
[2024-12-30 07:51:01,305] {logging_mixin.py:115} INFO - [2024-12-30 07:51:01,305] {dag.py:2931} INFO - Setting next_dagrun for example_task_group to 2024-12-29T07:51:01.305087+00:00, run_after=2024-12-30T07:51:01.305087+00:00
[2024-12-30 07:51:01,322] {processor.py:161} INFO - Processing /home/airflow/.local/lib/python3.7/site-packages/airflow/example_dags/example_task_group.py took 0.222 seconds
[2024-12-30 07:51:31,455] {processor.py:153} INFO - Started process (PID=486) to work on /home/airflow/.local/lib/python3.7/site-packages/airflow/example_dags/example_task_group.py
[2024-12-30 07:51:31,456] {processor.py:641} INFO - Processing file /home/airflow/.local/lib/python3.7/site-packages/airflow/example_dags/example_task_group.py for tasks to queue
[2024-12-30 07:51:31,456] {logging_mixin.py:115} INFO - [2024-12-30 07:51:31,456] {dagbag.py:507} INFO - Filling up the DagBag from /home/airflow/.local/lib/python3.7/site-packages/airflow/example_dags/example_task_group.py
[2024-12-30 07:51:31,466] {processor.py:651} INFO - DAG(s) dict_keys(['example_task_group']) retrieved from /home/airflow/.local/lib/python3.7/site-packages/airflow/example_dags/example_task_group.py
[2024-12-30 07:51:31,501] {logging_mixin.py:115} INFO - [2024-12-30 07:51:31,501] {dag.py:2379} INFO - Sync 1 DAGs
[2024-12-30 07:51:31,529] {logging_mixin.py:115} INFO - [2024-12-30 07:51:31,529] {dag.py:2931} INFO - Setting next_dagrun for example_task_group to 2024-12-29T07:51:31.529105+00:00, run_after=2024-12-30T07:51:31.529105+00:00
[2024-12-30 07:51:31,545] {processor.py:161} INFO - Processing /home/airflow/.local/lib/python3.7/site-packages/airflow/example_dags/example_task_group.py took 0.094 seconds
[2024-12-30 07:52:02,448] {processor.py:153} INFO - Started process (PID=683) to work on /home/airflow/.local/lib/python3.7/site-packages/airflow/example_dags/example_task_group.py
[2024-12-30 07:52:02,448] {processor.py:641} INFO - Processing file /home/airflow/.local/lib/python3.7/site-packages/airflow/example_dags/example_task_group.py for tasks to queue
[2024-12-30 07:52:02,448] {logging_mixin.py:115} INFO - [2024-12-30 07:52:02,448] {dagbag.py:507} INFO - Filling up the DagBag from /home/airflow/.local/lib/python3.7/site-packages/airflow/example_dags/example_task_group.py
[2024-12-30 07:52:02,455] {processor.py:651} INFO - DAG(s) dict_keys(['example_task_group']) retrieved from /home/airflow/.local/lib/python3.7/site-packages/airflow/example_dags/example_task_group.py
[2024-12-30 07:52:02,478] {logging_mixin.py:115} INFO - [2024-12-30 07:52:02,477] {dag.py:2379} INFO - Sync 1 DAGs
[2024-12-30 07:52:02,494] {logging_mixin.py:115} INFO - [2024-12-30 07:52:02,494] {dag.py:2931} INFO - Setting next_dagrun for example_task_group to 2024-12-29T07:52:02.494626+00:00, run_after=2024-12-30T07:52:02.494626+00:00
[2024-12-30 07:52:02,506] {processor.py:161} INFO - Processing /home/airflow/.local/lib/python3.7/site-packages/airflow/example_dags/example_task_group.py took 0.061 seconds
[2024-12-30 07:52:32,682] {processor.py:153} INFO - Started process (PID=880) to work on /home/airflow/.local/lib/python3.7/site-packages/airflow/example_dags/example_task_group.py
[2024-12-30 07:52:32,683] {processor.py:641} INFO - Processing file /home/airflow/.local/lib/python3.7/site-packages/airflow/example_dags/example_task_group.py for tasks to queue
[2024-12-30 07:52:32,684] {logging_mixin.py:115} INFO - [2024-12-30 07:52:32,684] {dagbag.py:507} INFO - Filling up the DagBag from /home/airflow/.local/lib/python3.7/site-packages/airflow/example_dags/example_task_group.py
[2024-12-30 07:52:32,695] {processor.py:651} INFO - DAG(s) dict_keys(['example_task_group']) retrieved from /home/airflow/.local/lib/python3.7/site-packages/airflow/example_dags/example_task_group.py
[2024-12-30 07:52:32,738] {logging_mixin.py:115} INFO - [2024-12-30 07:52:32,737] {dag.py:2379} INFO - Sync 1 DAGs
[2024-12-30 07:52:32,774] {logging_mixin.py:115} INFO - [2024-12-30 07:52:32,773] {dag.py:2931} INFO - Setting next_dagrun for example_task_group to 2024-12-29T07:52:32.773459+00:00, run_after=2024-12-30T07:52:32.773459+00:00
[2024-12-30 07:52:32,794] {processor.py:161} INFO - Processing /home/airflow/.local/lib/python3.7/site-packages/airflow/example_dags/example_task_group.py took 0.117 seconds
[2024-12-30 07:53:03,691] {processor.py:153} INFO - Started process (PID=1067) to work on /home/airflow/.local/lib/python3.7/site-packages/airflow/example_dags/example_task_group.py
[2024-12-30 07:53:03,691] {processor.py:641} INFO - Processing file /home/airflow/.local/lib/python3.7/site-packages/airflow/example_dags/example_task_group.py for tasks to queue
[2024-12-30 07:53:03,691] {logging_mixin.py:115} INFO - [2024-12-30 07:53:03,691] {dagbag.py:507} INFO - Filling up the DagBag from /home/airflow/.local/lib/python3.7/site-packages/airflow/example_dags/example_task_group.py
[2024-12-30 07:53:03,698] {processor.py:651} INFO - DAG(s) dict_keys(['example_task_group']) retrieved from /home/airflow/.local/lib/python3.7/site-packages/airflow/example_dags/example_task_group.py
[2024-12-30 07:53:03,731] {logging_mixin.py:115} INFO - [2024-12-30 07:53:03,731] {dag.py:2379} INFO - Sync 1 DAGs
[2024-12-30 07:53:03,778] {logging_mixin.py:115} INFO - [2024-12-30 07:53:03,778] {dag.py:2931} INFO - Setting next_dagrun for example_task_group to 2024-12-29T07:53:03.778326+00:00, run_after=2024-12-30T07:53:03.778326+00:00
[2024-12-30 07:53:03,820] {processor.py:161} INFO - Processing /home/airflow/.local/lib/python3.7/site-packages/airflow/example_dags/example_task_group.py took 0.131 seconds
[2024-12-30 07:53:34,719] {processor.py:153} INFO - Started process (PID=1283) to work on /home/airflow/.local/lib/python3.7/site-packages/airflow/example_dags/example_task_group.py
[2024-12-30 07:53:34,720] {processor.py:641} INFO - Processing file /home/airflow/.local/lib/python3.7/site-packages/airflow/example_dags/example_task_group.py for tasks to queue
[2024-12-30 07:53:34,720] {logging_mixin.py:115} INFO - [2024-12-30 07:53:34,720] {dagbag.py:507} INFO - Filling up the DagBag from /home/airflow/.local/lib/python3.7/site-packages/airflow/example_dags/example_task_group.py
[2024-12-30 07:53:34,726] {processor.py:651} INFO - DAG(s) dict_keys(['example_task_group']) retrieved from /home/airflow/.local/lib/python3.7/site-packages/airflow/example_dags/example_task_group.py
[2024-12-30 07:53:34,752] {logging_mixin.py:115} INFO - [2024-12-30 07:53:34,752] {dag.py:2379} INFO - Sync 1 DAGs
[2024-12-30 07:53:34,774] {logging_mixin.py:115} INFO - [2024-12-30 07:53:34,774] {dag.py:2931} INFO - Setting next_dagrun for example_task_group to 2024-12-29T07:53:34.774227+00:00, run_after=2024-12-30T07:53:34.774227+00:00
[2024-12-30 07:53:34,784] {processor.py:161} INFO - Processing /home/airflow/.local/lib/python3.7/site-packages/airflow/example_dags/example_task_group.py took 0.068 seconds
[2024-12-30 07:54:05,349] {processor.py:153} INFO - Started process (PID=1499) to work on /home/airflow/.local/lib/python3.7/site-packages/airflow/example_dags/example_task_group.py
[2024-12-30 07:54:05,350] {processor.py:641} INFO - Processing file /home/airflow/.local/lib/python3.7/site-packages/airflow/example_dags/example_task_group.py for tasks to queue
[2024-12-30 07:54:05,350] {logging_mixin.py:115} INFO - [2024-12-30 07:54:05,350] {dagbag.py:507} INFO - Filling up the DagBag from /home/airflow/.local/lib/python3.7/site-packages/airflow/example_dags/example_task_group.py
[2024-12-30 07:54:05,356] {processor.py:651} INFO - DAG(s) dict_keys(['example_task_group']) retrieved from /home/airflow/.local/lib/python3.7/site-packages/airflow/example_dags/example_task_group.py
[2024-12-30 07:54:05,379] {logging_mixin.py:115} INFO - [2024-12-30 07:54:05,379] {dag.py:2379} INFO - Sync 1 DAGs
[2024-12-30 07:54:05,401] {logging_mixin.py:115} INFO - [2024-12-30 07:54:05,401] {dag.py:2931} INFO - Setting next_dagrun for example_task_group to 2024-12-29T07:54:05.400828+00:00, run_after=2024-12-30T07:54:05.400828+00:00
[2024-12-30 07:54:05,411] {processor.py:161} INFO - Processing /home/airflow/.local/lib/python3.7/site-packages/airflow/example_dags/example_task_group.py took 0.064 seconds
[2024-12-30 07:54:36,137] {processor.py:153} INFO - Started process (PID=1693) to work on /home/airflow/.local/lib/python3.7/site-packages/airflow/example_dags/example_task_group.py
[2024-12-30 07:54:36,138] {processor.py:641} INFO - Processing file /home/airflow/.local/lib/python3.7/site-packages/airflow/example_dags/example_task_group.py for tasks to queue
[2024-12-30 07:54:36,138] {logging_mixin.py:115} INFO - [2024-12-30 07:54:36,138] {dagbag.py:507} INFO - Filling up the DagBag from /home/airflow/.local/lib/python3.7/site-packages/airflow/example_dags/example_task_group.py
[2024-12-30 07:54:36,147] {processor.py:651} INFO - DAG(s) dict_keys(['example_task_group']) retrieved from /home/airflow/.local/lib/python3.7/site-packages/airflow/example_dags/example_task_group.py
[2024-12-30 07:54:36,212] {logging_mixin.py:115} INFO - [2024-12-30 07:54:36,212] {dag.py:2379} INFO - Sync 1 DAGs
[2024-12-30 07:54:36,241] {logging_mixin.py:115} INFO - [2024-12-30 07:54:36,241] {dag.py:2931} INFO - Setting next_dagrun for example_task_group to 2024-12-29T07:54:36.241009+00:00, run_after=2024-12-30T07:54:36.241009+00:00
[2024-12-30 07:54:36,257] {processor.py:161} INFO - Processing /home/airflow/.local/lib/python3.7/site-packages/airflow/example_dags/example_task_group.py took 0.122 seconds
[2024-12-30 07:55:07,182] {processor.py:153} INFO - Started process (PID=1884) to work on /home/airflow/.local/lib/python3.7/site-packages/airflow/example_dags/example_task_group.py
[2024-12-30 07:55:07,185] {processor.py:641} INFO - Processing file /home/airflow/.local/lib/python3.7/site-packages/airflow/example_dags/example_task_group.py for tasks to queue
[2024-12-30 07:55:07,186] {logging_mixin.py:115} INFO - [2024-12-30 07:55:07,186] {dagbag.py:507} INFO - Filling up the DagBag from /home/airflow/.local/lib/python3.7/site-packages/airflow/example_dags/example_task_group.py
[2024-12-30 07:55:07,196] {processor.py:651} INFO - DAG(s) dict_keys(['example_task_group']) retrieved from /home/airflow/.local/lib/python3.7/site-packages/airflow/example_dags/example_task_group.py
[2024-12-30 07:55:07,232] {logging_mixin.py:115} INFO - [2024-12-30 07:55:07,232] {dag.py:2379} INFO - Sync 1 DAGs
[2024-12-30 07:55:07,261] {logging_mixin.py:115} INFO - [2024-12-30 07:55:07,261] {dag.py:2931} INFO - Setting next_dagrun for example_task_group to 2024-12-29T07:55:07.260803+00:00, run_after=2024-12-30T07:55:07.260803+00:00
[2024-12-30 07:55:07,276] {processor.py:161} INFO - Processing /home/airflow/.local/lib/python3.7/site-packages/airflow/example_dags/example_task_group.py took 0.098 seconds
[2024-12-30 07:55:37,867] {processor.py:153} INFO - Started process (PID=2081) to work on /home/airflow/.local/lib/python3.7/site-packages/airflow/example_dags/example_task_group.py
[2024-12-30 07:55:37,867] {processor.py:641} INFO - Processing file /home/airflow/.local/lib/python3.7/site-packages/airflow/example_dags/example_task_group.py for tasks to queue
[2024-12-30 07:55:37,867] {logging_mixin.py:115} INFO - [2024-12-30 07:55:37,867] {dagbag.py:507} INFO - Filling up the DagBag from /home/airflow/.local/lib/python3.7/site-packages/airflow/example_dags/example_task_group.py
[2024-12-30 07:55:37,872] {processor.py:651} INFO - DAG(s) dict_keys(['example_task_group']) retrieved from /home/airflow/.local/lib/python3.7/site-packages/airflow/example_dags/example_task_group.py
[2024-12-30 07:55:37,894] {logging_mixin.py:115} INFO - [2024-12-30 07:55:37,894] {dag.py:2379} INFO - Sync 1 DAGs
[2024-12-30 07:55:37,915] {logging_mixin.py:115} INFO - [2024-12-30 07:55:37,914] {dag.py:2931} INFO - Setting next_dagrun for example_task_group to 2024-12-29T07:55:37.914675+00:00, run_after=2024-12-30T07:55:37.914675+00:00
[2024-12-30 07:55:37,924] {processor.py:161} INFO - Processing /home/airflow/.local/lib/python3.7/site-packages/airflow/example_dags/example_task_group.py took 0.060 seconds
[2024-12-30 07:56:08,669] {processor.py:153} INFO - Started process (PID=2278) to work on /home/airflow/.local/lib/python3.7/site-packages/airflow/example_dags/example_task_group.py
[2024-12-30 07:56:08,670] {processor.py:641} INFO - Processing file /home/airflow/.local/lib/python3.7/site-packages/airflow/example_dags/example_task_group.py for tasks to queue
[2024-12-30 07:56:08,670] {logging_mixin.py:115} INFO - [2024-12-30 07:56:08,670] {dagbag.py:507} INFO - Filling up the DagBag from /home/airflow/.local/lib/python3.7/site-packages/airflow/example_dags/example_task_group.py
[2024-12-30 07:56:08,677] {processor.py:651} INFO - DAG(s) dict_keys(['example_task_group']) retrieved from /home/airflow/.local/lib/python3.7/site-packages/airflow/example_dags/example_task_group.py
[2024-12-30 07:56:08,697] {logging_mixin.py:115} INFO - [2024-12-30 07:56:08,696] {dag.py:2379} INFO - Sync 1 DAGs
[2024-12-30 07:56:08,713] {logging_mixin.py:115} INFO - [2024-12-30 07:56:08,713] {dag.py:2931} INFO - Setting next_dagrun for example_task_group to 2024-12-29T07:56:08.712855+00:00, run_after=2024-12-30T07:56:08.712855+00:00
[2024-12-30 07:56:08,722] {processor.py:161} INFO - Processing /home/airflow/.local/lib/python3.7/site-packages/airflow/example_dags/example_task_group.py took 0.054 seconds
[2024-12-30 07:56:39,257] {processor.py:153} INFO - Started process (PID=2476) to work on /home/airflow/.local/lib/python3.7/site-packages/airflow/example_dags/example_task_group.py
[2024-12-30 07:56:39,257] {processor.py:641} INFO - Processing file /home/airflow/.local/lib/python3.7/site-packages/airflow/example_dags/example_task_group.py for tasks to queue
[2024-12-30 07:56:39,258] {logging_mixin.py:115} INFO - [2024-12-30 07:56:39,258] {dagbag.py:507} INFO - Filling up the DagBag from /home/airflow/.local/lib/python3.7/site-packages/airflow/example_dags/example_task_group.py
[2024-12-30 07:56:39,266] {processor.py:651} INFO - DAG(s) dict_keys(['example_task_group']) retrieved from /home/airflow/.local/lib/python3.7/site-packages/airflow/example_dags/example_task_group.py
[2024-12-30 07:56:39,287] {logging_mixin.py:115} INFO - [2024-12-30 07:56:39,287] {dag.py:2379} INFO - Sync 1 DAGs
[2024-12-30 07:56:39,308] {logging_mixin.py:115} INFO - [2024-12-30 07:56:39,308] {dag.py:2931} INFO - Setting next_dagrun for example_task_group to 2024-12-29T07:56:39.308355+00:00, run_after=2024-12-30T07:56:39.308355+00:00
[2024-12-30 07:56:39,319] {processor.py:161} INFO - Processing /home/airflow/.local/lib/python3.7/site-packages/airflow/example_dags/example_task_group.py took 0.064 seconds
[2024-12-30 07:57:09,881] {processor.py:153} INFO - Started process (PID=2664) to work on /home/airflow/.local/lib/python3.7/site-packages/airflow/example_dags/example_task_group.py
[2024-12-30 07:57:09,882] {processor.py:641} INFO - Processing file /home/airflow/.local/lib/python3.7/site-packages/airflow/example_dags/example_task_group.py for tasks to queue
[2024-12-30 07:57:09,882] {logging_mixin.py:115} INFO - [2024-12-30 07:57:09,882] {dagbag.py:507} INFO - Filling up the DagBag from /home/airflow/.local/lib/python3.7/site-packages/airflow/example_dags/example_task_group.py
[2024-12-30 07:57:09,894] {processor.py:651} INFO - DAG(s) dict_keys(['example_task_group']) retrieved from /home/airflow/.local/lib/python3.7/site-packages/airflow/example_dags/example_task_group.py
[2024-12-30 07:57:09,916] {logging_mixin.py:115} INFO - [2024-12-30 07:57:09,916] {dag.py:2379} INFO - Sync 1 DAGs
[2024-12-30 07:57:09,935] {logging_mixin.py:115} INFO - [2024-12-30 07:57:09,935] {dag.py:2931} INFO - Setting next_dagrun for example_task_group to 2024-12-29T07:57:09.934979+00:00, run_after=2024-12-30T07:57:09.934979+00:00
[2024-12-30 07:57:09,945] {processor.py:161} INFO - Processing /home/airflow/.local/lib/python3.7/site-packages/airflow/example_dags/example_task_group.py took 0.066 seconds
[2024-12-30 07:57:40,513] {processor.py:153} INFO - Started process (PID=2862) to work on /home/airflow/.local/lib/python3.7/site-packages/airflow/example_dags/example_task_group.py
[2024-12-30 07:57:40,513] {processor.py:641} INFO - Processing file /home/airflow/.local/lib/python3.7/site-packages/airflow/example_dags/example_task_group.py for tasks to queue
[2024-12-30 07:57:40,513] {logging_mixin.py:115} INFO - [2024-12-30 07:57:40,513] {dagbag.py:507} INFO - Filling up the DagBag from /home/airflow/.local/lib/python3.7/site-packages/airflow/example_dags/example_task_group.py
[2024-12-30 07:57:40,523] {processor.py:651} INFO - DAG(s) dict_keys(['example_task_group']) retrieved from /home/airflow/.local/lib/python3.7/site-packages/airflow/example_dags/example_task_group.py
[2024-12-30 07:57:40,544] {logging_mixin.py:115} INFO - [2024-12-30 07:57:40,544] {dag.py:2379} INFO - Sync 1 DAGs
[2024-12-30 07:57:40,563] {logging_mixin.py:115} INFO - [2024-12-30 07:57:40,563] {dag.py:2931} INFO - Setting next_dagrun for example_task_group to 2024-12-29T07:57:40.563685+00:00, run_after=2024-12-30T07:57:40.563685+00:00
[2024-12-30 07:57:40,571] {processor.py:161} INFO - Processing /home/airflow/.local/lib/python3.7/site-packages/airflow/example_dags/example_task_group.py took 0.061 seconds
[2024-12-30 08:30:21,499] {processor.py:153} INFO - Started process (PID=299) to work on /home/airflow/.local/lib/python3.7/site-packages/airflow/example_dags/example_task_group.py
[2024-12-30 08:30:21,517] {processor.py:641} INFO - Processing file /home/airflow/.local/lib/python3.7/site-packages/airflow/example_dags/example_task_group.py for tasks to queue
[2024-12-30 08:30:21,531] {logging_mixin.py:115} INFO - [2024-12-30 08:30:21,531] {dagbag.py:507} INFO - Filling up the DagBag from /home/airflow/.local/lib/python3.7/site-packages/airflow/example_dags/example_task_group.py
[2024-12-30 08:30:21,550] {processor.py:651} INFO - DAG(s) dict_keys(['example_task_group']) retrieved from /home/airflow/.local/lib/python3.7/site-packages/airflow/example_dags/example_task_group.py
[2024-12-30 08:30:21,729] {logging_mixin.py:115} INFO - [2024-12-30 08:30:21,729] {manager.py:508} INFO - Created Permission View: can delete on DAG:example_task_group
[2024-12-30 08:30:21,747] {logging_mixin.py:115} INFO - [2024-12-30 08:30:21,747] {manager.py:508} INFO - Created Permission View: can read on DAG:example_task_group
[2024-12-30 08:30:21,756] {logging_mixin.py:115} INFO - [2024-12-30 08:30:21,756] {manager.py:508} INFO - Created Permission View: can edit on DAG:example_task_group
[2024-12-30 08:30:21,756] {logging_mixin.py:115} INFO - [2024-12-30 08:30:21,756] {dag.py:2379} INFO - Sync 1 DAGs
[2024-12-30 08:30:21,766] {logging_mixin.py:115} INFO - [2024-12-30 08:30:21,766] {dag.py:2398} INFO - Creating ORM DAG for example_task_group
[2024-12-30 08:30:21,780] {logging_mixin.py:115} INFO - [2024-12-30 08:30:21,779] {dag.py:2931} INFO - Setting next_dagrun for example_task_group to 2024-12-29T08:30:21.779619+00:00, run_after=2024-12-30T08:30:21.779619+00:00
[2024-12-30 08:30:21,811] {processor.py:161} INFO - Processing /home/airflow/.local/lib/python3.7/site-packages/airflow/example_dags/example_task_group.py took 0.316 seconds
[2024-12-30 08:30:52,401] {processor.py:153} INFO - Started process (PID=488) to work on /home/airflow/.local/lib/python3.7/site-packages/airflow/example_dags/example_task_group.py
[2024-12-30 08:30:52,402] {processor.py:641} INFO - Processing file /home/airflow/.local/lib/python3.7/site-packages/airflow/example_dags/example_task_group.py for tasks to queue
[2024-12-30 08:30:52,403] {logging_mixin.py:115} INFO - [2024-12-30 08:30:52,403] {dagbag.py:507} INFO - Filling up the DagBag from /home/airflow/.local/lib/python3.7/site-packages/airflow/example_dags/example_task_group.py
[2024-12-30 08:30:52,415] {processor.py:651} INFO - DAG(s) dict_keys(['example_task_group']) retrieved from /home/airflow/.local/lib/python3.7/site-packages/airflow/example_dags/example_task_group.py
[2024-12-30 08:30:52,464] {logging_mixin.py:115} INFO - [2024-12-30 08:30:52,464] {dag.py:2379} INFO - Sync 1 DAGs
[2024-12-30 08:30:52,483] {logging_mixin.py:115} INFO - [2024-12-30 08:30:52,483] {dag.py:2931} INFO - Setting next_dagrun for example_task_group to 2024-12-29T08:30:52.483412+00:00, run_after=2024-12-30T08:30:52.483412+00:00
[2024-12-30 08:30:52,500] {processor.py:161} INFO - Processing /home/airflow/.local/lib/python3.7/site-packages/airflow/example_dags/example_task_group.py took 0.102 seconds
[2024-12-30 08:31:23,240] {processor.py:153} INFO - Started process (PID=686) to work on /home/airflow/.local/lib/python3.7/site-packages/airflow/example_dags/example_task_group.py
[2024-12-30 08:31:23,241] {processor.py:641} INFO - Processing file /home/airflow/.local/lib/python3.7/site-packages/airflow/example_dags/example_task_group.py for tasks to queue
[2024-12-30 08:31:23,242] {logging_mixin.py:115} INFO - [2024-12-30 08:31:23,241] {dagbag.py:507} INFO - Filling up the DagBag from /home/airflow/.local/lib/python3.7/site-packages/airflow/example_dags/example_task_group.py
[2024-12-30 08:31:23,246] {processor.py:651} INFO - DAG(s) dict_keys(['example_task_group']) retrieved from /home/airflow/.local/lib/python3.7/site-packages/airflow/example_dags/example_task_group.py
[2024-12-30 08:31:23,277] {logging_mixin.py:115} INFO - [2024-12-30 08:31:23,276] {dag.py:2379} INFO - Sync 1 DAGs
[2024-12-30 08:31:23,297] {logging_mixin.py:115} INFO - [2024-12-30 08:31:23,297] {dag.py:2931} INFO - Setting next_dagrun for example_task_group to 2024-12-29T08:31:23.297559+00:00, run_after=2024-12-30T08:31:23.297559+00:00
[2024-12-30 08:31:23,308] {processor.py:161} INFO - Processing /home/airflow/.local/lib/python3.7/site-packages/airflow/example_dags/example_task_group.py took 0.070 seconds
[2024-12-30 08:31:54,117] {processor.py:153} INFO - Started process (PID=882) to work on /home/airflow/.local/lib/python3.7/site-packages/airflow/example_dags/example_task_group.py
[2024-12-30 08:31:54,119] {processor.py:641} INFO - Processing file /home/airflow/.local/lib/python3.7/site-packages/airflow/example_dags/example_task_group.py for tasks to queue
[2024-12-30 08:31:54,119] {logging_mixin.py:115} INFO - [2024-12-30 08:31:54,119] {dagbag.py:507} INFO - Filling up the DagBag from /home/airflow/.local/lib/python3.7/site-packages/airflow/example_dags/example_task_group.py
[2024-12-30 08:31:54,126] {processor.py:651} INFO - DAG(s) dict_keys(['example_task_group']) retrieved from /home/airflow/.local/lib/python3.7/site-packages/airflow/example_dags/example_task_group.py
[2024-12-30 08:31:54,148] {logging_mixin.py:115} INFO - [2024-12-30 08:31:54,148] {dag.py:2379} INFO - Sync 1 DAGs
[2024-12-30 08:31:54,168] {logging_mixin.py:115} INFO - [2024-12-30 08:31:54,168] {dag.py:2931} INFO - Setting next_dagrun for example_task_group to 2024-12-29T08:31:54.168538+00:00, run_after=2024-12-30T08:31:54.168538+00:00
[2024-12-30 08:31:54,179] {processor.py:161} INFO - Processing /home/airflow/.local/lib/python3.7/site-packages/airflow/example_dags/example_task_group.py took 0.064 seconds
