[2024-12-30 12:34:43,632] {taskinstance.py:1159} INFO - Dependencies all met for <TaskInstance: first_py_dag_V4.get_name manual__2024-12-30T12:34:42.436437+00:00 [queued]>
[2024-12-30 12:34:43,640] {taskinstance.py:1159} INFO - Dependencies all met for <TaskInstance: first_py_dag_V4.get_name manual__2024-12-30T12:34:42.436437+00:00 [queued]>
[2024-12-30 12:34:43,640] {taskinstance.py:1356} INFO - 
--------------------------------------------------------------------------------
[2024-12-30 12:34:43,640] {taskinstance.py:1357} INFO - Starting attempt 1 of 6
[2024-12-30 12:34:43,640] {taskinstance.py:1358} INFO - 
--------------------------------------------------------------------------------
[2024-12-30 12:34:43,652] {taskinstance.py:1377} INFO - Executing <Task(PythonOperator): get_name> on 2024-12-30 12:34:42.436437+00:00
[2024-12-30 12:34:43,657] {standard_task_runner.py:52} INFO - Started process 14678 to run task
[2024-12-30 12:34:43,659] {standard_task_runner.py:79} INFO - Running: ['***', 'tasks', 'run', 'first_py_dag_V4', 'get_name', 'manual__2024-12-30T12:34:42.436437+00:00', '--job-id', '35', '--raw', '--subdir', 'DAGS_FOLDER/first_dag.py', '--cfg-path', '/tmp/tmpxvtterri', '--error-file', '/tmp/tmp2bd0qy7a']
[2024-12-30 12:34:43,660] {standard_task_runner.py:80} INFO - Job 35: Subtask get_name
[2024-12-30 12:34:43,695] {task_command.py:370} INFO - Running <TaskInstance: first_py_dag_V4.get_name manual__2024-12-30T12:34:42.436437+00:00 [running]> on host 0766066e7c2f
[2024-12-30 12:34:43,743] {taskinstance.py:1571} INFO - Exporting the following env vars:
AIRFLOW_CTX_DAG_OWNER=swetansu
AIRFLOW_CTX_DAG_ID=first_py_dag_V4
AIRFLOW_CTX_TASK_ID=get_name
AIRFLOW_CTX_EXECUTION_DATE=2024-12-30T12:34:42.436437+00:00
AIRFLOW_CTX_TRY_NUMBER=1
AIRFLOW_CTX_DAG_RUN_ID=manual__2024-12-30T12:34:42.436437+00:00
[2024-12-30 12:34:43,760] {python.py:173} INFO - Done. Returned value was: None
[2024-12-30 12:34:43,769] {taskinstance.py:1400} INFO - Marking task as SUCCESS. dag_id=first_py_dag_V4, task_id=get_name, execution_date=20241230T123442, start_date=20241230T123443, end_date=20241230T123443
[2024-12-30 12:34:43,791] {local_task_job.py:156} INFO - Task exited with return code 0
[2024-12-30 12:34:43,815] {local_task_job.py:273} INFO - 1 downstream tasks scheduled from follow-on schedule check
