[2024-12-30 12:34:58,754] {taskinstance.py:1159} INFO - Dependencies all met for <TaskInstance: first_py_dag_V4.get_name manual__2024-12-30T12:32:56.963982+00:00 [queued]>
[2024-12-30 12:34:58,761] {taskinstance.py:1159} INFO - Dependencies all met for <TaskInstance: first_py_dag_V4.get_name manual__2024-12-30T12:32:56.963982+00:00 [queued]>
[2024-12-30 12:34:58,761] {taskinstance.py:1356} INFO - 
--------------------------------------------------------------------------------
[2024-12-30 12:34:58,761] {taskinstance.py:1357} INFO - Starting attempt 2 of 6
[2024-12-30 12:34:58,761] {taskinstance.py:1358} INFO - 
--------------------------------------------------------------------------------
[2024-12-30 12:34:58,772] {taskinstance.py:1377} INFO - Executing <Task(PythonOperator): get_name> on 2024-12-30 12:32:56.963982+00:00
[2024-12-30 12:34:58,777] {standard_task_runner.py:52} INFO - Started process 14691 to run task
[2024-12-30 12:34:58,779] {standard_task_runner.py:79} INFO - Running: ['***', 'tasks', 'run', 'first_py_dag_V4', 'get_name', 'manual__2024-12-30T12:32:56.963982+00:00', '--job-id', '37', '--raw', '--subdir', 'DAGS_FOLDER/first_dag.py', '--cfg-path', '/tmp/tmp7x8u84_a', '--error-file', '/tmp/tmpqss8bbzf']
[2024-12-30 12:34:58,780] {standard_task_runner.py:80} INFO - Job 37: Subtask get_name
[2024-12-30 12:34:58,819] {task_command.py:370} INFO - Running <TaskInstance: first_py_dag_V4.get_name manual__2024-12-30T12:32:56.963982+00:00 [running]> on host 0766066e7c2f
[2024-12-30 12:34:58,869] {taskinstance.py:1571} INFO - Exporting the following env vars:
AIRFLOW_CTX_DAG_OWNER=swetansu
AIRFLOW_CTX_DAG_ID=first_py_dag_V4
AIRFLOW_CTX_TASK_ID=get_name
AIRFLOW_CTX_EXECUTION_DATE=2024-12-30T12:32:56.963982+00:00
AIRFLOW_CTX_TRY_NUMBER=2
AIRFLOW_CTX_DAG_RUN_ID=manual__2024-12-30T12:32:56.963982+00:00
[2024-12-30 12:34:58,888] {python.py:173} INFO - Done. Returned value was: None
[2024-12-30 12:34:58,898] {taskinstance.py:1400} INFO - Marking task as SUCCESS. dag_id=first_py_dag_V4, task_id=get_name, execution_date=20241230T123256, start_date=20241230T123458, end_date=20241230T123458
[2024-12-30 12:34:58,911] {local_task_job.py:156} INFO - Task exited with return code 0
[2024-12-30 12:34:58,938] {local_task_job.py:273} INFO - 1 downstream tasks scheduled from follow-on schedule check
