[2024-12-30 07:51:01,581] {processor.py:153} INFO - Started process (PID=312) to work on /home/airflow/.local/lib/python3.7/site-packages/airflow/example_dags/example_skip_dag.py
[2024-12-30 07:51:01,581] {processor.py:641} INFO - Processing file /home/airflow/.local/lib/python3.7/site-packages/airflow/example_dags/example_skip_dag.py for tasks to queue
[2024-12-30 07:51:01,582] {logging_mixin.py:115} INFO - [2024-12-30 07:51:01,582] {dagbag.py:507} INFO - Filling up the DagBag from /home/airflow/.local/lib/python3.7/site-packages/airflow/example_dags/example_skip_dag.py
[2024-12-30 07:51:01,588] {processor.py:651} INFO - DAG(s) dict_keys(['example_skip_dag']) retrieved from /home/airflow/.local/lib/python3.7/site-packages/airflow/example_dags/example_skip_dag.py
[2024-12-30 07:51:01,732] {logging_mixin.py:115} INFO - [2024-12-30 07:51:01,731] {manager.py:508} INFO - Created Permission View: can read on DAG:example_skip_dag
[2024-12-30 07:51:01,744] {logging_mixin.py:115} INFO - [2024-12-30 07:51:01,744] {manager.py:508} INFO - Created Permission View: can edit on DAG:example_skip_dag
[2024-12-30 07:51:01,752] {logging_mixin.py:115} INFO - [2024-12-30 07:51:01,752] {manager.py:508} INFO - Created Permission View: can delete on DAG:example_skip_dag
[2024-12-30 07:51:01,752] {logging_mixin.py:115} INFO - [2024-12-30 07:51:01,752] {dag.py:2379} INFO - Sync 1 DAGs
[2024-12-30 07:51:01,763] {logging_mixin.py:115} INFO - [2024-12-30 07:51:01,762] {dag.py:2398} INFO - Creating ORM DAG for example_skip_dag
[2024-12-30 07:51:01,777] {logging_mixin.py:115} INFO - [2024-12-30 07:51:01,777] {dag.py:2931} INFO - Setting next_dagrun for example_skip_dag to 2024-12-29T07:51:01.777105+00:00, run_after=2024-12-30T07:51:01.777105+00:00
[2024-12-30 07:51:01,795] {processor.py:161} INFO - Processing /home/airflow/.local/lib/python3.7/site-packages/airflow/example_dags/example_skip_dag.py took 0.218 seconds
[2024-12-30 07:51:32,708] {processor.py:153} INFO - Started process (PID=503) to work on /home/airflow/.local/lib/python3.7/site-packages/airflow/example_dags/example_skip_dag.py
[2024-12-30 07:51:32,718] {processor.py:641} INFO - Processing file /home/airflow/.local/lib/python3.7/site-packages/airflow/example_dags/example_skip_dag.py for tasks to queue
[2024-12-30 07:51:32,719] {logging_mixin.py:115} INFO - [2024-12-30 07:51:32,719] {dagbag.py:507} INFO - Filling up the DagBag from /home/airflow/.local/lib/python3.7/site-packages/airflow/example_dags/example_skip_dag.py
[2024-12-30 07:51:32,722] {processor.py:651} INFO - DAG(s) dict_keys(['example_skip_dag']) retrieved from /home/airflow/.local/lib/python3.7/site-packages/airflow/example_dags/example_skip_dag.py
[2024-12-30 07:51:32,750] {logging_mixin.py:115} INFO - [2024-12-30 07:51:32,750] {dag.py:2379} INFO - Sync 1 DAGs
[2024-12-30 07:51:32,770] {logging_mixin.py:115} INFO - [2024-12-30 07:51:32,770] {dag.py:2931} INFO - Setting next_dagrun for example_skip_dag to 2024-12-29T07:51:32.769994+00:00, run_after=2024-12-30T07:51:32.769994+00:00
[2024-12-30 07:51:32,780] {processor.py:161} INFO - Processing /home/airflow/.local/lib/python3.7/site-packages/airflow/example_dags/example_skip_dag.py took 0.077 seconds
[2024-12-30 07:52:03,573] {processor.py:153} INFO - Started process (PID=700) to work on /home/airflow/.local/lib/python3.7/site-packages/airflow/example_dags/example_skip_dag.py
[2024-12-30 07:52:03,574] {processor.py:641} INFO - Processing file /home/airflow/.local/lib/python3.7/site-packages/airflow/example_dags/example_skip_dag.py for tasks to queue
[2024-12-30 07:52:03,574] {logging_mixin.py:115} INFO - [2024-12-30 07:52:03,574] {dagbag.py:507} INFO - Filling up the DagBag from /home/airflow/.local/lib/python3.7/site-packages/airflow/example_dags/example_skip_dag.py
[2024-12-30 07:52:03,578] {processor.py:651} INFO - DAG(s) dict_keys(['example_skip_dag']) retrieved from /home/airflow/.local/lib/python3.7/site-packages/airflow/example_dags/example_skip_dag.py
[2024-12-30 07:52:03,601] {logging_mixin.py:115} INFO - [2024-12-30 07:52:03,601] {dag.py:2379} INFO - Sync 1 DAGs
[2024-12-30 07:52:03,621] {logging_mixin.py:115} INFO - [2024-12-30 07:52:03,621] {dag.py:2931} INFO - Setting next_dagrun for example_skip_dag to 2024-12-29T07:52:03.621064+00:00, run_after=2024-12-30T07:52:03.621064+00:00
[2024-12-30 07:52:03,631] {processor.py:161} INFO - Processing /home/airflow/.local/lib/python3.7/site-packages/airflow/example_dags/example_skip_dag.py took 0.060 seconds
[2024-12-30 07:52:33,875] {processor.py:153} INFO - Started process (PID=897) to work on /home/airflow/.local/lib/python3.7/site-packages/airflow/example_dags/example_skip_dag.py
[2024-12-30 07:52:33,876] {processor.py:641} INFO - Processing file /home/airflow/.local/lib/python3.7/site-packages/airflow/example_dags/example_skip_dag.py for tasks to queue
[2024-12-30 07:52:33,876] {logging_mixin.py:115} INFO - [2024-12-30 07:52:33,876] {dagbag.py:507} INFO - Filling up the DagBag from /home/airflow/.local/lib/python3.7/site-packages/airflow/example_dags/example_skip_dag.py
[2024-12-30 07:52:33,880] {processor.py:651} INFO - DAG(s) dict_keys(['example_skip_dag']) retrieved from /home/airflow/.local/lib/python3.7/site-packages/airflow/example_dags/example_skip_dag.py
[2024-12-30 07:52:33,910] {logging_mixin.py:115} INFO - [2024-12-30 07:52:33,910] {dag.py:2379} INFO - Sync 1 DAGs
[2024-12-30 07:52:33,932] {logging_mixin.py:115} INFO - [2024-12-30 07:52:33,931] {dag.py:2931} INFO - Setting next_dagrun for example_skip_dag to 2024-12-29T07:52:33.931410+00:00, run_after=2024-12-30T07:52:33.931410+00:00
[2024-12-30 07:52:33,944] {processor.py:161} INFO - Processing /home/airflow/.local/lib/python3.7/site-packages/airflow/example_dags/example_skip_dag.py took 0.072 seconds
[2024-12-30 07:53:04,007] {processor.py:153} INFO - Started process (PID=1082) to work on /home/airflow/.local/lib/python3.7/site-packages/airflow/example_dags/example_skip_dag.py
[2024-12-30 07:53:04,008] {processor.py:641} INFO - Processing file /home/airflow/.local/lib/python3.7/site-packages/airflow/example_dags/example_skip_dag.py for tasks to queue
[2024-12-30 07:53:04,011] {logging_mixin.py:115} INFO - [2024-12-30 07:53:04,011] {dagbag.py:507} INFO - Filling up the DagBag from /home/airflow/.local/lib/python3.7/site-packages/airflow/example_dags/example_skip_dag.py
[2024-12-30 07:53:04,017] {processor.py:651} INFO - DAG(s) dict_keys(['example_skip_dag']) retrieved from /home/airflow/.local/lib/python3.7/site-packages/airflow/example_dags/example_skip_dag.py
[2024-12-30 07:53:04,076] {logging_mixin.py:115} INFO - [2024-12-30 07:53:04,076] {dag.py:2379} INFO - Sync 1 DAGs
[2024-12-30 07:53:04,105] {logging_mixin.py:115} INFO - [2024-12-30 07:53:04,105] {dag.py:2931} INFO - Setting next_dagrun for example_skip_dag to 2024-12-29T07:53:04.104742+00:00, run_after=2024-12-30T07:53:04.104742+00:00
[2024-12-30 07:53:04,135] {processor.py:161} INFO - Processing /home/airflow/.local/lib/python3.7/site-packages/airflow/example_dags/example_skip_dag.py took 0.131 seconds
[2024-12-30 07:53:34,847] {processor.py:153} INFO - Started process (PID=1298) to work on /home/airflow/.local/lib/python3.7/site-packages/airflow/example_dags/example_skip_dag.py
[2024-12-30 07:53:34,847] {processor.py:641} INFO - Processing file /home/airflow/.local/lib/python3.7/site-packages/airflow/example_dags/example_skip_dag.py for tasks to queue
[2024-12-30 07:53:34,848] {logging_mixin.py:115} INFO - [2024-12-30 07:53:34,848] {dagbag.py:507} INFO - Filling up the DagBag from /home/airflow/.local/lib/python3.7/site-packages/airflow/example_dags/example_skip_dag.py
[2024-12-30 07:53:34,852] {processor.py:651} INFO - DAG(s) dict_keys(['example_skip_dag']) retrieved from /home/airflow/.local/lib/python3.7/site-packages/airflow/example_dags/example_skip_dag.py
[2024-12-30 07:53:34,883] {logging_mixin.py:115} INFO - [2024-12-30 07:53:34,883] {dag.py:2379} INFO - Sync 1 DAGs
[2024-12-30 07:53:34,903] {logging_mixin.py:115} INFO - [2024-12-30 07:53:34,903] {dag.py:2931} INFO - Setting next_dagrun for example_skip_dag to 2024-12-29T07:53:34.903177+00:00, run_after=2024-12-30T07:53:34.903177+00:00
[2024-12-30 07:53:34,913] {processor.py:161} INFO - Processing /home/airflow/.local/lib/python3.7/site-packages/airflow/example_dags/example_skip_dag.py took 0.069 seconds
[2024-12-30 07:54:05,470] {processor.py:153} INFO - Started process (PID=1514) to work on /home/airflow/.local/lib/python3.7/site-packages/airflow/example_dags/example_skip_dag.py
[2024-12-30 07:54:05,470] {processor.py:641} INFO - Processing file /home/airflow/.local/lib/python3.7/site-packages/airflow/example_dags/example_skip_dag.py for tasks to queue
[2024-12-30 07:54:05,470] {logging_mixin.py:115} INFO - [2024-12-30 07:54:05,470] {dagbag.py:507} INFO - Filling up the DagBag from /home/airflow/.local/lib/python3.7/site-packages/airflow/example_dags/example_skip_dag.py
[2024-12-30 07:54:05,474] {processor.py:651} INFO - DAG(s) dict_keys(['example_skip_dag']) retrieved from /home/airflow/.local/lib/python3.7/site-packages/airflow/example_dags/example_skip_dag.py
[2024-12-30 07:54:05,495] {logging_mixin.py:115} INFO - [2024-12-30 07:54:05,495] {dag.py:2379} INFO - Sync 1 DAGs
[2024-12-30 07:54:05,515] {logging_mixin.py:115} INFO - [2024-12-30 07:54:05,515] {dag.py:2931} INFO - Setting next_dagrun for example_skip_dag to 2024-12-29T07:54:05.515396+00:00, run_after=2024-12-30T07:54:05.515396+00:00
[2024-12-30 07:54:05,525] {processor.py:161} INFO - Processing /home/airflow/.local/lib/python3.7/site-packages/airflow/example_dags/example_skip_dag.py took 0.057 seconds
[2024-12-30 07:54:36,382] {processor.py:153} INFO - Started process (PID=1709) to work on /home/airflow/.local/lib/python3.7/site-packages/airflow/example_dags/example_skip_dag.py
[2024-12-30 07:54:36,382] {processor.py:641} INFO - Processing file /home/airflow/.local/lib/python3.7/site-packages/airflow/example_dags/example_skip_dag.py for tasks to queue
[2024-12-30 07:54:36,383] {logging_mixin.py:115} INFO - [2024-12-30 07:54:36,382] {dagbag.py:507} INFO - Filling up the DagBag from /home/airflow/.local/lib/python3.7/site-packages/airflow/example_dags/example_skip_dag.py
[2024-12-30 07:54:36,387] {processor.py:651} INFO - DAG(s) dict_keys(['example_skip_dag']) retrieved from /home/airflow/.local/lib/python3.7/site-packages/airflow/example_dags/example_skip_dag.py
[2024-12-30 07:54:36,425] {logging_mixin.py:115} INFO - [2024-12-30 07:54:36,425] {dag.py:2379} INFO - Sync 1 DAGs
[2024-12-30 07:54:36,455] {logging_mixin.py:115} INFO - [2024-12-30 07:54:36,455] {dag.py:2931} INFO - Setting next_dagrun for example_skip_dag to 2024-12-29T07:54:36.455002+00:00, run_after=2024-12-30T07:54:36.455002+00:00
[2024-12-30 07:54:36,472] {processor.py:161} INFO - Processing /home/airflow/.local/lib/python3.7/site-packages/airflow/example_dags/example_skip_dag.py took 0.092 seconds
[2024-12-30 07:55:07,345] {processor.py:153} INFO - Started process (PID=1899) to work on /home/airflow/.local/lib/python3.7/site-packages/airflow/example_dags/example_skip_dag.py
[2024-12-30 07:55:07,345] {processor.py:641} INFO - Processing file /home/airflow/.local/lib/python3.7/site-packages/airflow/example_dags/example_skip_dag.py for tasks to queue
[2024-12-30 07:55:07,345] {logging_mixin.py:115} INFO - [2024-12-30 07:55:07,345] {dagbag.py:507} INFO - Filling up the DagBag from /home/airflow/.local/lib/python3.7/site-packages/airflow/example_dags/example_skip_dag.py
[2024-12-30 07:55:07,350] {processor.py:651} INFO - DAG(s) dict_keys(['example_skip_dag']) retrieved from /home/airflow/.local/lib/python3.7/site-packages/airflow/example_dags/example_skip_dag.py
[2024-12-30 07:55:07,380] {logging_mixin.py:115} INFO - [2024-12-30 07:55:07,380] {dag.py:2379} INFO - Sync 1 DAGs
[2024-12-30 07:55:07,410] {logging_mixin.py:115} INFO - [2024-12-30 07:55:07,410] {dag.py:2931} INFO - Setting next_dagrun for example_skip_dag to 2024-12-29T07:55:07.410175+00:00, run_after=2024-12-30T07:55:07.410175+00:00
[2024-12-30 07:55:07,428] {processor.py:161} INFO - Processing /home/airflow/.local/lib/python3.7/site-packages/airflow/example_dags/example_skip_dag.py took 0.085 seconds
[2024-12-30 07:55:37,982] {processor.py:153} INFO - Started process (PID=2096) to work on /home/airflow/.local/lib/python3.7/site-packages/airflow/example_dags/example_skip_dag.py
[2024-12-30 07:55:37,983] {processor.py:641} INFO - Processing file /home/airflow/.local/lib/python3.7/site-packages/airflow/example_dags/example_skip_dag.py for tasks to queue
[2024-12-30 07:55:37,983] {logging_mixin.py:115} INFO - [2024-12-30 07:55:37,983] {dagbag.py:507} INFO - Filling up the DagBag from /home/airflow/.local/lib/python3.7/site-packages/airflow/example_dags/example_skip_dag.py
[2024-12-30 07:55:37,988] {processor.py:651} INFO - DAG(s) dict_keys(['example_skip_dag']) retrieved from /home/airflow/.local/lib/python3.7/site-packages/airflow/example_dags/example_skip_dag.py
[2024-12-30 07:55:38,009] {logging_mixin.py:115} INFO - [2024-12-30 07:55:38,009] {dag.py:2379} INFO - Sync 1 DAGs
[2024-12-30 07:55:38,028] {logging_mixin.py:115} INFO - [2024-12-30 07:55:38,028] {dag.py:2931} INFO - Setting next_dagrun for example_skip_dag to 2024-12-29T07:55:38.028587+00:00, run_after=2024-12-30T07:55:38.028587+00:00
[2024-12-30 07:55:38,038] {processor.py:161} INFO - Processing /home/airflow/.local/lib/python3.7/site-packages/airflow/example_dags/example_skip_dag.py took 0.058 seconds
[2024-12-30 07:56:08,773] {processor.py:153} INFO - Started process (PID=2293) to work on /home/airflow/.local/lib/python3.7/site-packages/airflow/example_dags/example_skip_dag.py
[2024-12-30 07:56:08,774] {processor.py:641} INFO - Processing file /home/airflow/.local/lib/python3.7/site-packages/airflow/example_dags/example_skip_dag.py for tasks to queue
[2024-12-30 07:56:08,774] {logging_mixin.py:115} INFO - [2024-12-30 07:56:08,774] {dagbag.py:507} INFO - Filling up the DagBag from /home/airflow/.local/lib/python3.7/site-packages/airflow/example_dags/example_skip_dag.py
[2024-12-30 07:56:08,780] {processor.py:651} INFO - DAG(s) dict_keys(['example_skip_dag']) retrieved from /home/airflow/.local/lib/python3.7/site-packages/airflow/example_dags/example_skip_dag.py
[2024-12-30 07:56:08,797] {logging_mixin.py:115} INFO - [2024-12-30 07:56:08,797] {dag.py:2379} INFO - Sync 1 DAGs
[2024-12-30 07:56:08,815] {logging_mixin.py:115} INFO - [2024-12-30 07:56:08,815] {dag.py:2931} INFO - Setting next_dagrun for example_skip_dag to 2024-12-29T07:56:08.814702+00:00, run_after=2024-12-30T07:56:08.814702+00:00
[2024-12-30 07:56:08,823] {processor.py:161} INFO - Processing /home/airflow/.local/lib/python3.7/site-packages/airflow/example_dags/example_skip_dag.py took 0.051 seconds
[2024-12-30 07:56:39,368] {processor.py:153} INFO - Started process (PID=2491) to work on /home/airflow/.local/lib/python3.7/site-packages/airflow/example_dags/example_skip_dag.py
[2024-12-30 07:56:39,369] {processor.py:641} INFO - Processing file /home/airflow/.local/lib/python3.7/site-packages/airflow/example_dags/example_skip_dag.py for tasks to queue
[2024-12-30 07:56:39,369] {logging_mixin.py:115} INFO - [2024-12-30 07:56:39,369] {dagbag.py:507} INFO - Filling up the DagBag from /home/airflow/.local/lib/python3.7/site-packages/airflow/example_dags/example_skip_dag.py
[2024-12-30 07:56:39,375] {processor.py:651} INFO - DAG(s) dict_keys(['example_skip_dag']) retrieved from /home/airflow/.local/lib/python3.7/site-packages/airflow/example_dags/example_skip_dag.py
[2024-12-30 07:56:39,395] {logging_mixin.py:115} INFO - [2024-12-30 07:56:39,395] {dag.py:2379} INFO - Sync 1 DAGs
[2024-12-30 07:56:39,415] {logging_mixin.py:115} INFO - [2024-12-30 07:56:39,414] {dag.py:2931} INFO - Setting next_dagrun for example_skip_dag to 2024-12-29T07:56:39.414540+00:00, run_after=2024-12-30T07:56:39.414540+00:00
[2024-12-30 07:56:39,427] {processor.py:161} INFO - Processing /home/airflow/.local/lib/python3.7/site-packages/airflow/example_dags/example_skip_dag.py took 0.061 seconds
[2024-12-30 07:57:10,003] {processor.py:153} INFO - Started process (PID=2679) to work on /home/airflow/.local/lib/python3.7/site-packages/airflow/example_dags/example_skip_dag.py
[2024-12-30 07:57:10,003] {processor.py:641} INFO - Processing file /home/airflow/.local/lib/python3.7/site-packages/airflow/example_dags/example_skip_dag.py for tasks to queue
[2024-12-30 07:57:10,004] {logging_mixin.py:115} INFO - [2024-12-30 07:57:10,004] {dagbag.py:507} INFO - Filling up the DagBag from /home/airflow/.local/lib/python3.7/site-packages/airflow/example_dags/example_skip_dag.py
[2024-12-30 07:57:10,013] {processor.py:651} INFO - DAG(s) dict_keys(['example_skip_dag']) retrieved from /home/airflow/.local/lib/python3.7/site-packages/airflow/example_dags/example_skip_dag.py
[2024-12-30 07:57:10,032] {logging_mixin.py:115} INFO - [2024-12-30 07:57:10,032] {dag.py:2379} INFO - Sync 1 DAGs
[2024-12-30 07:57:10,052] {logging_mixin.py:115} INFO - [2024-12-30 07:57:10,051] {dag.py:2931} INFO - Setting next_dagrun for example_skip_dag to 2024-12-29T07:57:10.051504+00:00, run_after=2024-12-30T07:57:10.051504+00:00
[2024-12-30 07:57:10,063] {processor.py:161} INFO - Processing /home/airflow/.local/lib/python3.7/site-packages/airflow/example_dags/example_skip_dag.py took 0.063 seconds
[2024-12-30 07:57:40,619] {processor.py:153} INFO - Started process (PID=2877) to work on /home/airflow/.local/lib/python3.7/site-packages/airflow/example_dags/example_skip_dag.py
[2024-12-30 07:57:40,619] {processor.py:641} INFO - Processing file /home/airflow/.local/lib/python3.7/site-packages/airflow/example_dags/example_skip_dag.py for tasks to queue
[2024-12-30 07:57:40,620] {logging_mixin.py:115} INFO - [2024-12-30 07:57:40,620] {dagbag.py:507} INFO - Filling up the DagBag from /home/airflow/.local/lib/python3.7/site-packages/airflow/example_dags/example_skip_dag.py
[2024-12-30 07:57:40,628] {processor.py:651} INFO - DAG(s) dict_keys(['example_skip_dag']) retrieved from /home/airflow/.local/lib/python3.7/site-packages/airflow/example_dags/example_skip_dag.py
[2024-12-30 07:57:40,647] {logging_mixin.py:115} INFO - [2024-12-30 07:57:40,647] {dag.py:2379} INFO - Sync 1 DAGs
[2024-12-30 07:57:40,666] {logging_mixin.py:115} INFO - [2024-12-30 07:57:40,666] {dag.py:2931} INFO - Setting next_dagrun for example_skip_dag to 2024-12-29T07:57:40.665588+00:00, run_after=2024-12-30T07:57:40.665588+00:00
[2024-12-30 07:57:40,676] {processor.py:161} INFO - Processing /home/airflow/.local/lib/python3.7/site-packages/airflow/example_dags/example_skip_dag.py took 0.060 seconds
[2024-12-30 08:30:22,335] {processor.py:153} INFO - Started process (PID=314) to work on /home/airflow/.local/lib/python3.7/site-packages/airflow/example_dags/example_skip_dag.py
[2024-12-30 08:30:22,336] {processor.py:641} INFO - Processing file /home/airflow/.local/lib/python3.7/site-packages/airflow/example_dags/example_skip_dag.py for tasks to queue
[2024-12-30 08:30:22,337] {logging_mixin.py:115} INFO - [2024-12-30 08:30:22,337] {dagbag.py:507} INFO - Filling up the DagBag from /home/airflow/.local/lib/python3.7/site-packages/airflow/example_dags/example_skip_dag.py
[2024-12-30 08:30:22,344] {processor.py:651} INFO - DAG(s) dict_keys(['example_skip_dag']) retrieved from /home/airflow/.local/lib/python3.7/site-packages/airflow/example_dags/example_skip_dag.py
[2024-12-30 08:30:22,471] {logging_mixin.py:115} INFO - [2024-12-30 08:30:22,471] {manager.py:508} INFO - Created Permission View: can delete on DAG:example_skip_dag
[2024-12-30 08:30:22,528] {logging_mixin.py:115} INFO - [2024-12-30 08:30:22,528] {manager.py:508} INFO - Created Permission View: can read on DAG:example_skip_dag
[2024-12-30 08:30:22,547] {logging_mixin.py:115} INFO - [2024-12-30 08:30:22,547] {manager.py:508} INFO - Created Permission View: can edit on DAG:example_skip_dag
[2024-12-30 08:30:22,547] {logging_mixin.py:115} INFO - [2024-12-30 08:30:22,547] {dag.py:2379} INFO - Sync 1 DAGs
[2024-12-30 08:30:22,558] {logging_mixin.py:115} INFO - [2024-12-30 08:30:22,558] {dag.py:2398} INFO - Creating ORM DAG for example_skip_dag
[2024-12-30 08:30:22,569] {logging_mixin.py:115} INFO - [2024-12-30 08:30:22,569] {dag.py:2931} INFO - Setting next_dagrun for example_skip_dag to 2024-12-29T08:30:22.569482+00:00, run_after=2024-12-30T08:30:22.569482+00:00
[2024-12-30 08:30:22,585] {processor.py:161} INFO - Processing /home/airflow/.local/lib/python3.7/site-packages/airflow/example_dags/example_skip_dag.py took 0.254 seconds
[2024-12-30 08:30:52,664] {processor.py:153} INFO - Started process (PID=505) to work on /home/airflow/.local/lib/python3.7/site-packages/airflow/example_dags/example_skip_dag.py
[2024-12-30 08:30:52,664] {processor.py:641} INFO - Processing file /home/airflow/.local/lib/python3.7/site-packages/airflow/example_dags/example_skip_dag.py for tasks to queue
[2024-12-30 08:30:52,665] {logging_mixin.py:115} INFO - [2024-12-30 08:30:52,664] {dagbag.py:507} INFO - Filling up the DagBag from /home/airflow/.local/lib/python3.7/site-packages/airflow/example_dags/example_skip_dag.py
[2024-12-30 08:30:52,668] {processor.py:651} INFO - DAG(s) dict_keys(['example_skip_dag']) retrieved from /home/airflow/.local/lib/python3.7/site-packages/airflow/example_dags/example_skip_dag.py
[2024-12-30 08:30:52,696] {logging_mixin.py:115} INFO - [2024-12-30 08:30:52,696] {dag.py:2379} INFO - Sync 1 DAGs
[2024-12-30 08:30:52,713] {logging_mixin.py:115} INFO - [2024-12-30 08:30:52,713] {dag.py:2931} INFO - Setting next_dagrun for example_skip_dag to 2024-12-29T08:30:52.713663+00:00, run_after=2024-12-30T08:30:52.713663+00:00
[2024-12-30 08:30:52,726] {processor.py:161} INFO - Processing /home/airflow/.local/lib/python3.7/site-packages/airflow/example_dags/example_skip_dag.py took 0.064 seconds
[2024-12-30 08:31:23,374] {processor.py:153} INFO - Started process (PID=701) to work on /home/airflow/.local/lib/python3.7/site-packages/airflow/example_dags/example_skip_dag.py
[2024-12-30 08:31:23,375] {processor.py:641} INFO - Processing file /home/airflow/.local/lib/python3.7/site-packages/airflow/example_dags/example_skip_dag.py for tasks to queue
[2024-12-30 08:31:23,375] {logging_mixin.py:115} INFO - [2024-12-30 08:31:23,375] {dagbag.py:507} INFO - Filling up the DagBag from /home/airflow/.local/lib/python3.7/site-packages/airflow/example_dags/example_skip_dag.py
[2024-12-30 08:31:23,378] {processor.py:651} INFO - DAG(s) dict_keys(['example_skip_dag']) retrieved from /home/airflow/.local/lib/python3.7/site-packages/airflow/example_dags/example_skip_dag.py
[2024-12-30 08:31:23,402] {logging_mixin.py:115} INFO - [2024-12-30 08:31:23,402] {dag.py:2379} INFO - Sync 1 DAGs
[2024-12-30 08:31:23,417] {logging_mixin.py:115} INFO - [2024-12-30 08:31:23,417] {dag.py:2931} INFO - Setting next_dagrun for example_skip_dag to 2024-12-29T08:31:23.417709+00:00, run_after=2024-12-30T08:31:23.417709+00:00
[2024-12-30 08:31:23,426] {processor.py:161} INFO - Processing /home/airflow/.local/lib/python3.7/site-packages/airflow/example_dags/example_skip_dag.py took 0.054 seconds
[2024-12-30 08:31:54,260] {processor.py:153} INFO - Started process (PID=897) to work on /home/airflow/.local/lib/python3.7/site-packages/airflow/example_dags/example_skip_dag.py
[2024-12-30 08:31:54,261] {processor.py:641} INFO - Processing file /home/airflow/.local/lib/python3.7/site-packages/airflow/example_dags/example_skip_dag.py for tasks to queue
[2024-12-30 08:31:54,261] {logging_mixin.py:115} INFO - [2024-12-30 08:31:54,261] {dagbag.py:507} INFO - Filling up the DagBag from /home/airflow/.local/lib/python3.7/site-packages/airflow/example_dags/example_skip_dag.py
[2024-12-30 08:31:54,265] {processor.py:651} INFO - DAG(s) dict_keys(['example_skip_dag']) retrieved from /home/airflow/.local/lib/python3.7/site-packages/airflow/example_dags/example_skip_dag.py
[2024-12-30 08:31:54,287] {logging_mixin.py:115} INFO - [2024-12-30 08:31:54,287] {dag.py:2379} INFO - Sync 1 DAGs
[2024-12-30 08:31:54,301] {logging_mixin.py:115} INFO - [2024-12-30 08:31:54,301] {dag.py:2931} INFO - Setting next_dagrun for example_skip_dag to 2024-12-29T08:31:54.300965+00:00, run_after=2024-12-30T08:31:54.300965+00:00
[2024-12-30 08:31:54,308] {processor.py:161} INFO - Processing /home/airflow/.local/lib/python3.7/site-packages/airflow/example_dags/example_skip_dag.py took 0.050 seconds
