[2024-12-30 07:51:01,373] {processor.py:153} INFO - Started process (PID=307) to work on /home/airflow/.local/lib/python3.7/site-packages/airflow/example_dags/example_kubernetes_executor.py
[2024-12-30 07:51:01,374] {processor.py:641} INFO - Processing file /home/airflow/.local/lib/python3.7/site-packages/airflow/example_dags/example_kubernetes_executor.py for tasks to queue
[2024-12-30 07:51:01,375] {logging_mixin.py:115} INFO - [2024-12-30 07:51:01,374] {dagbag.py:507} INFO - Filling up the DagBag from /home/airflow/.local/lib/python3.7/site-packages/airflow/example_dags/example_kubernetes_executor.py
[2024-12-30 07:51:01,402] {processor.py:651} INFO - DAG(s) dict_keys(['example_kubernetes_executor']) retrieved from /home/airflow/.local/lib/python3.7/site-packages/airflow/example_dags/example_kubernetes_executor.py
[2024-12-30 07:51:01,523] {logging_mixin.py:115} INFO - [2024-12-30 07:51:01,523] {manager.py:508} INFO - Created Permission View: can read on DAG:example_kubernetes_executor
[2024-12-30 07:51:01,535] {logging_mixin.py:115} INFO - [2024-12-30 07:51:01,535] {manager.py:508} INFO - Created Permission View: can edit on DAG:example_kubernetes_executor
[2024-12-30 07:51:01,561] {logging_mixin.py:115} INFO - [2024-12-30 07:51:01,561] {manager.py:508} INFO - Created Permission View: can delete on DAG:example_kubernetes_executor
[2024-12-30 07:51:01,561] {logging_mixin.py:115} INFO - [2024-12-30 07:51:01,561] {dag.py:2379} INFO - Sync 1 DAGs
[2024-12-30 07:51:01,588] {logging_mixin.py:115} INFO - [2024-12-30 07:51:01,588] {dag.py:2398} INFO - Creating ORM DAG for example_kubernetes_executor
[2024-12-30 07:51:01,613] {logging_mixin.py:115} INFO - [2024-12-30 07:51:01,613] {dag.py:2931} INFO - Setting next_dagrun for example_kubernetes_executor to None, run_after=None
[2024-12-30 07:51:01,650] {processor.py:161} INFO - Processing /home/airflow/.local/lib/python3.7/site-packages/airflow/example_dags/example_kubernetes_executor.py took 0.280 seconds
[2024-12-30 07:51:31,696] {processor.py:153} INFO - Started process (PID=498) to work on /home/airflow/.local/lib/python3.7/site-packages/airflow/example_dags/example_kubernetes_executor.py
[2024-12-30 07:51:31,696] {processor.py:641} INFO - Processing file /home/airflow/.local/lib/python3.7/site-packages/airflow/example_dags/example_kubernetes_executor.py for tasks to queue
[2024-12-30 07:51:31,697] {logging_mixin.py:115} INFO - [2024-12-30 07:51:31,697] {dagbag.py:507} INFO - Filling up the DagBag from /home/airflow/.local/lib/python3.7/site-packages/airflow/example_dags/example_kubernetes_executor.py
[2024-12-30 07:51:31,725] {processor.py:651} INFO - DAG(s) dict_keys(['example_kubernetes_executor']) retrieved from /home/airflow/.local/lib/python3.7/site-packages/airflow/example_dags/example_kubernetes_executor.py
[2024-12-30 07:51:31,753] {logging_mixin.py:115} INFO - [2024-12-30 07:51:31,752] {dag.py:2379} INFO - Sync 1 DAGs
[2024-12-30 07:51:31,777] {logging_mixin.py:115} INFO - [2024-12-30 07:51:31,777] {dag.py:2931} INFO - Setting next_dagrun for example_kubernetes_executor to None, run_after=None
[2024-12-30 07:51:31,791] {processor.py:161} INFO - Processing /home/airflow/.local/lib/python3.7/site-packages/airflow/example_dags/example_kubernetes_executor.py took 0.100 seconds
[2024-12-30 07:52:02,526] {processor.py:153} INFO - Started process (PID=693) to work on /home/airflow/.local/lib/python3.7/site-packages/airflow/example_dags/example_kubernetes_executor.py
[2024-12-30 07:52:02,527] {processor.py:641} INFO - Processing file /home/airflow/.local/lib/python3.7/site-packages/airflow/example_dags/example_kubernetes_executor.py for tasks to queue
[2024-12-30 07:52:02,527] {logging_mixin.py:115} INFO - [2024-12-30 07:52:02,527] {dagbag.py:507} INFO - Filling up the DagBag from /home/airflow/.local/lib/python3.7/site-packages/airflow/example_dags/example_kubernetes_executor.py
[2024-12-30 07:52:02,551] {processor.py:651} INFO - DAG(s) dict_keys(['example_kubernetes_executor']) retrieved from /home/airflow/.local/lib/python3.7/site-packages/airflow/example_dags/example_kubernetes_executor.py
[2024-12-30 07:52:02,572] {logging_mixin.py:115} INFO - [2024-12-30 07:52:02,572] {dag.py:2379} INFO - Sync 1 DAGs
[2024-12-30 07:52:02,586] {logging_mixin.py:115} INFO - [2024-12-30 07:52:02,586] {dag.py:2931} INFO - Setting next_dagrun for example_kubernetes_executor to None, run_after=None
[2024-12-30 07:52:02,593] {processor.py:161} INFO - Processing /home/airflow/.local/lib/python3.7/site-packages/airflow/example_dags/example_kubernetes_executor.py took 0.070 seconds
[2024-12-30 07:52:32,827] {processor.py:153} INFO - Started process (PID=890) to work on /home/airflow/.local/lib/python3.7/site-packages/airflow/example_dags/example_kubernetes_executor.py
[2024-12-30 07:52:32,828] {processor.py:641} INFO - Processing file /home/airflow/.local/lib/python3.7/site-packages/airflow/example_dags/example_kubernetes_executor.py for tasks to queue
[2024-12-30 07:52:32,829] {logging_mixin.py:115} INFO - [2024-12-30 07:52:32,829] {dagbag.py:507} INFO - Filling up the DagBag from /home/airflow/.local/lib/python3.7/site-packages/airflow/example_dags/example_kubernetes_executor.py
[2024-12-30 07:52:32,865] {processor.py:651} INFO - DAG(s) dict_keys(['example_kubernetes_executor']) retrieved from /home/airflow/.local/lib/python3.7/site-packages/airflow/example_dags/example_kubernetes_executor.py
[2024-12-30 07:52:32,888] {logging_mixin.py:115} INFO - [2024-12-30 07:52:32,888] {dag.py:2379} INFO - Sync 1 DAGs
[2024-12-30 07:52:32,905] {logging_mixin.py:115} INFO - [2024-12-30 07:52:32,905] {dag.py:2931} INFO - Setting next_dagrun for example_kubernetes_executor to None, run_after=None
[2024-12-30 07:52:32,915] {processor.py:161} INFO - Processing /home/airflow/.local/lib/python3.7/site-packages/airflow/example_dags/example_kubernetes_executor.py took 0.091 seconds
[2024-12-30 07:53:03,870] {processor.py:153} INFO - Started process (PID=1077) to work on /home/airflow/.local/lib/python3.7/site-packages/airflow/example_dags/example_kubernetes_executor.py
[2024-12-30 07:53:03,871] {processor.py:641} INFO - Processing file /home/airflow/.local/lib/python3.7/site-packages/airflow/example_dags/example_kubernetes_executor.py for tasks to queue
[2024-12-30 07:53:03,872] {logging_mixin.py:115} INFO - [2024-12-30 07:53:03,872] {dagbag.py:507} INFO - Filling up the DagBag from /home/airflow/.local/lib/python3.7/site-packages/airflow/example_dags/example_kubernetes_executor.py
[2024-12-30 07:53:03,902] {processor.py:651} INFO - DAG(s) dict_keys(['example_kubernetes_executor']) retrieved from /home/airflow/.local/lib/python3.7/site-packages/airflow/example_dags/example_kubernetes_executor.py
[2024-12-30 07:53:03,944] {logging_mixin.py:115} INFO - [2024-12-30 07:53:03,944] {dag.py:2379} INFO - Sync 1 DAGs
[2024-12-30 07:53:03,981] {logging_mixin.py:115} INFO - [2024-12-30 07:53:03,981] {dag.py:2931} INFO - Setting next_dagrun for example_kubernetes_executor to None, run_after=None
[2024-12-30 07:53:04,030] {processor.py:161} INFO - Processing /home/airflow/.local/lib/python3.7/site-packages/airflow/example_dags/example_kubernetes_executor.py took 0.165 seconds
[2024-12-30 07:53:34,806] {processor.py:153} INFO - Started process (PID=1293) to work on /home/airflow/.local/lib/python3.7/site-packages/airflow/example_dags/example_kubernetes_executor.py
[2024-12-30 07:53:34,806] {processor.py:641} INFO - Processing file /home/airflow/.local/lib/python3.7/site-packages/airflow/example_dags/example_kubernetes_executor.py for tasks to queue
[2024-12-30 07:53:34,807] {logging_mixin.py:115} INFO - [2024-12-30 07:53:34,807] {dagbag.py:507} INFO - Filling up the DagBag from /home/airflow/.local/lib/python3.7/site-packages/airflow/example_dags/example_kubernetes_executor.py
[2024-12-30 07:53:34,825] {processor.py:651} INFO - DAG(s) dict_keys(['example_kubernetes_executor']) retrieved from /home/airflow/.local/lib/python3.7/site-packages/airflow/example_dags/example_kubernetes_executor.py
[2024-12-30 07:53:34,846] {logging_mixin.py:115} INFO - [2024-12-30 07:53:34,846] {dag.py:2379} INFO - Sync 1 DAGs
[2024-12-30 07:53:34,869] {logging_mixin.py:115} INFO - [2024-12-30 07:53:34,869] {dag.py:2931} INFO - Setting next_dagrun for example_kubernetes_executor to None, run_after=None
[2024-12-30 07:53:34,880] {processor.py:161} INFO - Processing /home/airflow/.local/lib/python3.7/site-packages/airflow/example_dags/example_kubernetes_executor.py took 0.078 seconds
[2024-12-30 07:54:05,431] {processor.py:153} INFO - Started process (PID=1509) to work on /home/airflow/.local/lib/python3.7/site-packages/airflow/example_dags/example_kubernetes_executor.py
[2024-12-30 07:54:05,431] {processor.py:641} INFO - Processing file /home/airflow/.local/lib/python3.7/site-packages/airflow/example_dags/example_kubernetes_executor.py for tasks to queue
[2024-12-30 07:54:05,432] {logging_mixin.py:115} INFO - [2024-12-30 07:54:05,432] {dagbag.py:507} INFO - Filling up the DagBag from /home/airflow/.local/lib/python3.7/site-packages/airflow/example_dags/example_kubernetes_executor.py
[2024-12-30 07:54:05,453] {processor.py:651} INFO - DAG(s) dict_keys(['example_kubernetes_executor']) retrieved from /home/airflow/.local/lib/python3.7/site-packages/airflow/example_dags/example_kubernetes_executor.py
[2024-12-30 07:54:05,472] {logging_mixin.py:115} INFO - [2024-12-30 07:54:05,471] {dag.py:2379} INFO - Sync 1 DAGs
[2024-12-30 07:54:05,489] {logging_mixin.py:115} INFO - [2024-12-30 07:54:05,489] {dag.py:2931} INFO - Setting next_dagrun for example_kubernetes_executor to None, run_after=None
[2024-12-30 07:54:05,499] {processor.py:161} INFO - Processing /home/airflow/.local/lib/python3.7/site-packages/airflow/example_dags/example_kubernetes_executor.py took 0.071 seconds
[2024-12-30 07:54:36,287] {processor.py:153} INFO - Started process (PID=1704) to work on /home/airflow/.local/lib/python3.7/site-packages/airflow/example_dags/example_kubernetes_executor.py
[2024-12-30 07:54:36,288] {processor.py:641} INFO - Processing file /home/airflow/.local/lib/python3.7/site-packages/airflow/example_dags/example_kubernetes_executor.py for tasks to queue
[2024-12-30 07:54:36,289] {logging_mixin.py:115} INFO - [2024-12-30 07:54:36,288] {dagbag.py:507} INFO - Filling up the DagBag from /home/airflow/.local/lib/python3.7/site-packages/airflow/example_dags/example_kubernetes_executor.py
[2024-12-30 07:54:36,326] {processor.py:651} INFO - DAG(s) dict_keys(['example_kubernetes_executor']) retrieved from /home/airflow/.local/lib/python3.7/site-packages/airflow/example_dags/example_kubernetes_executor.py
[2024-12-30 07:54:36,361] {logging_mixin.py:115} INFO - [2024-12-30 07:54:36,361] {dag.py:2379} INFO - Sync 1 DAGs
[2024-12-30 07:54:36,386] {logging_mixin.py:115} INFO - [2024-12-30 07:54:36,386] {dag.py:2931} INFO - Setting next_dagrun for example_kubernetes_executor to None, run_after=None
[2024-12-30 07:54:36,399] {processor.py:161} INFO - Processing /home/airflow/.local/lib/python3.7/site-packages/airflow/example_dags/example_kubernetes_executor.py took 0.115 seconds
[2024-12-30 07:55:07,309] {processor.py:153} INFO - Started process (PID=1894) to work on /home/airflow/.local/lib/python3.7/site-packages/airflow/example_dags/example_kubernetes_executor.py
[2024-12-30 07:55:07,310] {processor.py:641} INFO - Processing file /home/airflow/.local/lib/python3.7/site-packages/airflow/example_dags/example_kubernetes_executor.py for tasks to queue
[2024-12-30 07:55:07,311] {logging_mixin.py:115} INFO - [2024-12-30 07:55:07,310] {dagbag.py:507} INFO - Filling up the DagBag from /home/airflow/.local/lib/python3.7/site-packages/airflow/example_dags/example_kubernetes_executor.py
[2024-12-30 07:55:07,343] {processor.py:651} INFO - DAG(s) dict_keys(['example_kubernetes_executor']) retrieved from /home/airflow/.local/lib/python3.7/site-packages/airflow/example_dags/example_kubernetes_executor.py
[2024-12-30 07:55:07,375] {logging_mixin.py:115} INFO - [2024-12-30 07:55:07,375] {dag.py:2379} INFO - Sync 1 DAGs
[2024-12-30 07:55:07,397] {logging_mixin.py:115} INFO - [2024-12-30 07:55:07,397] {dag.py:2931} INFO - Setting next_dagrun for example_kubernetes_executor to None, run_after=None
[2024-12-30 07:55:07,412] {processor.py:161} INFO - Processing /home/airflow/.local/lib/python3.7/site-packages/airflow/example_dags/example_kubernetes_executor.py took 0.107 seconds
[2024-12-30 07:55:37,943] {processor.py:153} INFO - Started process (PID=2091) to work on /home/airflow/.local/lib/python3.7/site-packages/airflow/example_dags/example_kubernetes_executor.py
[2024-12-30 07:55:37,944] {processor.py:641} INFO - Processing file /home/airflow/.local/lib/python3.7/site-packages/airflow/example_dags/example_kubernetes_executor.py for tasks to queue
[2024-12-30 07:55:37,944] {logging_mixin.py:115} INFO - [2024-12-30 07:55:37,944] {dagbag.py:507} INFO - Filling up the DagBag from /home/airflow/.local/lib/python3.7/site-packages/airflow/example_dags/example_kubernetes_executor.py
[2024-12-30 07:55:37,964] {processor.py:651} INFO - DAG(s) dict_keys(['example_kubernetes_executor']) retrieved from /home/airflow/.local/lib/python3.7/site-packages/airflow/example_dags/example_kubernetes_executor.py
[2024-12-30 07:55:37,983] {logging_mixin.py:115} INFO - [2024-12-30 07:55:37,983] {dag.py:2379} INFO - Sync 1 DAGs
[2024-12-30 07:55:38,003] {logging_mixin.py:115} INFO - [2024-12-30 07:55:38,003] {dag.py:2931} INFO - Setting next_dagrun for example_kubernetes_executor to None, run_after=None
[2024-12-30 07:55:38,011] {processor.py:161} INFO - Processing /home/airflow/.local/lib/python3.7/site-packages/airflow/example_dags/example_kubernetes_executor.py took 0.070 seconds
[2024-12-30 07:56:08,738] {processor.py:153} INFO - Started process (PID=2288) to work on /home/airflow/.local/lib/python3.7/site-packages/airflow/example_dags/example_kubernetes_executor.py
[2024-12-30 07:56:08,739] {processor.py:641} INFO - Processing file /home/airflow/.local/lib/python3.7/site-packages/airflow/example_dags/example_kubernetes_executor.py for tasks to queue
[2024-12-30 07:56:08,739] {logging_mixin.py:115} INFO - [2024-12-30 07:56:08,739] {dagbag.py:507} INFO - Filling up the DagBag from /home/airflow/.local/lib/python3.7/site-packages/airflow/example_dags/example_kubernetes_executor.py
[2024-12-30 07:56:08,759] {processor.py:651} INFO - DAG(s) dict_keys(['example_kubernetes_executor']) retrieved from /home/airflow/.local/lib/python3.7/site-packages/airflow/example_dags/example_kubernetes_executor.py
[2024-12-30 07:56:08,777] {logging_mixin.py:115} INFO - [2024-12-30 07:56:08,777] {dag.py:2379} INFO - Sync 1 DAGs
[2024-12-30 07:56:08,793] {logging_mixin.py:115} INFO - [2024-12-30 07:56:08,793] {dag.py:2931} INFO - Setting next_dagrun for example_kubernetes_executor to None, run_after=None
[2024-12-30 07:56:08,800] {processor.py:161} INFO - Processing /home/airflow/.local/lib/python3.7/site-packages/airflow/example_dags/example_kubernetes_executor.py took 0.064 seconds
[2024-12-30 07:56:39,336] {processor.py:153} INFO - Started process (PID=2486) to work on /home/airflow/.local/lib/python3.7/site-packages/airflow/example_dags/example_kubernetes_executor.py
[2024-12-30 07:56:39,337] {processor.py:641} INFO - Processing file /home/airflow/.local/lib/python3.7/site-packages/airflow/example_dags/example_kubernetes_executor.py for tasks to queue
[2024-12-30 07:56:39,337] {logging_mixin.py:115} INFO - [2024-12-30 07:56:39,337] {dagbag.py:507} INFO - Filling up the DagBag from /home/airflow/.local/lib/python3.7/site-packages/airflow/example_dags/example_kubernetes_executor.py
[2024-12-30 07:56:39,357] {processor.py:651} INFO - DAG(s) dict_keys(['example_kubernetes_executor']) retrieved from /home/airflow/.local/lib/python3.7/site-packages/airflow/example_dags/example_kubernetes_executor.py
[2024-12-30 07:56:39,375] {logging_mixin.py:115} INFO - [2024-12-30 07:56:39,375] {dag.py:2379} INFO - Sync 1 DAGs
[2024-12-30 07:56:39,391] {logging_mixin.py:115} INFO - [2024-12-30 07:56:39,391] {dag.py:2931} INFO - Setting next_dagrun for example_kubernetes_executor to None, run_after=None
[2024-12-30 07:56:39,400] {processor.py:161} INFO - Processing /home/airflow/.local/lib/python3.7/site-packages/airflow/example_dags/example_kubernetes_executor.py took 0.065 seconds
[2024-12-30 07:57:09,965] {processor.py:153} INFO - Started process (PID=2674) to work on /home/airflow/.local/lib/python3.7/site-packages/airflow/example_dags/example_kubernetes_executor.py
[2024-12-30 07:57:09,966] {processor.py:641} INFO - Processing file /home/airflow/.local/lib/python3.7/site-packages/airflow/example_dags/example_kubernetes_executor.py for tasks to queue
[2024-12-30 07:57:09,966] {logging_mixin.py:115} INFO - [2024-12-30 07:57:09,966] {dagbag.py:507} INFO - Filling up the DagBag from /home/airflow/.local/lib/python3.7/site-packages/airflow/example_dags/example_kubernetes_executor.py
[2024-12-30 07:57:09,987] {processor.py:651} INFO - DAG(s) dict_keys(['example_kubernetes_executor']) retrieved from /home/airflow/.local/lib/python3.7/site-packages/airflow/example_dags/example_kubernetes_executor.py
[2024-12-30 07:57:10,011] {logging_mixin.py:115} INFO - [2024-12-30 07:57:10,011] {dag.py:2379} INFO - Sync 1 DAGs
[2024-12-30 07:57:10,029] {logging_mixin.py:115} INFO - [2024-12-30 07:57:10,029] {dag.py:2931} INFO - Setting next_dagrun for example_kubernetes_executor to None, run_after=None
[2024-12-30 07:57:10,039] {processor.py:161} INFO - Processing /home/airflow/.local/lib/python3.7/site-packages/airflow/example_dags/example_kubernetes_executor.py took 0.076 seconds
[2024-12-30 07:57:40,590] {processor.py:153} INFO - Started process (PID=2872) to work on /home/airflow/.local/lib/python3.7/site-packages/airflow/example_dags/example_kubernetes_executor.py
[2024-12-30 07:57:40,591] {processor.py:641} INFO - Processing file /home/airflow/.local/lib/python3.7/site-packages/airflow/example_dags/example_kubernetes_executor.py for tasks to queue
[2024-12-30 07:57:40,591] {logging_mixin.py:115} INFO - [2024-12-30 07:57:40,591] {dagbag.py:507} INFO - Filling up the DagBag from /home/airflow/.local/lib/python3.7/site-packages/airflow/example_dags/example_kubernetes_executor.py
[2024-12-30 07:57:40,611] {processor.py:651} INFO - DAG(s) dict_keys(['example_kubernetes_executor']) retrieved from /home/airflow/.local/lib/python3.7/site-packages/airflow/example_dags/example_kubernetes_executor.py
[2024-12-30 07:57:40,633] {logging_mixin.py:115} INFO - [2024-12-30 07:57:40,633] {dag.py:2379} INFO - Sync 1 DAGs
[2024-12-30 07:57:40,652] {logging_mixin.py:115} INFO - [2024-12-30 07:57:40,652] {dag.py:2931} INFO - Setting next_dagrun for example_kubernetes_executor to None, run_after=None
[2024-12-30 07:57:40,662] {processor.py:161} INFO - Processing /home/airflow/.local/lib/python3.7/site-packages/airflow/example_dags/example_kubernetes_executor.py took 0.074 seconds
[2024-12-30 08:30:21,889] {processor.py:153} INFO - Started process (PID=309) to work on /home/airflow/.local/lib/python3.7/site-packages/airflow/example_dags/example_kubernetes_executor.py
[2024-12-30 08:30:21,893] {processor.py:641} INFO - Processing file /home/airflow/.local/lib/python3.7/site-packages/airflow/example_dags/example_kubernetes_executor.py for tasks to queue
[2024-12-30 08:30:21,894] {logging_mixin.py:115} INFO - [2024-12-30 08:30:21,894] {dagbag.py:507} INFO - Filling up the DagBag from /home/airflow/.local/lib/python3.7/site-packages/airflow/example_dags/example_kubernetes_executor.py
[2024-12-30 08:30:21,971] {processor.py:651} INFO - DAG(s) dict_keys(['example_kubernetes_executor']) retrieved from /home/airflow/.local/lib/python3.7/site-packages/airflow/example_dags/example_kubernetes_executor.py
[2024-12-30 08:30:22,187] {logging_mixin.py:115} INFO - [2024-12-30 08:30:22,187] {manager.py:508} INFO - Created Permission View: can delete on DAG:example_kubernetes_executor
[2024-12-30 08:30:22,214] {logging_mixin.py:115} INFO - [2024-12-30 08:30:22,214] {manager.py:508} INFO - Created Permission View: can read on DAG:example_kubernetes_executor
[2024-12-30 08:30:22,243] {logging_mixin.py:115} INFO - [2024-12-30 08:30:22,243] {manager.py:508} INFO - Created Permission View: can edit on DAG:example_kubernetes_executor
[2024-12-30 08:30:22,243] {logging_mixin.py:115} INFO - [2024-12-30 08:30:22,243] {dag.py:2379} INFO - Sync 1 DAGs
[2024-12-30 08:30:22,261] {logging_mixin.py:115} INFO - [2024-12-30 08:30:22,261] {dag.py:2398} INFO - Creating ORM DAG for example_kubernetes_executor
[2024-12-30 08:30:22,288] {logging_mixin.py:115} INFO - [2024-12-30 08:30:22,288] {dag.py:2931} INFO - Setting next_dagrun for example_kubernetes_executor to None, run_after=None
[2024-12-30 08:30:22,347] {processor.py:161} INFO - Processing /home/airflow/.local/lib/python3.7/site-packages/airflow/example_dags/example_kubernetes_executor.py took 0.461 seconds
[2024-12-30 08:30:52,533] {processor.py:153} INFO - Started process (PID=498) to work on /home/airflow/.local/lib/python3.7/site-packages/airflow/example_dags/example_kubernetes_executor.py
[2024-12-30 08:30:52,533] {processor.py:641} INFO - Processing file /home/airflow/.local/lib/python3.7/site-packages/airflow/example_dags/example_kubernetes_executor.py for tasks to queue
[2024-12-30 08:30:52,535] {logging_mixin.py:115} INFO - [2024-12-30 08:30:52,535] {dagbag.py:507} INFO - Filling up the DagBag from /home/airflow/.local/lib/python3.7/site-packages/airflow/example_dags/example_kubernetes_executor.py
[2024-12-30 08:30:52,569] {processor.py:651} INFO - DAG(s) dict_keys(['example_kubernetes_executor']) retrieved from /home/airflow/.local/lib/python3.7/site-packages/airflow/example_dags/example_kubernetes_executor.py
[2024-12-30 08:30:52,613] {logging_mixin.py:115} INFO - [2024-12-30 08:30:52,613] {dag.py:2379} INFO - Sync 1 DAGs
[2024-12-30 08:30:52,632] {logging_mixin.py:115} INFO - [2024-12-30 08:30:52,631] {dag.py:2931} INFO - Setting next_dagrun for example_kubernetes_executor to None, run_after=None
[2024-12-30 08:30:52,645] {processor.py:161} INFO - Processing /home/airflow/.local/lib/python3.7/site-packages/airflow/example_dags/example_kubernetes_executor.py took 0.115 seconds
[2024-12-30 08:31:23,326] {processor.py:153} INFO - Started process (PID=696) to work on /home/airflow/.local/lib/python3.7/site-packages/airflow/example_dags/example_kubernetes_executor.py
[2024-12-30 08:31:23,326] {processor.py:641} INFO - Processing file /home/airflow/.local/lib/python3.7/site-packages/airflow/example_dags/example_kubernetes_executor.py for tasks to queue
[2024-12-30 08:31:23,327] {logging_mixin.py:115} INFO - [2024-12-30 08:31:23,327] {dagbag.py:507} INFO - Filling up the DagBag from /home/airflow/.local/lib/python3.7/site-packages/airflow/example_dags/example_kubernetes_executor.py
[2024-12-30 08:31:23,344] {processor.py:651} INFO - DAG(s) dict_keys(['example_kubernetes_executor']) retrieved from /home/airflow/.local/lib/python3.7/site-packages/airflow/example_dags/example_kubernetes_executor.py
[2024-12-30 08:31:23,365] {logging_mixin.py:115} INFO - [2024-12-30 08:31:23,365] {dag.py:2379} INFO - Sync 1 DAGs
[2024-12-30 08:31:23,385] {logging_mixin.py:115} INFO - [2024-12-30 08:31:23,385] {dag.py:2931} INFO - Setting next_dagrun for example_kubernetes_executor to None, run_after=None
[2024-12-30 08:31:23,396] {processor.py:161} INFO - Processing /home/airflow/.local/lib/python3.7/site-packages/airflow/example_dags/example_kubernetes_executor.py took 0.073 seconds
[2024-12-30 08:31:54,197] {processor.py:153} INFO - Started process (PID=892) to work on /home/airflow/.local/lib/python3.7/site-packages/airflow/example_dags/example_kubernetes_executor.py
[2024-12-30 08:31:54,198] {processor.py:641} INFO - Processing file /home/airflow/.local/lib/python3.7/site-packages/airflow/example_dags/example_kubernetes_executor.py for tasks to queue
[2024-12-30 08:31:54,198] {logging_mixin.py:115} INFO - [2024-12-30 08:31:54,198] {dagbag.py:507} INFO - Filling up the DagBag from /home/airflow/.local/lib/python3.7/site-packages/airflow/example_dags/example_kubernetes_executor.py
[2024-12-30 08:31:54,221] {processor.py:651} INFO - DAG(s) dict_keys(['example_kubernetes_executor']) retrieved from /home/airflow/.local/lib/python3.7/site-packages/airflow/example_dags/example_kubernetes_executor.py
[2024-12-30 08:31:54,243] {logging_mixin.py:115} INFO - [2024-12-30 08:31:54,243] {dag.py:2379} INFO - Sync 1 DAGs
[2024-12-30 08:31:54,261] {logging_mixin.py:115} INFO - [2024-12-30 08:31:54,261] {dag.py:2931} INFO - Setting next_dagrun for example_kubernetes_executor to None, run_after=None
[2024-12-30 08:31:54,270] {processor.py:161} INFO - Processing /home/airflow/.local/lib/python3.7/site-packages/airflow/example_dags/example_kubernetes_executor.py took 0.075 seconds
