[2024-12-30 07:50:59,832] {processor.py:153} INFO - Started process (PID=250) to work on /home/airflow/.local/lib/python3.7/site-packages/airflow/example_dags/example_xcom.py
[2024-12-30 07:50:59,833] {processor.py:641} INFO - Processing file /home/airflow/.local/lib/python3.7/site-packages/airflow/example_dags/example_xcom.py for tasks to queue
[2024-12-30 07:50:59,834] {logging_mixin.py:115} INFO - [2024-12-30 07:50:59,834] {dagbag.py:507} INFO - Filling up the DagBag from /home/airflow/.local/lib/python3.7/site-packages/airflow/example_dags/example_xcom.py
[2024-12-30 07:50:59,884] {processor.py:651} INFO - DAG(s) dict_keys(['example_xcom']) retrieved from /home/airflow/.local/lib/python3.7/site-packages/airflow/example_dags/example_xcom.py
[2024-12-30 07:50:59,991] {logging_mixin.py:115} INFO - [2024-12-30 07:50:59,991] {manager.py:508} INFO - Created Permission View: can read on DAG:example_xcom
[2024-12-30 07:51:00,033] {logging_mixin.py:115} INFO - [2024-12-30 07:51:00,033] {manager.py:508} INFO - Created Permission View: can edit on DAG:example_xcom
[2024-12-30 07:51:00,056] {logging_mixin.py:115} INFO - [2024-12-30 07:51:00,055] {manager.py:508} INFO - Created Permission View: can delete on DAG:example_xcom
[2024-12-30 07:51:00,056] {logging_mixin.py:115} INFO - [2024-12-30 07:51:00,056] {dag.py:2379} INFO - Sync 1 DAGs
[2024-12-30 07:51:00,073] {logging_mixin.py:115} INFO - [2024-12-30 07:51:00,072] {dag.py:2398} INFO - Creating ORM DAG for example_xcom
[2024-12-30 07:51:00,103] {logging_mixin.py:115} INFO - [2024-12-30 07:51:00,102] {dag.py:2931} INFO - Setting next_dagrun for example_xcom to 2021-01-01T00:00:00+00:00, run_after=2021-01-01T00:00:00+00:00
[2024-12-30 07:51:00,147] {processor.py:161} INFO - Processing /home/airflow/.local/lib/python3.7/site-packages/airflow/example_dags/example_xcom.py took 0.322 seconds
[2024-12-30 07:51:30,643] {processor.py:153} INFO - Started process (PID=443) to work on /home/airflow/.local/lib/python3.7/site-packages/airflow/example_dags/example_xcom.py
[2024-12-30 07:51:30,644] {processor.py:641} INFO - Processing file /home/airflow/.local/lib/python3.7/site-packages/airflow/example_dags/example_xcom.py for tasks to queue
[2024-12-30 07:51:30,645] {logging_mixin.py:115} INFO - [2024-12-30 07:51:30,645] {dagbag.py:507} INFO - Filling up the DagBag from /home/airflow/.local/lib/python3.7/site-packages/airflow/example_dags/example_xcom.py
[2024-12-30 07:51:30,673] {processor.py:651} INFO - DAG(s) dict_keys(['example_xcom']) retrieved from /home/airflow/.local/lib/python3.7/site-packages/airflow/example_dags/example_xcom.py
[2024-12-30 07:51:30,764] {logging_mixin.py:115} INFO - [2024-12-30 07:51:30,764] {dag.py:2379} INFO - Sync 1 DAGs
[2024-12-30 07:51:30,788] {logging_mixin.py:115} INFO - [2024-12-30 07:51:30,788] {dag.py:2931} INFO - Setting next_dagrun for example_xcom to 2021-01-01T00:00:00+00:00, run_after=2021-01-01T00:00:00+00:00
[2024-12-30 07:51:30,806] {processor.py:161} INFO - Processing /home/airflow/.local/lib/python3.7/site-packages/airflow/example_dags/example_xcom.py took 0.168 seconds
[2024-12-30 07:52:00,877] {processor.py:153} INFO - Started process (PID=640) to work on /home/airflow/.local/lib/python3.7/site-packages/airflow/example_dags/example_xcom.py
[2024-12-30 07:52:00,878] {processor.py:641} INFO - Processing file /home/airflow/.local/lib/python3.7/site-packages/airflow/example_dags/example_xcom.py for tasks to queue
[2024-12-30 07:52:00,879] {logging_mixin.py:115} INFO - [2024-12-30 07:52:00,879] {dagbag.py:507} INFO - Filling up the DagBag from /home/airflow/.local/lib/python3.7/site-packages/airflow/example_dags/example_xcom.py
[2024-12-30 07:52:00,900] {processor.py:651} INFO - DAG(s) dict_keys(['example_xcom']) retrieved from /home/airflow/.local/lib/python3.7/site-packages/airflow/example_dags/example_xcom.py
[2024-12-30 07:52:00,962] {logging_mixin.py:115} INFO - [2024-12-30 07:52:00,962] {dag.py:2379} INFO - Sync 1 DAGs
[2024-12-30 07:52:00,991] {logging_mixin.py:115} INFO - [2024-12-30 07:52:00,991] {dag.py:2931} INFO - Setting next_dagrun for example_xcom to 2021-01-01T00:00:00+00:00, run_after=2021-01-01T00:00:00+00:00
[2024-12-30 07:52:01,019] {processor.py:161} INFO - Processing /home/airflow/.local/lib/python3.7/site-packages/airflow/example_dags/example_xcom.py took 0.145 seconds
[2024-12-30 07:52:31,051] {processor.py:153} INFO - Started process (PID=828) to work on /home/airflow/.local/lib/python3.7/site-packages/airflow/example_dags/example_xcom.py
[2024-12-30 07:52:31,051] {processor.py:641} INFO - Processing file /home/airflow/.local/lib/python3.7/site-packages/airflow/example_dags/example_xcom.py for tasks to queue
[2024-12-30 07:52:31,052] {logging_mixin.py:115} INFO - [2024-12-30 07:52:31,052] {dagbag.py:507} INFO - Filling up the DagBag from /home/airflow/.local/lib/python3.7/site-packages/airflow/example_dags/example_xcom.py
[2024-12-30 07:52:31,081] {processor.py:651} INFO - DAG(s) dict_keys(['example_xcom']) retrieved from /home/airflow/.local/lib/python3.7/site-packages/airflow/example_dags/example_xcom.py
[2024-12-30 07:52:31,147] {logging_mixin.py:115} INFO - [2024-12-30 07:52:31,147] {dag.py:2379} INFO - Sync 1 DAGs
[2024-12-30 07:52:31,169] {logging_mixin.py:115} INFO - [2024-12-30 07:52:31,169] {dag.py:2931} INFO - Setting next_dagrun for example_xcom to 2021-01-01T00:00:00+00:00, run_after=2021-01-01T00:00:00+00:00
[2024-12-30 07:52:31,193] {processor.py:161} INFO - Processing /home/airflow/.local/lib/python3.7/site-packages/airflow/example_dags/example_xcom.py took 0.145 seconds
[2024-12-30 07:53:02,169] {processor.py:153} INFO - Started process (PID=1024) to work on /home/airflow/.local/lib/python3.7/site-packages/airflow/example_dags/example_xcom.py
[2024-12-30 07:53:02,169] {processor.py:641} INFO - Processing file /home/airflow/.local/lib/python3.7/site-packages/airflow/example_dags/example_xcom.py for tasks to queue
[2024-12-30 07:53:02,170] {logging_mixin.py:115} INFO - [2024-12-30 07:53:02,170] {dagbag.py:507} INFO - Filling up the DagBag from /home/airflow/.local/lib/python3.7/site-packages/airflow/example_dags/example_xcom.py
[2024-12-30 07:53:02,202] {processor.py:651} INFO - DAG(s) dict_keys(['example_xcom']) retrieved from /home/airflow/.local/lib/python3.7/site-packages/airflow/example_dags/example_xcom.py
[2024-12-30 07:53:02,267] {logging_mixin.py:115} INFO - [2024-12-30 07:53:02,267] {dag.py:2379} INFO - Sync 1 DAGs
[2024-12-30 07:53:02,310] {logging_mixin.py:115} INFO - [2024-12-30 07:53:02,310] {dag.py:2931} INFO - Setting next_dagrun for example_xcom to 2021-01-01T00:00:00+00:00, run_after=2021-01-01T00:00:00+00:00
[2024-12-30 07:53:02,327] {processor.py:161} INFO - Processing /home/airflow/.local/lib/python3.7/site-packages/airflow/example_dags/example_xcom.py took 0.161 seconds
[2024-12-30 07:53:33,294] {processor.py:153} INFO - Started process (PID=1240) to work on /home/airflow/.local/lib/python3.7/site-packages/airflow/example_dags/example_xcom.py
[2024-12-30 07:53:33,304] {processor.py:641} INFO - Processing file /home/airflow/.local/lib/python3.7/site-packages/airflow/example_dags/example_xcom.py for tasks to queue
[2024-12-30 07:53:33,305] {logging_mixin.py:115} INFO - [2024-12-30 07:53:33,305] {dagbag.py:507} INFO - Filling up the DagBag from /home/airflow/.local/lib/python3.7/site-packages/airflow/example_dags/example_xcom.py
[2024-12-30 07:53:33,325] {processor.py:651} INFO - DAG(s) dict_keys(['example_xcom']) retrieved from /home/airflow/.local/lib/python3.7/site-packages/airflow/example_dags/example_xcom.py
[2024-12-30 07:53:33,380] {logging_mixin.py:115} INFO - [2024-12-30 07:53:33,380] {dag.py:2379} INFO - Sync 1 DAGs
[2024-12-30 07:53:33,398] {logging_mixin.py:115} INFO - [2024-12-30 07:53:33,398] {dag.py:2931} INFO - Setting next_dagrun for example_xcom to 2021-01-01T00:00:00+00:00, run_after=2021-01-01T00:00:00+00:00
[2024-12-30 07:53:33,411] {processor.py:161} INFO - Processing /home/airflow/.local/lib/python3.7/site-packages/airflow/example_dags/example_xcom.py took 0.121 seconds
[2024-12-30 07:54:03,959] {processor.py:153} INFO - Started process (PID=1456) to work on /home/airflow/.local/lib/python3.7/site-packages/airflow/example_dags/example_xcom.py
[2024-12-30 07:54:03,960] {processor.py:641} INFO - Processing file /home/airflow/.local/lib/python3.7/site-packages/airflow/example_dags/example_xcom.py for tasks to queue
[2024-12-30 07:54:03,960] {logging_mixin.py:115} INFO - [2024-12-30 07:54:03,960] {dagbag.py:507} INFO - Filling up the DagBag from /home/airflow/.local/lib/python3.7/site-packages/airflow/example_dags/example_xcom.py
[2024-12-30 07:54:03,976] {processor.py:651} INFO - DAG(s) dict_keys(['example_xcom']) retrieved from /home/airflow/.local/lib/python3.7/site-packages/airflow/example_dags/example_xcom.py
[2024-12-30 07:54:04,025] {logging_mixin.py:115} INFO - [2024-12-30 07:54:04,024] {dag.py:2379} INFO - Sync 1 DAGs
[2024-12-30 07:54:04,041] {logging_mixin.py:115} INFO - [2024-12-30 07:54:04,040] {dag.py:2931} INFO - Setting next_dagrun for example_xcom to 2021-01-01T00:00:00+00:00, run_after=2021-01-01T00:00:00+00:00
[2024-12-30 07:54:04,053] {processor.py:161} INFO - Processing /home/airflow/.local/lib/python3.7/site-packages/airflow/example_dags/example_xcom.py took 0.097 seconds
[2024-12-30 07:54:34,603] {processor.py:153} INFO - Started process (PID=1644) to work on /home/airflow/.local/lib/python3.7/site-packages/airflow/example_dags/example_xcom.py
[2024-12-30 07:54:34,603] {processor.py:641} INFO - Processing file /home/airflow/.local/lib/python3.7/site-packages/airflow/example_dags/example_xcom.py for tasks to queue
[2024-12-30 07:54:34,604] {logging_mixin.py:115} INFO - [2024-12-30 07:54:34,604] {dagbag.py:507} INFO - Filling up the DagBag from /home/airflow/.local/lib/python3.7/site-packages/airflow/example_dags/example_xcom.py
[2024-12-30 07:54:34,622] {processor.py:651} INFO - DAG(s) dict_keys(['example_xcom']) retrieved from /home/airflow/.local/lib/python3.7/site-packages/airflow/example_dags/example_xcom.py
[2024-12-30 07:54:34,643] {logging_mixin.py:115} INFO - [2024-12-30 07:54:34,643] {dag.py:2379} INFO - Sync 1 DAGs
[2024-12-30 07:54:34,661] {logging_mixin.py:115} INFO - [2024-12-30 07:54:34,661] {dag.py:2931} INFO - Setting next_dagrun for example_xcom to 2021-01-01T00:00:00+00:00, run_after=2021-01-01T00:00:00+00:00
[2024-12-30 07:54:34,672] {processor.py:161} INFO - Processing /home/airflow/.local/lib/python3.7/site-packages/airflow/example_dags/example_xcom.py took 0.072 seconds
[2024-12-30 07:55:05,554] {processor.py:153} INFO - Started process (PID=1841) to work on /home/airflow/.local/lib/python3.7/site-packages/airflow/example_dags/example_xcom.py
[2024-12-30 07:55:05,556] {processor.py:641} INFO - Processing file /home/airflow/.local/lib/python3.7/site-packages/airflow/example_dags/example_xcom.py for tasks to queue
[2024-12-30 07:55:05,557] {logging_mixin.py:115} INFO - [2024-12-30 07:55:05,556] {dagbag.py:507} INFO - Filling up the DagBag from /home/airflow/.local/lib/python3.7/site-packages/airflow/example_dags/example_xcom.py
[2024-12-30 07:55:05,584] {processor.py:651} INFO - DAG(s) dict_keys(['example_xcom']) retrieved from /home/airflow/.local/lib/python3.7/site-packages/airflow/example_dags/example_xcom.py
[2024-12-30 07:55:05,665] {logging_mixin.py:115} INFO - [2024-12-30 07:55:05,664] {dag.py:2379} INFO - Sync 1 DAGs
[2024-12-30 07:55:05,691] {logging_mixin.py:115} INFO - [2024-12-30 07:55:05,691] {dag.py:2931} INFO - Setting next_dagrun for example_xcom to 2021-01-01T00:00:00+00:00, run_after=2021-01-01T00:00:00+00:00
[2024-12-30 07:55:05,719] {processor.py:161} INFO - Processing /home/airflow/.local/lib/python3.7/site-packages/airflow/example_dags/example_xcom.py took 0.169 seconds
[2024-12-30 07:55:36,463] {processor.py:153} INFO - Started process (PID=2038) to work on /home/airflow/.local/lib/python3.7/site-packages/airflow/example_dags/example_xcom.py
[2024-12-30 07:55:36,473] {processor.py:641} INFO - Processing file /home/airflow/.local/lib/python3.7/site-packages/airflow/example_dags/example_xcom.py for tasks to queue
[2024-12-30 07:55:36,474] {logging_mixin.py:115} INFO - [2024-12-30 07:55:36,474] {dagbag.py:507} INFO - Filling up the DagBag from /home/airflow/.local/lib/python3.7/site-packages/airflow/example_dags/example_xcom.py
[2024-12-30 07:55:36,489] {processor.py:651} INFO - DAG(s) dict_keys(['example_xcom']) retrieved from /home/airflow/.local/lib/python3.7/site-packages/airflow/example_dags/example_xcom.py
[2024-12-30 07:55:36,510] {logging_mixin.py:115} INFO - [2024-12-30 07:55:36,510] {dag.py:2379} INFO - Sync 1 DAGs
[2024-12-30 07:55:36,528] {logging_mixin.py:115} INFO - [2024-12-30 07:55:36,528] {dag.py:2931} INFO - Setting next_dagrun for example_xcom to 2021-01-01T00:00:00+00:00, run_after=2021-01-01T00:00:00+00:00
[2024-12-30 07:55:36,538] {processor.py:161} INFO - Processing /home/airflow/.local/lib/python3.7/site-packages/airflow/example_dags/example_xcom.py took 0.078 seconds
[2024-12-30 07:56:07,240] {processor.py:153} INFO - Started process (PID=2235) to work on /home/airflow/.local/lib/python3.7/site-packages/airflow/example_dags/example_xcom.py
[2024-12-30 07:56:07,252] {processor.py:641} INFO - Processing file /home/airflow/.local/lib/python3.7/site-packages/airflow/example_dags/example_xcom.py for tasks to queue
[2024-12-30 07:56:07,254] {logging_mixin.py:115} INFO - [2024-12-30 07:56:07,254] {dagbag.py:507} INFO - Filling up the DagBag from /home/airflow/.local/lib/python3.7/site-packages/airflow/example_dags/example_xcom.py
[2024-12-30 07:56:07,289] {processor.py:651} INFO - DAG(s) dict_keys(['example_xcom']) retrieved from /home/airflow/.local/lib/python3.7/site-packages/airflow/example_dags/example_xcom.py
[2024-12-30 07:56:07,351] {logging_mixin.py:115} INFO - [2024-12-30 07:56:07,351] {dag.py:2379} INFO - Sync 1 DAGs
[2024-12-30 07:56:07,368] {logging_mixin.py:115} INFO - [2024-12-30 07:56:07,368] {dag.py:2931} INFO - Setting next_dagrun for example_xcom to 2021-01-01T00:00:00+00:00, run_after=2021-01-01T00:00:00+00:00
[2024-12-30 07:56:07,382] {processor.py:161} INFO - Processing /home/airflow/.local/lib/python3.7/site-packages/airflow/example_dags/example_xcom.py took 0.148 seconds
[2024-12-30 07:56:37,853] {processor.py:153} INFO - Started process (PID=2423) to work on /home/airflow/.local/lib/python3.7/site-packages/airflow/example_dags/example_xcom.py
[2024-12-30 07:56:37,863] {processor.py:641} INFO - Processing file /home/airflow/.local/lib/python3.7/site-packages/airflow/example_dags/example_xcom.py for tasks to queue
[2024-12-30 07:56:37,864] {logging_mixin.py:115} INFO - [2024-12-30 07:56:37,864] {dagbag.py:507} INFO - Filling up the DagBag from /home/airflow/.local/lib/python3.7/site-packages/airflow/example_dags/example_xcom.py
[2024-12-30 07:56:37,879] {processor.py:651} INFO - DAG(s) dict_keys(['example_xcom']) retrieved from /home/airflow/.local/lib/python3.7/site-packages/airflow/example_dags/example_xcom.py
[2024-12-30 07:56:37,936] {logging_mixin.py:115} INFO - [2024-12-30 07:56:37,936] {dag.py:2379} INFO - Sync 1 DAGs
[2024-12-30 07:56:37,956] {logging_mixin.py:115} INFO - [2024-12-30 07:56:37,956] {dag.py:2931} INFO - Setting next_dagrun for example_xcom to 2021-01-01T00:00:00+00:00, run_after=2021-01-01T00:00:00+00:00
[2024-12-30 07:56:37,970] {processor.py:161} INFO - Processing /home/airflow/.local/lib/python3.7/site-packages/airflow/example_dags/example_xcom.py took 0.120 seconds
[2024-12-30 07:57:08,468] {processor.py:153} INFO - Started process (PID=2621) to work on /home/airflow/.local/lib/python3.7/site-packages/airflow/example_dags/example_xcom.py
[2024-12-30 07:57:08,469] {processor.py:641} INFO - Processing file /home/airflow/.local/lib/python3.7/site-packages/airflow/example_dags/example_xcom.py for tasks to queue
[2024-12-30 07:57:08,470] {logging_mixin.py:115} INFO - [2024-12-30 07:57:08,470] {dagbag.py:507} INFO - Filling up the DagBag from /home/airflow/.local/lib/python3.7/site-packages/airflow/example_dags/example_xcom.py
[2024-12-30 07:57:08,492] {processor.py:651} INFO - DAG(s) dict_keys(['example_xcom']) retrieved from /home/airflow/.local/lib/python3.7/site-packages/airflow/example_dags/example_xcom.py
[2024-12-30 07:57:08,543] {logging_mixin.py:115} INFO - [2024-12-30 07:57:08,543] {dag.py:2379} INFO - Sync 1 DAGs
[2024-12-30 07:57:08,559] {logging_mixin.py:115} INFO - [2024-12-30 07:57:08,559] {dag.py:2931} INFO - Setting next_dagrun for example_xcom to 2021-01-01T00:00:00+00:00, run_after=2021-01-01T00:00:00+00:00
[2024-12-30 07:57:08,577] {processor.py:161} INFO - Processing /home/airflow/.local/lib/python3.7/site-packages/airflow/example_dags/example_xcom.py took 0.113 seconds
[2024-12-30 07:57:39,118] {processor.py:153} INFO - Started process (PID=2819) to work on /home/airflow/.local/lib/python3.7/site-packages/airflow/example_dags/example_xcom.py
[2024-12-30 07:57:39,118] {processor.py:641} INFO - Processing file /home/airflow/.local/lib/python3.7/site-packages/airflow/example_dags/example_xcom.py for tasks to queue
[2024-12-30 07:57:39,119] {logging_mixin.py:115} INFO - [2024-12-30 07:57:39,119] {dagbag.py:507} INFO - Filling up the DagBag from /home/airflow/.local/lib/python3.7/site-packages/airflow/example_dags/example_xcom.py
[2024-12-30 07:57:39,146] {processor.py:651} INFO - DAG(s) dict_keys(['example_xcom']) retrieved from /home/airflow/.local/lib/python3.7/site-packages/airflow/example_dags/example_xcom.py
[2024-12-30 07:57:39,201] {logging_mixin.py:115} INFO - [2024-12-30 07:57:39,201] {dag.py:2379} INFO - Sync 1 DAGs
[2024-12-30 07:57:39,224] {logging_mixin.py:115} INFO - [2024-12-30 07:57:39,223] {dag.py:2931} INFO - Setting next_dagrun for example_xcom to 2021-01-01T00:00:00+00:00, run_after=2021-01-01T00:00:00+00:00
[2024-12-30 07:57:39,240] {processor.py:161} INFO - Processing /home/airflow/.local/lib/python3.7/site-packages/airflow/example_dags/example_xcom.py took 0.126 seconds
[2024-12-30 08:30:19,574] {processor.py:153} INFO - Started process (PID=245) to work on /home/airflow/.local/lib/python3.7/site-packages/airflow/example_dags/example_xcom.py
[2024-12-30 08:30:19,575] {processor.py:641} INFO - Processing file /home/airflow/.local/lib/python3.7/site-packages/airflow/example_dags/example_xcom.py for tasks to queue
[2024-12-30 08:30:19,575] {logging_mixin.py:115} INFO - [2024-12-30 08:30:19,575] {dagbag.py:507} INFO - Filling up the DagBag from /home/airflow/.local/lib/python3.7/site-packages/airflow/example_dags/example_xcom.py
[2024-12-30 08:30:19,600] {processor.py:651} INFO - DAG(s) dict_keys(['example_xcom']) retrieved from /home/airflow/.local/lib/python3.7/site-packages/airflow/example_dags/example_xcom.py
[2024-12-30 08:30:19,680] {logging_mixin.py:115} INFO - [2024-12-30 08:30:19,680] {manager.py:508} INFO - Created Permission View: can delete on DAG:example_xcom
[2024-12-30 08:30:19,689] {logging_mixin.py:115} INFO - [2024-12-30 08:30:19,689] {manager.py:508} INFO - Created Permission View: can read on DAG:example_xcom
[2024-12-30 08:30:19,696] {logging_mixin.py:115} INFO - [2024-12-30 08:30:19,696] {manager.py:508} INFO - Created Permission View: can edit on DAG:example_xcom
[2024-12-30 08:30:19,696] {logging_mixin.py:115} INFO - [2024-12-30 08:30:19,696] {dag.py:2379} INFO - Sync 1 DAGs
[2024-12-30 08:30:19,705] {logging_mixin.py:115} INFO - [2024-12-30 08:30:19,705] {dag.py:2398} INFO - Creating ORM DAG for example_xcom
[2024-12-30 08:30:19,714] {logging_mixin.py:115} INFO - [2024-12-30 08:30:19,714] {dag.py:2931} INFO - Setting next_dagrun for example_xcom to 2021-01-01T00:00:00+00:00, run_after=2021-01-01T00:00:00+00:00
[2024-12-30 08:30:19,724] {processor.py:161} INFO - Processing /home/airflow/.local/lib/python3.7/site-packages/airflow/example_dags/example_xcom.py took 0.153 seconds
[2024-12-30 08:30:49,896] {processor.py:153} INFO - Started process (PID=443) to work on /home/airflow/.local/lib/python3.7/site-packages/airflow/example_dags/example_xcom.py
[2024-12-30 08:30:49,897] {processor.py:641} INFO - Processing file /home/airflow/.local/lib/python3.7/site-packages/airflow/example_dags/example_xcom.py for tasks to queue
[2024-12-30 08:30:49,897] {logging_mixin.py:115} INFO - [2024-12-30 08:30:49,897] {dagbag.py:507} INFO - Filling up the DagBag from /home/airflow/.local/lib/python3.7/site-packages/airflow/example_dags/example_xcom.py
[2024-12-30 08:30:49,915] {processor.py:651} INFO - DAG(s) dict_keys(['example_xcom']) retrieved from /home/airflow/.local/lib/python3.7/site-packages/airflow/example_dags/example_xcom.py
[2024-12-30 08:30:49,970] {logging_mixin.py:115} INFO - [2024-12-30 08:30:49,970] {dag.py:2379} INFO - Sync 1 DAGs
[2024-12-30 08:30:50,001] {logging_mixin.py:115} INFO - [2024-12-30 08:30:50,000] {dag.py:2931} INFO - Setting next_dagrun for example_xcom to 2021-01-01T00:00:00+00:00, run_after=2021-01-01T00:00:00+00:00
[2024-12-30 08:30:50,021] {processor.py:161} INFO - Processing /home/airflow/.local/lib/python3.7/site-packages/airflow/example_dags/example_xcom.py took 0.128 seconds
[2024-12-30 08:31:20,849] {processor.py:153} INFO - Started process (PID=643) to work on /home/airflow/.local/lib/python3.7/site-packages/airflow/example_dags/example_xcom.py
[2024-12-30 08:31:20,850] {processor.py:641} INFO - Processing file /home/airflow/.local/lib/python3.7/site-packages/airflow/example_dags/example_xcom.py for tasks to queue
[2024-12-30 08:31:20,851] {logging_mixin.py:115} INFO - [2024-12-30 08:31:20,850] {dagbag.py:507} INFO - Filling up the DagBag from /home/airflow/.local/lib/python3.7/site-packages/airflow/example_dags/example_xcom.py
[2024-12-30 08:31:20,871] {processor.py:651} INFO - DAG(s) dict_keys(['example_xcom']) retrieved from /home/airflow/.local/lib/python3.7/site-packages/airflow/example_dags/example_xcom.py
[2024-12-30 08:31:20,920] {logging_mixin.py:115} INFO - [2024-12-30 08:31:20,920] {dag.py:2379} INFO - Sync 1 DAGs
[2024-12-30 08:31:20,941] {logging_mixin.py:115} INFO - [2024-12-30 08:31:20,941] {dag.py:2931} INFO - Setting next_dagrun for example_xcom to 2021-01-01T00:00:00+00:00, run_after=2021-01-01T00:00:00+00:00
[2024-12-30 08:31:20,959] {processor.py:161} INFO - Processing /home/airflow/.local/lib/python3.7/site-packages/airflow/example_dags/example_xcom.py took 0.113 seconds
[2024-12-30 08:31:51,590] {processor.py:153} INFO - Started process (PID=828) to work on /home/airflow/.local/lib/python3.7/site-packages/airflow/example_dags/example_xcom.py
[2024-12-30 08:31:51,591] {processor.py:641} INFO - Processing file /home/airflow/.local/lib/python3.7/site-packages/airflow/example_dags/example_xcom.py for tasks to queue
[2024-12-30 08:31:51,591] {logging_mixin.py:115} INFO - [2024-12-30 08:31:51,591] {dagbag.py:507} INFO - Filling up the DagBag from /home/airflow/.local/lib/python3.7/site-packages/airflow/example_dags/example_xcom.py
[2024-12-30 08:31:51,609] {processor.py:651} INFO - DAG(s) dict_keys(['example_xcom']) retrieved from /home/airflow/.local/lib/python3.7/site-packages/airflow/example_dags/example_xcom.py
[2024-12-30 08:31:51,674] {logging_mixin.py:115} INFO - [2024-12-30 08:31:51,674] {dag.py:2379} INFO - Sync 1 DAGs
[2024-12-30 08:31:51,693] {logging_mixin.py:115} INFO - [2024-12-30 08:31:51,692] {dag.py:2931} INFO - Setting next_dagrun for example_xcom to 2021-01-01T00:00:00+00:00, run_after=2021-01-01T00:00:00+00:00
[2024-12-30 08:31:51,705] {processor.py:161} INFO - Processing /home/airflow/.local/lib/python3.7/site-packages/airflow/example_dags/example_xcom.py took 0.119 seconds
