[2024-12-30 07:51:00,117] {processor.py:153} INFO - Started process (PID=262) to work on /home/airflow/.local/lib/python3.7/site-packages/airflow/example_dags/example_trigger_controller_dag.py
[2024-12-30 07:51:00,118] {processor.py:641} INFO - Processing file /home/airflow/.local/lib/python3.7/site-packages/airflow/example_dags/example_trigger_controller_dag.py for tasks to queue
[2024-12-30 07:51:00,119] {logging_mixin.py:115} INFO - [2024-12-30 07:51:00,119] {dagbag.py:507} INFO - Filling up the DagBag from /home/airflow/.local/lib/python3.7/site-packages/airflow/example_dags/example_trigger_controller_dag.py
[2024-12-30 07:51:00,123] {processor.py:651} INFO - DAG(s) dict_keys(['example_trigger_controller_dag']) retrieved from /home/airflow/.local/lib/python3.7/site-packages/airflow/example_dags/example_trigger_controller_dag.py
[2024-12-30 07:51:00,317] {logging_mixin.py:115} INFO - [2024-12-30 07:51:00,317] {manager.py:508} INFO - Created Permission View: can read on DAG:example_trigger_controller_dag
[2024-12-30 07:51:00,328] {logging_mixin.py:115} INFO - [2024-12-30 07:51:00,327] {manager.py:508} INFO - Created Permission View: can edit on DAG:example_trigger_controller_dag
[2024-12-30 07:51:00,335] {logging_mixin.py:115} INFO - [2024-12-30 07:51:00,335] {manager.py:508} INFO - Created Permission View: can delete on DAG:example_trigger_controller_dag
[2024-12-30 07:51:00,337] {logging_mixin.py:115} INFO - [2024-12-30 07:51:00,336] {dag.py:2379} INFO - Sync 1 DAGs
[2024-12-30 07:51:00,360] {logging_mixin.py:115} INFO - [2024-12-30 07:51:00,360] {dag.py:2398} INFO - Creating ORM DAG for example_trigger_controller_dag
[2024-12-30 07:51:00,402] {logging_mixin.py:115} INFO - [2024-12-30 07:51:00,402] {dag.py:2931} INFO - Setting next_dagrun for example_trigger_controller_dag to 2021-01-01T00:00:00+00:00, run_after=2021-01-01T00:00:00+00:00
[2024-12-30 07:51:00,425] {processor.py:161} INFO - Processing /home/airflow/.local/lib/python3.7/site-packages/airflow/example_dags/example_trigger_controller_dag.py took 0.312 seconds
[2024-12-30 07:51:30,829] {processor.py:153} INFO - Started process (PID=453) to work on /home/airflow/.local/lib/python3.7/site-packages/airflow/example_dags/example_trigger_controller_dag.py
[2024-12-30 07:51:30,831] {processor.py:641} INFO - Processing file /home/airflow/.local/lib/python3.7/site-packages/airflow/example_dags/example_trigger_controller_dag.py for tasks to queue
[2024-12-30 07:51:30,832] {logging_mixin.py:115} INFO - [2024-12-30 07:51:30,832] {dagbag.py:507} INFO - Filling up the DagBag from /home/airflow/.local/lib/python3.7/site-packages/airflow/example_dags/example_trigger_controller_dag.py
[2024-12-30 07:51:30,835] {processor.py:651} INFO - DAG(s) dict_keys(['example_trigger_controller_dag']) retrieved from /home/airflow/.local/lib/python3.7/site-packages/airflow/example_dags/example_trigger_controller_dag.py
[2024-12-30 07:51:30,875] {logging_mixin.py:115} INFO - [2024-12-30 07:51:30,875] {dag.py:2379} INFO - Sync 1 DAGs
[2024-12-30 07:51:30,905] {logging_mixin.py:115} INFO - [2024-12-30 07:51:30,905] {dag.py:2931} INFO - Setting next_dagrun for example_trigger_controller_dag to 2021-01-01T00:00:00+00:00, run_after=2021-01-01T00:00:00+00:00
[2024-12-30 07:51:30,920] {processor.py:161} INFO - Processing /home/airflow/.local/lib/python3.7/site-packages/airflow/example_dags/example_trigger_controller_dag.py took 0.096 seconds
[2024-12-30 07:52:01,127] {processor.py:153} INFO - Started process (PID=650) to work on /home/airflow/.local/lib/python3.7/site-packages/airflow/example_dags/example_trigger_controller_dag.py
[2024-12-30 07:52:01,127] {processor.py:641} INFO - Processing file /home/airflow/.local/lib/python3.7/site-packages/airflow/example_dags/example_trigger_controller_dag.py for tasks to queue
[2024-12-30 07:52:01,128] {logging_mixin.py:115} INFO - [2024-12-30 07:52:01,128] {dagbag.py:507} INFO - Filling up the DagBag from /home/airflow/.local/lib/python3.7/site-packages/airflow/example_dags/example_trigger_controller_dag.py
[2024-12-30 07:52:01,130] {processor.py:651} INFO - DAG(s) dict_keys(['example_trigger_controller_dag']) retrieved from /home/airflow/.local/lib/python3.7/site-packages/airflow/example_dags/example_trigger_controller_dag.py
[2024-12-30 07:52:01,151] {logging_mixin.py:115} INFO - [2024-12-30 07:52:01,151] {dag.py:2379} INFO - Sync 1 DAGs
[2024-12-30 07:52:01,165] {logging_mixin.py:115} INFO - [2024-12-30 07:52:01,165] {dag.py:2931} INFO - Setting next_dagrun for example_trigger_controller_dag to 2021-01-01T00:00:00+00:00, run_after=2021-01-01T00:00:00+00:00
[2024-12-30 07:52:01,175] {processor.py:161} INFO - Processing /home/airflow/.local/lib/python3.7/site-packages/airflow/example_dags/example_trigger_controller_dag.py took 0.050 seconds
[2024-12-30 07:52:31,227] {processor.py:153} INFO - Started process (PID=836) to work on /home/airflow/.local/lib/python3.7/site-packages/airflow/example_dags/example_trigger_controller_dag.py
[2024-12-30 07:52:31,228] {processor.py:641} INFO - Processing file /home/airflow/.local/lib/python3.7/site-packages/airflow/example_dags/example_trigger_controller_dag.py for tasks to queue
[2024-12-30 07:52:31,229] {logging_mixin.py:115} INFO - [2024-12-30 07:52:31,229] {dagbag.py:507} INFO - Filling up the DagBag from /home/airflow/.local/lib/python3.7/site-packages/airflow/example_dags/example_trigger_controller_dag.py
[2024-12-30 07:52:31,232] {processor.py:651} INFO - DAG(s) dict_keys(['example_trigger_controller_dag']) retrieved from /home/airflow/.local/lib/python3.7/site-packages/airflow/example_dags/example_trigger_controller_dag.py
[2024-12-30 07:52:31,265] {logging_mixin.py:115} INFO - [2024-12-30 07:52:31,265] {dag.py:2379} INFO - Sync 1 DAGs
[2024-12-30 07:52:31,293] {logging_mixin.py:115} INFO - [2024-12-30 07:52:31,293] {dag.py:2931} INFO - Setting next_dagrun for example_trigger_controller_dag to 2021-01-01T00:00:00+00:00, run_after=2021-01-01T00:00:00+00:00
[2024-12-30 07:52:31,303] {processor.py:161} INFO - Processing /home/airflow/.local/lib/python3.7/site-packages/airflow/example_dags/example_trigger_controller_dag.py took 0.081 seconds
[2024-12-30 07:53:02,357] {processor.py:153} INFO - Started process (PID=1032) to work on /home/airflow/.local/lib/python3.7/site-packages/airflow/example_dags/example_trigger_controller_dag.py
[2024-12-30 07:53:02,357] {processor.py:641} INFO - Processing file /home/airflow/.local/lib/python3.7/site-packages/airflow/example_dags/example_trigger_controller_dag.py for tasks to queue
[2024-12-30 07:53:02,358] {logging_mixin.py:115} INFO - [2024-12-30 07:53:02,358] {dagbag.py:507} INFO - Filling up the DagBag from /home/airflow/.local/lib/python3.7/site-packages/airflow/example_dags/example_trigger_controller_dag.py
[2024-12-30 07:53:02,360] {processor.py:651} INFO - DAG(s) dict_keys(['example_trigger_controller_dag']) retrieved from /home/airflow/.local/lib/python3.7/site-packages/airflow/example_dags/example_trigger_controller_dag.py
[2024-12-30 07:53:02,383] {logging_mixin.py:115} INFO - [2024-12-30 07:53:02,383] {dag.py:2379} INFO - Sync 1 DAGs
[2024-12-30 07:53:02,400] {logging_mixin.py:115} INFO - [2024-12-30 07:53:02,400] {dag.py:2931} INFO - Setting next_dagrun for example_trigger_controller_dag to 2021-01-01T00:00:00+00:00, run_after=2021-01-01T00:00:00+00:00
[2024-12-30 07:53:02,408] {processor.py:161} INFO - Processing /home/airflow/.local/lib/python3.7/site-packages/airflow/example_dags/example_trigger_controller_dag.py took 0.053 seconds
[2024-12-30 07:53:33,393] {processor.py:153} INFO - Started process (PID=1248) to work on /home/airflow/.local/lib/python3.7/site-packages/airflow/example_dags/example_trigger_controller_dag.py
[2024-12-30 07:53:33,394] {processor.py:641} INFO - Processing file /home/airflow/.local/lib/python3.7/site-packages/airflow/example_dags/example_trigger_controller_dag.py for tasks to queue
[2024-12-30 07:53:33,394] {logging_mixin.py:115} INFO - [2024-12-30 07:53:33,394] {dagbag.py:507} INFO - Filling up the DagBag from /home/airflow/.local/lib/python3.7/site-packages/airflow/example_dags/example_trigger_controller_dag.py
[2024-12-30 07:53:33,397] {processor.py:651} INFO - DAG(s) dict_keys(['example_trigger_controller_dag']) retrieved from /home/airflow/.local/lib/python3.7/site-packages/airflow/example_dags/example_trigger_controller_dag.py
[2024-12-30 07:53:33,420] {logging_mixin.py:115} INFO - [2024-12-30 07:53:33,420] {dag.py:2379} INFO - Sync 1 DAGs
[2024-12-30 07:53:33,436] {logging_mixin.py:115} INFO - [2024-12-30 07:53:33,436] {dag.py:2931} INFO - Setting next_dagrun for example_trigger_controller_dag to 2021-01-01T00:00:00+00:00, run_after=2021-01-01T00:00:00+00:00
[2024-12-30 07:53:33,447] {processor.py:161} INFO - Processing /home/airflow/.local/lib/python3.7/site-packages/airflow/example_dags/example_trigger_controller_dag.py took 0.056 seconds
[2024-12-30 07:54:04,045] {processor.py:153} INFO - Started process (PID=1464) to work on /home/airflow/.local/lib/python3.7/site-packages/airflow/example_dags/example_trigger_controller_dag.py
[2024-12-30 07:54:04,045] {processor.py:641} INFO - Processing file /home/airflow/.local/lib/python3.7/site-packages/airflow/example_dags/example_trigger_controller_dag.py for tasks to queue
[2024-12-30 07:54:04,045] {logging_mixin.py:115} INFO - [2024-12-30 07:54:04,045] {dagbag.py:507} INFO - Filling up the DagBag from /home/airflow/.local/lib/python3.7/site-packages/airflow/example_dags/example_trigger_controller_dag.py
[2024-12-30 07:54:04,047] {processor.py:651} INFO - DAG(s) dict_keys(['example_trigger_controller_dag']) retrieved from /home/airflow/.local/lib/python3.7/site-packages/airflow/example_dags/example_trigger_controller_dag.py
[2024-12-30 07:54:04,073] {logging_mixin.py:115} INFO - [2024-12-30 07:54:04,073] {dag.py:2379} INFO - Sync 1 DAGs
[2024-12-30 07:54:04,092] {logging_mixin.py:115} INFO - [2024-12-30 07:54:04,092] {dag.py:2931} INFO - Setting next_dagrun for example_trigger_controller_dag to 2021-01-01T00:00:00+00:00, run_after=2021-01-01T00:00:00+00:00
[2024-12-30 07:54:04,102] {processor.py:161} INFO - Processing /home/airflow/.local/lib/python3.7/site-packages/airflow/example_dags/example_trigger_controller_dag.py took 0.059 seconds
[2024-12-30 07:54:34,694] {processor.py:153} INFO - Started process (PID=1654) to work on /home/airflow/.local/lib/python3.7/site-packages/airflow/example_dags/example_trigger_controller_dag.py
[2024-12-30 07:54:34,694] {processor.py:641} INFO - Processing file /home/airflow/.local/lib/python3.7/site-packages/airflow/example_dags/example_trigger_controller_dag.py for tasks to queue
[2024-12-30 07:54:34,695] {logging_mixin.py:115} INFO - [2024-12-30 07:54:34,695] {dagbag.py:507} INFO - Filling up the DagBag from /home/airflow/.local/lib/python3.7/site-packages/airflow/example_dags/example_trigger_controller_dag.py
[2024-12-30 07:54:34,700] {processor.py:651} INFO - DAG(s) dict_keys(['example_trigger_controller_dag']) retrieved from /home/airflow/.local/lib/python3.7/site-packages/airflow/example_dags/example_trigger_controller_dag.py
[2024-12-30 07:54:34,727] {logging_mixin.py:115} INFO - [2024-12-30 07:54:34,726] {dag.py:2379} INFO - Sync 1 DAGs
[2024-12-30 07:54:34,746] {logging_mixin.py:115} INFO - [2024-12-30 07:54:34,746] {dag.py:2931} INFO - Setting next_dagrun for example_trigger_controller_dag to 2021-01-01T00:00:00+00:00, run_after=2021-01-01T00:00:00+00:00
[2024-12-30 07:54:34,756] {processor.py:161} INFO - Processing /home/airflow/.local/lib/python3.7/site-packages/airflow/example_dags/example_trigger_controller_dag.py took 0.064 seconds
[2024-12-30 07:55:05,710] {processor.py:153} INFO - Started process (PID=1849) to work on /home/airflow/.local/lib/python3.7/site-packages/airflow/example_dags/example_trigger_controller_dag.py
[2024-12-30 07:55:05,714] {processor.py:641} INFO - Processing file /home/airflow/.local/lib/python3.7/site-packages/airflow/example_dags/example_trigger_controller_dag.py for tasks to queue
[2024-12-30 07:55:05,716] {logging_mixin.py:115} INFO - [2024-12-30 07:55:05,716] {dagbag.py:507} INFO - Filling up the DagBag from /home/airflow/.local/lib/python3.7/site-packages/airflow/example_dags/example_trigger_controller_dag.py
[2024-12-30 07:55:05,719] {processor.py:651} INFO - DAG(s) dict_keys(['example_trigger_controller_dag']) retrieved from /home/airflow/.local/lib/python3.7/site-packages/airflow/example_dags/example_trigger_controller_dag.py
[2024-12-30 07:55:05,758] {logging_mixin.py:115} INFO - [2024-12-30 07:55:05,758] {dag.py:2379} INFO - Sync 1 DAGs
[2024-12-30 07:55:05,790] {logging_mixin.py:115} INFO - [2024-12-30 07:55:05,790] {dag.py:2931} INFO - Setting next_dagrun for example_trigger_controller_dag to 2021-01-01T00:00:00+00:00, run_after=2021-01-01T00:00:00+00:00
[2024-12-30 07:55:05,813] {processor.py:161} INFO - Processing /home/airflow/.local/lib/python3.7/site-packages/airflow/example_dags/example_trigger_controller_dag.py took 0.107 seconds
[2024-12-30 07:55:36,555] {processor.py:153} INFO - Started process (PID=2048) to work on /home/airflow/.local/lib/python3.7/site-packages/airflow/example_dags/example_trigger_controller_dag.py
[2024-12-30 07:55:36,555] {processor.py:641} INFO - Processing file /home/airflow/.local/lib/python3.7/site-packages/airflow/example_dags/example_trigger_controller_dag.py for tasks to queue
[2024-12-30 07:55:36,556] {logging_mixin.py:115} INFO - [2024-12-30 07:55:36,556] {dagbag.py:507} INFO - Filling up the DagBag from /home/airflow/.local/lib/python3.7/site-packages/airflow/example_dags/example_trigger_controller_dag.py
[2024-12-30 07:55:36,558] {processor.py:651} INFO - DAG(s) dict_keys(['example_trigger_controller_dag']) retrieved from /home/airflow/.local/lib/python3.7/site-packages/airflow/example_dags/example_trigger_controller_dag.py
[2024-12-30 07:55:36,580] {logging_mixin.py:115} INFO - [2024-12-30 07:55:36,580] {dag.py:2379} INFO - Sync 1 DAGs
[2024-12-30 07:55:36,598] {logging_mixin.py:115} INFO - [2024-12-30 07:55:36,598] {dag.py:2931} INFO - Setting next_dagrun for example_trigger_controller_dag to 2021-01-01T00:00:00+00:00, run_after=2021-01-01T00:00:00+00:00
[2024-12-30 07:55:36,607] {processor.py:161} INFO - Processing /home/airflow/.local/lib/python3.7/site-packages/airflow/example_dags/example_trigger_controller_dag.py took 0.054 seconds
[2024-12-30 07:56:07,368] {processor.py:153} INFO - Started process (PID=2243) to work on /home/airflow/.local/lib/python3.7/site-packages/airflow/example_dags/example_trigger_controller_dag.py
[2024-12-30 07:56:07,369] {processor.py:641} INFO - Processing file /home/airflow/.local/lib/python3.7/site-packages/airflow/example_dags/example_trigger_controller_dag.py for tasks to queue
[2024-12-30 07:56:07,369] {logging_mixin.py:115} INFO - [2024-12-30 07:56:07,369] {dagbag.py:507} INFO - Filling up the DagBag from /home/airflow/.local/lib/python3.7/site-packages/airflow/example_dags/example_trigger_controller_dag.py
[2024-12-30 07:56:07,371] {processor.py:651} INFO - DAG(s) dict_keys(['example_trigger_controller_dag']) retrieved from /home/airflow/.local/lib/python3.7/site-packages/airflow/example_dags/example_trigger_controller_dag.py
[2024-12-30 07:56:07,395] {logging_mixin.py:115} INFO - [2024-12-30 07:56:07,395] {dag.py:2379} INFO - Sync 1 DAGs
[2024-12-30 07:56:07,413] {logging_mixin.py:115} INFO - [2024-12-30 07:56:07,413] {dag.py:2931} INFO - Setting next_dagrun for example_trigger_controller_dag to 2021-01-01T00:00:00+00:00, run_after=2021-01-01T00:00:00+00:00
[2024-12-30 07:56:07,421] {processor.py:161} INFO - Processing /home/airflow/.local/lib/python3.7/site-packages/airflow/example_dags/example_trigger_controller_dag.py took 0.056 seconds
[2024-12-30 07:56:37,950] {processor.py:153} INFO - Started process (PID=2431) to work on /home/airflow/.local/lib/python3.7/site-packages/airflow/example_dags/example_trigger_controller_dag.py
[2024-12-30 07:56:37,951] {processor.py:641} INFO - Processing file /home/airflow/.local/lib/python3.7/site-packages/airflow/example_dags/example_trigger_controller_dag.py for tasks to queue
[2024-12-30 07:56:37,951] {logging_mixin.py:115} INFO - [2024-12-30 07:56:37,951] {dagbag.py:507} INFO - Filling up the DagBag from /home/airflow/.local/lib/python3.7/site-packages/airflow/example_dags/example_trigger_controller_dag.py
[2024-12-30 07:56:37,953] {processor.py:651} INFO - DAG(s) dict_keys(['example_trigger_controller_dag']) retrieved from /home/airflow/.local/lib/python3.7/site-packages/airflow/example_dags/example_trigger_controller_dag.py
[2024-12-30 07:56:37,979] {logging_mixin.py:115} INFO - [2024-12-30 07:56:37,979] {dag.py:2379} INFO - Sync 1 DAGs
[2024-12-30 07:56:37,994] {logging_mixin.py:115} INFO - [2024-12-30 07:56:37,994] {dag.py:2931} INFO - Setting next_dagrun for example_trigger_controller_dag to 2021-01-01T00:00:00+00:00, run_after=2021-01-01T00:00:00+00:00
[2024-12-30 07:56:38,003] {processor.py:161} INFO - Processing /home/airflow/.local/lib/python3.7/site-packages/airflow/example_dags/example_trigger_controller_dag.py took 0.056 seconds
[2024-12-30 07:57:08,565] {processor.py:153} INFO - Started process (PID=2629) to work on /home/airflow/.local/lib/python3.7/site-packages/airflow/example_dags/example_trigger_controller_dag.py
[2024-12-30 07:57:08,565] {processor.py:641} INFO - Processing file /home/airflow/.local/lib/python3.7/site-packages/airflow/example_dags/example_trigger_controller_dag.py for tasks to queue
[2024-12-30 07:57:08,566] {logging_mixin.py:115} INFO - [2024-12-30 07:57:08,566] {dagbag.py:507} INFO - Filling up the DagBag from /home/airflow/.local/lib/python3.7/site-packages/airflow/example_dags/example_trigger_controller_dag.py
[2024-12-30 07:57:08,568] {processor.py:651} INFO - DAG(s) dict_keys(['example_trigger_controller_dag']) retrieved from /home/airflow/.local/lib/python3.7/site-packages/airflow/example_dags/example_trigger_controller_dag.py
[2024-12-30 07:57:08,597] {logging_mixin.py:115} INFO - [2024-12-30 07:57:08,597] {dag.py:2379} INFO - Sync 1 DAGs
[2024-12-30 07:57:08,620] {logging_mixin.py:115} INFO - [2024-12-30 07:57:08,619] {dag.py:2931} INFO - Setting next_dagrun for example_trigger_controller_dag to 2021-01-01T00:00:00+00:00, run_after=2021-01-01T00:00:00+00:00
[2024-12-30 07:57:08,630] {processor.py:161} INFO - Processing /home/airflow/.local/lib/python3.7/site-packages/airflow/example_dags/example_trigger_controller_dag.py took 0.067 seconds
[2024-12-30 07:57:39,220] {processor.py:153} INFO - Started process (PID=2827) to work on /home/airflow/.local/lib/python3.7/site-packages/airflow/example_dags/example_trigger_controller_dag.py
[2024-12-30 07:57:39,221] {processor.py:641} INFO - Processing file /home/airflow/.local/lib/python3.7/site-packages/airflow/example_dags/example_trigger_controller_dag.py for tasks to queue
[2024-12-30 07:57:39,221] {logging_mixin.py:115} INFO - [2024-12-30 07:57:39,221] {dagbag.py:507} INFO - Filling up the DagBag from /home/airflow/.local/lib/python3.7/site-packages/airflow/example_dags/example_trigger_controller_dag.py
[2024-12-30 07:57:39,224] {processor.py:651} INFO - DAG(s) dict_keys(['example_trigger_controller_dag']) retrieved from /home/airflow/.local/lib/python3.7/site-packages/airflow/example_dags/example_trigger_controller_dag.py
[2024-12-30 07:57:39,248] {logging_mixin.py:115} INFO - [2024-12-30 07:57:39,247] {dag.py:2379} INFO - Sync 1 DAGs
[2024-12-30 07:57:39,264] {logging_mixin.py:115} INFO - [2024-12-30 07:57:39,264] {dag.py:2931} INFO - Setting next_dagrun for example_trigger_controller_dag to 2021-01-01T00:00:00+00:00, run_after=2021-01-01T00:00:00+00:00
[2024-12-30 07:57:39,272] {processor.py:161} INFO - Processing /home/airflow/.local/lib/python3.7/site-packages/airflow/example_dags/example_trigger_controller_dag.py took 0.055 seconds
[2024-12-30 08:30:19,744] {processor.py:153} INFO - Started process (PID=255) to work on /home/airflow/.local/lib/python3.7/site-packages/airflow/example_dags/example_trigger_controller_dag.py
[2024-12-30 08:30:19,745] {processor.py:641} INFO - Processing file /home/airflow/.local/lib/python3.7/site-packages/airflow/example_dags/example_trigger_controller_dag.py for tasks to queue
[2024-12-30 08:30:19,745] {logging_mixin.py:115} INFO - [2024-12-30 08:30:19,745] {dagbag.py:507} INFO - Filling up the DagBag from /home/airflow/.local/lib/python3.7/site-packages/airflow/example_dags/example_trigger_controller_dag.py
[2024-12-30 08:30:19,748] {processor.py:651} INFO - DAG(s) dict_keys(['example_trigger_controller_dag']) retrieved from /home/airflow/.local/lib/python3.7/site-packages/airflow/example_dags/example_trigger_controller_dag.py
[2024-12-30 08:30:19,802] {logging_mixin.py:115} INFO - [2024-12-30 08:30:19,802] {manager.py:508} INFO - Created Permission View: can delete on DAG:example_trigger_controller_dag
[2024-12-30 08:30:19,811] {logging_mixin.py:115} INFO - [2024-12-30 08:30:19,811] {manager.py:508} INFO - Created Permission View: can read on DAG:example_trigger_controller_dag
[2024-12-30 08:30:19,817] {logging_mixin.py:115} INFO - [2024-12-30 08:30:19,817] {manager.py:508} INFO - Created Permission View: can edit on DAG:example_trigger_controller_dag
[2024-12-30 08:30:19,817] {logging_mixin.py:115} INFO - [2024-12-30 08:30:19,817] {dag.py:2379} INFO - Sync 1 DAGs
[2024-12-30 08:30:19,831] {logging_mixin.py:115} INFO - [2024-12-30 08:30:19,831] {dag.py:2398} INFO - Creating ORM DAG for example_trigger_controller_dag
[2024-12-30 08:30:19,846] {logging_mixin.py:115} INFO - [2024-12-30 08:30:19,845] {dag.py:2931} INFO - Setting next_dagrun for example_trigger_controller_dag to 2021-01-01T00:00:00+00:00, run_after=2021-01-01T00:00:00+00:00
[2024-12-30 08:30:19,864] {processor.py:161} INFO - Processing /home/airflow/.local/lib/python3.7/site-packages/airflow/example_dags/example_trigger_controller_dag.py took 0.122 seconds
[2024-12-30 08:30:49,991] {processor.py:153} INFO - Started process (PID=448) to work on /home/airflow/.local/lib/python3.7/site-packages/airflow/example_dags/example_trigger_controller_dag.py
[2024-12-30 08:30:49,992] {processor.py:641} INFO - Processing file /home/airflow/.local/lib/python3.7/site-packages/airflow/example_dags/example_trigger_controller_dag.py for tasks to queue
[2024-12-30 08:30:49,992] {logging_mixin.py:115} INFO - [2024-12-30 08:30:49,992] {dagbag.py:507} INFO - Filling up the DagBag from /home/airflow/.local/lib/python3.7/site-packages/airflow/example_dags/example_trigger_controller_dag.py
[2024-12-30 08:30:49,997] {processor.py:651} INFO - DAG(s) dict_keys(['example_trigger_controller_dag']) retrieved from /home/airflow/.local/lib/python3.7/site-packages/airflow/example_dags/example_trigger_controller_dag.py
[2024-12-30 08:30:50,028] {logging_mixin.py:115} INFO - [2024-12-30 08:30:50,028] {dag.py:2379} INFO - Sync 1 DAGs
[2024-12-30 08:30:50,055] {logging_mixin.py:115} INFO - [2024-12-30 08:30:50,055] {dag.py:2931} INFO - Setting next_dagrun for example_trigger_controller_dag to 2021-01-01T00:00:00+00:00, run_after=2021-01-01T00:00:00+00:00
[2024-12-30 08:30:50,070] {processor.py:161} INFO - Processing /home/airflow/.local/lib/python3.7/site-packages/airflow/example_dags/example_trigger_controller_dag.py took 0.081 seconds
[2024-12-30 08:31:20,941] {processor.py:153} INFO - Started process (PID=651) to work on /home/airflow/.local/lib/python3.7/site-packages/airflow/example_dags/example_trigger_controller_dag.py
[2024-12-30 08:31:20,941] {processor.py:641} INFO - Processing file /home/airflow/.local/lib/python3.7/site-packages/airflow/example_dags/example_trigger_controller_dag.py for tasks to queue
[2024-12-30 08:31:20,942] {logging_mixin.py:115} INFO - [2024-12-30 08:31:20,942] {dagbag.py:507} INFO - Filling up the DagBag from /home/airflow/.local/lib/python3.7/site-packages/airflow/example_dags/example_trigger_controller_dag.py
[2024-12-30 08:31:20,944] {processor.py:651} INFO - DAG(s) dict_keys(['example_trigger_controller_dag']) retrieved from /home/airflow/.local/lib/python3.7/site-packages/airflow/example_dags/example_trigger_controller_dag.py
[2024-12-30 08:31:20,973] {logging_mixin.py:115} INFO - [2024-12-30 08:31:20,972] {dag.py:2379} INFO - Sync 1 DAGs
[2024-12-30 08:31:20,987] {logging_mixin.py:115} INFO - [2024-12-30 08:31:20,987] {dag.py:2931} INFO - Setting next_dagrun for example_trigger_controller_dag to 2021-01-01T00:00:00+00:00, run_after=2021-01-01T00:00:00+00:00
[2024-12-30 08:31:20,995] {processor.py:161} INFO - Processing /home/airflow/.local/lib/python3.7/site-packages/airflow/example_dags/example_trigger_controller_dag.py took 0.057 seconds
[2024-12-30 08:31:51,721] {processor.py:153} INFO - Started process (PID=838) to work on /home/airflow/.local/lib/python3.7/site-packages/airflow/example_dags/example_trigger_controller_dag.py
[2024-12-30 08:31:51,721] {processor.py:641} INFO - Processing file /home/airflow/.local/lib/python3.7/site-packages/airflow/example_dags/example_trigger_controller_dag.py for tasks to queue
[2024-12-30 08:31:51,722] {logging_mixin.py:115} INFO - [2024-12-30 08:31:51,722] {dagbag.py:507} INFO - Filling up the DagBag from /home/airflow/.local/lib/python3.7/site-packages/airflow/example_dags/example_trigger_controller_dag.py
[2024-12-30 08:31:51,724] {processor.py:651} INFO - DAG(s) dict_keys(['example_trigger_controller_dag']) retrieved from /home/airflow/.local/lib/python3.7/site-packages/airflow/example_dags/example_trigger_controller_dag.py
[2024-12-30 08:31:51,741] {logging_mixin.py:115} INFO - [2024-12-30 08:31:51,741] {dag.py:2379} INFO - Sync 1 DAGs
[2024-12-30 08:31:51,765] {logging_mixin.py:115} INFO - [2024-12-30 08:31:51,765] {dag.py:2931} INFO - Setting next_dagrun for example_trigger_controller_dag to 2021-01-01T00:00:00+00:00, run_after=2021-01-01T00:00:00+00:00
[2024-12-30 08:31:51,775] {processor.py:161} INFO - Processing /home/airflow/.local/lib/python3.7/site-packages/airflow/example_dags/example_trigger_controller_dag.py took 0.056 seconds
