[2024-12-30 07:50:58,615] {processor.py:153} INFO - Started process (PID=196) to work on /home/airflow/.local/lib/python3.7/site-packages/airflow/example_dags/example_local_kubernetes_executor.py
[2024-12-30 07:50:58,615] {processor.py:641} INFO - Processing file /home/airflow/.local/lib/python3.7/site-packages/airflow/example_dags/example_local_kubernetes_executor.py for tasks to queue
[2024-12-30 07:50:58,616] {logging_mixin.py:115} INFO - [2024-12-30 07:50:58,615] {dagbag.py:507} INFO - Filling up the DagBag from /home/airflow/.local/lib/python3.7/site-packages/airflow/example_dags/example_local_kubernetes_executor.py
[2024-12-30 07:50:58,629] {processor.py:651} INFO - DAG(s) dict_keys(['example_local_kubernetes_executor']) retrieved from /home/airflow/.local/lib/python3.7/site-packages/airflow/example_dags/example_local_kubernetes_executor.py
[2024-12-30 07:50:58,681] {logging_mixin.py:115} INFO - [2024-12-30 07:50:58,681] {manager.py:508} INFO - Created Permission View: can read on DAG:example_local_kubernetes_executor
[2024-12-30 07:50:58,690] {logging_mixin.py:115} INFO - [2024-12-30 07:50:58,690] {manager.py:508} INFO - Created Permission View: can edit on DAG:example_local_kubernetes_executor
[2024-12-30 07:50:58,695] {logging_mixin.py:115} INFO - [2024-12-30 07:50:58,695] {manager.py:508} INFO - Created Permission View: can delete on DAG:example_local_kubernetes_executor
[2024-12-30 07:50:58,695] {logging_mixin.py:115} INFO - [2024-12-30 07:50:58,695] {dag.py:2379} INFO - Sync 1 DAGs
[2024-12-30 07:50:58,700] {logging_mixin.py:115} INFO - [2024-12-30 07:50:58,700] {dag.py:2398} INFO - Creating ORM DAG for example_local_kubernetes_executor
[2024-12-30 07:50:58,709] {logging_mixin.py:115} INFO - [2024-12-30 07:50:58,709] {dag.py:2931} INFO - Setting next_dagrun for example_local_kubernetes_executor to None, run_after=None
[2024-12-30 07:50:58,719] {processor.py:161} INFO - Processing /home/airflow/.local/lib/python3.7/site-packages/airflow/example_dags/example_local_kubernetes_executor.py took 0.106 seconds
[2024-12-30 07:51:28,764] {processor.py:153} INFO - Started process (PID=391) to work on /home/airflow/.local/lib/python3.7/site-packages/airflow/example_dags/example_local_kubernetes_executor.py
[2024-12-30 07:51:28,765] {processor.py:641} INFO - Processing file /home/airflow/.local/lib/python3.7/site-packages/airflow/example_dags/example_local_kubernetes_executor.py for tasks to queue
[2024-12-30 07:51:28,765] {logging_mixin.py:115} INFO - [2024-12-30 07:51:28,765] {dagbag.py:507} INFO - Filling up the DagBag from /home/airflow/.local/lib/python3.7/site-packages/airflow/example_dags/example_local_kubernetes_executor.py
[2024-12-30 07:51:28,787] {processor.py:651} INFO - DAG(s) dict_keys(['example_local_kubernetes_executor']) retrieved from /home/airflow/.local/lib/python3.7/site-packages/airflow/example_dags/example_local_kubernetes_executor.py
[2024-12-30 07:51:28,838] {logging_mixin.py:115} INFO - [2024-12-30 07:51:28,838] {dag.py:2379} INFO - Sync 1 DAGs
[2024-12-30 07:51:28,869] {logging_mixin.py:115} INFO - [2024-12-30 07:51:28,869] {dag.py:2931} INFO - Setting next_dagrun for example_local_kubernetes_executor to None, run_after=None
[2024-12-30 07:51:28,887] {processor.py:161} INFO - Processing /home/airflow/.local/lib/python3.7/site-packages/airflow/example_dags/example_local_kubernetes_executor.py took 0.130 seconds
[2024-12-30 07:51:59,374] {processor.py:153} INFO - Started process (PID=588) to work on /home/airflow/.local/lib/python3.7/site-packages/airflow/example_dags/example_local_kubernetes_executor.py
[2024-12-30 07:51:59,375] {processor.py:641} INFO - Processing file /home/airflow/.local/lib/python3.7/site-packages/airflow/example_dags/example_local_kubernetes_executor.py for tasks to queue
[2024-12-30 07:51:59,375] {logging_mixin.py:115} INFO - [2024-12-30 07:51:59,375] {dagbag.py:507} INFO - Filling up the DagBag from /home/airflow/.local/lib/python3.7/site-packages/airflow/example_dags/example_local_kubernetes_executor.py
[2024-12-30 07:51:59,389] {processor.py:651} INFO - DAG(s) dict_keys(['example_local_kubernetes_executor']) retrieved from /home/airflow/.local/lib/python3.7/site-packages/airflow/example_dags/example_local_kubernetes_executor.py
[2024-12-30 07:51:59,405] {logging_mixin.py:115} INFO - [2024-12-30 07:51:59,405] {dag.py:2379} INFO - Sync 1 DAGs
[2024-12-30 07:51:59,436] {logging_mixin.py:115} INFO - [2024-12-30 07:51:59,436] {dag.py:2931} INFO - Setting next_dagrun for example_local_kubernetes_executor to None, run_after=None
[2024-12-30 07:51:59,447] {processor.py:161} INFO - Processing /home/airflow/.local/lib/python3.7/site-packages/airflow/example_dags/example_local_kubernetes_executor.py took 0.075 seconds
[2024-12-30 07:52:30,406] {processor.py:153} INFO - Started process (PID=776) to work on /home/airflow/.local/lib/python3.7/site-packages/airflow/example_dags/example_local_kubernetes_executor.py
[2024-12-30 07:52:30,407] {processor.py:641} INFO - Processing file /home/airflow/.local/lib/python3.7/site-packages/airflow/example_dags/example_local_kubernetes_executor.py for tasks to queue
[2024-12-30 07:52:30,408] {logging_mixin.py:115} INFO - [2024-12-30 07:52:30,407] {dagbag.py:507} INFO - Filling up the DagBag from /home/airflow/.local/lib/python3.7/site-packages/airflow/example_dags/example_local_kubernetes_executor.py
[2024-12-30 07:52:30,424] {processor.py:651} INFO - DAG(s) dict_keys(['example_local_kubernetes_executor']) retrieved from /home/airflow/.local/lib/python3.7/site-packages/airflow/example_dags/example_local_kubernetes_executor.py
[2024-12-30 07:52:30,447] {logging_mixin.py:115} INFO - [2024-12-30 07:52:30,446] {dag.py:2379} INFO - Sync 1 DAGs
[2024-12-30 07:52:30,468] {logging_mixin.py:115} INFO - [2024-12-30 07:52:30,468] {dag.py:2931} INFO - Setting next_dagrun for example_local_kubernetes_executor to None, run_after=None
[2024-12-30 07:52:30,479] {processor.py:161} INFO - Processing /home/airflow/.local/lib/python3.7/site-packages/airflow/example_dags/example_local_kubernetes_executor.py took 0.075 seconds
[2024-12-30 07:53:00,614] {processor.py:153} INFO - Started process (PID=972) to work on /home/airflow/.local/lib/python3.7/site-packages/airflow/example_dags/example_local_kubernetes_executor.py
[2024-12-30 07:53:00,615] {processor.py:641} INFO - Processing file /home/airflow/.local/lib/python3.7/site-packages/airflow/example_dags/example_local_kubernetes_executor.py for tasks to queue
[2024-12-30 07:53:00,615] {logging_mixin.py:115} INFO - [2024-12-30 07:53:00,615] {dagbag.py:507} INFO - Filling up the DagBag from /home/airflow/.local/lib/python3.7/site-packages/airflow/example_dags/example_local_kubernetes_executor.py
[2024-12-30 07:53:00,632] {processor.py:651} INFO - DAG(s) dict_keys(['example_local_kubernetes_executor']) retrieved from /home/airflow/.local/lib/python3.7/site-packages/airflow/example_dags/example_local_kubernetes_executor.py
[2024-12-30 07:53:00,656] {logging_mixin.py:115} INFO - [2024-12-30 07:53:00,656] {dag.py:2379} INFO - Sync 1 DAGs
[2024-12-30 07:53:00,676] {logging_mixin.py:115} INFO - [2024-12-30 07:53:00,676] {dag.py:2931} INFO - Setting next_dagrun for example_local_kubernetes_executor to None, run_after=None
[2024-12-30 07:53:00,692] {processor.py:161} INFO - Processing /home/airflow/.local/lib/python3.7/site-packages/airflow/example_dags/example_local_kubernetes_executor.py took 0.080 seconds
[2024-12-30 07:53:30,760] {processor.py:153} INFO - Started process (PID=1188) to work on /home/airflow/.local/lib/python3.7/site-packages/airflow/example_dags/example_local_kubernetes_executor.py
[2024-12-30 07:53:30,761] {processor.py:641} INFO - Processing file /home/airflow/.local/lib/python3.7/site-packages/airflow/example_dags/example_local_kubernetes_executor.py for tasks to queue
[2024-12-30 07:53:30,761] {logging_mixin.py:115} INFO - [2024-12-30 07:53:30,761] {dagbag.py:507} INFO - Filling up the DagBag from /home/airflow/.local/lib/python3.7/site-packages/airflow/example_dags/example_local_kubernetes_executor.py
[2024-12-30 07:53:30,780] {processor.py:651} INFO - DAG(s) dict_keys(['example_local_kubernetes_executor']) retrieved from /home/airflow/.local/lib/python3.7/site-packages/airflow/example_dags/example_local_kubernetes_executor.py
[2024-12-30 07:53:30,801] {logging_mixin.py:115} INFO - [2024-12-30 07:53:30,801] {dag.py:2379} INFO - Sync 1 DAGs
[2024-12-30 07:53:30,819] {logging_mixin.py:115} INFO - [2024-12-30 07:53:30,819] {dag.py:2931} INFO - Setting next_dagrun for example_local_kubernetes_executor to None, run_after=None
[2024-12-30 07:53:30,829] {processor.py:161} INFO - Processing /home/airflow/.local/lib/python3.7/site-packages/airflow/example_dags/example_local_kubernetes_executor.py took 0.072 seconds
[2024-12-30 07:54:01,408] {processor.py:153} INFO - Started process (PID=1395) to work on /home/airflow/.local/lib/python3.7/site-packages/airflow/example_dags/example_local_kubernetes_executor.py
[2024-12-30 07:54:01,409] {processor.py:641} INFO - Processing file /home/airflow/.local/lib/python3.7/site-packages/airflow/example_dags/example_local_kubernetes_executor.py for tasks to queue
[2024-12-30 07:54:01,409] {logging_mixin.py:115} INFO - [2024-12-30 07:54:01,409] {dagbag.py:507} INFO - Filling up the DagBag from /home/airflow/.local/lib/python3.7/site-packages/airflow/example_dags/example_local_kubernetes_executor.py
[2024-12-30 07:54:01,424] {processor.py:651} INFO - DAG(s) dict_keys(['example_local_kubernetes_executor']) retrieved from /home/airflow/.local/lib/python3.7/site-packages/airflow/example_dags/example_local_kubernetes_executor.py
[2024-12-30 07:54:01,442] {logging_mixin.py:115} INFO - [2024-12-30 07:54:01,441] {dag.py:2379} INFO - Sync 1 DAGs
[2024-12-30 07:54:01,461] {logging_mixin.py:115} INFO - [2024-12-30 07:54:01,461] {dag.py:2931} INFO - Setting next_dagrun for example_local_kubernetes_executor to None, run_after=None
[2024-12-30 07:54:01,470] {processor.py:161} INFO - Processing /home/airflow/.local/lib/python3.7/site-packages/airflow/example_dags/example_local_kubernetes_executor.py took 0.064 seconds
[2024-12-30 07:54:32,089] {processor.py:153} INFO - Started process (PID=1592) to work on /home/airflow/.local/lib/python3.7/site-packages/airflow/example_dags/example_local_kubernetes_executor.py
[2024-12-30 07:54:32,089] {processor.py:641} INFO - Processing file /home/airflow/.local/lib/python3.7/site-packages/airflow/example_dags/example_local_kubernetes_executor.py for tasks to queue
[2024-12-30 07:54:32,090] {logging_mixin.py:115} INFO - [2024-12-30 07:54:32,090] {dagbag.py:507} INFO - Filling up the DagBag from /home/airflow/.local/lib/python3.7/site-packages/airflow/example_dags/example_local_kubernetes_executor.py
[2024-12-30 07:54:32,108] {processor.py:651} INFO - DAG(s) dict_keys(['example_local_kubernetes_executor']) retrieved from /home/airflow/.local/lib/python3.7/site-packages/airflow/example_dags/example_local_kubernetes_executor.py
[2024-12-30 07:54:32,126] {logging_mixin.py:115} INFO - [2024-12-30 07:54:32,126] {dag.py:2379} INFO - Sync 1 DAGs
[2024-12-30 07:54:32,148] {logging_mixin.py:115} INFO - [2024-12-30 07:54:32,148] {dag.py:2931} INFO - Setting next_dagrun for example_local_kubernetes_executor to None, run_after=None
[2024-12-30 07:54:32,159] {processor.py:161} INFO - Processing /home/airflow/.local/lib/python3.7/site-packages/airflow/example_dags/example_local_kubernetes_executor.py took 0.072 seconds
[2024-12-30 07:55:03,102] {processor.py:153} INFO - Started process (PID=1791) to work on /home/airflow/.local/lib/python3.7/site-packages/airflow/example_dags/example_local_kubernetes_executor.py
[2024-12-30 07:55:03,103] {processor.py:641} INFO - Processing file /home/airflow/.local/lib/python3.7/site-packages/airflow/example_dags/example_local_kubernetes_executor.py for tasks to queue
[2024-12-30 07:55:03,103] {logging_mixin.py:115} INFO - [2024-12-30 07:55:03,103] {dagbag.py:507} INFO - Filling up the DagBag from /home/airflow/.local/lib/python3.7/site-packages/airflow/example_dags/example_local_kubernetes_executor.py
[2024-12-30 07:55:03,118] {processor.py:651} INFO - DAG(s) dict_keys(['example_local_kubernetes_executor']) retrieved from /home/airflow/.local/lib/python3.7/site-packages/airflow/example_dags/example_local_kubernetes_executor.py
[2024-12-30 07:55:03,136] {logging_mixin.py:115} INFO - [2024-12-30 07:55:03,136] {dag.py:2379} INFO - Sync 1 DAGs
[2024-12-30 07:55:03,153] {logging_mixin.py:115} INFO - [2024-12-30 07:55:03,152] {dag.py:2931} INFO - Setting next_dagrun for example_local_kubernetes_executor to None, run_after=None
[2024-12-30 07:55:03,162] {processor.py:161} INFO - Processing /home/airflow/.local/lib/python3.7/site-packages/airflow/example_dags/example_local_kubernetes_executor.py took 0.063 seconds
[2024-12-30 07:55:33,989] {processor.py:153} INFO - Started process (PID=1986) to work on /home/airflow/.local/lib/python3.7/site-packages/airflow/example_dags/example_local_kubernetes_executor.py
[2024-12-30 07:55:33,989] {processor.py:641} INFO - Processing file /home/airflow/.local/lib/python3.7/site-packages/airflow/example_dags/example_local_kubernetes_executor.py for tasks to queue
[2024-12-30 07:55:33,990] {logging_mixin.py:115} INFO - [2024-12-30 07:55:33,990] {dagbag.py:507} INFO - Filling up the DagBag from /home/airflow/.local/lib/python3.7/site-packages/airflow/example_dags/example_local_kubernetes_executor.py
[2024-12-30 07:55:34,007] {processor.py:651} INFO - DAG(s) dict_keys(['example_local_kubernetes_executor']) retrieved from /home/airflow/.local/lib/python3.7/site-packages/airflow/example_dags/example_local_kubernetes_executor.py
[2024-12-30 07:55:34,025] {logging_mixin.py:115} INFO - [2024-12-30 07:55:34,024] {dag.py:2379} INFO - Sync 1 DAGs
[2024-12-30 07:55:34,040] {logging_mixin.py:115} INFO - [2024-12-30 07:55:34,040] {dag.py:2931} INFO - Setting next_dagrun for example_local_kubernetes_executor to None, run_after=None
[2024-12-30 07:55:34,051] {processor.py:161} INFO - Processing /home/airflow/.local/lib/python3.7/site-packages/airflow/example_dags/example_local_kubernetes_executor.py took 0.064 seconds
[2024-12-30 07:56:04,644] {processor.py:153} INFO - Started process (PID=2174) to work on /home/airflow/.local/lib/python3.7/site-packages/airflow/example_dags/example_local_kubernetes_executor.py
[2024-12-30 07:56:04,645] {processor.py:641} INFO - Processing file /home/airflow/.local/lib/python3.7/site-packages/airflow/example_dags/example_local_kubernetes_executor.py for tasks to queue
[2024-12-30 07:56:04,645] {logging_mixin.py:115} INFO - [2024-12-30 07:56:04,645] {dagbag.py:507} INFO - Filling up the DagBag from /home/airflow/.local/lib/python3.7/site-packages/airflow/example_dags/example_local_kubernetes_executor.py
[2024-12-30 07:56:04,661] {processor.py:651} INFO - DAG(s) dict_keys(['example_local_kubernetes_executor']) retrieved from /home/airflow/.local/lib/python3.7/site-packages/airflow/example_dags/example_local_kubernetes_executor.py
[2024-12-30 07:56:04,682] {logging_mixin.py:115} INFO - [2024-12-30 07:56:04,682] {dag.py:2379} INFO - Sync 1 DAGs
[2024-12-30 07:56:04,701] {logging_mixin.py:115} INFO - [2024-12-30 07:56:04,701] {dag.py:2931} INFO - Setting next_dagrun for example_local_kubernetes_executor to None, run_after=None
[2024-12-30 07:56:04,713] {processor.py:161} INFO - Processing /home/airflow/.local/lib/python3.7/site-packages/airflow/example_dags/example_local_kubernetes_executor.py took 0.071 seconds
[2024-12-30 07:56:35,367] {processor.py:153} INFO - Started process (PID=2371) to work on /home/airflow/.local/lib/python3.7/site-packages/airflow/example_dags/example_local_kubernetes_executor.py
[2024-12-30 07:56:35,368] {processor.py:641} INFO - Processing file /home/airflow/.local/lib/python3.7/site-packages/airflow/example_dags/example_local_kubernetes_executor.py for tasks to queue
[2024-12-30 07:56:35,368] {logging_mixin.py:115} INFO - [2024-12-30 07:56:35,368] {dagbag.py:507} INFO - Filling up the DagBag from /home/airflow/.local/lib/python3.7/site-packages/airflow/example_dags/example_local_kubernetes_executor.py
[2024-12-30 07:56:35,395] {processor.py:651} INFO - DAG(s) dict_keys(['example_local_kubernetes_executor']) retrieved from /home/airflow/.local/lib/python3.7/site-packages/airflow/example_dags/example_local_kubernetes_executor.py
[2024-12-30 07:56:35,427] {logging_mixin.py:115} INFO - [2024-12-30 07:56:35,427] {dag.py:2379} INFO - Sync 1 DAGs
[2024-12-30 07:56:35,453] {logging_mixin.py:115} INFO - [2024-12-30 07:56:35,453] {dag.py:2931} INFO - Setting next_dagrun for example_local_kubernetes_executor to None, run_after=None
[2024-12-30 07:56:35,467] {processor.py:161} INFO - Processing /home/airflow/.local/lib/python3.7/site-packages/airflow/example_dags/example_local_kubernetes_executor.py took 0.103 seconds
[2024-12-30 07:57:05,984] {processor.py:153} INFO - Started process (PID=2569) to work on /home/airflow/.local/lib/python3.7/site-packages/airflow/example_dags/example_local_kubernetes_executor.py
[2024-12-30 07:57:05,984] {processor.py:641} INFO - Processing file /home/airflow/.local/lib/python3.7/site-packages/airflow/example_dags/example_local_kubernetes_executor.py for tasks to queue
[2024-12-30 07:57:05,985] {logging_mixin.py:115} INFO - [2024-12-30 07:57:05,985] {dagbag.py:507} INFO - Filling up the DagBag from /home/airflow/.local/lib/python3.7/site-packages/airflow/example_dags/example_local_kubernetes_executor.py
[2024-12-30 07:57:06,005] {processor.py:651} INFO - DAG(s) dict_keys(['example_local_kubernetes_executor']) retrieved from /home/airflow/.local/lib/python3.7/site-packages/airflow/example_dags/example_local_kubernetes_executor.py
[2024-12-30 07:57:06,025] {logging_mixin.py:115} INFO - [2024-12-30 07:57:06,024] {dag.py:2379} INFO - Sync 1 DAGs
[2024-12-30 07:57:06,045] {logging_mixin.py:115} INFO - [2024-12-30 07:57:06,045] {dag.py:2931} INFO - Setting next_dagrun for example_local_kubernetes_executor to None, run_after=None
[2024-12-30 07:57:06,056] {processor.py:161} INFO - Processing /home/airflow/.local/lib/python3.7/site-packages/airflow/example_dags/example_local_kubernetes_executor.py took 0.075 seconds
[2024-12-30 07:57:36,626] {processor.py:153} INFO - Started process (PID=2767) to work on /home/airflow/.local/lib/python3.7/site-packages/airflow/example_dags/example_local_kubernetes_executor.py
[2024-12-30 07:57:36,627] {processor.py:641} INFO - Processing file /home/airflow/.local/lib/python3.7/site-packages/airflow/example_dags/example_local_kubernetes_executor.py for tasks to queue
[2024-12-30 07:57:36,627] {logging_mixin.py:115} INFO - [2024-12-30 07:57:36,627] {dagbag.py:507} INFO - Filling up the DagBag from /home/airflow/.local/lib/python3.7/site-packages/airflow/example_dags/example_local_kubernetes_executor.py
[2024-12-30 07:57:36,646] {processor.py:651} INFO - DAG(s) dict_keys(['example_local_kubernetes_executor']) retrieved from /home/airflow/.local/lib/python3.7/site-packages/airflow/example_dags/example_local_kubernetes_executor.py
[2024-12-30 07:57:36,665] {logging_mixin.py:115} INFO - [2024-12-30 07:57:36,665] {dag.py:2379} INFO - Sync 1 DAGs
[2024-12-30 07:57:36,683] {logging_mixin.py:115} INFO - [2024-12-30 07:57:36,683] {dag.py:2931} INFO - Setting next_dagrun for example_local_kubernetes_executor to None, run_after=None
[2024-12-30 07:57:36,694] {processor.py:161} INFO - Processing /home/airflow/.local/lib/python3.7/site-packages/airflow/example_dags/example_local_kubernetes_executor.py took 0.070 seconds
[2024-12-30 07:58:07,423] {processor.py:153} INFO - Started process (PID=2966) to work on /home/airflow/.local/lib/python3.7/site-packages/airflow/example_dags/example_local_kubernetes_executor.py
[2024-12-30 07:58:07,423] {processor.py:641} INFO - Processing file /home/airflow/.local/lib/python3.7/site-packages/airflow/example_dags/example_local_kubernetes_executor.py for tasks to queue
[2024-12-30 07:58:07,424] {logging_mixin.py:115} INFO - [2024-12-30 07:58:07,424] {dagbag.py:507} INFO - Filling up the DagBag from /home/airflow/.local/lib/python3.7/site-packages/airflow/example_dags/example_local_kubernetes_executor.py
[2024-12-30 07:58:07,445] {processor.py:651} INFO - DAG(s) dict_keys(['example_local_kubernetes_executor']) retrieved from /home/airflow/.local/lib/python3.7/site-packages/airflow/example_dags/example_local_kubernetes_executor.py
[2024-12-30 07:58:07,467] {logging_mixin.py:115} INFO - [2024-12-30 07:58:07,467] {dag.py:2379} INFO - Sync 1 DAGs
[2024-12-30 07:58:07,491] {logging_mixin.py:115} INFO - [2024-12-30 07:58:07,491] {dag.py:2931} INFO - Setting next_dagrun for example_local_kubernetes_executor to None, run_after=None
[2024-12-30 07:58:07,745] {processor.py:161} INFO - Processing /home/airflow/.local/lib/python3.7/site-packages/airflow/example_dags/example_local_kubernetes_executor.py took 0.325 seconds
[2024-12-30 08:30:18,698] {processor.py:153} INFO - Started process (PID=195) to work on /home/airflow/.local/lib/python3.7/site-packages/airflow/example_dags/example_local_kubernetes_executor.py
[2024-12-30 08:30:18,698] {processor.py:641} INFO - Processing file /home/airflow/.local/lib/python3.7/site-packages/airflow/example_dags/example_local_kubernetes_executor.py for tasks to queue
[2024-12-30 08:30:18,699] {logging_mixin.py:115} INFO - [2024-12-30 08:30:18,699] {dagbag.py:507} INFO - Filling up the DagBag from /home/airflow/.local/lib/python3.7/site-packages/airflow/example_dags/example_local_kubernetes_executor.py
[2024-12-30 08:30:18,714] {processor.py:651} INFO - DAG(s) dict_keys(['example_local_kubernetes_executor']) retrieved from /home/airflow/.local/lib/python3.7/site-packages/airflow/example_dags/example_local_kubernetes_executor.py
[2024-12-30 08:30:18,769] {logging_mixin.py:115} INFO - [2024-12-30 08:30:18,769] {manager.py:508} INFO - Created Permission View: can delete on DAG:example_local_kubernetes_executor
[2024-12-30 08:30:18,776] {logging_mixin.py:115} INFO - [2024-12-30 08:30:18,776] {manager.py:508} INFO - Created Permission View: can read on DAG:example_local_kubernetes_executor
[2024-12-30 08:30:18,781] {logging_mixin.py:115} INFO - [2024-12-30 08:30:18,781] {manager.py:508} INFO - Created Permission View: can edit on DAG:example_local_kubernetes_executor
[2024-12-30 08:30:18,782] {logging_mixin.py:115} INFO - [2024-12-30 08:30:18,782] {dag.py:2379} INFO - Sync 1 DAGs
[2024-12-30 08:30:18,788] {logging_mixin.py:115} INFO - [2024-12-30 08:30:18,788] {dag.py:2398} INFO - Creating ORM DAG for example_local_kubernetes_executor
[2024-12-30 08:30:18,799] {logging_mixin.py:115} INFO - [2024-12-30 08:30:18,799] {dag.py:2931} INFO - Setting next_dagrun for example_local_kubernetes_executor to None, run_after=None
[2024-12-30 08:30:18,809] {processor.py:161} INFO - Processing /home/airflow/.local/lib/python3.7/site-packages/airflow/example_dags/example_local_kubernetes_executor.py took 0.114 seconds
[2024-12-30 08:30:49,312] {processor.py:153} INFO - Started process (PID=393) to work on /home/airflow/.local/lib/python3.7/site-packages/airflow/example_dags/example_local_kubernetes_executor.py
[2024-12-30 08:30:49,313] {processor.py:641} INFO - Processing file /home/airflow/.local/lib/python3.7/site-packages/airflow/example_dags/example_local_kubernetes_executor.py for tasks to queue
[2024-12-30 08:30:49,313] {logging_mixin.py:115} INFO - [2024-12-30 08:30:49,313] {dagbag.py:507} INFO - Filling up the DagBag from /home/airflow/.local/lib/python3.7/site-packages/airflow/example_dags/example_local_kubernetes_executor.py
[2024-12-30 08:30:49,331] {processor.py:651} INFO - DAG(s) dict_keys(['example_local_kubernetes_executor']) retrieved from /home/airflow/.local/lib/python3.7/site-packages/airflow/example_dags/example_local_kubernetes_executor.py
[2024-12-30 08:30:49,347] {logging_mixin.py:115} INFO - [2024-12-30 08:30:49,347] {dag.py:2379} INFO - Sync 1 DAGs
[2024-12-30 08:30:49,364] {logging_mixin.py:115} INFO - [2024-12-30 08:30:49,364] {dag.py:2931} INFO - Setting next_dagrun for example_local_kubernetes_executor to None, run_after=None
[2024-12-30 08:30:49,377] {processor.py:161} INFO - Processing /home/airflow/.local/lib/python3.7/site-packages/airflow/example_dags/example_local_kubernetes_executor.py took 0.067 seconds
[2024-12-30 08:31:20,287] {processor.py:153} INFO - Started process (PID=593) to work on /home/airflow/.local/lib/python3.7/site-packages/airflow/example_dags/example_local_kubernetes_executor.py
[2024-12-30 08:31:20,288] {processor.py:641} INFO - Processing file /home/airflow/.local/lib/python3.7/site-packages/airflow/example_dags/example_local_kubernetes_executor.py for tasks to queue
[2024-12-30 08:31:20,288] {logging_mixin.py:115} INFO - [2024-12-30 08:31:20,288] {dagbag.py:507} INFO - Filling up the DagBag from /home/airflow/.local/lib/python3.7/site-packages/airflow/example_dags/example_local_kubernetes_executor.py
[2024-12-30 08:31:20,304] {processor.py:651} INFO - DAG(s) dict_keys(['example_local_kubernetes_executor']) retrieved from /home/airflow/.local/lib/python3.7/site-packages/airflow/example_dags/example_local_kubernetes_executor.py
[2024-12-30 08:31:20,344] {logging_mixin.py:115} INFO - [2024-12-30 08:31:20,344] {dag.py:2379} INFO - Sync 1 DAGs
[2024-12-30 08:31:20,369] {logging_mixin.py:115} INFO - [2024-12-30 08:31:20,368] {dag.py:2931} INFO - Setting next_dagrun for example_local_kubernetes_executor to None, run_after=None
[2024-12-30 08:31:20,383] {processor.py:161} INFO - Processing /home/airflow/.local/lib/python3.7/site-packages/airflow/example_dags/example_local_kubernetes_executor.py took 0.099 seconds
[2024-12-30 08:31:51,028] {processor.py:153} INFO - Started process (PID=778) to work on /home/airflow/.local/lib/python3.7/site-packages/airflow/example_dags/example_local_kubernetes_executor.py
[2024-12-30 08:31:51,029] {processor.py:641} INFO - Processing file /home/airflow/.local/lib/python3.7/site-packages/airflow/example_dags/example_local_kubernetes_executor.py for tasks to queue
[2024-12-30 08:31:51,030] {logging_mixin.py:115} INFO - [2024-12-30 08:31:51,030] {dagbag.py:507} INFO - Filling up the DagBag from /home/airflow/.local/lib/python3.7/site-packages/airflow/example_dags/example_local_kubernetes_executor.py
[2024-12-30 08:31:51,057] {processor.py:651} INFO - DAG(s) dict_keys(['example_local_kubernetes_executor']) retrieved from /home/airflow/.local/lib/python3.7/site-packages/airflow/example_dags/example_local_kubernetes_executor.py
[2024-12-30 08:31:51,095] {logging_mixin.py:115} INFO - [2024-12-30 08:31:51,095] {dag.py:2379} INFO - Sync 1 DAGs
[2024-12-30 08:31:51,114] {logging_mixin.py:115} INFO - [2024-12-30 08:31:51,114] {dag.py:2931} INFO - Setting next_dagrun for example_local_kubernetes_executor to None, run_after=None
[2024-12-30 08:31:51,128] {processor.py:161} INFO - Processing /home/airflow/.local/lib/python3.7/site-packages/airflow/example_dags/example_local_kubernetes_executor.py took 0.103 seconds
