[2024-12-30 12:21:47,575] {taskinstance.py:1159} INFO - Dependencies all met for <TaskInstance: first_py_dag_V2.get_name manual__2024-12-30T12:21:46.795100+00:00 [queued]>
[2024-12-30 12:21:47,581] {taskinstance.py:1159} INFO - Dependencies all met for <TaskInstance: first_py_dag_V2.get_name manual__2024-12-30T12:21:46.795100+00:00 [queued]>
[2024-12-30 12:21:47,582] {taskinstance.py:1356} INFO - 
--------------------------------------------------------------------------------
[2024-12-30 12:21:47,582] {taskinstance.py:1357} INFO - Starting attempt 1 of 6
[2024-12-30 12:21:47,582] {taskinstance.py:1358} INFO - 
--------------------------------------------------------------------------------
[2024-12-30 12:21:47,591] {taskinstance.py:1377} INFO - Executing <Task(PythonOperator): get_name> on 2024-12-30 12:21:46.795100+00:00
[2024-12-30 12:21:47,595] {standard_task_runner.py:52} INFO - Started process 13861 to run task
[2024-12-30 12:21:47,597] {standard_task_runner.py:79} INFO - Running: ['***', 'tasks', 'run', 'first_py_dag_V2', 'get_name', 'manual__2024-12-30T12:21:46.795100+00:00', '--job-id', '24', '--raw', '--subdir', 'DAGS_FOLDER/first_dag.py', '--cfg-path', '/tmp/tmp8nlu950c', '--error-file', '/tmp/tmpsvv6ic8z']
[2024-12-30 12:21:47,598] {standard_task_runner.py:80} INFO - Job 24: Subtask get_name
[2024-12-30 12:21:47,633] {task_command.py:370} INFO - Running <TaskInstance: first_py_dag_V2.get_name manual__2024-12-30T12:21:46.795100+00:00 [running]> on host 0766066e7c2f
[2024-12-30 12:21:47,682] {taskinstance.py:1571} INFO - Exporting the following env vars:
AIRFLOW_CTX_DAG_OWNER=swetansu
AIRFLOW_CTX_DAG_ID=first_py_dag_V2
AIRFLOW_CTX_TASK_ID=get_name
AIRFLOW_CTX_EXECUTION_DATE=2024-12-30T12:21:46.795100+00:00
AIRFLOW_CTX_TRY_NUMBER=1
AIRFLOW_CTX_DAG_RUN_ID=manual__2024-12-30T12:21:46.795100+00:00
[2024-12-30 12:21:47,682] {python.py:173} INFO - Done. Returned value was: Ram
[2024-12-30 12:21:47,700] {taskinstance.py:1400} INFO - Marking task as SUCCESS. dag_id=first_py_dag_V2, task_id=get_name, execution_date=20241230T122146, start_date=20241230T122147, end_date=20241230T122147
[2024-12-30 12:21:47,730] {local_task_job.py:156} INFO - Task exited with return code 0
[2024-12-30 12:21:47,761] {local_task_job.py:273} INFO - 1 downstream tasks scheduled from follow-on schedule check
