[2024-12-30 15:05:21,146] {taskinstance.py:1159} INFO - Dependencies all met for <TaskInstance: dag_with_taskflow_api_v6.greet manual__2024-12-30T15:05:19.793794+00:00 [queued]>
[2024-12-30 15:05:21,155] {taskinstance.py:1159} INFO - Dependencies all met for <TaskInstance: dag_with_taskflow_api_v6.greet manual__2024-12-30T15:05:19.793794+00:00 [queued]>
[2024-12-30 15:05:21,155] {taskinstance.py:1356} INFO - 
--------------------------------------------------------------------------------
[2024-12-30 15:05:21,155] {taskinstance.py:1357} INFO - Starting attempt 1 of 6
[2024-12-30 15:05:21,155] {taskinstance.py:1358} INFO - 
--------------------------------------------------------------------------------
[2024-12-30 15:05:21,167] {taskinstance.py:1377} INFO - Executing <Task(_PythonDecoratedOperator): greet> on 2024-12-30 15:05:19.793794+00:00
[2024-12-30 15:05:21,171] {standard_task_runner.py:52} INFO - Started process 1262 to run task
[2024-12-30 15:05:21,173] {standard_task_runner.py:79} INFO - Running: ['***', 'tasks', 'run', 'dag_with_taskflow_api_v6', 'greet', 'manual__2024-12-30T15:05:19.793794+00:00', '--job-id', '21', '--raw', '--subdir', 'DAGS_FOLDER/dag_with_taskflow_api.py', '--cfg-path', '/tmp/tmptkvn15y4', '--error-file', '/tmp/tmpy7bleh0o']
[2024-12-30 15:05:21,174] {standard_task_runner.py:80} INFO - Job 21: Subtask greet
[2024-12-30 15:05:21,213] {task_command.py:370} INFO - Running <TaskInstance: dag_with_taskflow_api_v6.greet manual__2024-12-30T15:05:19.793794+00:00 [running]> on host 0c4a021d66c8
[2024-12-30 15:05:21,292] {taskinstance.py:1571} INFO - Exporting the following env vars:
AIRFLOW_CTX_DAG_OWNER=swetansu
AIRFLOW_CTX_DAG_ID=dag_with_taskflow_api_v6
AIRFLOW_CTX_TASK_ID=greet
AIRFLOW_CTX_EXECUTION_DATE=2024-12-30T15:05:19.793794+00:00
AIRFLOW_CTX_TRY_NUMBER=1
AIRFLOW_CTX_DAG_RUN_ID=manual__2024-12-30T15:05:19.793794+00:00
[2024-12-30 15:05:21,293] {logging_mixin.py:115} INFO - my name is swetansu mohanty, i am 20 years old
[2024-12-30 15:05:21,293] {python.py:173} INFO - Done. Returned value was: None
[2024-12-30 15:05:21,301] {taskinstance.py:1400} INFO - Marking task as SUCCESS. dag_id=dag_with_taskflow_api_v6, task_id=greet, execution_date=20241230T150519, start_date=20241230T150521, end_date=20241230T150521
[2024-12-30 15:05:21,345] {local_task_job.py:156} INFO - Task exited with return code 0
[2024-12-30 15:05:21,381] {local_task_job.py:273} INFO - 0 downstream tasks scheduled from follow-on schedule check
