[2024-12-30 07:53:43,291] {taskinstance.py:1159} INFO - Dependencies all met for <TaskInstance: example_bash_operator.run_after_loop manual__2024-12-30T07:53:39.130457+00:00 [queued]>
[2024-12-30 07:53:43,297] {taskinstance.py:1159} INFO - Dependencies all met for <TaskInstance: example_bash_operator.run_after_loop manual__2024-12-30T07:53:39.130457+00:00 [queued]>
[2024-12-30 07:53:43,297] {taskinstance.py:1356} INFO - 
--------------------------------------------------------------------------------
[2024-12-30 07:53:43,297] {taskinstance.py:1357} INFO - Starting attempt 1 of 1
[2024-12-30 07:53:43,297] {taskinstance.py:1358} INFO - 
--------------------------------------------------------------------------------
[2024-12-30 07:53:43,306] {taskinstance.py:1377} INFO - Executing <Task(BashOperator): run_after_loop> on 2024-12-30 07:53:39.130457+00:00
[2024-12-30 07:53:43,310] {standard_task_runner.py:52} INFO - Started process 1355 to run task
[2024-12-30 07:53:43,312] {standard_task_runner.py:79} INFO - Running: ['***', 'tasks', 'run', 'example_bash_operator', 'run_after_loop', 'manual__2024-12-30T07:53:39.130457+00:00', '--job-id', '14', '--raw', '--subdir', '/home/***/.local/lib/python3.7/site-packages/***/example_dags/example_bash_operator.py', '--cfg-path', '/tmp/tmp184lj9h4', '--error-file', '/tmp/tmpvsu6l0t8']
[2024-12-30 07:53:43,312] {standard_task_runner.py:80} INFO - Job 14: Subtask run_after_loop
[2024-12-30 07:53:43,348] {task_command.py:370} INFO - Running <TaskInstance: example_bash_operator.run_after_loop manual__2024-12-30T07:53:39.130457+00:00 [running]> on host 5d854b53af4a
[2024-12-30 07:53:43,495] {taskinstance.py:1571} INFO - Exporting the following env vars:
AIRFLOW_CTX_DAG_OWNER=***
AIRFLOW_CTX_DAG_ID=example_bash_operator
AIRFLOW_CTX_TASK_ID=run_after_loop
AIRFLOW_CTX_EXECUTION_DATE=2024-12-30T07:53:39.130457+00:00
AIRFLOW_CTX_TRY_NUMBER=1
AIRFLOW_CTX_DAG_RUN_ID=manual__2024-12-30T07:53:39.130457+00:00
[2024-12-30 07:53:43,496] {subprocess.py:62} INFO - Tmp dir root location: 
 /tmp
[2024-12-30 07:53:43,496] {subprocess.py:74} INFO - Running command: ['bash', '-c', 'echo 1']
[2024-12-30 07:53:43,506] {subprocess.py:85} INFO - Output:
[2024-12-30 07:53:43,507] {subprocess.py:92} INFO - 1
[2024-12-30 07:53:43,507] {subprocess.py:96} INFO - Command exited with return code 0
[2024-12-30 07:53:43,529] {taskinstance.py:1400} INFO - Marking task as SUCCESS. dag_id=example_bash_operator, task_id=run_after_loop, execution_date=20241230T075339, start_date=20241230T075343, end_date=20241230T075343
[2024-12-30 07:53:43,565] {local_task_job.py:156} INFO - Task exited with return code 0
[2024-12-30 07:53:43,592] {local_task_job.py:273} INFO - 0 downstream tasks scheduled from follow-on schedule check
