[2024-12-30 14:55:58,700] {taskinstance.py:1159} INFO - Dependencies all met for <TaskInstance: dag_with_taskflow_api_v3.get_age manual__2024-12-30T14:55:58.200309+00:00 [queued]>
[2024-12-30 14:55:58,712] {taskinstance.py:1159} INFO - Dependencies all met for <TaskInstance: dag_with_taskflow_api_v3.get_age manual__2024-12-30T14:55:58.200309+00:00 [queued]>
[2024-12-30 14:55:58,712] {taskinstance.py:1356} INFO - 
--------------------------------------------------------------------------------
[2024-12-30 14:55:58,712] {taskinstance.py:1357} INFO - Starting attempt 1 of 6
[2024-12-30 14:55:58,712] {taskinstance.py:1358} INFO - 
--------------------------------------------------------------------------------
[2024-12-30 14:55:58,727] {taskinstance.py:1377} INFO - Executing <Task(_PythonDecoratedOperator): get_age> on 2024-12-30 14:55:58.200309+00:00
[2024-12-30 14:55:58,733] {standard_task_runner.py:52} INFO - Started process 673 to run task
[2024-12-30 14:55:58,736] {standard_task_runner.py:79} INFO - Running: ['***', 'tasks', 'run', 'dag_with_taskflow_api_v3', 'get_age', 'manual__2024-12-30T14:55:58.200309+00:00', '--job-id', '9', '--raw', '--subdir', 'DAGS_FOLDER/dag_with_taskflow_api.py', '--cfg-path', '/tmp/tmpxn_4dtrq', '--error-file', '/tmp/tmpzf5esv__']
[2024-12-30 14:55:58,738] {standard_task_runner.py:80} INFO - Job 9: Subtask get_age
[2024-12-30 14:55:58,783] {task_command.py:370} INFO - Running <TaskInstance: dag_with_taskflow_api_v3.get_age manual__2024-12-30T14:55:58.200309+00:00 [running]> on host 0c4a021d66c8
[2024-12-30 14:55:58,851] {taskinstance.py:1571} INFO - Exporting the following env vars:
AIRFLOW_CTX_DAG_OWNER=swetansu
AIRFLOW_CTX_DAG_ID=dag_with_taskflow_api_v3
AIRFLOW_CTX_TASK_ID=get_age
AIRFLOW_CTX_EXECUTION_DATE=2024-12-30T14:55:58.200309+00:00
AIRFLOW_CTX_TRY_NUMBER=1
AIRFLOW_CTX_DAG_RUN_ID=manual__2024-12-30T14:55:58.200309+00:00
[2024-12-30 14:55:58,852] {python.py:173} INFO - Done. Returned value was: 20
[2024-12-30 14:55:58,876] {taskinstance.py:1400} INFO - Marking task as SUCCESS. dag_id=dag_with_taskflow_api_v3, task_id=get_age, execution_date=20241230T145558, start_date=20241230T145558, end_date=20241230T145558
[2024-12-30 14:55:58,913] {local_task_job.py:156} INFO - Task exited with return code 0
[2024-12-30 14:55:58,957] {local_task_job.py:273} INFO - 1 downstream tasks scheduled from follow-on schedule check
