[2024-12-30 12:25:49,638] {taskinstance.py:1159} INFO - Dependencies all met for <TaskInstance: first_py_dag_V2.greet manual__2024-12-30T12:21:46.795100+00:00 [queued]>
[2024-12-30 12:25:49,645] {taskinstance.py:1159} INFO - Dependencies all met for <TaskInstance: first_py_dag_V2.greet manual__2024-12-30T12:21:46.795100+00:00 [queued]>
[2024-12-30 12:25:49,645] {taskinstance.py:1356} INFO - 
--------------------------------------------------------------------------------
[2024-12-30 12:25:49,646] {taskinstance.py:1357} INFO - Starting attempt 3 of 6
[2024-12-30 12:25:49,646] {taskinstance.py:1358} INFO - 
--------------------------------------------------------------------------------
[2024-12-30 12:25:49,655] {taskinstance.py:1377} INFO - Executing <Task(PythonOperator): greet> on 2024-12-30 12:21:46.795100+00:00
[2024-12-30 12:25:49,660] {standard_task_runner.py:52} INFO - Started process 14128 to run task
[2024-12-30 12:25:49,662] {standard_task_runner.py:79} INFO - Running: ['***', 'tasks', 'run', 'first_py_dag_V2', 'greet', 'manual__2024-12-30T12:21:46.795100+00:00', '--job-id', '32', '--raw', '--subdir', 'DAGS_FOLDER/first_dag.py', '--cfg-path', '/tmp/tmp5f0blihh', '--error-file', '/tmp/tmpye34hdlz']
[2024-12-30 12:25:49,663] {standard_task_runner.py:80} INFO - Job 32: Subtask greet
[2024-12-30 12:25:49,698] {task_command.py:370} INFO - Running <TaskInstance: first_py_dag_V2.greet manual__2024-12-30T12:21:46.795100+00:00 [running]> on host 0766066e7c2f
[2024-12-30 12:25:49,750] {taskinstance.py:1571} INFO - Exporting the following env vars:
AIRFLOW_CTX_DAG_OWNER=swetansu
AIRFLOW_CTX_DAG_ID=first_py_dag_V2
AIRFLOW_CTX_TASK_ID=greet
AIRFLOW_CTX_EXECUTION_DATE=2024-12-30T12:21:46.795100+00:00
AIRFLOW_CTX_TRY_NUMBER=3
AIRFLOW_CTX_DAG_RUN_ID=manual__2024-12-30T12:21:46.795100+00:00
[2024-12-30 12:25:49,759] {logging_mixin.py:115} INFO - hi i am Ram and i am 25 years old
[2024-12-30 12:25:49,759] {python.py:173} INFO - Done. Returned value was: None
[2024-12-30 12:25:49,768] {taskinstance.py:1400} INFO - Marking task as SUCCESS. dag_id=first_py_dag_V2, task_id=greet, execution_date=20241230T122146, start_date=20241230T122549, end_date=20241230T122549
[2024-12-30 12:25:49,793] {local_task_job.py:156} INFO - Task exited with return code 0
[2024-12-30 12:25:49,816] {local_task_job.py:273} INFO - 0 downstream tasks scheduled from follow-on schedule check
