[2024-12-30 07:50:58,890] {processor.py:153} INFO - Started process (PID=209) to work on /home/airflow/.local/lib/python3.7/site-packages/airflow/example_dags/example_branch_operator.py
[2024-12-30 07:50:58,890] {processor.py:641} INFO - Processing file /home/airflow/.local/lib/python3.7/site-packages/airflow/example_dags/example_branch_operator.py for tasks to queue
[2024-12-30 07:50:58,891] {logging_mixin.py:115} INFO - [2024-12-30 07:50:58,890] {dagbag.py:507} INFO - Filling up the DagBag from /home/airflow/.local/lib/python3.7/site-packages/airflow/example_dags/example_branch_operator.py
[2024-12-30 07:50:58,901] {processor.py:651} INFO - DAG(s) dict_keys(['example_branch_operator']) retrieved from /home/airflow/.local/lib/python3.7/site-packages/airflow/example_dags/example_branch_operator.py
[2024-12-30 07:50:58,994] {logging_mixin.py:115} INFO - [2024-12-30 07:50:58,993] {manager.py:508} INFO - Created Permission View: can read on DAG:example_branch_operator
[2024-12-30 07:50:59,005] {logging_mixin.py:115} INFO - [2024-12-30 07:50:59,005] {manager.py:508} INFO - Created Permission View: can edit on DAG:example_branch_operator
[2024-12-30 07:50:59,011] {logging_mixin.py:115} INFO - [2024-12-30 07:50:59,011] {manager.py:508} INFO - Created Permission View: can delete on DAG:example_branch_operator
[2024-12-30 07:50:59,011] {logging_mixin.py:115} INFO - [2024-12-30 07:50:59,011] {dag.py:2379} INFO - Sync 1 DAGs
[2024-12-30 07:50:59,019] {logging_mixin.py:115} INFO - [2024-12-30 07:50:59,019] {dag.py:2398} INFO - Creating ORM DAG for example_branch_operator
[2024-12-30 07:50:59,030] {logging_mixin.py:115} INFO - [2024-12-30 07:50:59,030] {dag.py:2931} INFO - Setting next_dagrun for example_branch_operator to 2024-12-29T00:00:00+00:00, run_after=2024-12-30T00:00:00+00:00
[2024-12-30 07:50:59,044] {processor.py:161} INFO - Processing /home/airflow/.local/lib/python3.7/site-packages/airflow/example_dags/example_branch_operator.py took 0.156 seconds
[2024-12-30 07:51:29,123] {processor.py:153} INFO - Started process (PID=406) to work on /home/airflow/.local/lib/python3.7/site-packages/airflow/example_dags/example_branch_operator.py
[2024-12-30 07:51:29,124] {processor.py:641} INFO - Processing file /home/airflow/.local/lib/python3.7/site-packages/airflow/example_dags/example_branch_operator.py for tasks to queue
[2024-12-30 07:51:29,124] {logging_mixin.py:115} INFO - [2024-12-30 07:51:29,124] {dagbag.py:507} INFO - Filling up the DagBag from /home/airflow/.local/lib/python3.7/site-packages/airflow/example_dags/example_branch_operator.py
[2024-12-30 07:51:29,140] {processor.py:651} INFO - DAG(s) dict_keys(['example_branch_operator']) retrieved from /home/airflow/.local/lib/python3.7/site-packages/airflow/example_dags/example_branch_operator.py
[2024-12-30 07:51:29,172] {logging_mixin.py:115} INFO - [2024-12-30 07:51:29,172] {dag.py:2379} INFO - Sync 1 DAGs
[2024-12-30 07:51:29,201] {logging_mixin.py:115} INFO - [2024-12-30 07:51:29,200] {dag.py:2931} INFO - Setting next_dagrun for example_branch_operator to 2024-12-29T00:00:00+00:00, run_after=2024-12-30T00:00:00+00:00
[2024-12-30 07:51:29,217] {processor.py:161} INFO - Processing /home/airflow/.local/lib/python3.7/site-packages/airflow/example_dags/example_branch_operator.py took 0.098 seconds
[2024-12-30 07:51:59,576] {processor.py:153} INFO - Started process (PID=603) to work on /home/airflow/.local/lib/python3.7/site-packages/airflow/example_dags/example_branch_operator.py
[2024-12-30 07:51:59,577] {processor.py:641} INFO - Processing file /home/airflow/.local/lib/python3.7/site-packages/airflow/example_dags/example_branch_operator.py for tasks to queue
[2024-12-30 07:51:59,577] {logging_mixin.py:115} INFO - [2024-12-30 07:51:59,577] {dagbag.py:507} INFO - Filling up the DagBag from /home/airflow/.local/lib/python3.7/site-packages/airflow/example_dags/example_branch_operator.py
[2024-12-30 07:51:59,589] {processor.py:651} INFO - DAG(s) dict_keys(['example_branch_operator']) retrieved from /home/airflow/.local/lib/python3.7/site-packages/airflow/example_dags/example_branch_operator.py
[2024-12-30 07:51:59,609] {logging_mixin.py:115} INFO - [2024-12-30 07:51:59,609] {dag.py:2379} INFO - Sync 1 DAGs
[2024-12-30 07:51:59,633] {logging_mixin.py:115} INFO - [2024-12-30 07:51:59,633] {dag.py:2931} INFO - Setting next_dagrun for example_branch_operator to 2024-12-29T00:00:00+00:00, run_after=2024-12-30T00:00:00+00:00
[2024-12-30 07:51:59,643] {processor.py:161} INFO - Processing /home/airflow/.local/lib/python3.7/site-packages/airflow/example_dags/example_branch_operator.py took 0.069 seconds
[2024-12-30 07:52:30,612] {processor.py:153} INFO - Started process (PID=793) to work on /home/airflow/.local/lib/python3.7/site-packages/airflow/example_dags/example_branch_operator.py
[2024-12-30 07:52:30,613] {processor.py:641} INFO - Processing file /home/airflow/.local/lib/python3.7/site-packages/airflow/example_dags/example_branch_operator.py for tasks to queue
[2024-12-30 07:52:30,613] {logging_mixin.py:115} INFO - [2024-12-30 07:52:30,613] {dagbag.py:507} INFO - Filling up the DagBag from /home/airflow/.local/lib/python3.7/site-packages/airflow/example_dags/example_branch_operator.py
[2024-12-30 07:52:30,624] {processor.py:651} INFO - DAG(s) dict_keys(['example_branch_operator']) retrieved from /home/airflow/.local/lib/python3.7/site-packages/airflow/example_dags/example_branch_operator.py
[2024-12-30 07:52:30,659] {logging_mixin.py:115} INFO - [2024-12-30 07:52:30,658] {dag.py:2379} INFO - Sync 1 DAGs
[2024-12-30 07:52:30,685] {logging_mixin.py:115} INFO - [2024-12-30 07:52:30,685] {dag.py:2931} INFO - Setting next_dagrun for example_branch_operator to 2024-12-29T00:00:00+00:00, run_after=2024-12-30T00:00:00+00:00
[2024-12-30 07:52:30,697] {processor.py:161} INFO - Processing /home/airflow/.local/lib/python3.7/site-packages/airflow/example_dags/example_branch_operator.py took 0.090 seconds
[2024-12-30 07:53:00,803] {processor.py:153} INFO - Started process (PID=987) to work on /home/airflow/.local/lib/python3.7/site-packages/airflow/example_dags/example_branch_operator.py
[2024-12-30 07:53:00,804] {processor.py:641} INFO - Processing file /home/airflow/.local/lib/python3.7/site-packages/airflow/example_dags/example_branch_operator.py for tasks to queue
[2024-12-30 07:53:00,804] {logging_mixin.py:115} INFO - [2024-12-30 07:53:00,804] {dagbag.py:507} INFO - Filling up the DagBag from /home/airflow/.local/lib/python3.7/site-packages/airflow/example_dags/example_branch_operator.py
[2024-12-30 07:53:00,815] {processor.py:651} INFO - DAG(s) dict_keys(['example_branch_operator']) retrieved from /home/airflow/.local/lib/python3.7/site-packages/airflow/example_dags/example_branch_operator.py
[2024-12-30 07:53:00,835] {logging_mixin.py:115} INFO - [2024-12-30 07:53:00,835] {dag.py:2379} INFO - Sync 1 DAGs
[2024-12-30 07:53:00,856] {logging_mixin.py:115} INFO - [2024-12-30 07:53:00,856] {dag.py:2931} INFO - Setting next_dagrun for example_branch_operator to 2024-12-29T00:00:00+00:00, run_after=2024-12-30T00:00:00+00:00
[2024-12-30 07:53:00,866] {processor.py:161} INFO - Processing /home/airflow/.local/lib/python3.7/site-packages/airflow/example_dags/example_branch_operator.py took 0.065 seconds
[2024-12-30 07:53:30,935] {processor.py:153} INFO - Started process (PID=1203) to work on /home/airflow/.local/lib/python3.7/site-packages/airflow/example_dags/example_branch_operator.py
[2024-12-30 07:53:30,936] {processor.py:641} INFO - Processing file /home/airflow/.local/lib/python3.7/site-packages/airflow/example_dags/example_branch_operator.py for tasks to queue
[2024-12-30 07:53:30,936] {logging_mixin.py:115} INFO - [2024-12-30 07:53:30,936] {dagbag.py:507} INFO - Filling up the DagBag from /home/airflow/.local/lib/python3.7/site-packages/airflow/example_dags/example_branch_operator.py
[2024-12-30 07:53:30,948] {processor.py:651} INFO - DAG(s) dict_keys(['example_branch_operator']) retrieved from /home/airflow/.local/lib/python3.7/site-packages/airflow/example_dags/example_branch_operator.py
[2024-12-30 07:53:30,971] {logging_mixin.py:115} INFO - [2024-12-30 07:53:30,971] {dag.py:2379} INFO - Sync 1 DAGs
[2024-12-30 07:53:30,992] {logging_mixin.py:115} INFO - [2024-12-30 07:53:30,992] {dag.py:2931} INFO - Setting next_dagrun for example_branch_operator to 2024-12-29T00:00:00+00:00, run_after=2024-12-30T00:00:00+00:00
[2024-12-30 07:53:31,003] {processor.py:161} INFO - Processing /home/airflow/.local/lib/python3.7/site-packages/airflow/example_dags/example_branch_operator.py took 0.071 seconds
[2024-12-30 07:54:01,553] {processor.py:153} INFO - Started process (PID=1411) to work on /home/airflow/.local/lib/python3.7/site-packages/airflow/example_dags/example_branch_operator.py
[2024-12-30 07:54:01,553] {processor.py:641} INFO - Processing file /home/airflow/.local/lib/python3.7/site-packages/airflow/example_dags/example_branch_operator.py for tasks to queue
[2024-12-30 07:54:01,554] {logging_mixin.py:115} INFO - [2024-12-30 07:54:01,554] {dagbag.py:507} INFO - Filling up the DagBag from /home/airflow/.local/lib/python3.7/site-packages/airflow/example_dags/example_branch_operator.py
[2024-12-30 07:54:01,565] {processor.py:651} INFO - DAG(s) dict_keys(['example_branch_operator']) retrieved from /home/airflow/.local/lib/python3.7/site-packages/airflow/example_dags/example_branch_operator.py
[2024-12-30 07:54:01,584] {logging_mixin.py:115} INFO - [2024-12-30 07:54:01,584] {dag.py:2379} INFO - Sync 1 DAGs
[2024-12-30 07:54:01,599] {logging_mixin.py:115} INFO - [2024-12-30 07:54:01,599] {dag.py:2931} INFO - Setting next_dagrun for example_branch_operator to 2024-12-29T00:00:00+00:00, run_after=2024-12-30T00:00:00+00:00
[2024-12-30 07:54:01,608] {processor.py:161} INFO - Processing /home/airflow/.local/lib/python3.7/site-packages/airflow/example_dags/example_branch_operator.py took 0.057 seconds
[2024-12-30 07:54:32,267] {processor.py:153} INFO - Started process (PID=1607) to work on /home/airflow/.local/lib/python3.7/site-packages/airflow/example_dags/example_branch_operator.py
[2024-12-30 07:54:32,267] {processor.py:641} INFO - Processing file /home/airflow/.local/lib/python3.7/site-packages/airflow/example_dags/example_branch_operator.py for tasks to queue
[2024-12-30 07:54:32,268] {logging_mixin.py:115} INFO - [2024-12-30 07:54:32,268] {dagbag.py:507} INFO - Filling up the DagBag from /home/airflow/.local/lib/python3.7/site-packages/airflow/example_dags/example_branch_operator.py
[2024-12-30 07:54:32,280] {processor.py:651} INFO - DAG(s) dict_keys(['example_branch_operator']) retrieved from /home/airflow/.local/lib/python3.7/site-packages/airflow/example_dags/example_branch_operator.py
[2024-12-30 07:54:32,312] {logging_mixin.py:115} INFO - [2024-12-30 07:54:32,311] {dag.py:2379} INFO - Sync 1 DAGs
[2024-12-30 07:54:32,334] {logging_mixin.py:115} INFO - [2024-12-30 07:54:32,334] {dag.py:2931} INFO - Setting next_dagrun for example_branch_operator to 2024-12-29T00:00:00+00:00, run_after=2024-12-30T00:00:00+00:00
[2024-12-30 07:54:32,342] {processor.py:161} INFO - Processing /home/airflow/.local/lib/python3.7/site-packages/airflow/example_dags/example_branch_operator.py took 0.078 seconds
[2024-12-30 07:55:03,222] {processor.py:153} INFO - Started process (PID=1804) to work on /home/airflow/.local/lib/python3.7/site-packages/airflow/example_dags/example_branch_operator.py
[2024-12-30 07:55:03,223] {processor.py:641} INFO - Processing file /home/airflow/.local/lib/python3.7/site-packages/airflow/example_dags/example_branch_operator.py for tasks to queue
[2024-12-30 07:55:03,223] {logging_mixin.py:115} INFO - [2024-12-30 07:55:03,223] {dagbag.py:507} INFO - Filling up the DagBag from /home/airflow/.local/lib/python3.7/site-packages/airflow/example_dags/example_branch_operator.py
[2024-12-30 07:55:03,232] {processor.py:651} INFO - DAG(s) dict_keys(['example_branch_operator']) retrieved from /home/airflow/.local/lib/python3.7/site-packages/airflow/example_dags/example_branch_operator.py
[2024-12-30 07:55:03,257] {logging_mixin.py:115} INFO - [2024-12-30 07:55:03,256] {dag.py:2379} INFO - Sync 1 DAGs
[2024-12-30 07:55:03,280] {logging_mixin.py:115} INFO - [2024-12-30 07:55:03,280] {dag.py:2931} INFO - Setting next_dagrun for example_branch_operator to 2024-12-29T00:00:00+00:00, run_after=2024-12-30T00:00:00+00:00
[2024-12-30 07:55:03,289] {processor.py:161} INFO - Processing /home/airflow/.local/lib/python3.7/site-packages/airflow/example_dags/example_branch_operator.py took 0.070 seconds
[2024-12-30 07:55:34,128] {processor.py:153} INFO - Started process (PID=2001) to work on /home/airflow/.local/lib/python3.7/site-packages/airflow/example_dags/example_branch_operator.py
[2024-12-30 07:55:34,128] {processor.py:641} INFO - Processing file /home/airflow/.local/lib/python3.7/site-packages/airflow/example_dags/example_branch_operator.py for tasks to queue
[2024-12-30 07:55:34,129] {logging_mixin.py:115} INFO - [2024-12-30 07:55:34,129] {dagbag.py:507} INFO - Filling up the DagBag from /home/airflow/.local/lib/python3.7/site-packages/airflow/example_dags/example_branch_operator.py
[2024-12-30 07:55:34,139] {processor.py:651} INFO - DAG(s) dict_keys(['example_branch_operator']) retrieved from /home/airflow/.local/lib/python3.7/site-packages/airflow/example_dags/example_branch_operator.py
[2024-12-30 07:55:34,157] {logging_mixin.py:115} INFO - [2024-12-30 07:55:34,157] {dag.py:2379} INFO - Sync 1 DAGs
[2024-12-30 07:55:34,173] {logging_mixin.py:115} INFO - [2024-12-30 07:55:34,173] {dag.py:2931} INFO - Setting next_dagrun for example_branch_operator to 2024-12-29T00:00:00+00:00, run_after=2024-12-30T00:00:00+00:00
[2024-12-30 07:55:34,181] {processor.py:161} INFO - Processing /home/airflow/.local/lib/python3.7/site-packages/airflow/example_dags/example_branch_operator.py took 0.055 seconds
[2024-12-30 07:56:04,823] {processor.py:153} INFO - Started process (PID=2196) to work on /home/airflow/.local/lib/python3.7/site-packages/airflow/example_dags/example_branch_operator.py
[2024-12-30 07:56:04,824] {processor.py:641} INFO - Processing file /home/airflow/.local/lib/python3.7/site-packages/airflow/example_dags/example_branch_operator.py for tasks to queue
[2024-12-30 07:56:04,824] {logging_mixin.py:115} INFO - [2024-12-30 07:56:04,824] {dagbag.py:507} INFO - Filling up the DagBag from /home/airflow/.local/lib/python3.7/site-packages/airflow/example_dags/example_branch_operator.py
[2024-12-30 07:56:04,839] {processor.py:651} INFO - DAG(s) dict_keys(['example_branch_operator']) retrieved from /home/airflow/.local/lib/python3.7/site-packages/airflow/example_dags/example_branch_operator.py
[2024-12-30 07:56:04,868] {logging_mixin.py:115} INFO - [2024-12-30 07:56:04,868] {dag.py:2379} INFO - Sync 1 DAGs
[2024-12-30 07:56:04,894] {logging_mixin.py:115} INFO - [2024-12-30 07:56:04,894] {dag.py:2931} INFO - Setting next_dagrun for example_branch_operator to 2024-12-29T00:00:00+00:00, run_after=2024-12-30T00:00:00+00:00
[2024-12-30 07:56:04,904] {processor.py:161} INFO - Processing /home/airflow/.local/lib/python3.7/site-packages/airflow/example_dags/example_branch_operator.py took 0.085 seconds
[2024-12-30 07:56:35,564] {processor.py:153} INFO - Started process (PID=2386) to work on /home/airflow/.local/lib/python3.7/site-packages/airflow/example_dags/example_branch_operator.py
[2024-12-30 07:56:35,565] {processor.py:641} INFO - Processing file /home/airflow/.local/lib/python3.7/site-packages/airflow/example_dags/example_branch_operator.py for tasks to queue
[2024-12-30 07:56:35,565] {logging_mixin.py:115} INFO - [2024-12-30 07:56:35,565] {dagbag.py:507} INFO - Filling up the DagBag from /home/airflow/.local/lib/python3.7/site-packages/airflow/example_dags/example_branch_operator.py
[2024-12-30 07:56:35,580] {processor.py:651} INFO - DAG(s) dict_keys(['example_branch_operator']) retrieved from /home/airflow/.local/lib/python3.7/site-packages/airflow/example_dags/example_branch_operator.py
[2024-12-30 07:56:35,604] {logging_mixin.py:115} INFO - [2024-12-30 07:56:35,604] {dag.py:2379} INFO - Sync 1 DAGs
[2024-12-30 07:56:35,622] {logging_mixin.py:115} INFO - [2024-12-30 07:56:35,622] {dag.py:2931} INFO - Setting next_dagrun for example_branch_operator to 2024-12-29T00:00:00+00:00, run_after=2024-12-30T00:00:00+00:00
[2024-12-30 07:56:35,630] {processor.py:161} INFO - Processing /home/airflow/.local/lib/python3.7/site-packages/airflow/example_dags/example_branch_operator.py took 0.069 seconds
[2024-12-30 07:57:06,155] {processor.py:153} INFO - Started process (PID=2584) to work on /home/airflow/.local/lib/python3.7/site-packages/airflow/example_dags/example_branch_operator.py
[2024-12-30 07:57:06,156] {processor.py:641} INFO - Processing file /home/airflow/.local/lib/python3.7/site-packages/airflow/example_dags/example_branch_operator.py for tasks to queue
[2024-12-30 07:57:06,156] {logging_mixin.py:115} INFO - [2024-12-30 07:57:06,156] {dagbag.py:507} INFO - Filling up the DagBag from /home/airflow/.local/lib/python3.7/site-packages/airflow/example_dags/example_branch_operator.py
[2024-12-30 07:57:06,167] {processor.py:651} INFO - DAG(s) dict_keys(['example_branch_operator']) retrieved from /home/airflow/.local/lib/python3.7/site-packages/airflow/example_dags/example_branch_operator.py
[2024-12-30 07:57:06,191] {logging_mixin.py:115} INFO - [2024-12-30 07:57:06,191] {dag.py:2379} INFO - Sync 1 DAGs
[2024-12-30 07:57:06,211] {logging_mixin.py:115} INFO - [2024-12-30 07:57:06,211] {dag.py:2931} INFO - Setting next_dagrun for example_branch_operator to 2024-12-29T00:00:00+00:00, run_after=2024-12-30T00:00:00+00:00
[2024-12-30 07:57:06,219] {processor.py:161} INFO - Processing /home/airflow/.local/lib/python3.7/site-packages/airflow/example_dags/example_branch_operator.py took 0.068 seconds
[2024-12-30 07:57:36,807] {processor.py:153} INFO - Started process (PID=2782) to work on /home/airflow/.local/lib/python3.7/site-packages/airflow/example_dags/example_branch_operator.py
[2024-12-30 07:57:36,807] {processor.py:641} INFO - Processing file /home/airflow/.local/lib/python3.7/site-packages/airflow/example_dags/example_branch_operator.py for tasks to queue
[2024-12-30 07:57:36,808] {logging_mixin.py:115} INFO - [2024-12-30 07:57:36,807] {dagbag.py:507} INFO - Filling up the DagBag from /home/airflow/.local/lib/python3.7/site-packages/airflow/example_dags/example_branch_operator.py
[2024-12-30 07:57:36,820] {processor.py:651} INFO - DAG(s) dict_keys(['example_branch_operator']) retrieved from /home/airflow/.local/lib/python3.7/site-packages/airflow/example_dags/example_branch_operator.py
[2024-12-30 07:57:36,841] {logging_mixin.py:115} INFO - [2024-12-30 07:57:36,841] {dag.py:2379} INFO - Sync 1 DAGs
[2024-12-30 07:57:36,860] {logging_mixin.py:115} INFO - [2024-12-30 07:57:36,860] {dag.py:2931} INFO - Setting next_dagrun for example_branch_operator to 2024-12-29T00:00:00+00:00, run_after=2024-12-30T00:00:00+00:00
[2024-12-30 07:57:36,870] {processor.py:161} INFO - Processing /home/airflow/.local/lib/python3.7/site-packages/airflow/example_dags/example_branch_operator.py took 0.066 seconds
[2024-12-30 07:58:07,911] {processor.py:153} INFO - Started process (PID=2973) to work on /home/airflow/.local/lib/python3.7/site-packages/airflow/example_dags/example_branch_operator.py
[2024-12-30 07:58:07,916] {processor.py:641} INFO - Processing file /home/airflow/.local/lib/python3.7/site-packages/airflow/example_dags/example_branch_operator.py for tasks to queue
[2024-12-30 07:58:07,917] {logging_mixin.py:115} INFO - [2024-12-30 07:58:07,917] {dagbag.py:507} INFO - Filling up the DagBag from /home/airflow/.local/lib/python3.7/site-packages/airflow/example_dags/example_branch_operator.py
[2024-12-30 07:58:07,985] {processor.py:651} INFO - DAG(s) dict_keys(['example_branch_operator']) retrieved from /home/airflow/.local/lib/python3.7/site-packages/airflow/example_dags/example_branch_operator.py
[2024-12-30 07:58:08,094] {logging_mixin.py:115} INFO - [2024-12-30 07:58:08,094] {dag.py:2379} INFO - Sync 1 DAGs
[2024-12-30 07:58:08,147] {logging_mixin.py:115} INFO - [2024-12-30 07:58:08,147] {dag.py:2931} INFO - Setting next_dagrun for example_branch_operator to 2024-12-29T00:00:00+00:00, run_after=2024-12-30T00:00:00+00:00
[2024-12-30 07:58:08,179] {processor.py:161} INFO - Processing /home/airflow/.local/lib/python3.7/site-packages/airflow/example_dags/example_branch_operator.py took 0.281 seconds
