[2024-12-30 07:51:00,769] {processor.py:153} INFO - Started process (PID=283) to work on /home/airflow/.local/lib/python3.7/site-packages/airflow/example_dags/example_python_operator.py
[2024-12-30 07:51:00,770] {processor.py:641} INFO - Processing file /home/airflow/.local/lib/python3.7/site-packages/airflow/example_dags/example_python_operator.py for tasks to queue
[2024-12-30 07:51:00,771] {logging_mixin.py:115} INFO - [2024-12-30 07:51:00,771] {dagbag.py:507} INFO - Filling up the DagBag from /home/airflow/.local/lib/python3.7/site-packages/airflow/example_dags/example_python_operator.py
[2024-12-30 07:51:00,812] {processor.py:651} INFO - DAG(s) dict_keys(['example_python_operator']) retrieved from /home/airflow/.local/lib/python3.7/site-packages/airflow/example_dags/example_python_operator.py
[2024-12-30 07:51:00,954] {logging_mixin.py:115} INFO - [2024-12-30 07:51:00,954] {manager.py:508} INFO - Created Permission View: can read on DAG:example_python_operator
[2024-12-30 07:51:00,969] {logging_mixin.py:115} INFO - [2024-12-30 07:51:00,969] {manager.py:508} INFO - Created Permission View: can edit on DAG:example_python_operator
[2024-12-30 07:51:00,977] {logging_mixin.py:115} INFO - [2024-12-30 07:51:00,977] {manager.py:508} INFO - Created Permission View: can delete on DAG:example_python_operator
[2024-12-30 07:51:00,977] {logging_mixin.py:115} INFO - [2024-12-30 07:51:00,977] {dag.py:2379} INFO - Sync 1 DAGs
[2024-12-30 07:51:00,992] {logging_mixin.py:115} INFO - [2024-12-30 07:51:00,992] {dag.py:2398} INFO - Creating ORM DAG for example_python_operator
[2024-12-30 07:51:01,024] {logging_mixin.py:115} INFO - [2024-12-30 07:51:01,024] {dag.py:2931} INFO - Setting next_dagrun for example_python_operator to None, run_after=None
[2024-12-30 07:51:01,072] {processor.py:161} INFO - Processing /home/airflow/.local/lib/python3.7/site-packages/airflow/example_dags/example_python_operator.py took 0.307 seconds
[2024-12-30 07:51:31,316] {processor.py:153} INFO - Started process (PID=478) to work on /home/airflow/.local/lib/python3.7/site-packages/airflow/example_dags/example_python_operator.py
[2024-12-30 07:51:31,316] {processor.py:641} INFO - Processing file /home/airflow/.local/lib/python3.7/site-packages/airflow/example_dags/example_python_operator.py for tasks to queue
[2024-12-30 07:51:31,317] {logging_mixin.py:115} INFO - [2024-12-30 07:51:31,317] {dagbag.py:507} INFO - Filling up the DagBag from /home/airflow/.local/lib/python3.7/site-packages/airflow/example_dags/example_python_operator.py
[2024-12-30 07:51:31,343] {processor.py:651} INFO - DAG(s) dict_keys(['example_python_operator']) retrieved from /home/airflow/.local/lib/python3.7/site-packages/airflow/example_dags/example_python_operator.py
[2024-12-30 07:51:31,370] {logging_mixin.py:115} INFO - [2024-12-30 07:51:31,370] {dag.py:2379} INFO - Sync 1 DAGs
[2024-12-30 07:51:31,398] {logging_mixin.py:115} INFO - [2024-12-30 07:51:31,397] {dag.py:2931} INFO - Setting next_dagrun for example_python_operator to None, run_after=None
[2024-12-30 07:51:31,413] {processor.py:161} INFO - Processing /home/airflow/.local/lib/python3.7/site-packages/airflow/example_dags/example_python_operator.py took 0.105 seconds
[2024-12-30 07:52:02,284] {processor.py:153} INFO - Started process (PID=670) to work on /home/airflow/.local/lib/python3.7/site-packages/airflow/example_dags/example_python_operator.py
[2024-12-30 07:52:02,295] {processor.py:641} INFO - Processing file /home/airflow/.local/lib/python3.7/site-packages/airflow/example_dags/example_python_operator.py for tasks to queue
[2024-12-30 07:52:02,296] {logging_mixin.py:115} INFO - [2024-12-30 07:52:02,296] {dagbag.py:507} INFO - Filling up the DagBag from /home/airflow/.local/lib/python3.7/site-packages/airflow/example_dags/example_python_operator.py
[2024-12-30 07:52:02,318] {processor.py:651} INFO - DAG(s) dict_keys(['example_python_operator']) retrieved from /home/airflow/.local/lib/python3.7/site-packages/airflow/example_dags/example_python_operator.py
[2024-12-30 07:52:02,346] {logging_mixin.py:115} INFO - [2024-12-30 07:52:02,346] {dag.py:2379} INFO - Sync 1 DAGs
[2024-12-30 07:52:02,370] {logging_mixin.py:115} INFO - [2024-12-30 07:52:02,370] {dag.py:2931} INFO - Setting next_dagrun for example_python_operator to None, run_after=None
[2024-12-30 07:52:02,388] {processor.py:161} INFO - Processing /home/airflow/.local/lib/python3.7/site-packages/airflow/example_dags/example_python_operator.py took 0.106 seconds
[2024-12-30 07:52:32,479] {processor.py:153} INFO - Started process (PID=867) to work on /home/airflow/.local/lib/python3.7/site-packages/airflow/example_dags/example_python_operator.py
[2024-12-30 07:52:32,480] {processor.py:641} INFO - Processing file /home/airflow/.local/lib/python3.7/site-packages/airflow/example_dags/example_python_operator.py for tasks to queue
[2024-12-30 07:52:32,480] {logging_mixin.py:115} INFO - [2024-12-30 07:52:32,480] {dagbag.py:507} INFO - Filling up the DagBag from /home/airflow/.local/lib/python3.7/site-packages/airflow/example_dags/example_python_operator.py
[2024-12-30 07:52:32,500] {processor.py:651} INFO - DAG(s) dict_keys(['example_python_operator']) retrieved from /home/airflow/.local/lib/python3.7/site-packages/airflow/example_dags/example_python_operator.py
[2024-12-30 07:52:32,526] {logging_mixin.py:115} INFO - [2024-12-30 07:52:32,526] {dag.py:2379} INFO - Sync 1 DAGs
[2024-12-30 07:52:32,552] {logging_mixin.py:115} INFO - [2024-12-30 07:52:32,552] {dag.py:2931} INFO - Setting next_dagrun for example_python_operator to None, run_after=None
[2024-12-30 07:52:32,573] {processor.py:161} INFO - Processing /home/airflow/.local/lib/python3.7/site-packages/airflow/example_dags/example_python_operator.py took 0.096 seconds
[2024-12-30 07:53:03,501] {processor.py:153} INFO - Started process (PID=1054) to work on /home/airflow/.local/lib/python3.7/site-packages/airflow/example_dags/example_python_operator.py
[2024-12-30 07:53:03,501] {processor.py:641} INFO - Processing file /home/airflow/.local/lib/python3.7/site-packages/airflow/example_dags/example_python_operator.py for tasks to queue
[2024-12-30 07:53:03,502] {logging_mixin.py:115} INFO - [2024-12-30 07:53:03,502] {dagbag.py:507} INFO - Filling up the DagBag from /home/airflow/.local/lib/python3.7/site-packages/airflow/example_dags/example_python_operator.py
[2024-12-30 07:53:03,529] {processor.py:651} INFO - DAG(s) dict_keys(['example_python_operator']) retrieved from /home/airflow/.local/lib/python3.7/site-packages/airflow/example_dags/example_python_operator.py
[2024-12-30 07:53:03,555] {logging_mixin.py:115} INFO - [2024-12-30 07:53:03,554] {dag.py:2379} INFO - Sync 1 DAGs
[2024-12-30 07:53:03,581] {logging_mixin.py:115} INFO - [2024-12-30 07:53:03,581] {dag.py:2931} INFO - Setting next_dagrun for example_python_operator to None, run_after=None
[2024-12-30 07:53:03,596] {processor.py:161} INFO - Processing /home/airflow/.local/lib/python3.7/site-packages/airflow/example_dags/example_python_operator.py took 0.097 seconds
[2024-12-30 07:53:34,544] {processor.py:153} INFO - Started process (PID=1270) to work on /home/airflow/.local/lib/python3.7/site-packages/airflow/example_dags/example_python_operator.py
[2024-12-30 07:53:34,545] {processor.py:641} INFO - Processing file /home/airflow/.local/lib/python3.7/site-packages/airflow/example_dags/example_python_operator.py for tasks to queue
[2024-12-30 07:53:34,545] {logging_mixin.py:115} INFO - [2024-12-30 07:53:34,545] {dagbag.py:507} INFO - Filling up the DagBag from /home/airflow/.local/lib/python3.7/site-packages/airflow/example_dags/example_python_operator.py
[2024-12-30 07:53:34,564] {processor.py:651} INFO - DAG(s) dict_keys(['example_python_operator']) retrieved from /home/airflow/.local/lib/python3.7/site-packages/airflow/example_dags/example_python_operator.py
[2024-12-30 07:53:34,588] {logging_mixin.py:115} INFO - [2024-12-30 07:53:34,588] {dag.py:2379} INFO - Sync 1 DAGs
[2024-12-30 07:53:34,613] {logging_mixin.py:115} INFO - [2024-12-30 07:53:34,613] {dag.py:2931} INFO - Setting next_dagrun for example_python_operator to None, run_after=None
[2024-12-30 07:53:34,625] {processor.py:161} INFO - Processing /home/airflow/.local/lib/python3.7/site-packages/airflow/example_dags/example_python_operator.py took 0.084 seconds
[2024-12-30 07:54:05,204] {processor.py:153} INFO - Started process (PID=1486) to work on /home/airflow/.local/lib/python3.7/site-packages/airflow/example_dags/example_python_operator.py
[2024-12-30 07:54:05,214] {processor.py:641} INFO - Processing file /home/airflow/.local/lib/python3.7/site-packages/airflow/example_dags/example_python_operator.py for tasks to queue
[2024-12-30 07:54:05,214] {logging_mixin.py:115} INFO - [2024-12-30 07:54:05,214] {dagbag.py:507} INFO - Filling up the DagBag from /home/airflow/.local/lib/python3.7/site-packages/airflow/example_dags/example_python_operator.py
[2024-12-30 07:54:05,235] {processor.py:651} INFO - DAG(s) dict_keys(['example_python_operator']) retrieved from /home/airflow/.local/lib/python3.7/site-packages/airflow/example_dags/example_python_operator.py
[2024-12-30 07:54:05,262] {logging_mixin.py:115} INFO - [2024-12-30 07:54:05,262] {dag.py:2379} INFO - Sync 1 DAGs
[2024-12-30 07:54:05,281] {logging_mixin.py:115} INFO - [2024-12-30 07:54:05,281] {dag.py:2931} INFO - Setting next_dagrun for example_python_operator to None, run_after=None
[2024-12-30 07:54:05,289] {processor.py:161} INFO - Processing /home/airflow/.local/lib/python3.7/site-packages/airflow/example_dags/example_python_operator.py took 0.088 seconds
[2024-12-30 07:54:35,897] {processor.py:153} INFO - Started process (PID=1674) to work on /home/airflow/.local/lib/python3.7/site-packages/airflow/example_dags/example_python_operator.py
[2024-12-30 07:54:35,898] {processor.py:641} INFO - Processing file /home/airflow/.local/lib/python3.7/site-packages/airflow/example_dags/example_python_operator.py for tasks to queue
[2024-12-30 07:54:35,899] {logging_mixin.py:115} INFO - [2024-12-30 07:54:35,898] {dagbag.py:507} INFO - Filling up the DagBag from /home/airflow/.local/lib/python3.7/site-packages/airflow/example_dags/example_python_operator.py
[2024-12-30 07:54:35,926] {processor.py:651} INFO - DAG(s) dict_keys(['example_python_operator']) retrieved from /home/airflow/.local/lib/python3.7/site-packages/airflow/example_dags/example_python_operator.py
[2024-12-30 07:54:35,953] {logging_mixin.py:115} INFO - [2024-12-30 07:54:35,953] {dag.py:2379} INFO - Sync 1 DAGs
[2024-12-30 07:54:35,979] {logging_mixin.py:115} INFO - [2024-12-30 07:54:35,979] {dag.py:2931} INFO - Setting next_dagrun for example_python_operator to None, run_after=None
[2024-12-30 07:54:35,992] {processor.py:161} INFO - Processing /home/airflow/.local/lib/python3.7/site-packages/airflow/example_dags/example_python_operator.py took 0.099 seconds
[2024-12-30 07:55:06,943] {processor.py:153} INFO - Started process (PID=1871) to work on /home/airflow/.local/lib/python3.7/site-packages/airflow/example_dags/example_python_operator.py
[2024-12-30 07:55:06,944] {processor.py:641} INFO - Processing file /home/airflow/.local/lib/python3.7/site-packages/airflow/example_dags/example_python_operator.py for tasks to queue
[2024-12-30 07:55:06,944] {logging_mixin.py:115} INFO - [2024-12-30 07:55:06,944] {dagbag.py:507} INFO - Filling up the DagBag from /home/airflow/.local/lib/python3.7/site-packages/airflow/example_dags/example_python_operator.py
[2024-12-30 07:55:06,968] {processor.py:651} INFO - DAG(s) dict_keys(['example_python_operator']) retrieved from /home/airflow/.local/lib/python3.7/site-packages/airflow/example_dags/example_python_operator.py
[2024-12-30 07:55:06,998] {logging_mixin.py:115} INFO - [2024-12-30 07:55:06,998] {dag.py:2379} INFO - Sync 1 DAGs
[2024-12-30 07:55:07,027] {logging_mixin.py:115} INFO - [2024-12-30 07:55:07,027] {dag.py:2931} INFO - Setting next_dagrun for example_python_operator to None, run_after=None
[2024-12-30 07:55:07,042] {processor.py:161} INFO - Processing /home/airflow/.local/lib/python3.7/site-packages/airflow/example_dags/example_python_operator.py took 0.101 seconds
[2024-12-30 07:55:37,724] {processor.py:153} INFO - Started process (PID=2068) to work on /home/airflow/.local/lib/python3.7/site-packages/airflow/example_dags/example_python_operator.py
[2024-12-30 07:55:37,735] {processor.py:641} INFO - Processing file /home/airflow/.local/lib/python3.7/site-packages/airflow/example_dags/example_python_operator.py for tasks to queue
[2024-12-30 07:55:37,735] {logging_mixin.py:115} INFO - [2024-12-30 07:55:37,735] {dagbag.py:507} INFO - Filling up the DagBag from /home/airflow/.local/lib/python3.7/site-packages/airflow/example_dags/example_python_operator.py
[2024-12-30 07:55:37,755] {processor.py:651} INFO - DAG(s) dict_keys(['example_python_operator']) retrieved from /home/airflow/.local/lib/python3.7/site-packages/airflow/example_dags/example_python_operator.py
[2024-12-30 07:55:37,778] {logging_mixin.py:115} INFO - [2024-12-30 07:55:37,777] {dag.py:2379} INFO - Sync 1 DAGs
[2024-12-30 07:55:37,797] {logging_mixin.py:115} INFO - [2024-12-30 07:55:37,797] {dag.py:2931} INFO - Setting next_dagrun for example_python_operator to None, run_after=None
[2024-12-30 07:55:37,805] {processor.py:161} INFO - Processing /home/airflow/.local/lib/python3.7/site-packages/airflow/example_dags/example_python_operator.py took 0.084 seconds
[2024-12-30 07:56:08,537] {processor.py:153} INFO - Started process (PID=2265) to work on /home/airflow/.local/lib/python3.7/site-packages/airflow/example_dags/example_python_operator.py
[2024-12-30 07:56:08,538] {processor.py:641} INFO - Processing file /home/airflow/.local/lib/python3.7/site-packages/airflow/example_dags/example_python_operator.py for tasks to queue
[2024-12-30 07:56:08,538] {logging_mixin.py:115} INFO - [2024-12-30 07:56:08,538] {dagbag.py:507} INFO - Filling up the DagBag from /home/airflow/.local/lib/python3.7/site-packages/airflow/example_dags/example_python_operator.py
[2024-12-30 07:56:08,558] {processor.py:651} INFO - DAG(s) dict_keys(['example_python_operator']) retrieved from /home/airflow/.local/lib/python3.7/site-packages/airflow/example_dags/example_python_operator.py
[2024-12-30 07:56:08,577] {logging_mixin.py:115} INFO - [2024-12-30 07:56:08,577] {dag.py:2379} INFO - Sync 1 DAGs
[2024-12-30 07:56:08,593] {logging_mixin.py:115} INFO - [2024-12-30 07:56:08,593] {dag.py:2931} INFO - Setting next_dagrun for example_python_operator to None, run_after=None
[2024-12-30 07:56:08,603] {processor.py:161} INFO - Processing /home/airflow/.local/lib/python3.7/site-packages/airflow/example_dags/example_python_operator.py took 0.070 seconds
[2024-12-30 07:56:39,107] {processor.py:153} INFO - Started process (PID=2463) to work on /home/airflow/.local/lib/python3.7/site-packages/airflow/example_dags/example_python_operator.py
[2024-12-30 07:56:39,108] {processor.py:641} INFO - Processing file /home/airflow/.local/lib/python3.7/site-packages/airflow/example_dags/example_python_operator.py for tasks to queue
[2024-12-30 07:56:39,109] {logging_mixin.py:115} INFO - [2024-12-30 07:56:39,109] {dagbag.py:507} INFO - Filling up the DagBag from /home/airflow/.local/lib/python3.7/site-packages/airflow/example_dags/example_python_operator.py
[2024-12-30 07:56:39,133] {processor.py:651} INFO - DAG(s) dict_keys(['example_python_operator']) retrieved from /home/airflow/.local/lib/python3.7/site-packages/airflow/example_dags/example_python_operator.py
[2024-12-30 07:56:39,159] {logging_mixin.py:115} INFO - [2024-12-30 07:56:39,159] {dag.py:2379} INFO - Sync 1 DAGs
[2024-12-30 07:56:39,180] {logging_mixin.py:115} INFO - [2024-12-30 07:56:39,180] {dag.py:2931} INFO - Setting next_dagrun for example_python_operator to None, run_after=None
[2024-12-30 07:56:39,190] {processor.py:161} INFO - Processing /home/airflow/.local/lib/python3.7/site-packages/airflow/example_dags/example_python_operator.py took 0.085 seconds
[2024-12-30 07:57:09,740] {processor.py:153} INFO - Started process (PID=2651) to work on /home/airflow/.local/lib/python3.7/site-packages/airflow/example_dags/example_python_operator.py
[2024-12-30 07:57:09,751] {processor.py:641} INFO - Processing file /home/airflow/.local/lib/python3.7/site-packages/airflow/example_dags/example_python_operator.py for tasks to queue
[2024-12-30 07:57:09,752] {logging_mixin.py:115} INFO - [2024-12-30 07:57:09,751] {dagbag.py:507} INFO - Filling up the DagBag from /home/airflow/.local/lib/python3.7/site-packages/airflow/example_dags/example_python_operator.py
[2024-12-30 07:57:09,769] {processor.py:651} INFO - DAG(s) dict_keys(['example_python_operator']) retrieved from /home/airflow/.local/lib/python3.7/site-packages/airflow/example_dags/example_python_operator.py
[2024-12-30 07:57:09,788] {logging_mixin.py:115} INFO - [2024-12-30 07:57:09,788] {dag.py:2379} INFO - Sync 1 DAGs
[2024-12-30 07:57:09,806] {logging_mixin.py:115} INFO - [2024-12-30 07:57:09,805] {dag.py:2931} INFO - Setting next_dagrun for example_python_operator to None, run_after=None
[2024-12-30 07:57:09,815] {processor.py:161} INFO - Processing /home/airflow/.local/lib/python3.7/site-packages/airflow/example_dags/example_python_operator.py took 0.078 seconds
[2024-12-30 07:57:40,377] {processor.py:153} INFO - Started process (PID=2849) to work on /home/airflow/.local/lib/python3.7/site-packages/airflow/example_dags/example_python_operator.py
[2024-12-30 07:57:40,377] {processor.py:641} INFO - Processing file /home/airflow/.local/lib/python3.7/site-packages/airflow/example_dags/example_python_operator.py for tasks to queue
[2024-12-30 07:57:40,378] {logging_mixin.py:115} INFO - [2024-12-30 07:57:40,378] {dagbag.py:507} INFO - Filling up the DagBag from /home/airflow/.local/lib/python3.7/site-packages/airflow/example_dags/example_python_operator.py
[2024-12-30 07:57:40,394] {processor.py:651} INFO - DAG(s) dict_keys(['example_python_operator']) retrieved from /home/airflow/.local/lib/python3.7/site-packages/airflow/example_dags/example_python_operator.py
[2024-12-30 07:57:40,414] {logging_mixin.py:115} INFO - [2024-12-30 07:57:40,414] {dag.py:2379} INFO - Sync 1 DAGs
[2024-12-30 07:57:40,435] {logging_mixin.py:115} INFO - [2024-12-30 07:57:40,435] {dag.py:2931} INFO - Setting next_dagrun for example_python_operator to None, run_after=None
[2024-12-30 07:57:40,445] {processor.py:161} INFO - Processing /home/airflow/.local/lib/python3.7/site-packages/airflow/example_dags/example_python_operator.py took 0.072 seconds
