[2024-12-30 07:51:01,349] {processor.py:153} INFO - Started process (PID=302) to work on /home/airflow/.local/lib/python3.7/site-packages/airflow/example_dags/example_bash_operator.py
[2024-12-30 07:51:01,350] {processor.py:641} INFO - Processing file /home/airflow/.local/lib/python3.7/site-packages/airflow/example_dags/example_bash_operator.py for tasks to queue
[2024-12-30 07:51:01,350] {logging_mixin.py:115} INFO - [2024-12-30 07:51:01,350] {dagbag.py:507} INFO - Filling up the DagBag from /home/airflow/.local/lib/python3.7/site-packages/airflow/example_dags/example_bash_operator.py
[2024-12-30 07:51:01,364] {processor.py:651} INFO - DAG(s) dict_keys(['example_bash_operator']) retrieved from /home/airflow/.local/lib/python3.7/site-packages/airflow/example_dags/example_bash_operator.py
[2024-12-30 07:51:01,458] {logging_mixin.py:115} INFO - [2024-12-30 07:51:01,458] {manager.py:508} INFO - Created Permission View: can read on DAG:example_bash_operator
[2024-12-30 07:51:01,468] {logging_mixin.py:115} INFO - [2024-12-30 07:51:01,468] {manager.py:508} INFO - Created Permission View: can edit on DAG:example_bash_operator
[2024-12-30 07:51:01,474] {logging_mixin.py:115} INFO - [2024-12-30 07:51:01,474] {manager.py:508} INFO - Created Permission View: can delete on DAG:example_bash_operator
[2024-12-30 07:51:01,474] {logging_mixin.py:115} INFO - [2024-12-30 07:51:01,474] {dag.py:2379} INFO - Sync 1 DAGs
[2024-12-30 07:51:01,491] {logging_mixin.py:115} INFO - [2024-12-30 07:51:01,491] {dag.py:2398} INFO - Creating ORM DAG for example_bash_operator
[2024-12-30 07:51:01,510] {logging_mixin.py:115} INFO - [2024-12-30 07:51:01,510] {dag.py:2931} INFO - Setting next_dagrun for example_bash_operator to 2024-12-29T00:00:00+00:00, run_after=2024-12-30T00:00:00+00:00
[2024-12-30 07:51:01,531] {processor.py:161} INFO - Processing /home/airflow/.local/lib/python3.7/site-packages/airflow/example_dags/example_bash_operator.py took 0.185 seconds
[2024-12-30 07:51:31,575] {processor.py:153} INFO - Started process (PID=493) to work on /home/airflow/.local/lib/python3.7/site-packages/airflow/example_dags/example_bash_operator.py
[2024-12-30 07:51:31,576] {processor.py:641} INFO - Processing file /home/airflow/.local/lib/python3.7/site-packages/airflow/example_dags/example_bash_operator.py for tasks to queue
[2024-12-30 07:51:31,576] {logging_mixin.py:115} INFO - [2024-12-30 07:51:31,576] {dagbag.py:507} INFO - Filling up the DagBag from /home/airflow/.local/lib/python3.7/site-packages/airflow/example_dags/example_bash_operator.py
[2024-12-30 07:51:31,593] {processor.py:651} INFO - DAG(s) dict_keys(['example_bash_operator']) retrieved from /home/airflow/.local/lib/python3.7/site-packages/airflow/example_dags/example_bash_operator.py
[2024-12-30 07:51:31,624] {logging_mixin.py:115} INFO - [2024-12-30 07:51:31,624] {dag.py:2379} INFO - Sync 1 DAGs
[2024-12-30 07:51:31,654] {logging_mixin.py:115} INFO - [2024-12-30 07:51:31,654] {dag.py:2931} INFO - Setting next_dagrun for example_bash_operator to 2024-12-29T00:00:00+00:00, run_after=2024-12-30T00:00:00+00:00
[2024-12-30 07:51:31,668] {processor.py:161} INFO - Processing /home/airflow/.local/lib/python3.7/site-packages/airflow/example_dags/example_bash_operator.py took 0.098 seconds
[2024-12-30 07:52:02,489] {processor.py:153} INFO - Started process (PID=688) to work on /home/airflow/.local/lib/python3.7/site-packages/airflow/example_dags/example_bash_operator.py
[2024-12-30 07:52:02,489] {processor.py:641} INFO - Processing file /home/airflow/.local/lib/python3.7/site-packages/airflow/example_dags/example_bash_operator.py for tasks to queue
[2024-12-30 07:52:02,489] {logging_mixin.py:115} INFO - [2024-12-30 07:52:02,489] {dagbag.py:507} INFO - Filling up the DagBag from /home/airflow/.local/lib/python3.7/site-packages/airflow/example_dags/example_bash_operator.py
[2024-12-30 07:52:02,500] {processor.py:651} INFO - DAG(s) dict_keys(['example_bash_operator']) retrieved from /home/airflow/.local/lib/python3.7/site-packages/airflow/example_dags/example_bash_operator.py
[2024-12-30 07:52:02,521] {logging_mixin.py:115} INFO - [2024-12-30 07:52:02,521] {dag.py:2379} INFO - Sync 1 DAGs
[2024-12-30 07:52:02,543] {logging_mixin.py:115} INFO - [2024-12-30 07:52:02,543] {dag.py:2931} INFO - Setting next_dagrun for example_bash_operator to 2024-12-29T00:00:00+00:00, run_after=2024-12-30T00:00:00+00:00
[2024-12-30 07:52:02,554] {processor.py:161} INFO - Processing /home/airflow/.local/lib/python3.7/site-packages/airflow/example_dags/example_bash_operator.py took 0.067 seconds
[2024-12-30 07:52:32,753] {processor.py:153} INFO - Started process (PID=885) to work on /home/airflow/.local/lib/python3.7/site-packages/airflow/example_dags/example_bash_operator.py
[2024-12-30 07:52:32,754] {processor.py:641} INFO - Processing file /home/airflow/.local/lib/python3.7/site-packages/airflow/example_dags/example_bash_operator.py for tasks to queue
[2024-12-30 07:52:32,755] {logging_mixin.py:115} INFO - [2024-12-30 07:52:32,755] {dagbag.py:507} INFO - Filling up the DagBag from /home/airflow/.local/lib/python3.7/site-packages/airflow/example_dags/example_bash_operator.py
[2024-12-30 07:52:32,772] {processor.py:651} INFO - DAG(s) dict_keys(['example_bash_operator']) retrieved from /home/airflow/.local/lib/python3.7/site-packages/airflow/example_dags/example_bash_operator.py
[2024-12-30 07:52:32,798] {logging_mixin.py:115} INFO - [2024-12-30 07:52:32,798] {dag.py:2379} INFO - Sync 1 DAGs
[2024-12-30 07:52:32,829] {logging_mixin.py:115} INFO - [2024-12-30 07:52:32,829] {dag.py:2931} INFO - Setting next_dagrun for example_bash_operator to 2024-12-29T00:00:00+00:00, run_after=2024-12-30T00:00:00+00:00
[2024-12-30 07:52:32,844] {processor.py:161} INFO - Processing /home/airflow/.local/lib/python3.7/site-packages/airflow/example_dags/example_bash_operator.py took 0.094 seconds
[2024-12-30 07:53:03,759] {processor.py:153} INFO - Started process (PID=1072) to work on /home/airflow/.local/lib/python3.7/site-packages/airflow/example_dags/example_bash_operator.py
[2024-12-30 07:53:03,759] {processor.py:641} INFO - Processing file /home/airflow/.local/lib/python3.7/site-packages/airflow/example_dags/example_bash_operator.py for tasks to queue
[2024-12-30 07:53:03,760] {logging_mixin.py:115} INFO - [2024-12-30 07:53:03,760] {dagbag.py:507} INFO - Filling up the DagBag from /home/airflow/.local/lib/python3.7/site-packages/airflow/example_dags/example_bash_operator.py
[2024-12-30 07:53:03,802] {processor.py:651} INFO - DAG(s) dict_keys(['example_bash_operator']) retrieved from /home/airflow/.local/lib/python3.7/site-packages/airflow/example_dags/example_bash_operator.py
[2024-12-30 07:53:03,862] {logging_mixin.py:115} INFO - [2024-12-30 07:53:03,862] {dag.py:2379} INFO - Sync 1 DAGs
[2024-12-30 07:53:03,897] {logging_mixin.py:115} INFO - [2024-12-30 07:53:03,897] {dag.py:2931} INFO - Setting next_dagrun for example_bash_operator to 2024-12-29T00:00:00+00:00, run_after=2024-12-30T00:00:00+00:00
[2024-12-30 07:53:03,923] {processor.py:161} INFO - Processing /home/airflow/.local/lib/python3.7/site-packages/airflow/example_dags/example_bash_operator.py took 0.179 seconds
[2024-12-30 07:53:34,755] {processor.py:153} INFO - Started process (PID=1288) to work on /home/airflow/.local/lib/python3.7/site-packages/airflow/example_dags/example_bash_operator.py
[2024-12-30 07:53:34,756] {processor.py:641} INFO - Processing file /home/airflow/.local/lib/python3.7/site-packages/airflow/example_dags/example_bash_operator.py for tasks to queue
[2024-12-30 07:53:34,756] {logging_mixin.py:115} INFO - [2024-12-30 07:53:34,756] {dagbag.py:507} INFO - Filling up the DagBag from /home/airflow/.local/lib/python3.7/site-packages/airflow/example_dags/example_bash_operator.py
[2024-12-30 07:53:34,767] {processor.py:651} INFO - DAG(s) dict_keys(['example_bash_operator']) retrieved from /home/airflow/.local/lib/python3.7/site-packages/airflow/example_dags/example_bash_operator.py
[2024-12-30 07:53:34,789] {logging_mixin.py:115} INFO - [2024-12-30 07:53:34,789] {dag.py:2379} INFO - Sync 1 DAGs
[2024-12-30 07:53:34,812] {logging_mixin.py:115} INFO - [2024-12-30 07:53:34,812] {dag.py:2931} INFO - Setting next_dagrun for example_bash_operator to 2024-12-30T00:00:00+00:00, run_after=2024-12-31T00:00:00+00:00
[2024-12-30 07:53:34,825] {processor.py:161} INFO - Processing /home/airflow/.local/lib/python3.7/site-packages/airflow/example_dags/example_bash_operator.py took 0.073 seconds
[2024-12-30 07:54:05,383] {processor.py:153} INFO - Started process (PID=1504) to work on /home/airflow/.local/lib/python3.7/site-packages/airflow/example_dags/example_bash_operator.py
[2024-12-30 07:54:05,384] {processor.py:641} INFO - Processing file /home/airflow/.local/lib/python3.7/site-packages/airflow/example_dags/example_bash_operator.py for tasks to queue
[2024-12-30 07:54:05,384] {logging_mixin.py:115} INFO - [2024-12-30 07:54:05,384] {dagbag.py:507} INFO - Filling up the DagBag from /home/airflow/.local/lib/python3.7/site-packages/airflow/example_dags/example_bash_operator.py
[2024-12-30 07:54:05,396] {processor.py:651} INFO - DAG(s) dict_keys(['example_bash_operator']) retrieved from /home/airflow/.local/lib/python3.7/site-packages/airflow/example_dags/example_bash_operator.py
[2024-12-30 07:54:05,416] {logging_mixin.py:115} INFO - [2024-12-30 07:54:05,416] {dag.py:2379} INFO - Sync 1 DAGs
[2024-12-30 07:54:05,439] {logging_mixin.py:115} INFO - [2024-12-30 07:54:05,439] {dag.py:2931} INFO - Setting next_dagrun for example_bash_operator to 2024-12-30T00:00:00+00:00, run_after=2024-12-31T00:00:00+00:00
[2024-12-30 07:54:05,449] {processor.py:161} INFO - Processing /home/airflow/.local/lib/python3.7/site-packages/airflow/example_dags/example_bash_operator.py took 0.069 seconds
[2024-12-30 07:54:36,265] {processor.py:153} INFO - Started process (PID=1699) to work on /home/airflow/.local/lib/python3.7/site-packages/airflow/example_dags/example_bash_operator.py
[2024-12-30 07:54:36,266] {processor.py:641} INFO - Processing file /home/airflow/.local/lib/python3.7/site-packages/airflow/example_dags/example_bash_operator.py for tasks to queue
[2024-12-30 07:54:36,266] {logging_mixin.py:115} INFO - [2024-12-30 07:54:36,266] {dagbag.py:507} INFO - Filling up the DagBag from /home/airflow/.local/lib/python3.7/site-packages/airflow/example_dags/example_bash_operator.py
[2024-12-30 07:54:36,281] {processor.py:651} INFO - DAG(s) dict_keys(['example_bash_operator']) retrieved from /home/airflow/.local/lib/python3.7/site-packages/airflow/example_dags/example_bash_operator.py
[2024-12-30 07:54:36,310] {logging_mixin.py:115} INFO - [2024-12-30 07:54:36,310] {dag.py:2379} INFO - Sync 1 DAGs
[2024-12-30 07:54:36,336] {logging_mixin.py:115} INFO - [2024-12-30 07:54:36,336] {dag.py:2931} INFO - Setting next_dagrun for example_bash_operator to 2024-12-30T00:00:00+00:00, run_after=2024-12-31T00:00:00+00:00
[2024-12-30 07:54:36,351] {processor.py:161} INFO - Processing /home/airflow/.local/lib/python3.7/site-packages/airflow/example_dags/example_bash_operator.py took 0.088 seconds
[2024-12-30 07:55:07,213] {processor.py:153} INFO - Started process (PID=1889) to work on /home/airflow/.local/lib/python3.7/site-packages/airflow/example_dags/example_bash_operator.py
[2024-12-30 07:55:07,214] {processor.py:641} INFO - Processing file /home/airflow/.local/lib/python3.7/site-packages/airflow/example_dags/example_bash_operator.py for tasks to queue
[2024-12-30 07:55:07,214] {logging_mixin.py:115} INFO - [2024-12-30 07:55:07,214] {dagbag.py:507} INFO - Filling up the DagBag from /home/airflow/.local/lib/python3.7/site-packages/airflow/example_dags/example_bash_operator.py
[2024-12-30 07:55:07,232] {processor.py:651} INFO - DAG(s) dict_keys(['example_bash_operator']) retrieved from /home/airflow/.local/lib/python3.7/site-packages/airflow/example_dags/example_bash_operator.py
[2024-12-30 07:55:07,264] {logging_mixin.py:115} INFO - [2024-12-30 07:55:07,264] {dag.py:2379} INFO - Sync 1 DAGs
[2024-12-30 07:55:07,295] {logging_mixin.py:115} INFO - [2024-12-30 07:55:07,294] {dag.py:2931} INFO - Setting next_dagrun for example_bash_operator to 2024-12-30T00:00:00+00:00, run_after=2024-12-31T00:00:00+00:00
[2024-12-30 07:55:07,312] {processor.py:161} INFO - Processing /home/airflow/.local/lib/python3.7/site-packages/airflow/example_dags/example_bash_operator.py took 0.103 seconds
[2024-12-30 07:55:37,903] {processor.py:153} INFO - Started process (PID=2086) to work on /home/airflow/.local/lib/python3.7/site-packages/airflow/example_dags/example_bash_operator.py
[2024-12-30 07:55:37,903] {processor.py:641} INFO - Processing file /home/airflow/.local/lib/python3.7/site-packages/airflow/example_dags/example_bash_operator.py for tasks to queue
[2024-12-30 07:55:37,904] {logging_mixin.py:115} INFO - [2024-12-30 07:55:37,904] {dagbag.py:507} INFO - Filling up the DagBag from /home/airflow/.local/lib/python3.7/site-packages/airflow/example_dags/example_bash_operator.py
[2024-12-30 07:55:37,916] {processor.py:651} INFO - DAG(s) dict_keys(['example_bash_operator']) retrieved from /home/airflow/.local/lib/python3.7/site-packages/airflow/example_dags/example_bash_operator.py
[2024-12-30 07:55:37,936] {logging_mixin.py:115} INFO - [2024-12-30 07:55:37,935] {dag.py:2379} INFO - Sync 1 DAGs
[2024-12-30 07:55:37,956] {logging_mixin.py:115} INFO - [2024-12-30 07:55:37,956] {dag.py:2931} INFO - Setting next_dagrun for example_bash_operator to 2024-12-30T00:00:00+00:00, run_after=2024-12-31T00:00:00+00:00
[2024-12-30 07:55:37,965] {processor.py:161} INFO - Processing /home/airflow/.local/lib/python3.7/site-packages/airflow/example_dags/example_bash_operator.py took 0.064 seconds
[2024-12-30 07:56:08,700] {processor.py:153} INFO - Started process (PID=2283) to work on /home/airflow/.local/lib/python3.7/site-packages/airflow/example_dags/example_bash_operator.py
[2024-12-30 07:56:08,700] {processor.py:641} INFO - Processing file /home/airflow/.local/lib/python3.7/site-packages/airflow/example_dags/example_bash_operator.py for tasks to queue
[2024-12-30 07:56:08,701] {logging_mixin.py:115} INFO - [2024-12-30 07:56:08,701] {dagbag.py:507} INFO - Filling up the DagBag from /home/airflow/.local/lib/python3.7/site-packages/airflow/example_dags/example_bash_operator.py
[2024-12-30 07:56:08,711] {processor.py:651} INFO - DAG(s) dict_keys(['example_bash_operator']) retrieved from /home/airflow/.local/lib/python3.7/site-packages/airflow/example_dags/example_bash_operator.py
[2024-12-30 07:56:08,729] {logging_mixin.py:115} INFO - [2024-12-30 07:56:08,729] {dag.py:2379} INFO - Sync 1 DAGs
[2024-12-30 07:56:08,747] {logging_mixin.py:115} INFO - [2024-12-30 07:56:08,747] {dag.py:2931} INFO - Setting next_dagrun for example_bash_operator to 2024-12-30T00:00:00+00:00, run_after=2024-12-31T00:00:00+00:00
[2024-12-30 07:56:08,756] {processor.py:161} INFO - Processing /home/airflow/.local/lib/python3.7/site-packages/airflow/example_dags/example_bash_operator.py took 0.058 seconds
[2024-12-30 07:56:39,289] {processor.py:153} INFO - Started process (PID=2481) to work on /home/airflow/.local/lib/python3.7/site-packages/airflow/example_dags/example_bash_operator.py
[2024-12-30 07:56:39,289] {processor.py:641} INFO - Processing file /home/airflow/.local/lib/python3.7/site-packages/airflow/example_dags/example_bash_operator.py for tasks to queue
[2024-12-30 07:56:39,290] {logging_mixin.py:115} INFO - [2024-12-30 07:56:39,290] {dagbag.py:507} INFO - Filling up the DagBag from /home/airflow/.local/lib/python3.7/site-packages/airflow/example_dags/example_bash_operator.py
[2024-12-30 07:56:39,302] {processor.py:651} INFO - DAG(s) dict_keys(['example_bash_operator']) retrieved from /home/airflow/.local/lib/python3.7/site-packages/airflow/example_dags/example_bash_operator.py
[2024-12-30 07:56:39,323] {logging_mixin.py:115} INFO - [2024-12-30 07:56:39,322] {dag.py:2379} INFO - Sync 1 DAGs
[2024-12-30 07:56:39,343] {logging_mixin.py:115} INFO - [2024-12-30 07:56:39,343] {dag.py:2931} INFO - Setting next_dagrun for example_bash_operator to 2024-12-30T00:00:00+00:00, run_after=2024-12-31T00:00:00+00:00
[2024-12-30 07:56:39,351] {processor.py:161} INFO - Processing /home/airflow/.local/lib/python3.7/site-packages/airflow/example_dags/example_bash_operator.py took 0.065 seconds
[2024-12-30 07:57:09,921] {processor.py:153} INFO - Started process (PID=2669) to work on /home/airflow/.local/lib/python3.7/site-packages/airflow/example_dags/example_bash_operator.py
[2024-12-30 07:57:09,921] {processor.py:641} INFO - Processing file /home/airflow/.local/lib/python3.7/site-packages/airflow/example_dags/example_bash_operator.py for tasks to queue
[2024-12-30 07:57:09,921] {logging_mixin.py:115} INFO - [2024-12-30 07:57:09,921] {dagbag.py:507} INFO - Filling up the DagBag from /home/airflow/.local/lib/python3.7/site-packages/airflow/example_dags/example_bash_operator.py
[2024-12-30 07:57:09,934] {processor.py:651} INFO - DAG(s) dict_keys(['example_bash_operator']) retrieved from /home/airflow/.local/lib/python3.7/site-packages/airflow/example_dags/example_bash_operator.py
[2024-12-30 07:57:09,953] {logging_mixin.py:115} INFO - [2024-12-30 07:57:09,953] {dag.py:2379} INFO - Sync 1 DAGs
[2024-12-30 07:57:09,973] {logging_mixin.py:115} INFO - [2024-12-30 07:57:09,973] {dag.py:2931} INFO - Setting next_dagrun for example_bash_operator to 2024-12-30T00:00:00+00:00, run_after=2024-12-31T00:00:00+00:00
[2024-12-30 07:57:09,983] {processor.py:161} INFO - Processing /home/airflow/.local/lib/python3.7/site-packages/airflow/example_dags/example_bash_operator.py took 0.065 seconds
[2024-12-30 07:57:40,542] {processor.py:153} INFO - Started process (PID=2867) to work on /home/airflow/.local/lib/python3.7/site-packages/airflow/example_dags/example_bash_operator.py
[2024-12-30 07:57:40,542] {processor.py:641} INFO - Processing file /home/airflow/.local/lib/python3.7/site-packages/airflow/example_dags/example_bash_operator.py for tasks to queue
[2024-12-30 07:57:40,543] {logging_mixin.py:115} INFO - [2024-12-30 07:57:40,543] {dagbag.py:507} INFO - Filling up the DagBag from /home/airflow/.local/lib/python3.7/site-packages/airflow/example_dags/example_bash_operator.py
[2024-12-30 07:57:40,555] {processor.py:651} INFO - DAG(s) dict_keys(['example_bash_operator']) retrieved from /home/airflow/.local/lib/python3.7/site-packages/airflow/example_dags/example_bash_operator.py
[2024-12-30 07:57:40,572] {logging_mixin.py:115} INFO - [2024-12-30 07:57:40,572] {dag.py:2379} INFO - Sync 1 DAGs
[2024-12-30 07:57:40,594] {logging_mixin.py:115} INFO - [2024-12-30 07:57:40,593] {dag.py:2931} INFO - Setting next_dagrun for example_bash_operator to 2024-12-30T00:00:00+00:00, run_after=2024-12-31T00:00:00+00:00
[2024-12-30 07:57:40,602] {processor.py:161} INFO - Processing /home/airflow/.local/lib/python3.7/site-packages/airflow/example_dags/example_bash_operator.py took 0.062 seconds
