[2024-12-30 07:50:58,454] {processor.py:153} INFO - Started process (PID=185) to work on /home/airflow/.local/lib/python3.7/site-packages/airflow/example_dags/example_time_delta_sensor_async.py
[2024-12-30 07:50:58,455] {processor.py:641} INFO - Processing file /home/airflow/.local/lib/python3.7/site-packages/airflow/example_dags/example_time_delta_sensor_async.py for tasks to queue
[2024-12-30 07:50:58,455] {logging_mixin.py:115} INFO - [2024-12-30 07:50:58,455] {dagbag.py:507} INFO - Filling up the DagBag from /home/airflow/.local/lib/python3.7/site-packages/airflow/example_dags/example_time_delta_sensor_async.py
[2024-12-30 07:50:58,460] {processor.py:651} INFO - DAG(s) dict_keys(['example_time_delta_sensor_async']) retrieved from /home/airflow/.local/lib/python3.7/site-packages/airflow/example_dags/example_time_delta_sensor_async.py
[2024-12-30 07:50:58,538] {logging_mixin.py:115} INFO - [2024-12-30 07:50:58,538] {manager.py:508} INFO - Created Permission View: can read on DAG:example_time_delta_sensor_async
[2024-12-30 07:50:58,548] {logging_mixin.py:115} INFO - [2024-12-30 07:50:58,548] {manager.py:508} INFO - Created Permission View: can edit on DAG:example_time_delta_sensor_async
[2024-12-30 07:50:58,555] {logging_mixin.py:115} INFO - [2024-12-30 07:50:58,555] {manager.py:508} INFO - Created Permission View: can delete on DAG:example_time_delta_sensor_async
[2024-12-30 07:50:58,556] {logging_mixin.py:115} INFO - [2024-12-30 07:50:58,556] {dag.py:2379} INFO - Sync 1 DAGs
[2024-12-30 07:50:58,566] {logging_mixin.py:115} INFO - [2024-12-30 07:50:58,566] {dag.py:2398} INFO - Creating ORM DAG for example_time_delta_sensor_async
[2024-12-30 07:50:58,581] {logging_mixin.py:115} INFO - [2024-12-30 07:50:58,580] {dag.py:2931} INFO - Setting next_dagrun for example_time_delta_sensor_async to None, run_after=None
[2024-12-30 07:50:58,599] {processor.py:161} INFO - Processing /home/airflow/.local/lib/python3.7/site-packages/airflow/example_dags/example_time_delta_sensor_async.py took 0.147 seconds
[2024-12-30 07:51:28,640] {processor.py:153} INFO - Started process (PID=381) to work on /home/airflow/.local/lib/python3.7/site-packages/airflow/example_dags/example_time_delta_sensor_async.py
[2024-12-30 07:51:28,643] {processor.py:641} INFO - Processing file /home/airflow/.local/lib/python3.7/site-packages/airflow/example_dags/example_time_delta_sensor_async.py for tasks to queue
[2024-12-30 07:51:28,643] {logging_mixin.py:115} INFO - [2024-12-30 07:51:28,643] {dagbag.py:507} INFO - Filling up the DagBag from /home/airflow/.local/lib/python3.7/site-packages/airflow/example_dags/example_time_delta_sensor_async.py
[2024-12-30 07:51:28,648] {processor.py:651} INFO - DAG(s) dict_keys(['example_time_delta_sensor_async']) retrieved from /home/airflow/.local/lib/python3.7/site-packages/airflow/example_dags/example_time_delta_sensor_async.py
[2024-12-30 07:51:28,686] {logging_mixin.py:115} INFO - [2024-12-30 07:51:28,686] {dag.py:2379} INFO - Sync 1 DAGs
[2024-12-30 07:51:28,715] {logging_mixin.py:115} INFO - [2024-12-30 07:51:28,715] {dag.py:2931} INFO - Setting next_dagrun for example_time_delta_sensor_async to None, run_after=None
[2024-12-30 07:51:28,729] {processor.py:161} INFO - Processing /home/airflow/.local/lib/python3.7/site-packages/airflow/example_dags/example_time_delta_sensor_async.py took 0.092 seconds
[2024-12-30 07:51:59,291] {processor.py:153} INFO - Started process (PID=578) to work on /home/airflow/.local/lib/python3.7/site-packages/airflow/example_dags/example_time_delta_sensor_async.py
[2024-12-30 07:51:59,292] {processor.py:641} INFO - Processing file /home/airflow/.local/lib/python3.7/site-packages/airflow/example_dags/example_time_delta_sensor_async.py for tasks to queue
[2024-12-30 07:51:59,292] {logging_mixin.py:115} INFO - [2024-12-30 07:51:59,292] {dagbag.py:507} INFO - Filling up the DagBag from /home/airflow/.local/lib/python3.7/site-packages/airflow/example_dags/example_time_delta_sensor_async.py
[2024-12-30 07:51:59,297] {processor.py:651} INFO - DAG(s) dict_keys(['example_time_delta_sensor_async']) retrieved from /home/airflow/.local/lib/python3.7/site-packages/airflow/example_dags/example_time_delta_sensor_async.py
[2024-12-30 07:51:59,332] {logging_mixin.py:115} INFO - [2024-12-30 07:51:59,332] {dag.py:2379} INFO - Sync 1 DAGs
[2024-12-30 07:51:59,346] {logging_mixin.py:115} INFO - [2024-12-30 07:51:59,346] {dag.py:2931} INFO - Setting next_dagrun for example_time_delta_sensor_async to None, run_after=None
[2024-12-30 07:51:59,355] {processor.py:161} INFO - Processing /home/airflow/.local/lib/python3.7/site-packages/airflow/example_dags/example_time_delta_sensor_async.py took 0.068 seconds
[2024-12-30 07:52:30,253] {processor.py:153} INFO - Started process (PID=766) to work on /home/airflow/.local/lib/python3.7/site-packages/airflow/example_dags/example_time_delta_sensor_async.py
[2024-12-30 07:52:30,253] {processor.py:641} INFO - Processing file /home/airflow/.local/lib/python3.7/site-packages/airflow/example_dags/example_time_delta_sensor_async.py for tasks to queue
[2024-12-30 07:52:30,254] {logging_mixin.py:115} INFO - [2024-12-30 07:52:30,254] {dagbag.py:507} INFO - Filling up the DagBag from /home/airflow/.local/lib/python3.7/site-packages/airflow/example_dags/example_time_delta_sensor_async.py
[2024-12-30 07:52:30,260] {processor.py:651} INFO - DAG(s) dict_keys(['example_time_delta_sensor_async']) retrieved from /home/airflow/.local/lib/python3.7/site-packages/airflow/example_dags/example_time_delta_sensor_async.py
[2024-12-30 07:52:30,302] {logging_mixin.py:115} INFO - [2024-12-30 07:52:30,302] {dag.py:2379} INFO - Sync 1 DAGs
[2024-12-30 07:52:30,327] {logging_mixin.py:115} INFO - [2024-12-30 07:52:30,327] {dag.py:2931} INFO - Setting next_dagrun for example_time_delta_sensor_async to None, run_after=None
[2024-12-30 07:52:30,340] {processor.py:161} INFO - Processing /home/airflow/.local/lib/python3.7/site-packages/airflow/example_dags/example_time_delta_sensor_async.py took 0.091 seconds
[2024-12-30 07:53:00,450] {processor.py:153} INFO - Started process (PID=962) to work on /home/airflow/.local/lib/python3.7/site-packages/airflow/example_dags/example_time_delta_sensor_async.py
[2024-12-30 07:53:00,451] {processor.py:641} INFO - Processing file /home/airflow/.local/lib/python3.7/site-packages/airflow/example_dags/example_time_delta_sensor_async.py for tasks to queue
[2024-12-30 07:53:00,452] {logging_mixin.py:115} INFO - [2024-12-30 07:53:00,452] {dagbag.py:507} INFO - Filling up the DagBag from /home/airflow/.local/lib/python3.7/site-packages/airflow/example_dags/example_time_delta_sensor_async.py
[2024-12-30 07:53:00,457] {processor.py:651} INFO - DAG(s) dict_keys(['example_time_delta_sensor_async']) retrieved from /home/airflow/.local/lib/python3.7/site-packages/airflow/example_dags/example_time_delta_sensor_async.py
[2024-12-30 07:53:00,527] {logging_mixin.py:115} INFO - [2024-12-30 07:53:00,527] {dag.py:2379} INFO - Sync 1 DAGs
[2024-12-30 07:53:00,554] {logging_mixin.py:115} INFO - [2024-12-30 07:53:00,554] {dag.py:2931} INFO - Setting next_dagrun for example_time_delta_sensor_async to None, run_after=None
[2024-12-30 07:53:00,570] {processor.py:161} INFO - Processing /home/airflow/.local/lib/python3.7/site-packages/airflow/example_dags/example_time_delta_sensor_async.py took 0.124 seconds
[2024-12-30 07:53:30,618] {processor.py:153} INFO - Started process (PID=1178) to work on /home/airflow/.local/lib/python3.7/site-packages/airflow/example_dags/example_time_delta_sensor_async.py
[2024-12-30 07:53:30,618] {processor.py:641} INFO - Processing file /home/airflow/.local/lib/python3.7/site-packages/airflow/example_dags/example_time_delta_sensor_async.py for tasks to queue
[2024-12-30 07:53:30,618] {logging_mixin.py:115} INFO - [2024-12-30 07:53:30,618] {dagbag.py:507} INFO - Filling up the DagBag from /home/airflow/.local/lib/python3.7/site-packages/airflow/example_dags/example_time_delta_sensor_async.py
[2024-12-30 07:53:30,621] {processor.py:651} INFO - DAG(s) dict_keys(['example_time_delta_sensor_async']) retrieved from /home/airflow/.local/lib/python3.7/site-packages/airflow/example_dags/example_time_delta_sensor_async.py
[2024-12-30 07:53:30,657] {logging_mixin.py:115} INFO - [2024-12-30 07:53:30,657] {dag.py:2379} INFO - Sync 1 DAGs
[2024-12-30 07:53:30,680] {logging_mixin.py:115} INFO - [2024-12-30 07:53:30,680] {dag.py:2931} INFO - Setting next_dagrun for example_time_delta_sensor_async to None, run_after=None
[2024-12-30 07:53:30,706] {processor.py:161} INFO - Processing /home/airflow/.local/lib/python3.7/site-packages/airflow/example_dags/example_time_delta_sensor_async.py took 0.091 seconds
[2024-12-30 07:54:01,333] {processor.py:153} INFO - Started process (PID=1385) to work on /home/airflow/.local/lib/python3.7/site-packages/airflow/example_dags/example_time_delta_sensor_async.py
[2024-12-30 07:54:01,334] {processor.py:641} INFO - Processing file /home/airflow/.local/lib/python3.7/site-packages/airflow/example_dags/example_time_delta_sensor_async.py for tasks to queue
[2024-12-30 07:54:01,334] {logging_mixin.py:115} INFO - [2024-12-30 07:54:01,334] {dagbag.py:507} INFO - Filling up the DagBag from /home/airflow/.local/lib/python3.7/site-packages/airflow/example_dags/example_time_delta_sensor_async.py
[2024-12-30 07:54:01,337] {processor.py:651} INFO - DAG(s) dict_keys(['example_time_delta_sensor_async']) retrieved from /home/airflow/.local/lib/python3.7/site-packages/airflow/example_dags/example_time_delta_sensor_async.py
[2024-12-30 07:54:01,365] {logging_mixin.py:115} INFO - [2024-12-30 07:54:01,365] {dag.py:2379} INFO - Sync 1 DAGs
[2024-12-30 07:54:01,380] {logging_mixin.py:115} INFO - [2024-12-30 07:54:01,380] {dag.py:2931} INFO - Setting next_dagrun for example_time_delta_sensor_async to None, run_after=None
[2024-12-30 07:54:01,389] {processor.py:161} INFO - Processing /home/airflow/.local/lib/python3.7/site-packages/airflow/example_dags/example_time_delta_sensor_async.py took 0.057 seconds
[2024-12-30 07:54:31,984] {processor.py:153} INFO - Started process (PID=1582) to work on /home/airflow/.local/lib/python3.7/site-packages/airflow/example_dags/example_time_delta_sensor_async.py
[2024-12-30 07:54:31,985] {processor.py:641} INFO - Processing file /home/airflow/.local/lib/python3.7/site-packages/airflow/example_dags/example_time_delta_sensor_async.py for tasks to queue
[2024-12-30 07:54:31,985] {logging_mixin.py:115} INFO - [2024-12-30 07:54:31,985] {dagbag.py:507} INFO - Filling up the DagBag from /home/airflow/.local/lib/python3.7/site-packages/airflow/example_dags/example_time_delta_sensor_async.py
[2024-12-30 07:54:31,988] {processor.py:651} INFO - DAG(s) dict_keys(['example_time_delta_sensor_async']) retrieved from /home/airflow/.local/lib/python3.7/site-packages/airflow/example_dags/example_time_delta_sensor_async.py
[2024-12-30 07:54:32,023] {logging_mixin.py:115} INFO - [2024-12-30 07:54:32,023] {dag.py:2379} INFO - Sync 1 DAGs
[2024-12-30 07:54:32,045] {logging_mixin.py:115} INFO - [2024-12-30 07:54:32,045] {dag.py:2931} INFO - Setting next_dagrun for example_time_delta_sensor_async to None, run_after=None
[2024-12-30 07:54:32,057] {processor.py:161} INFO - Processing /home/airflow/.local/lib/python3.7/site-packages/airflow/example_dags/example_time_delta_sensor_async.py took 0.075 seconds
[2024-12-30 07:55:02,945] {processor.py:153} INFO - Started process (PID=1779) to work on /home/airflow/.local/lib/python3.7/site-packages/airflow/example_dags/example_time_delta_sensor_async.py
[2024-12-30 07:55:02,945] {processor.py:641} INFO - Processing file /home/airflow/.local/lib/python3.7/site-packages/airflow/example_dags/example_time_delta_sensor_async.py for tasks to queue
[2024-12-30 07:55:02,945] {logging_mixin.py:115} INFO - [2024-12-30 07:55:02,945] {dagbag.py:507} INFO - Filling up the DagBag from /home/airflow/.local/lib/python3.7/site-packages/airflow/example_dags/example_time_delta_sensor_async.py
[2024-12-30 07:55:02,952] {processor.py:651} INFO - DAG(s) dict_keys(['example_time_delta_sensor_async']) retrieved from /home/airflow/.local/lib/python3.7/site-packages/airflow/example_dags/example_time_delta_sensor_async.py
[2024-12-30 07:55:02,987] {logging_mixin.py:115} INFO - [2024-12-30 07:55:02,987] {dag.py:2379} INFO - Sync 1 DAGs
[2024-12-30 07:55:03,006] {logging_mixin.py:115} INFO - [2024-12-30 07:55:03,006] {dag.py:2931} INFO - Setting next_dagrun for example_time_delta_sensor_async to None, run_after=None
[2024-12-30 07:55:03,017] {processor.py:161} INFO - Processing /home/airflow/.local/lib/python3.7/site-packages/airflow/example_dags/example_time_delta_sensor_async.py took 0.075 seconds
[2024-12-30 07:55:33,910] {processor.py:153} INFO - Started process (PID=1976) to work on /home/airflow/.local/lib/python3.7/site-packages/airflow/example_dags/example_time_delta_sensor_async.py
[2024-12-30 07:55:33,911] {processor.py:641} INFO - Processing file /home/airflow/.local/lib/python3.7/site-packages/airflow/example_dags/example_time_delta_sensor_async.py for tasks to queue
[2024-12-30 07:55:33,911] {logging_mixin.py:115} INFO - [2024-12-30 07:55:33,911] {dagbag.py:507} INFO - Filling up the DagBag from /home/airflow/.local/lib/python3.7/site-packages/airflow/example_dags/example_time_delta_sensor_async.py
[2024-12-30 07:55:33,915] {processor.py:651} INFO - DAG(s) dict_keys(['example_time_delta_sensor_async']) retrieved from /home/airflow/.local/lib/python3.7/site-packages/airflow/example_dags/example_time_delta_sensor_async.py
[2024-12-30 07:55:33,944] {logging_mixin.py:115} INFO - [2024-12-30 07:55:33,944] {dag.py:2379} INFO - Sync 1 DAGs
[2024-12-30 07:55:33,960] {logging_mixin.py:115} INFO - [2024-12-30 07:55:33,959] {dag.py:2931} INFO - Setting next_dagrun for example_time_delta_sensor_async to None, run_after=None
[2024-12-30 07:55:33,970] {processor.py:161} INFO - Processing /home/airflow/.local/lib/python3.7/site-packages/airflow/example_dags/example_time_delta_sensor_async.py took 0.062 seconds
[2024-12-30 07:56:04,556] {processor.py:153} INFO - Started process (PID=2164) to work on /home/airflow/.local/lib/python3.7/site-packages/airflow/example_dags/example_time_delta_sensor_async.py
[2024-12-30 07:56:04,557] {processor.py:641} INFO - Processing file /home/airflow/.local/lib/python3.7/site-packages/airflow/example_dags/example_time_delta_sensor_async.py for tasks to queue
[2024-12-30 07:56:04,557] {logging_mixin.py:115} INFO - [2024-12-30 07:56:04,557] {dagbag.py:507} INFO - Filling up the DagBag from /home/airflow/.local/lib/python3.7/site-packages/airflow/example_dags/example_time_delta_sensor_async.py
[2024-12-30 07:56:04,564] {processor.py:651} INFO - DAG(s) dict_keys(['example_time_delta_sensor_async']) retrieved from /home/airflow/.local/lib/python3.7/site-packages/airflow/example_dags/example_time_delta_sensor_async.py
[2024-12-30 07:56:04,596] {logging_mixin.py:115} INFO - [2024-12-30 07:56:04,596] {dag.py:2379} INFO - Sync 1 DAGs
[2024-12-30 07:56:04,614] {logging_mixin.py:115} INFO - [2024-12-30 07:56:04,614] {dag.py:2931} INFO - Setting next_dagrun for example_time_delta_sensor_async to None, run_after=None
[2024-12-30 07:56:04,624] {processor.py:161} INFO - Processing /home/airflow/.local/lib/python3.7/site-packages/airflow/example_dags/example_time_delta_sensor_async.py took 0.070 seconds
[2024-12-30 07:56:35,260] {processor.py:153} INFO - Started process (PID=2361) to work on /home/airflow/.local/lib/python3.7/site-packages/airflow/example_dags/example_time_delta_sensor_async.py
[2024-12-30 07:56:35,261] {processor.py:641} INFO - Processing file /home/airflow/.local/lib/python3.7/site-packages/airflow/example_dags/example_time_delta_sensor_async.py for tasks to queue
[2024-12-30 07:56:35,261] {logging_mixin.py:115} INFO - [2024-12-30 07:56:35,261] {dagbag.py:507} INFO - Filling up the DagBag from /home/airflow/.local/lib/python3.7/site-packages/airflow/example_dags/example_time_delta_sensor_async.py
[2024-12-30 07:56:35,267] {processor.py:651} INFO - DAG(s) dict_keys(['example_time_delta_sensor_async']) retrieved from /home/airflow/.local/lib/python3.7/site-packages/airflow/example_dags/example_time_delta_sensor_async.py
[2024-12-30 07:56:35,301] {logging_mixin.py:115} INFO - [2024-12-30 07:56:35,301] {dag.py:2379} INFO - Sync 1 DAGs
[2024-12-30 07:56:35,327] {logging_mixin.py:115} INFO - [2024-12-30 07:56:35,326] {dag.py:2931} INFO - Setting next_dagrun for example_time_delta_sensor_async to None, run_after=None
[2024-12-30 07:56:35,338] {processor.py:161} INFO - Processing /home/airflow/.local/lib/python3.7/site-packages/airflow/example_dags/example_time_delta_sensor_async.py took 0.080 seconds
[2024-12-30 07:57:05,898] {processor.py:153} INFO - Started process (PID=2559) to work on /home/airflow/.local/lib/python3.7/site-packages/airflow/example_dags/example_time_delta_sensor_async.py
[2024-12-30 07:57:05,898] {processor.py:641} INFO - Processing file /home/airflow/.local/lib/python3.7/site-packages/airflow/example_dags/example_time_delta_sensor_async.py for tasks to queue
[2024-12-30 07:57:05,899] {logging_mixin.py:115} INFO - [2024-12-30 07:57:05,899] {dagbag.py:507} INFO - Filling up the DagBag from /home/airflow/.local/lib/python3.7/site-packages/airflow/example_dags/example_time_delta_sensor_async.py
[2024-12-30 07:57:05,906] {processor.py:651} INFO - DAG(s) dict_keys(['example_time_delta_sensor_async']) retrieved from /home/airflow/.local/lib/python3.7/site-packages/airflow/example_dags/example_time_delta_sensor_async.py
[2024-12-30 07:57:05,935] {logging_mixin.py:115} INFO - [2024-12-30 07:57:05,935] {dag.py:2379} INFO - Sync 1 DAGs
[2024-12-30 07:57:05,951] {logging_mixin.py:115} INFO - [2024-12-30 07:57:05,951] {dag.py:2931} INFO - Setting next_dagrun for example_time_delta_sensor_async to None, run_after=None
[2024-12-30 07:57:05,962] {processor.py:161} INFO - Processing /home/airflow/.local/lib/python3.7/site-packages/airflow/example_dags/example_time_delta_sensor_async.py took 0.066 seconds
[2024-12-30 07:57:36,528] {processor.py:153} INFO - Started process (PID=2757) to work on /home/airflow/.local/lib/python3.7/site-packages/airflow/example_dags/example_time_delta_sensor_async.py
[2024-12-30 07:57:36,529] {processor.py:641} INFO - Processing file /home/airflow/.local/lib/python3.7/site-packages/airflow/example_dags/example_time_delta_sensor_async.py for tasks to queue
[2024-12-30 07:57:36,529] {logging_mixin.py:115} INFO - [2024-12-30 07:57:36,529] {dagbag.py:507} INFO - Filling up the DagBag from /home/airflow/.local/lib/python3.7/site-packages/airflow/example_dags/example_time_delta_sensor_async.py
[2024-12-30 07:57:36,538] {processor.py:651} INFO - DAG(s) dict_keys(['example_time_delta_sensor_async']) retrieved from /home/airflow/.local/lib/python3.7/site-packages/airflow/example_dags/example_time_delta_sensor_async.py
[2024-12-30 07:57:36,568] {logging_mixin.py:115} INFO - [2024-12-30 07:57:36,568] {dag.py:2379} INFO - Sync 1 DAGs
[2024-12-30 07:57:36,588] {logging_mixin.py:115} INFO - [2024-12-30 07:57:36,588] {dag.py:2931} INFO - Setting next_dagrun for example_time_delta_sensor_async to None, run_after=None
[2024-12-30 07:57:36,598] {processor.py:161} INFO - Processing /home/airflow/.local/lib/python3.7/site-packages/airflow/example_dags/example_time_delta_sensor_async.py took 0.072 seconds
[2024-12-30 07:58:07,239] {processor.py:153} INFO - Started process (PID=2952) to work on /home/airflow/.local/lib/python3.7/site-packages/airflow/example_dags/example_time_delta_sensor_async.py
[2024-12-30 07:58:07,240] {processor.py:641} INFO - Processing file /home/airflow/.local/lib/python3.7/site-packages/airflow/example_dags/example_time_delta_sensor_async.py for tasks to queue
[2024-12-30 07:58:07,240] {logging_mixin.py:115} INFO - [2024-12-30 07:58:07,240] {dagbag.py:507} INFO - Filling up the DagBag from /home/airflow/.local/lib/python3.7/site-packages/airflow/example_dags/example_time_delta_sensor_async.py
[2024-12-30 07:58:07,249] {processor.py:651} INFO - DAG(s) dict_keys(['example_time_delta_sensor_async']) retrieved from /home/airflow/.local/lib/python3.7/site-packages/airflow/example_dags/example_time_delta_sensor_async.py
[2024-12-30 07:58:07,295] {logging_mixin.py:115} INFO - [2024-12-30 07:58:07,295] {dag.py:2379} INFO - Sync 1 DAGs
[2024-12-30 07:58:07,318] {logging_mixin.py:115} INFO - [2024-12-30 07:58:07,318] {dag.py:2931} INFO - Setting next_dagrun for example_time_delta_sensor_async to None, run_after=None
[2024-12-30 07:58:07,330] {processor.py:161} INFO - Processing /home/airflow/.local/lib/python3.7/site-packages/airflow/example_dags/example_time_delta_sensor_async.py took 0.094 seconds
[2024-12-30 08:30:18,534] {processor.py:153} INFO - Started process (PID=185) to work on /home/airflow/.local/lib/python3.7/site-packages/airflow/example_dags/example_time_delta_sensor_async.py
[2024-12-30 08:30:18,534] {processor.py:641} INFO - Processing file /home/airflow/.local/lib/python3.7/site-packages/airflow/example_dags/example_time_delta_sensor_async.py for tasks to queue
[2024-12-30 08:30:18,534] {logging_mixin.py:115} INFO - [2024-12-30 08:30:18,534] {dagbag.py:507} INFO - Filling up the DagBag from /home/airflow/.local/lib/python3.7/site-packages/airflow/example_dags/example_time_delta_sensor_async.py
[2024-12-30 08:30:18,538] {processor.py:651} INFO - DAG(s) dict_keys(['example_time_delta_sensor_async']) retrieved from /home/airflow/.local/lib/python3.7/site-packages/airflow/example_dags/example_time_delta_sensor_async.py
[2024-12-30 08:30:18,626] {logging_mixin.py:115} INFO - [2024-12-30 08:30:18,626] {manager.py:508} INFO - Created Permission View: can delete on DAG:example_time_delta_sensor_async
[2024-12-30 08:30:18,635] {logging_mixin.py:115} INFO - [2024-12-30 08:30:18,635] {manager.py:508} INFO - Created Permission View: can read on DAG:example_time_delta_sensor_async
[2024-12-30 08:30:18,641] {logging_mixin.py:115} INFO - [2024-12-30 08:30:18,641] {manager.py:508} INFO - Created Permission View: can edit on DAG:example_time_delta_sensor_async
[2024-12-30 08:30:18,641] {logging_mixin.py:115} INFO - [2024-12-30 08:30:18,641] {dag.py:2379} INFO - Sync 1 DAGs
[2024-12-30 08:30:18,650] {logging_mixin.py:115} INFO - [2024-12-30 08:30:18,650] {dag.py:2398} INFO - Creating ORM DAG for example_time_delta_sensor_async
[2024-12-30 08:30:18,662] {logging_mixin.py:115} INFO - [2024-12-30 08:30:18,662] {dag.py:2931} INFO - Setting next_dagrun for example_time_delta_sensor_async to None, run_after=None
[2024-12-30 08:30:18,678] {processor.py:161} INFO - Processing /home/airflow/.local/lib/python3.7/site-packages/airflow/example_dags/example_time_delta_sensor_async.py took 0.146 seconds
[2024-12-30 08:30:49,227] {processor.py:153} INFO - Started process (PID=383) to work on /home/airflow/.local/lib/python3.7/site-packages/airflow/example_dags/example_time_delta_sensor_async.py
[2024-12-30 08:30:49,228] {processor.py:641} INFO - Processing file /home/airflow/.local/lib/python3.7/site-packages/airflow/example_dags/example_time_delta_sensor_async.py for tasks to queue
[2024-12-30 08:30:49,228] {logging_mixin.py:115} INFO - [2024-12-30 08:30:49,228] {dagbag.py:507} INFO - Filling up the DagBag from /home/airflow/.local/lib/python3.7/site-packages/airflow/example_dags/example_time_delta_sensor_async.py
[2024-12-30 08:30:49,232] {processor.py:651} INFO - DAG(s) dict_keys(['example_time_delta_sensor_async']) retrieved from /home/airflow/.local/lib/python3.7/site-packages/airflow/example_dags/example_time_delta_sensor_async.py
[2024-12-30 08:30:49,268] {logging_mixin.py:115} INFO - [2024-12-30 08:30:49,268] {dag.py:2379} INFO - Sync 1 DAGs
[2024-12-30 08:30:49,285] {logging_mixin.py:115} INFO - [2024-12-30 08:30:49,285] {dag.py:2931} INFO - Setting next_dagrun for example_time_delta_sensor_async to None, run_after=None
[2024-12-30 08:30:49,294] {processor.py:161} INFO - Processing /home/airflow/.local/lib/python3.7/site-packages/airflow/example_dags/example_time_delta_sensor_async.py took 0.069 seconds
[2024-12-30 08:31:20,142] {processor.py:153} INFO - Started process (PID=581) to work on /home/airflow/.local/lib/python3.7/site-packages/airflow/example_dags/example_time_delta_sensor_async.py
[2024-12-30 08:31:20,142] {processor.py:641} INFO - Processing file /home/airflow/.local/lib/python3.7/site-packages/airflow/example_dags/example_time_delta_sensor_async.py for tasks to queue
[2024-12-30 08:31:20,143] {logging_mixin.py:115} INFO - [2024-12-30 08:31:20,143] {dagbag.py:507} INFO - Filling up the DagBag from /home/airflow/.local/lib/python3.7/site-packages/airflow/example_dags/example_time_delta_sensor_async.py
[2024-12-30 08:31:20,147] {processor.py:651} INFO - DAG(s) dict_keys(['example_time_delta_sensor_async']) retrieved from /home/airflow/.local/lib/python3.7/site-packages/airflow/example_dags/example_time_delta_sensor_async.py
[2024-12-30 08:31:20,178] {logging_mixin.py:115} INFO - [2024-12-30 08:31:20,178] {dag.py:2379} INFO - Sync 1 DAGs
[2024-12-30 08:31:20,197] {logging_mixin.py:115} INFO - [2024-12-30 08:31:20,197] {dag.py:2931} INFO - Setting next_dagrun for example_time_delta_sensor_async to None, run_after=None
[2024-12-30 08:31:20,207] {processor.py:161} INFO - Processing /home/airflow/.local/lib/python3.7/site-packages/airflow/example_dags/example_time_delta_sensor_async.py took 0.069 seconds
[2024-12-30 08:31:50,864] {processor.py:153} INFO - Started process (PID=768) to work on /home/airflow/.local/lib/python3.7/site-packages/airflow/example_dags/example_time_delta_sensor_async.py
[2024-12-30 08:31:50,864] {processor.py:641} INFO - Processing file /home/airflow/.local/lib/python3.7/site-packages/airflow/example_dags/example_time_delta_sensor_async.py for tasks to queue
[2024-12-30 08:31:50,865] {logging_mixin.py:115} INFO - [2024-12-30 08:31:50,865] {dagbag.py:507} INFO - Filling up the DagBag from /home/airflow/.local/lib/python3.7/site-packages/airflow/example_dags/example_time_delta_sensor_async.py
[2024-12-30 08:31:50,869] {processor.py:651} INFO - DAG(s) dict_keys(['example_time_delta_sensor_async']) retrieved from /home/airflow/.local/lib/python3.7/site-packages/airflow/example_dags/example_time_delta_sensor_async.py
[2024-12-30 08:31:50,917] {logging_mixin.py:115} INFO - [2024-12-30 08:31:50,917] {dag.py:2379} INFO - Sync 1 DAGs
[2024-12-30 08:31:50,953] {logging_mixin.py:115} INFO - [2024-12-30 08:31:50,952] {dag.py:2931} INFO - Setting next_dagrun for example_time_delta_sensor_async to None, run_after=None
[2024-12-30 08:31:50,974] {processor.py:161} INFO - Processing /home/airflow/.local/lib/python3.7/site-packages/airflow/example_dags/example_time_delta_sensor_async.py took 0.113 seconds
