[2024-12-30 07:51:01,999] {processor.py:153} INFO - Started process (PID=327) to work on /home/airflow/.local/lib/python3.7/site-packages/airflow/example_dags/example_branch_labels.py
[2024-12-30 07:51:01,999] {processor.py:641} INFO - Processing file /home/airflow/.local/lib/python3.7/site-packages/airflow/example_dags/example_branch_labels.py for tasks to queue
[2024-12-30 07:51:02,000] {logging_mixin.py:115} INFO - [2024-12-30 07:51:02,000] {dagbag.py:507} INFO - Filling up the DagBag from /home/airflow/.local/lib/python3.7/site-packages/airflow/example_dags/example_branch_labels.py
[2024-12-30 07:51:02,006] {processor.py:651} INFO - DAG(s) dict_keys(['example_branch_labels']) retrieved from /home/airflow/.local/lib/python3.7/site-packages/airflow/example_dags/example_branch_labels.py
[2024-12-30 07:51:02,107] {logging_mixin.py:115} INFO - [2024-12-30 07:51:02,106] {manager.py:508} INFO - Created Permission View: can read on DAG:example_branch_labels
[2024-12-30 07:51:02,119] {logging_mixin.py:115} INFO - [2024-12-30 07:51:02,119] {manager.py:508} INFO - Created Permission View: can edit on DAG:example_branch_labels
[2024-12-30 07:51:02,127] {logging_mixin.py:115} INFO - [2024-12-30 07:51:02,127] {manager.py:508} INFO - Created Permission View: can delete on DAG:example_branch_labels
[2024-12-30 07:51:02,128] {logging_mixin.py:115} INFO - [2024-12-30 07:51:02,128] {dag.py:2379} INFO - Sync 1 DAGs
[2024-12-30 07:51:02,137] {logging_mixin.py:115} INFO - [2024-12-30 07:51:02,137] {dag.py:2398} INFO - Creating ORM DAG for example_branch_labels
[2024-12-30 07:51:02,154] {logging_mixin.py:115} INFO - [2024-12-30 07:51:02,153] {dag.py:2931} INFO - Setting next_dagrun for example_branch_labels to 2024-12-29T00:00:00+00:00, run_after=2024-12-30T00:00:00+00:00
[2024-12-30 07:51:02,167] {processor.py:161} INFO - Processing /home/airflow/.local/lib/python3.7/site-packages/airflow/example_dags/example_branch_labels.py took 0.172 seconds
[2024-12-30 07:51:32,848] {processor.py:153} INFO - Started process (PID=516) to work on /home/airflow/.local/lib/python3.7/site-packages/airflow/example_dags/example_branch_labels.py
[2024-12-30 07:51:32,849] {processor.py:641} INFO - Processing file /home/airflow/.local/lib/python3.7/site-packages/airflow/example_dags/example_branch_labels.py for tasks to queue
[2024-12-30 07:51:32,850] {logging_mixin.py:115} INFO - [2024-12-30 07:51:32,850] {dagbag.py:507} INFO - Filling up the DagBag from /home/airflow/.local/lib/python3.7/site-packages/airflow/example_dags/example_branch_labels.py
[2024-12-30 07:51:32,855] {processor.py:651} INFO - DAG(s) dict_keys(['example_branch_labels']) retrieved from /home/airflow/.local/lib/python3.7/site-packages/airflow/example_dags/example_branch_labels.py
[2024-12-30 07:51:32,885] {logging_mixin.py:115} INFO - [2024-12-30 07:51:32,885] {dag.py:2379} INFO - Sync 1 DAGs
[2024-12-30 07:51:32,911] {logging_mixin.py:115} INFO - [2024-12-30 07:51:32,910] {dag.py:2931} INFO - Setting next_dagrun for example_branch_labels to 2024-12-29T00:00:00+00:00, run_after=2024-12-30T00:00:00+00:00
[2024-12-30 07:51:32,931] {processor.py:161} INFO - Processing /home/airflow/.local/lib/python3.7/site-packages/airflow/example_dags/example_branch_labels.py took 0.087 seconds
[2024-12-30 07:52:03,700] {processor.py:153} INFO - Started process (PID=713) to work on /home/airflow/.local/lib/python3.7/site-packages/airflow/example_dags/example_branch_labels.py
[2024-12-30 07:52:03,701] {processor.py:641} INFO - Processing file /home/airflow/.local/lib/python3.7/site-packages/airflow/example_dags/example_branch_labels.py for tasks to queue
[2024-12-30 07:52:03,701] {logging_mixin.py:115} INFO - [2024-12-30 07:52:03,701] {dagbag.py:507} INFO - Filling up the DagBag from /home/airflow/.local/lib/python3.7/site-packages/airflow/example_dags/example_branch_labels.py
[2024-12-30 07:52:03,711] {processor.py:651} INFO - DAG(s) dict_keys(['example_branch_labels']) retrieved from /home/airflow/.local/lib/python3.7/site-packages/airflow/example_dags/example_branch_labels.py
[2024-12-30 07:52:03,744] {logging_mixin.py:115} INFO - [2024-12-30 07:52:03,743] {dag.py:2379} INFO - Sync 1 DAGs
[2024-12-30 07:52:03,775] {logging_mixin.py:115} INFO - [2024-12-30 07:52:03,775] {dag.py:2931} INFO - Setting next_dagrun for example_branch_labels to 2024-12-29T00:00:00+00:00, run_after=2024-12-30T00:00:00+00:00
[2024-12-30 07:52:03,790] {processor.py:161} INFO - Processing /home/airflow/.local/lib/python3.7/site-packages/airflow/example_dags/example_branch_labels.py took 0.094 seconds
[2024-12-30 07:52:34,001] {processor.py:153} INFO - Started process (PID=910) to work on /home/airflow/.local/lib/python3.7/site-packages/airflow/example_dags/example_branch_labels.py
[2024-12-30 07:52:34,001] {processor.py:641} INFO - Processing file /home/airflow/.local/lib/python3.7/site-packages/airflow/example_dags/example_branch_labels.py for tasks to queue
[2024-12-30 07:52:34,001] {logging_mixin.py:115} INFO - [2024-12-30 07:52:34,001] {dagbag.py:507} INFO - Filling up the DagBag from /home/airflow/.local/lib/python3.7/site-packages/airflow/example_dags/example_branch_labels.py
[2024-12-30 07:52:34,006] {processor.py:651} INFO - DAG(s) dict_keys(['example_branch_labels']) retrieved from /home/airflow/.local/lib/python3.7/site-packages/airflow/example_dags/example_branch_labels.py
[2024-12-30 07:52:34,032] {logging_mixin.py:115} INFO - [2024-12-30 07:52:34,032] {dag.py:2379} INFO - Sync 1 DAGs
[2024-12-30 07:52:34,053] {logging_mixin.py:115} INFO - [2024-12-30 07:52:34,053] {dag.py:2931} INFO - Setting next_dagrun for example_branch_labels to 2024-12-29T00:00:00+00:00, run_after=2024-12-30T00:00:00+00:00
[2024-12-30 07:52:34,063] {processor.py:161} INFO - Processing /home/airflow/.local/lib/python3.7/site-packages/airflow/example_dags/example_branch_labels.py took 0.065 seconds
[2024-12-30 07:53:04,247] {processor.py:153} INFO - Started process (PID=1097) to work on /home/airflow/.local/lib/python3.7/site-packages/airflow/example_dags/example_branch_labels.py
[2024-12-30 07:53:04,247] {processor.py:641} INFO - Processing file /home/airflow/.local/lib/python3.7/site-packages/airflow/example_dags/example_branch_labels.py for tasks to queue
[2024-12-30 07:53:04,248] {logging_mixin.py:115} INFO - [2024-12-30 07:53:04,248] {dagbag.py:507} INFO - Filling up the DagBag from /home/airflow/.local/lib/python3.7/site-packages/airflow/example_dags/example_branch_labels.py
[2024-12-30 07:53:04,255] {processor.py:651} INFO - DAG(s) dict_keys(['example_branch_labels']) retrieved from /home/airflow/.local/lib/python3.7/site-packages/airflow/example_dags/example_branch_labels.py
[2024-12-30 07:53:04,286] {logging_mixin.py:115} INFO - [2024-12-30 07:53:04,286] {dag.py:2379} INFO - Sync 1 DAGs
[2024-12-30 07:53:04,314] {logging_mixin.py:115} INFO - [2024-12-30 07:53:04,314] {dag.py:2931} INFO - Setting next_dagrun for example_branch_labels to 2024-12-29T00:00:00+00:00, run_after=2024-12-30T00:00:00+00:00
[2024-12-30 07:53:04,329] {processor.py:161} INFO - Processing /home/airflow/.local/lib/python3.7/site-packages/airflow/example_dags/example_branch_labels.py took 0.085 seconds
[2024-12-30 07:53:35,003] {processor.py:153} INFO - Started process (PID=1313) to work on /home/airflow/.local/lib/python3.7/site-packages/airflow/example_dags/example_branch_labels.py
[2024-12-30 07:53:35,003] {processor.py:641} INFO - Processing file /home/airflow/.local/lib/python3.7/site-packages/airflow/example_dags/example_branch_labels.py for tasks to queue
[2024-12-30 07:53:35,004] {logging_mixin.py:115} INFO - [2024-12-30 07:53:35,004] {dagbag.py:507} INFO - Filling up the DagBag from /home/airflow/.local/lib/python3.7/site-packages/airflow/example_dags/example_branch_labels.py
[2024-12-30 07:53:35,008] {processor.py:651} INFO - DAG(s) dict_keys(['example_branch_labels']) retrieved from /home/airflow/.local/lib/python3.7/site-packages/airflow/example_dags/example_branch_labels.py
[2024-12-30 07:53:35,030] {logging_mixin.py:115} INFO - [2024-12-30 07:53:35,030] {dag.py:2379} INFO - Sync 1 DAGs
[2024-12-30 07:53:35,047] {logging_mixin.py:115} INFO - [2024-12-30 07:53:35,047] {dag.py:2931} INFO - Setting next_dagrun for example_branch_labels to 2024-12-29T00:00:00+00:00, run_after=2024-12-30T00:00:00+00:00
[2024-12-30 07:53:35,055] {processor.py:161} INFO - Processing /home/airflow/.local/lib/python3.7/site-packages/airflow/example_dags/example_branch_labels.py took 0.055 seconds
[2024-12-30 07:54:05,620] {processor.py:153} INFO - Started process (PID=1529) to work on /home/airflow/.local/lib/python3.7/site-packages/airflow/example_dags/example_branch_labels.py
[2024-12-30 07:54:05,621] {processor.py:641} INFO - Processing file /home/airflow/.local/lib/python3.7/site-packages/airflow/example_dags/example_branch_labels.py for tasks to queue
[2024-12-30 07:54:05,621] {logging_mixin.py:115} INFO - [2024-12-30 07:54:05,621] {dagbag.py:507} INFO - Filling up the DagBag from /home/airflow/.local/lib/python3.7/site-packages/airflow/example_dags/example_branch_labels.py
[2024-12-30 07:54:05,626] {processor.py:651} INFO - DAG(s) dict_keys(['example_branch_labels']) retrieved from /home/airflow/.local/lib/python3.7/site-packages/airflow/example_dags/example_branch_labels.py
[2024-12-30 07:54:05,651] {logging_mixin.py:115} INFO - [2024-12-30 07:54:05,651] {dag.py:2379} INFO - Sync 1 DAGs
[2024-12-30 07:54:05,672] {logging_mixin.py:115} INFO - [2024-12-30 07:54:05,672] {dag.py:2931} INFO - Setting next_dagrun for example_branch_labels to 2024-12-29T00:00:00+00:00, run_after=2024-12-30T00:00:00+00:00
[2024-12-30 07:54:05,681] {processor.py:161} INFO - Processing /home/airflow/.local/lib/python3.7/site-packages/airflow/example_dags/example_branch_labels.py took 0.062 seconds
[2024-12-30 07:54:36,575] {processor.py:153} INFO - Started process (PID=1726) to work on /home/airflow/.local/lib/python3.7/site-packages/airflow/example_dags/example_branch_labels.py
[2024-12-30 07:54:36,576] {processor.py:641} INFO - Processing file /home/airflow/.local/lib/python3.7/site-packages/airflow/example_dags/example_branch_labels.py for tasks to queue
[2024-12-30 07:54:36,576] {logging_mixin.py:115} INFO - [2024-12-30 07:54:36,576] {dagbag.py:507} INFO - Filling up the DagBag from /home/airflow/.local/lib/python3.7/site-packages/airflow/example_dags/example_branch_labels.py
[2024-12-30 07:54:36,582] {processor.py:651} INFO - DAG(s) dict_keys(['example_branch_labels']) retrieved from /home/airflow/.local/lib/python3.7/site-packages/airflow/example_dags/example_branch_labels.py
[2024-12-30 07:54:36,608] {logging_mixin.py:115} INFO - [2024-12-30 07:54:36,608] {dag.py:2379} INFO - Sync 1 DAGs
[2024-12-30 07:54:36,637] {logging_mixin.py:115} INFO - [2024-12-30 07:54:36,637] {dag.py:2931} INFO - Setting next_dagrun for example_branch_labels to 2024-12-29T00:00:00+00:00, run_after=2024-12-30T00:00:00+00:00
[2024-12-30 07:54:36,654] {processor.py:161} INFO - Processing /home/airflow/.local/lib/python3.7/site-packages/airflow/example_dags/example_branch_labels.py took 0.081 seconds
[2024-12-30 07:55:07,563] {processor.py:153} INFO - Started process (PID=1916) to work on /home/airflow/.local/lib/python3.7/site-packages/airflow/example_dags/example_branch_labels.py
[2024-12-30 07:55:07,563] {processor.py:641} INFO - Processing file /home/airflow/.local/lib/python3.7/site-packages/airflow/example_dags/example_branch_labels.py for tasks to queue
[2024-12-30 07:55:07,564] {logging_mixin.py:115} INFO - [2024-12-30 07:55:07,564] {dagbag.py:507} INFO - Filling up the DagBag from /home/airflow/.local/lib/python3.7/site-packages/airflow/example_dags/example_branch_labels.py
[2024-12-30 07:55:07,570] {processor.py:651} INFO - DAG(s) dict_keys(['example_branch_labels']) retrieved from /home/airflow/.local/lib/python3.7/site-packages/airflow/example_dags/example_branch_labels.py
[2024-12-30 07:55:07,598] {logging_mixin.py:115} INFO - [2024-12-30 07:55:07,598] {dag.py:2379} INFO - Sync 1 DAGs
[2024-12-30 07:55:07,626] {logging_mixin.py:115} INFO - [2024-12-30 07:55:07,626] {dag.py:2931} INFO - Setting next_dagrun for example_branch_labels to 2024-12-29T00:00:00+00:00, run_after=2024-12-30T00:00:00+00:00
[2024-12-30 07:55:07,638] {processor.py:161} INFO - Processing /home/airflow/.local/lib/python3.7/site-packages/airflow/example_dags/example_branch_labels.py took 0.077 seconds
[2024-12-30 07:55:38,131] {processor.py:153} INFO - Started process (PID=2111) to work on /home/airflow/.local/lib/python3.7/site-packages/airflow/example_dags/example_branch_labels.py
[2024-12-30 07:55:38,132] {processor.py:641} INFO - Processing file /home/airflow/.local/lib/python3.7/site-packages/airflow/example_dags/example_branch_labels.py for tasks to queue
[2024-12-30 07:55:38,132] {logging_mixin.py:115} INFO - [2024-12-30 07:55:38,132] {dagbag.py:507} INFO - Filling up the DagBag from /home/airflow/.local/lib/python3.7/site-packages/airflow/example_dags/example_branch_labels.py
[2024-12-30 07:55:38,137] {processor.py:651} INFO - DAG(s) dict_keys(['example_branch_labels']) retrieved from /home/airflow/.local/lib/python3.7/site-packages/airflow/example_dags/example_branch_labels.py
[2024-12-30 07:55:38,158] {logging_mixin.py:115} INFO - [2024-12-30 07:55:38,158] {dag.py:2379} INFO - Sync 1 DAGs
[2024-12-30 07:55:38,181] {logging_mixin.py:115} INFO - [2024-12-30 07:55:38,181] {dag.py:2931} INFO - Setting next_dagrun for example_branch_labels to 2024-12-29T00:00:00+00:00, run_after=2024-12-30T00:00:00+00:00
[2024-12-30 07:55:38,189] {processor.py:161} INFO - Processing /home/airflow/.local/lib/python3.7/site-packages/airflow/example_dags/example_branch_labels.py took 0.061 seconds
[2024-12-30 07:56:08,906] {processor.py:153} INFO - Started process (PID=2308) to work on /home/airflow/.local/lib/python3.7/site-packages/airflow/example_dags/example_branch_labels.py
[2024-12-30 07:56:08,907] {processor.py:641} INFO - Processing file /home/airflow/.local/lib/python3.7/site-packages/airflow/example_dags/example_branch_labels.py for tasks to queue
[2024-12-30 07:56:08,907] {logging_mixin.py:115} INFO - [2024-12-30 07:56:08,907] {dagbag.py:507} INFO - Filling up the DagBag from /home/airflow/.local/lib/python3.7/site-packages/airflow/example_dags/example_branch_labels.py
[2024-12-30 07:56:08,912] {processor.py:651} INFO - DAG(s) dict_keys(['example_branch_labels']) retrieved from /home/airflow/.local/lib/python3.7/site-packages/airflow/example_dags/example_branch_labels.py
[2024-12-30 07:56:08,934] {logging_mixin.py:115} INFO - [2024-12-30 07:56:08,934] {dag.py:2379} INFO - Sync 1 DAGs
[2024-12-30 07:56:08,954] {logging_mixin.py:115} INFO - [2024-12-30 07:56:08,954] {dag.py:2931} INFO - Setting next_dagrun for example_branch_labels to 2024-12-29T00:00:00+00:00, run_after=2024-12-30T00:00:00+00:00
[2024-12-30 07:56:08,966] {processor.py:161} INFO - Processing /home/airflow/.local/lib/python3.7/site-packages/airflow/example_dags/example_branch_labels.py took 0.062 seconds
[2024-12-30 07:56:39,552] {processor.py:153} INFO - Started process (PID=2507) to work on /home/airflow/.local/lib/python3.7/site-packages/airflow/example_dags/example_branch_labels.py
[2024-12-30 07:56:39,553] {processor.py:641} INFO - Processing file /home/airflow/.local/lib/python3.7/site-packages/airflow/example_dags/example_branch_labels.py for tasks to queue
[2024-12-30 07:56:39,553] {logging_mixin.py:115} INFO - [2024-12-30 07:56:39,553] {dagbag.py:507} INFO - Filling up the DagBag from /home/airflow/.local/lib/python3.7/site-packages/airflow/example_dags/example_branch_labels.py
[2024-12-30 07:56:39,558] {processor.py:651} INFO - DAG(s) dict_keys(['example_branch_labels']) retrieved from /home/airflow/.local/lib/python3.7/site-packages/airflow/example_dags/example_branch_labels.py
[2024-12-30 07:56:39,589] {logging_mixin.py:115} INFO - [2024-12-30 07:56:39,588] {dag.py:2379} INFO - Sync 1 DAGs
[2024-12-30 07:56:39,610] {logging_mixin.py:115} INFO - [2024-12-30 07:56:39,610] {dag.py:2931} INFO - Setting next_dagrun for example_branch_labels to 2024-12-29T00:00:00+00:00, run_after=2024-12-30T00:00:00+00:00
[2024-12-30 07:56:39,624] {processor.py:161} INFO - Processing /home/airflow/.local/lib/python3.7/site-packages/airflow/example_dags/example_branch_labels.py took 0.074 seconds
[2024-12-30 07:57:10,169] {processor.py:153} INFO - Started process (PID=2696) to work on /home/airflow/.local/lib/python3.7/site-packages/airflow/example_dags/example_branch_labels.py
[2024-12-30 07:57:10,170] {processor.py:641} INFO - Processing file /home/airflow/.local/lib/python3.7/site-packages/airflow/example_dags/example_branch_labels.py for tasks to queue
[2024-12-30 07:57:10,170] {logging_mixin.py:115} INFO - [2024-12-30 07:57:10,170] {dagbag.py:507} INFO - Filling up the DagBag from /home/airflow/.local/lib/python3.7/site-packages/airflow/example_dags/example_branch_labels.py
[2024-12-30 07:57:10,176] {processor.py:651} INFO - DAG(s) dict_keys(['example_branch_labels']) retrieved from /home/airflow/.local/lib/python3.7/site-packages/airflow/example_dags/example_branch_labels.py
[2024-12-30 07:57:10,212] {logging_mixin.py:115} INFO - [2024-12-30 07:57:10,211] {dag.py:2379} INFO - Sync 1 DAGs
[2024-12-30 07:57:10,237] {logging_mixin.py:115} INFO - [2024-12-30 07:57:10,237] {dag.py:2931} INFO - Setting next_dagrun for example_branch_labels to 2024-12-29T00:00:00+00:00, run_after=2024-12-30T00:00:00+00:00
[2024-12-30 07:57:10,249] {processor.py:161} INFO - Processing /home/airflow/.local/lib/python3.7/site-packages/airflow/example_dags/example_branch_labels.py took 0.083 seconds
[2024-12-30 07:57:40,791] {processor.py:153} INFO - Started process (PID=2894) to work on /home/airflow/.local/lib/python3.7/site-packages/airflow/example_dags/example_branch_labels.py
[2024-12-30 07:57:40,791] {processor.py:641} INFO - Processing file /home/airflow/.local/lib/python3.7/site-packages/airflow/example_dags/example_branch_labels.py for tasks to queue
[2024-12-30 07:57:40,791] {logging_mixin.py:115} INFO - [2024-12-30 07:57:40,791] {dagbag.py:507} INFO - Filling up the DagBag from /home/airflow/.local/lib/python3.7/site-packages/airflow/example_dags/example_branch_labels.py
[2024-12-30 07:57:40,795] {processor.py:651} INFO - DAG(s) dict_keys(['example_branch_labels']) retrieved from /home/airflow/.local/lib/python3.7/site-packages/airflow/example_dags/example_branch_labels.py
[2024-12-30 07:57:40,817] {logging_mixin.py:115} INFO - [2024-12-30 07:57:40,817] {dag.py:2379} INFO - Sync 1 DAGs
[2024-12-30 07:57:40,834] {logging_mixin.py:115} INFO - [2024-12-30 07:57:40,834] {dag.py:2931} INFO - Setting next_dagrun for example_branch_labels to 2024-12-29T00:00:00+00:00, run_after=2024-12-30T00:00:00+00:00
[2024-12-30 07:57:40,841] {processor.py:161} INFO - Processing /home/airflow/.local/lib/python3.7/site-packages/airflow/example_dags/example_branch_labels.py took 0.052 seconds
[2024-12-30 08:30:22,761] {processor.py:153} INFO - Started process (PID=329) to work on /home/airflow/.local/lib/python3.7/site-packages/airflow/example_dags/example_branch_labels.py
[2024-12-30 08:30:22,762] {processor.py:641} INFO - Processing file /home/airflow/.local/lib/python3.7/site-packages/airflow/example_dags/example_branch_labels.py for tasks to queue
[2024-12-30 08:30:22,762] {logging_mixin.py:115} INFO - [2024-12-30 08:30:22,762] {dagbag.py:507} INFO - Filling up the DagBag from /home/airflow/.local/lib/python3.7/site-packages/airflow/example_dags/example_branch_labels.py
[2024-12-30 08:30:22,768] {processor.py:651} INFO - DAG(s) dict_keys(['example_branch_labels']) retrieved from /home/airflow/.local/lib/python3.7/site-packages/airflow/example_dags/example_branch_labels.py
[2024-12-30 08:30:22,854] {logging_mixin.py:115} INFO - [2024-12-30 08:30:22,854] {manager.py:508} INFO - Created Permission View: can delete on DAG:example_branch_labels
[2024-12-30 08:30:22,871] {logging_mixin.py:115} INFO - [2024-12-30 08:30:22,871] {manager.py:508} INFO - Created Permission View: can read on DAG:example_branch_labels
[2024-12-30 08:30:22,885] {logging_mixin.py:115} INFO - [2024-12-30 08:30:22,885] {manager.py:508} INFO - Created Permission View: can edit on DAG:example_branch_labels
[2024-12-30 08:30:22,885] {logging_mixin.py:115} INFO - [2024-12-30 08:30:22,885] {dag.py:2379} INFO - Sync 1 DAGs
[2024-12-30 08:30:22,900] {logging_mixin.py:115} INFO - [2024-12-30 08:30:22,900] {dag.py:2398} INFO - Creating ORM DAG for example_branch_labels
[2024-12-30 08:30:22,926] {logging_mixin.py:115} INFO - [2024-12-30 08:30:22,926] {dag.py:2931} INFO - Setting next_dagrun for example_branch_labels to 2024-12-29T00:00:00+00:00, run_after=2024-12-30T00:00:00+00:00
[2024-12-30 08:30:22,947] {processor.py:161} INFO - Processing /home/airflow/.local/lib/python3.7/site-packages/airflow/example_dags/example_branch_labels.py took 0.188 seconds
[2024-12-30 08:30:53,776] {processor.py:153} INFO - Started process (PID=518) to work on /home/airflow/.local/lib/python3.7/site-packages/airflow/example_dags/example_branch_labels.py
[2024-12-30 08:30:53,777] {processor.py:641} INFO - Processing file /home/airflow/.local/lib/python3.7/site-packages/airflow/example_dags/example_branch_labels.py for tasks to queue
[2024-12-30 08:30:53,777] {logging_mixin.py:115} INFO - [2024-12-30 08:30:53,777] {dagbag.py:507} INFO - Filling up the DagBag from /home/airflow/.local/lib/python3.7/site-packages/airflow/example_dags/example_branch_labels.py
[2024-12-30 08:30:53,781] {processor.py:651} INFO - DAG(s) dict_keys(['example_branch_labels']) retrieved from /home/airflow/.local/lib/python3.7/site-packages/airflow/example_dags/example_branch_labels.py
[2024-12-30 08:30:53,803] {logging_mixin.py:115} INFO - [2024-12-30 08:30:53,803] {dag.py:2379} INFO - Sync 1 DAGs
[2024-12-30 08:30:53,825] {logging_mixin.py:115} INFO - [2024-12-30 08:30:53,825] {dag.py:2931} INFO - Setting next_dagrun for example_branch_labels to 2024-12-29T00:00:00+00:00, run_after=2024-12-30T00:00:00+00:00
[2024-12-30 08:30:53,834] {processor.py:161} INFO - Processing /home/airflow/.local/lib/python3.7/site-packages/airflow/example_dags/example_branch_labels.py took 0.060 seconds
[2024-12-30 08:31:24,526] {processor.py:153} INFO - Started process (PID=716) to work on /home/airflow/.local/lib/python3.7/site-packages/airflow/example_dags/example_branch_labels.py
[2024-12-30 08:31:24,527] {processor.py:641} INFO - Processing file /home/airflow/.local/lib/python3.7/site-packages/airflow/example_dags/example_branch_labels.py for tasks to queue
[2024-12-30 08:31:24,528] {logging_mixin.py:115} INFO - [2024-12-30 08:31:24,528] {dagbag.py:507} INFO - Filling up the DagBag from /home/airflow/.local/lib/python3.7/site-packages/airflow/example_dags/example_branch_labels.py
[2024-12-30 08:31:24,533] {processor.py:651} INFO - DAG(s) dict_keys(['example_branch_labels']) retrieved from /home/airflow/.local/lib/python3.7/site-packages/airflow/example_dags/example_branch_labels.py
[2024-12-30 08:31:24,561] {logging_mixin.py:115} INFO - [2024-12-30 08:31:24,561] {dag.py:2379} INFO - Sync 1 DAGs
[2024-12-30 08:31:24,582] {logging_mixin.py:115} INFO - [2024-12-30 08:31:24,582] {dag.py:2931} INFO - Setting next_dagrun for example_branch_labels to 2024-12-29T00:00:00+00:00, run_after=2024-12-30T00:00:00+00:00
[2024-12-30 08:31:24,592] {processor.py:161} INFO - Processing /home/airflow/.local/lib/python3.7/site-packages/airflow/example_dags/example_branch_labels.py took 0.070 seconds
[2024-12-30 08:31:55,374] {processor.py:153} INFO - Started process (PID=912) to work on /home/airflow/.local/lib/python3.7/site-packages/airflow/example_dags/example_branch_labels.py
[2024-12-30 08:31:55,374] {processor.py:641} INFO - Processing file /home/airflow/.local/lib/python3.7/site-packages/airflow/example_dags/example_branch_labels.py for tasks to queue
[2024-12-30 08:31:55,375] {logging_mixin.py:115} INFO - [2024-12-30 08:31:55,375] {dagbag.py:507} INFO - Filling up the DagBag from /home/airflow/.local/lib/python3.7/site-packages/airflow/example_dags/example_branch_labels.py
[2024-12-30 08:31:55,379] {processor.py:651} INFO - DAG(s) dict_keys(['example_branch_labels']) retrieved from /home/airflow/.local/lib/python3.7/site-packages/airflow/example_dags/example_branch_labels.py
[2024-12-30 08:31:55,414] {logging_mixin.py:115} INFO - [2024-12-30 08:31:55,414] {dag.py:2379} INFO - Sync 1 DAGs
[2024-12-30 08:31:55,433] {logging_mixin.py:115} INFO - [2024-12-30 08:31:55,433] {dag.py:2931} INFO - Setting next_dagrun for example_branch_labels to 2024-12-29T00:00:00+00:00, run_after=2024-12-30T00:00:00+00:00
[2024-12-30 08:31:55,441] {processor.py:161} INFO - Processing /home/airflow/.local/lib/python3.7/site-packages/airflow/example_dags/example_branch_labels.py took 0.069 seconds
