[2024-12-30 07:53:09,203] {taskinstance.py:1159} INFO - Dependencies all met for <TaskInstance: example_bash_operator.runme_0 scheduled__2024-12-29T00:00:00+00:00 [queued]>
[2024-12-30 07:53:09,237] {taskinstance.py:1159} INFO - Dependencies all met for <TaskInstance: example_bash_operator.runme_0 scheduled__2024-12-29T00:00:00+00:00 [queued]>
[2024-12-30 07:53:09,237] {taskinstance.py:1356} INFO - 
--------------------------------------------------------------------------------
[2024-12-30 07:53:09,237] {taskinstance.py:1357} INFO - Starting attempt 1 of 1
[2024-12-30 07:53:09,237] {taskinstance.py:1358} INFO - 
--------------------------------------------------------------------------------
[2024-12-30 07:53:09,263] {taskinstance.py:1377} INFO - Executing <Task(BashOperator): runme_0> on 2024-12-29 00:00:00+00:00
[2024-12-30 07:53:09,269] {standard_task_runner.py:52} INFO - Started process 1132 to run task
[2024-12-30 07:53:09,277] {standard_task_runner.py:79} INFO - Running: ['***', 'tasks', 'run', 'example_bash_operator', 'runme_0', 'scheduled__2024-12-29T00:00:00+00:00', '--job-id', '4', '--raw', '--subdir', '/home/***/.local/lib/python3.7/site-packages/***/example_dags/example_bash_operator.py', '--cfg-path', '/tmp/tmp75w5kxgt', '--error-file', '/tmp/tmpyhkk8j7h']
[2024-12-30 07:53:09,278] {standard_task_runner.py:80} INFO - Job 4: Subtask runme_0
[2024-12-30 07:53:09,356] {task_command.py:370} INFO - Running <TaskInstance: example_bash_operator.runme_0 scheduled__2024-12-29T00:00:00+00:00 [running]> on host 5d854b53af4a
[2024-12-30 07:53:09,920] {taskinstance.py:1571} INFO - Exporting the following env vars:
AIRFLOW_CTX_DAG_OWNER=***
AIRFLOW_CTX_DAG_ID=example_bash_operator
AIRFLOW_CTX_TASK_ID=runme_0
AIRFLOW_CTX_EXECUTION_DATE=2024-12-29T00:00:00+00:00
AIRFLOW_CTX_TRY_NUMBER=1
AIRFLOW_CTX_DAG_RUN_ID=scheduled__2024-12-29T00:00:00+00:00
[2024-12-30 07:53:09,921] {subprocess.py:62} INFO - Tmp dir root location: 
 /tmp
[2024-12-30 07:53:09,922] {subprocess.py:74} INFO - Running command: ['bash', '-c', 'echo "example_bash_operator__runme_0__20241229" && sleep 1']
[2024-12-30 07:53:09,943] {subprocess.py:85} INFO - Output:
[2024-12-30 07:53:09,943] {subprocess.py:92} INFO - example_bash_operator__runme_0__20241229
[2024-12-30 07:53:10,946] {subprocess.py:96} INFO - Command exited with return code 0
[2024-12-30 07:53:11,011] {taskinstance.py:1400} INFO - Marking task as SUCCESS. dag_id=example_bash_operator, task_id=runme_0, execution_date=20241229T000000, start_date=20241230T075309, end_date=20241230T075311
[2024-12-30 07:53:11,067] {local_task_job.py:156} INFO - Task exited with return code 0
[2024-12-30 07:53:11,114] {local_task_job.py:273} INFO - 0 downstream tasks scheduled from follow-on schedule check
