[2024-12-30 07:53:11,723] {taskinstance.py:1159} INFO - Dependencies all met for <TaskInstance: example_bash_operator.run_after_loop scheduled__2024-12-29T00:00:00+00:00 [queued]>
[2024-12-30 07:53:11,730] {taskinstance.py:1159} INFO - Dependencies all met for <TaskInstance: example_bash_operator.run_after_loop scheduled__2024-12-29T00:00:00+00:00 [queued]>
[2024-12-30 07:53:11,730] {taskinstance.py:1356} INFO - 
--------------------------------------------------------------------------------
[2024-12-30 07:53:11,730] {taskinstance.py:1357} INFO - Starting attempt 1 of 1
[2024-12-30 07:53:11,730] {taskinstance.py:1358} INFO - 
--------------------------------------------------------------------------------
[2024-12-30 07:53:11,739] {taskinstance.py:1377} INFO - Executing <Task(BashOperator): run_after_loop> on 2024-12-29 00:00:00+00:00
[2024-12-30 07:53:11,744] {standard_task_runner.py:52} INFO - Started process 1140 to run task
[2024-12-30 07:53:11,746] {standard_task_runner.py:79} INFO - Running: ['***', 'tasks', 'run', 'example_bash_operator', 'run_after_loop', 'scheduled__2024-12-29T00:00:00+00:00', '--job-id', '8', '--raw', '--subdir', '/home/***/.local/lib/python3.7/site-packages/***/example_dags/example_bash_operator.py', '--cfg-path', '/tmp/tmprvfnsxap', '--error-file', '/tmp/tmppaqcb_c7']
[2024-12-30 07:53:11,747] {standard_task_runner.py:80} INFO - Job 8: Subtask run_after_loop
[2024-12-30 07:53:11,785] {task_command.py:370} INFO - Running <TaskInstance: example_bash_operator.run_after_loop scheduled__2024-12-29T00:00:00+00:00 [running]> on host 5d854b53af4a
[2024-12-30 07:53:11,930] {taskinstance.py:1571} INFO - Exporting the following env vars:
AIRFLOW_CTX_DAG_OWNER=***
AIRFLOW_CTX_DAG_ID=example_bash_operator
AIRFLOW_CTX_TASK_ID=run_after_loop
AIRFLOW_CTX_EXECUTION_DATE=2024-12-29T00:00:00+00:00
AIRFLOW_CTX_TRY_NUMBER=1
AIRFLOW_CTX_DAG_RUN_ID=scheduled__2024-12-29T00:00:00+00:00
[2024-12-30 07:53:11,931] {subprocess.py:62} INFO - Tmp dir root location: 
 /tmp
[2024-12-30 07:53:11,931] {subprocess.py:74} INFO - Running command: ['bash', '-c', 'echo 1']
[2024-12-30 07:53:11,940] {subprocess.py:85} INFO - Output:
[2024-12-30 07:53:11,941] {subprocess.py:92} INFO - 1
[2024-12-30 07:53:11,942] {subprocess.py:96} INFO - Command exited with return code 0
[2024-12-30 07:53:11,961] {taskinstance.py:1400} INFO - Marking task as SUCCESS. dag_id=example_bash_operator, task_id=run_after_loop, execution_date=20241229T000000, start_date=20241230T075311, end_date=20241230T075311
[2024-12-30 07:53:11,998] {local_task_job.py:156} INFO - Task exited with return code 0
[2024-12-30 07:53:12,021] {local_task_job.py:273} INFO - 0 downstream tasks scheduled from follow-on schedule check
